TkAgg
2019-02-07 03:18:46: STARTED PROCESS 5163
5185
5181
5182
5183
5184
2019-02-07 03:18:47: SLEEPING
2019-02-07 03:18:49: SLEEPING
2019-02-07 03:18:50: SLEEPING
2019-02-07 03:18:51: SLEEPING
2019-02-07 03:18:52: SLEEPING
2019-02-07 03:18:53: SLEEPING
2019-02-07 03:18:54: SLEEPING
2019-02-07 03:18:55: FIRST PACKET RECEIVED
2019-02-07 03:18:55: START SEQUENCE = 154270036
('Changed', 1549509536,1549509536,0,1)
COLLECTION/components_to_collect,axial,tangential,radial
COLLECTION/trace_length_in_seconds,1
COLLECTION/output_sampling_rate,4000
COLLECTION/channels_per_sensor,3
COLLECTION/packet_length,21
COLLECTION/baud_rate,921600
COLLECTION/data_message_identifier,0x64
COLLECTION/info_message_identifier,0x69
COLLECTION/rhino_version,1.1
RUNTIME/show_plots,True
RUNTIME/start_data_time_timestamp,0
RUNTIME/field_deployment,False
RUNTIME/automatic_acquisition,False
RUNTIME/component_to_display,axial
DATAUNIT/log_to_file,False
DATA_TRANSMISSION/server,deploy@13.66.189.94
DATA_TRANSMISSION/local_folder,/home/field/data/test_mine/test_rig/
DATA_TRANSMISSION/remote_folder,/data_sdd/new_structure/
DATA_TRANSMISSION/sleep_interval,1
PLAYBACK/start_time,0
PLAYBACK/end_time,0
PLAYBACK/accelerometer_max_voltage,5.0
PLAYBACK/x_sensitivity,12.5
PLAYBACK/y_sensitivity,12.5
PLAYBACK/z_sensitivity,12.5
PLAYBACK/ide_multiplier,1.0
PLAYBACK/apply_sensitivities,True
PLAYBACK/show_plots,True
PROCESSING/deconvolution_filter_duration,0.1
PROCESSING/min_lag_trimmed_trace,-0.1
PROCESSING/max_lag_trimmed_trace,0.1
PROCESSING/trapezoidal_bpf_corner_1,80.0
PROCESSING/trapezoidal_bpf_corner_2,100.0
PROCESSING/trapezoidal_bpf_corner_3,300.0
PROCESSING/trapezoidal_bpf_corner_4,350.0
PROCESSING/trapezoidal_bpf_duration,0.02
PROCESSING/binning_interval_in_cm,5.0
PROCESSING/auto_correlation_trace_duration,0.5
QC_PLOTTING/peak_amplitude_axial_y_limit,0,1.5
QC_PLOTTING/rc_axial_y_limit,0,1.0
QC_PLOTTING/axial_vel_delay_y_limit,60,150
QC_PLOTTING/peak_amplitude_tangential_y_limit,0,1.5
QC_PLOTTING/rc_tangential_y_limit,0,1.0
QC_PLOTTING/tangential_vel_delay_y_limit,80,250
QC_PLOTTING/peak_amplitude_radial_y_limit,0,1.5
QC_PLOTTING/plot_a_vel,True
QC_PLOTTING/plot_t_vel,True
QC_PLOTTING/axial_amp,True
QC_PLOTTING/axial_rc,True
QC_PLOTTING/noise_threshold,True
QC_PLOTTING/tangential_amp,True
QC_PLOTTING/tangential_rc,True
QC_PLOTTING/radial_amp,False
QC_PLOTTING/mult_pos_win,3.5
QC_PLOTTING/mult_neg_win,0.5
FEATURE_EXTRACTION_J1/window_widths,{"axial": {"multiple_3": 0.004, "multiple_2": 0.004, "multiple_1": 0.004, "primary": 0.004}, "tangential": {"multiple_3": 0.004, "multiple_2": 0.004, "multiple_1": 0.004, "primary": 0.004}}
INSTALLATION/country,CANADA
INSTALLATION/company,ARCELORMITTAL
INSTALLATION/mine_name,MONT_WRIGHT
INSTALLATION/recording_engineer,DOUG_KIRKBY
INSTALLATION/rig_model,49HR
INSTALLATION/rig_manufacturer,BUCYRUS
INSTALLATION/rig_id,W226
INSTALLATION/drill_type,1
INSTALLATION/mwd_type,2
INSTALLATION/bit_type,1
INSTALLATION/bit_model,SECOROC
INSTALLATION/bit_size,13.75,2
INSTALLATION/bit_date,2019-01-24
INSTALLATION/drill_string_total_length,22.56
INSTALLATION/drill_string_steel_od,10.75,2
INSTALLATION/drill_string_component1,1,1,15.0,2,13.75,2
INSTALLATION/drill_string_component2,2,1,144.0,2,10.75,2
INSTALLATION/drill_string_component3,3,1,27.5,1,10.75,2
INSTALLATION/drill_string_component4,3,1,27.5,1,10.75,2
INSTALLATION/drill_string_component5,4,1,36.0,2,10.0,2
INSTALLATION/drill_string_component6,5,1,33.625,2,24.0,2
INSTALLATION/drill_string_component7,6,-1,0.0,1,0.0,2
INSTALLATION/drill_string_component8,6,-1,0.0,1,0.0,2
INSTALLATION/drill_string_component9,6,-1,0.0,1,0.0,2
INSTALLATION/drill_string_component10,6,-1,0.0,1,0.0,2
INSTALLATION/sensor_type,2
INSTALLATION/digitizer_serial_number,S1024
INSTALLATION/sensor_serial_number,SE100
INSTALLATION/sensor_accelerometer_type,8
INSTALLATION/sensor_ideal_sampling_rate,4000
INSTALLATION/sensor_saturation_g,100
INSTALLATION/sensor_position,2.32,3
INSTALLATION/sensor_axial_axis,1
INSTALLATION/sensor_tangential_axis,2
INSTALLATION/sensor_mount_size,2
INSTALLATION/sensor_installation_location,3
INSTALLATION/sensor_installation_date,2018-11-24
INSTALLATION/battery_max_voltage,12.4
INSTALLATION/battery_min_voltage,10.0
INSTALLATION/comments,Mont Wright cored section
piezoresistive sn not marked calling it SE100
SEGY_MODULE/segy_output_step,correlated
SYSTEM_HEALTH_PLOTS/x_axis_length_in_seconds,120
SYSTEM_HEALTH_PLOTS/x_axis_tick_interval,30
SYSTEM_HEALTH_PLOTS/rssi_y_lim,0,50
SYSTEM_HEALTH_PLOTS/packets_y_lim,2710,2810
SYSTEM_HEALTH_PLOTS/delay_y_lim,0,5
SYSTEM_HEALTH_PLOTS/temperature_y_lim,-40,90
SYSTEM_HEALTH_PLOTS/battery_y_lim,75,100
SYSTEM_HEALTH_PLOTS/rssi_upper_limit,15
SYSTEM_HEALTH_PLOTS/rssi_lower_limit,10
SYSTEM_HEALTH_PLOTS/packets_upper_limit,2772
SYSTEM_HEALTH_PLOTS/packets_lower_limit,2744
SYSTEM_HEALTH_PLOTS/battery_upper_limit,90
SYSTEM_HEALTH_PLOTS/battery_lower_limit,84
SYSTEM_HEALTH_PLOTS/temp_positive_upper_limit,80
SYSTEM_HEALTH_PLOTS/temp_positive_lower_limit,60
SYSTEM_HEALTH_PLOTS/temp_negative_upper_limit,-15
SYSTEM_HEALTH_PLOTS/temp_negative_lower_limit,-35
SYSTEM_HEALTH_PLOTS/delay_upper_limit,3
SYSTEM_HEALTH_PLOTS/delay_lower_limit,2
SYSTEM_HEALTH_PLOTS/trace_plot_pre_cut,10
SYSTEM_HEALTH_PLOTS/trace_plot_post_add,100
SYSTEM_HEALTH_PLOTS/number_of_traces_to_display,30
SYSTEM_HEALTH_PLOTS/traces_subsample,2
Timestamp :1549509536, Samples: 1701)
('Changed', 1549509537,1549509537,0,2)
Timestamp :1549509537, Samples: 3926)
('Changed', 1549509538,1549509538,0,3)
Timestamp :1549509538, Samples: 3858)
('Changed', 1549509539,1549509539,0,4)
Timestamp :1549509539, Samples: 3886)
('Changed', 1549509540,1549509540,0,5)
Timestamp :1549509540, Samples: 3920)
('Changed', 1549509541,1549509541,0,6)
Timestamp :1549509541, Samples: 3877)
('Changed', 1549509542,1549509542,0,7)
Timestamp :1549509542, Samples: 3901)
('Changed', 1549509543,1549509543,0,8)
Timestamp :1549509543, Samples: 3851)
('Changed', 1549509544,1549509544,0,9)
Timestamp :1549509544, Samples: 3978)
('Changed', 1549509545,1549509545,0,10)
Timestamp :1549509545, Samples: 3920)
('Changed', 1549509546,1549509546,0,11)
Timestamp :1549509546, Samples: 3933)
('Changed', 1549509547,1549509547,0,12)
Timestamp :1549509547, Samples: 3876)
('Changed', 1549509548,1549509548,0,13)
Timestamp :1549509548, Samples: 3877)
('Changed', 1549509549,1549509549,0,14)
Timestamp :1549509549, Samples: 3874)
('Changed', 1549509550,1549509550,0,15)
Timestamp :1549509550, Samples: 3881)
('Changed', 1549509551,1549509551,0,16)
Timestamp :1549509551, Samples: 3901)
('Changed', 1549509552,1549509552,0,17)
Timestamp :1549509552, Samples: 3872)
('Changed', 1549509553,1549509553,0,18)
Timestamp :1549509553, Samples: 3811)
('Changed', 1549509554,1549509554,0,19)
Timestamp :1549509554, Samples: 3817)
('Changed', 1549509555,1549509555,0,20)
Timestamp :1549509555, Samples: 3880)
('Changed', 1549509556,1549509556,0,21)
Timestamp :1549509556, Samples: 3857)
('Changed', 1549509557,1549509557,0,22)
Timestamp :1549509557, Samples: 3947)
('Changed', 1549509558,1549509558,0,23)
Timestamp :1549509558, Samples: 3950)
('Changed', 1549509559,1549509559,0,24)
Timestamp :1549509559, Samples: 3956)
('Changed', 1549509560,1549509560,0,25)
Timestamp :1549509560, Samples: 3854)
('Changed', 1549509561,1549509561,0,26)
Timestamp :1549509561, Samples: 3818)
('Changed', 1549509562,1549509562,0,27)
Timestamp :1549509562, Samples: 3894)
('Changed', 1549509563,1549509563,0,28)
Timestamp :1549509563, Samples: 3980)
('Changed', 1549509564,1549509564,0,29)
Timestamp :1549509564, Samples: 3988)
('Changed', 1549509565,1549509565,0,30)
Timestamp :1549509565, Samples: 3984)
('Changed', 1549509566,1549509566,0,31)
Timestamp :1549509566, Samples: 3992)
('Changed', 1549509567,1549509567,0,32)
Timestamp :1549509567, Samples: 3996)
('Changed', 1549509568,1549509568,0,33)
Timestamp :1549509568, Samples: 3960)
('Changed', 1549509569,1549509569,0,34)
Timestamp :1549509569, Samples: 3822)
('Changed', 1549509570,1549509570,0,35)
Timestamp :1549509570, Samples: 3982)
('Changed', 1549509571,1549509571,0,36)
Timestamp :1549509571, Samples: 3952)
('Changed', 1549509572,1549509572,0,37)
Timestamp :1549509572, Samples: 3924)
('Changed', 1549509573,1549509573,0,38)
Timestamp :1549509573, Samples: 3961)
('Changed', 1549509574,1549509574,0,39)
Timestamp :1549509574, Samples: 3933)
('Changed', 1549509575,1549509575,0,40)
Timestamp :1549509575, Samples: 3959)
('Changed', 1549509576,1549509576,0,41)
Timestamp :1549509576, Samples: 3929)
('Changed', 1549509577,1549509577,0,42)
Timestamp :1549509577, Samples: 3924)
('Changed', 1549509578,1549509578,0,43)
Timestamp :1549509578, Samples: 3944)
('Changed', 1549509579,1549509579,0,44)
Timestamp :1549509579, Samples: 3960)
('Changed', 1549509580,1549509580,0,45)
Timestamp :1549509580, Samples: 3953)
('Changed', 1549509581,1549509581,0,46)
Timestamp :1549509581, Samples: 3884)
2019-02-07 03:19:44: RX COMMUNICATION LOST
('Changed', 1549509582,1549509584,-2,47)
Timestamp :1549509584, Samples: 3872)
('Changed', 1549509583,1549509587,-4,48)
Timestamp :1549509587, Samples: 3764)
2019-02-07 03:19:47: SLEEPING
2019-02-07 03:19:47: SLEEPING
2019-02-07 03:19:47: SLEEPING
2019-02-07 03:19:47: SLEEPING
2019-02-07 03:19:48: SLEEPING
2019-02-07 03:19:48: SLEEPING
2019-02-07 03:19:48: SLEEPING
2019-02-07 03:19:48: SLEEPING
2019-02-07 03:19:48: SLEEPING
2019-02-07 03:19:48: SLEEPING
2019-02-07 03:19:48: SLEEPING
2019-02-07 03:19:48: SLEEPING
2019-02-07 03:19:48: SLEEPING
2019-02-07 03:19:48: SLEEPING
2019-02-07 03:19:49: SLEEPING
2019-02-07 03:19:49: SLEEPING
2019-02-07 03:19:49: SLEEPING
2019-02-07 03:19:49: SLEEPING
2019-02-07 03:19:49: SLEEPING
2019-02-07 03:19:49: SLEEPING
2019-02-07 03:19:49: SLEEPING
2019-02-07 03:19:49: SLEEPING
2019-02-07 03:19:49: SLEEPING
2019-02-07 03:19:49: SLEEPING
2019-02-07 03:19:49: RX COMMUNICATION LOST
2019-02-07 03:19:50: SLEEPING
2019-02-07 03:19:50: SLEEPING
2019-02-07 03:19:50: SLEEPING
2019-02-07 03:19:50: SLEEPING
2019-02-07 03:19:50: SLEEPING
2019-02-07 03:19:50: SLEEPING
2019-02-07 03:19:50: SLEEPING
2019-02-07 03:19:50: SLEEPING
2019-02-07 03:19:50: SLEEPING
2019-02-07 03:19:50: SLEEPING
2019-02-07 03:19:51: SLEEPING
2019-02-07 03:19:51: SLEEPING
2019-02-07 03:19:51: SLEEPING
2019-02-07 03:19:51: SLEEPING
2019-02-07 03:19:51: SLEEPING
2019-02-07 03:19:51: SLEEPING
2019-02-07 03:19:51: SLEEPING
2019-02-07 03:19:51: SLEEPING
2019-02-07 03:19:51: SLEEPING
2019-02-07 03:19:51: SLEEPING
2019-02-07 03:19:51: RX COMMUNICATION LOST
2019-02-07 03:19:52: SLEEPING
2019-02-07 03:19:52: SLEEPING
2019-02-07 03:19:52: SLEEPING
2019-02-07 03:19:52: SLEEPING
2019-02-07 03:19:52: SLEEPING
2019-02-07 03:19:52: SLEEPING
2019-02-07 03:19:52: SLEEPING
2019-02-07 03:19:52: SLEEPING
2019-02-07 03:19:52: SLEEPING
2019-02-07 03:19:52: SLEEPING
2019-02-07 03:19:53: SLEEPING
2019-02-07 03:19:53: SLEEPING
2019-02-07 03:19:53: SLEEPING
2019-02-07 03:19:53: SLEEPING
2019-02-07 03:19:53: SLEEPING
2019-02-07 03:19:53: SLEEPING
2019-02-07 03:19:53: SLEEPING
2019-02-07 03:19:53: SLEEPING
2019-02-07 03:19:53: SLEEPING
2019-02-07 03:19:53: SLEEPING
2019-02-07 03:19:54: RX COMMUNICATION LOST
2019-02-07 03:19:54: SLEEPING
2019-02-07 03:19:54: SLEEPING
2019-02-07 03:19:54: SLEEPING
2019-02-07 03:19:54: SLEEPING
2019-02-07 03:19:54: SLEEPING
2019-02-07 03:19:54: SLEEPING
2019-02-07 03:19:54: SLEEPING
2019-02-07 03:19:54: SLEEPING
2019-02-07 03:19:54: SLEEPING
2019-02-07 03:19:54: SLEEPING
2019-02-07 03:19:55: SLEEPING
2019-02-07 03:19:55: SLEEPING
2019-02-07 03:19:55: SLEEPING
2019-02-07 03:19:55: SLEEPING
2019-02-07 03:19:55: SLEEPING
2019-02-07 03:19:55: SLEEPING
2019-02-07 03:19:55: SLEEPING
2019-02-07 03:19:55: SLEEPING
2019-02-07 03:19:55: SLEEPING
2019-02-07 03:19:55: SLEEPING
2019-02-07 03:19:56: SLEEPING
2019-02-07 03:19:56: RX COMMUNICATION LOST
2019-02-07 03:19:56: SLEEPING
2019-02-07 03:19:56: SLEEPING
2019-02-07 03:19:56: SLEEPING
2019-02-07 03:19:56: SLEEPING
2019-02-07 03:19:56: SLEEPING
2019-02-07 03:19:56: SLEEPING
2019-02-07 03:19:56: SLEEPING
2019-02-07 03:19:56: SLEEPING
2019-02-07 03:19:56: SLEEPING
2019-02-07 03:19:57: SLEEPING
2019-02-07 03:19:57: SLEEPING
2019-02-07 03:19:57: SLEEPING
2019-02-07 03:19:57: SLEEPING
2019-02-07 03:19:57: SLEEPING
2019-02-07 03:19:57: SLEEPING
2019-02-07 03:19:57: SLEEPING
2019-02-07 03:19:57: SLEEPING
2019-02-07 03:19:57: SLEEPING
2019-02-07 03:19:57: SLEEPING
2019-02-07 03:19:58: SLEEPING
2019-02-07 03:19:58: RX COMMUNICATION LOST
2019-02-07 03:19:58: SLEEPING
2019-02-07 03:19:58: SLEEPING
2019-02-07 03:19:58: SLEEPING
2019-02-07 03:19:58: SLEEPING
2019-02-07 03:19:58: SLEEPING
2019-02-07 03:19:58: SLEEPING
2019-02-07 03:19:58: SLEEPING
2019-02-07 03:19:58: SLEEPING
2019-02-07 03:19:58: SLEEPING
2019-02-07 03:19:59: SLEEPING
2019-02-07 03:19:59: SLEEPING
2019-02-07 03:19:59: SLEEPING
2019-02-07 03:19:59: SLEEPING
2019-02-07 03:19:59: SLEEPING
2019-02-07 03:19:59: SLEEPING
2019-02-07 03:19:59: SLEEPING
2019-02-07 03:19:59: SLEEPING
2019-02-07 03:19:59: SLEEPING
2019-02-07 03:19:59: SLEEPING
2019-02-07 03:20:00: SLEEPING
2019-02-07 03:20:00: RX COMMUNICATION LOST
2019-02-07 03:20:00: SLEEPING
2019-02-07 03:20:00: SLEEPING
2019-02-07 03:20:00: SLEEPING
2019-02-07 03:20:00: SLEEPING
2019-02-07 03:20:00: SLEEPING
2019-02-07 03:20:00: SLEEPING
2019-02-07 03:20:00: SLEEPING
2019-02-07 03:20:00: SLEEPING
2019-02-07 03:20:00: SLEEPING
2019-02-07 03:20:01: SLEEPING
2019-02-07 03:20:01: SLEEPING
2019-02-07 03:20:01: SLEEPING
2019-02-07 03:20:01: SLEEPING
2019-02-07 03:20:01: SLEEPING
2019-02-07 03:20:01: SLEEPING
2019-02-07 03:20:01: SLEEPING
2019-02-07 03:20:01: SLEEPING
2019-02-07 03:20:01: SLEEPING
2019-02-07 03:20:01: SLEEPING
2019-02-07 03:20:02: SLEEPING
2019-02-07 03:20:02: SLEEPING
2019-02-07 03:20:02: RX COMMUNICATION LOST
2019-02-07 03:20:02: SLEEPING
TkAgg
2019-02-07 03:20:56: STARTED PROCESS 5456
5475
5471
5472
5473
5474
2019-02-07 03:20:57: SLEEPING
2019-02-07 03:20:58: SLEEPING
2019-02-07 03:21:00: SLEEPING
2019-02-07 03:21:01: SLEEPING
2019-02-07 03:21:02: SLEEPING
2019-02-07 03:21:03: SLEEPING
2019-02-07 03:21:03: FIRST PACKET RECEIVED
2019-02-07 03:21:03: START SEQUENCE = 167074313
('Changed', 1549509664,1549509664,0,1)
COLLECTION/components_to_collect,axial,tangential,radial
COLLECTION/trace_length_in_seconds,1
COLLECTION/output_sampling_rate,4000
COLLECTION/channels_per_sensor,3
COLLECTION/packet_length,21
COLLECTION/baud_rate,921600
COLLECTION/data_message_identifier,0x64
COLLECTION/info_message_identifier,0x69
COLLECTION/rhino_version,1.1
RUNTIME/show_plots,True
RUNTIME/start_data_time_timestamp,0
RUNTIME/field_deployment,False
RUNTIME/automatic_acquisition,False
RUNTIME/component_to_display,axial
DATAUNIT/log_to_file,False
DATA_TRANSMISSION/server,deploy@13.66.189.94
DATA_TRANSMISSION/local_folder,/home/field/data/test_mine/test_rig/
DATA_TRANSMISSION/remote_folder,/data_sdd/new_structure/
DATA_TRANSMISSION/sleep_interval,1
PLAYBACK/start_time,0
PLAYBACK/end_time,0
PLAYBACK/accelerometer_max_voltage,5.0
PLAYBACK/x_sensitivity,12.5
PLAYBACK/y_sensitivity,12.5
PLAYBACK/z_sensitivity,12.5
PLAYBACK/ide_multiplier,1.0
PLAYBACK/apply_sensitivities,True
PLAYBACK/show_plots,True
PROCESSING/deconvolution_filter_duration,0.1
PROCESSING/min_lag_trimmed_trace,-0.1
PROCESSING/max_lag_trimmed_trace,0.1
PROCESSING/trapezoidal_bpf_corner_1,80.0
PROCESSING/trapezoidal_bpf_corner_2,100.0
PROCESSING/trapezoidal_bpf_corner_3,300.0
PROCESSING/trapezoidal_bpf_corner_4,350.0
PROCESSING/trapezoidal_bpf_duration,0.02
PROCESSING/binning_interval_in_cm,5.0
PROCESSING/auto_correlation_trace_duration,0.5
QC_PLOTTING/peak_amplitude_axial_y_limit,0,1.5
QC_PLOTTING/rc_axial_y_limit,0,1.0
QC_PLOTTING/axial_vel_delay_y_limit,60,150
QC_PLOTTING/peak_amplitude_tangential_y_limit,0,1.5
QC_PLOTTING/rc_tangential_y_limit,0,1.0
QC_PLOTTING/tangential_vel_delay_y_limit,80,250
QC_PLOTTING/peak_amplitude_radial_y_limit,0,1.5
QC_PLOTTING/plot_a_vel,True
QC_PLOTTING/plot_t_vel,True
QC_PLOTTING/axial_amp,True
QC_PLOTTING/axial_rc,True
QC_PLOTTING/noise_threshold,True
QC_PLOTTING/tangential_amp,True
QC_PLOTTING/tangential_rc,True
QC_PLOTTING/radial_amp,False
QC_PLOTTING/mult_pos_win,3.5
QC_PLOTTING/mult_neg_win,0.5
FEATURE_EXTRACTION_J1/window_widths,{"axial": {"multiple_3": 0.004, "multiple_2": 0.004, "multiple_1": 0.004, "primary": 0.004}, "tangential": {"multiple_3": 0.004, "multiple_2": 0.004, "multiple_1": 0.004, "primary": 0.004}}
INSTALLATION/country,CANADA
INSTALLATION/company,ARCELORMITTAL
INSTALLATION/mine_name,MONT_WRIGHT
INSTALLATION/recording_engineer,DOUG_KIRKBY
INSTALLATION/rig_model,49HR
INSTALLATION/rig_manufacturer,BUCYRUS
INSTALLATION/rig_id,W226
INSTALLATION/drill_type,1
INSTALLATION/mwd_type,2
INSTALLATION/bit_type,1
INSTALLATION/bit_model,SECOROC
INSTALLATION/bit_size,13.75,2
INSTALLATION/bit_date,2019-01-24
INSTALLATION/drill_string_total_length,22.56
INSTALLATION/drill_string_steel_od,10.75,2
INSTALLATION/drill_string_component1,1,1,15.0,2,13.75,2
INSTALLATION/drill_string_component2,2,1,144.0,2,10.75,2
INSTALLATION/drill_string_component3,3,1,27.5,1,10.75,2
INSTALLATION/drill_string_component4,3,1,27.5,1,10.75,2
INSTALLATION/drill_string_component5,4,1,36.0,2,10.0,2
INSTALLATION/drill_string_component6,5,1,33.625,2,24.0,2
INSTALLATION/drill_string_component7,6,-1,0.0,1,0.0,2
INSTALLATION/drill_string_component8,6,-1,0.0,1,0.0,2
INSTALLATION/drill_string_component9,6,-1,0.0,1,0.0,2
INSTALLATION/drill_string_component10,6,-1,0.0,1,0.0,2
INSTALLATION/sensor_type,2
INSTALLATION/digitizer_serial_number,S1024
INSTALLATION/sensor_serial_number,SE100
INSTALLATION/sensor_accelerometer_type,8
INSTALLATION/sensor_ideal_sampling_rate,4000
INSTALLATION/sensor_saturation_g,100
INSTALLATION/sensor_position,2.32,3
INSTALLATION/sensor_axial_axis,1
INSTALLATION/sensor_tangential_axis,2
INSTALLATION/sensor_mount_size,2
INSTALLATION/sensor_installation_location,3
INSTALLATION/sensor_installation_date,2018-11-24
INSTALLATION/battery_max_voltage,12.4
INSTALLATION/battery_min_voltage,10.0
INSTALLATION/comments,Mont Wright cored section
piezoresistive sn not marked calling it SE100
SEGY_MODULE/segy_output_step,correlated
SYSTEM_HEALTH_PLOTS/x_axis_length_in_seconds,120
SYSTEM_HEALTH_PLOTS/x_axis_tick_interval,30
SYSTEM_HEALTH_PLOTS/rssi_y_lim,0,50
SYSTEM_HEALTH_PLOTS/packets_y_lim,2710,2810
SYSTEM_HEALTH_PLOTS/delay_y_lim,0,5
SYSTEM_HEALTH_PLOTS/temperature_y_lim,-40,90
SYSTEM_HEALTH_PLOTS/battery_y_lim,75,100
SYSTEM_HEALTH_PLOTS/rssi_upper_limit,15
SYSTEM_HEALTH_PLOTS/rssi_lower_limit,10
SYSTEM_HEALTH_PLOTS/packets_upper_limit,2772
SYSTEM_HEALTH_PLOTS/packets_lower_limit,2744
SYSTEM_HEALTH_PLOTS/battery_upper_limit,90
SYSTEM_HEALTH_PLOTS/battery_lower_limit,84
SYSTEM_HEALTH_PLOTS/temp_positive_upper_limit,80
SYSTEM_HEALTH_PLOTS/temp_positive_lower_limit,60
SYSTEM_HEALTH_PLOTS/temp_negative_upper_limit,-15
SYSTEM_HEALTH_PLOTS/temp_negative_lower_limit,-35
SYSTEM_HEALTH_PLOTS/delay_upper_limit,3
SYSTEM_HEALTH_PLOTS/delay_lower_limit,2
SYSTEM_HEALTH_PLOTS/trace_plot_pre_cut,10
SYSTEM_HEALTH_PLOTS/trace_plot_post_add,100
SYSTEM_HEALTH_PLOTS/number_of_traces_to_display,30
SYSTEM_HEALTH_PLOTS/traces_subsample,2
Timestamp :1549509664, Samples: 2092)
('Changed', 1549509665,1549509665,0,2)
Timestamp :1549509665, Samples: 3906)
('Changed', 1549509666,1549509666,0,3)
Timestamp :1549509666, Samples: 4072)
('Changed', 1549509667,1549509667,0,4)
Timestamp :1549509667, Samples: 3965)
('Changed', 1549509668,1549509668,0,5)
Timestamp :1549509668, Samples: 3956)
('Changed', 1549509669,1549509669,0,6)
Timestamp :1549509669, Samples: 3955)
('Changed', 1549509670,1549509670,0,7)
Timestamp :1549509670, Samples: 3952)
('Changed', 1549509671,1549509671,0,8)
Timestamp :1549509671, Samples: 3964)
('Changed', 1549509672,1549509672,0,9)
Timestamp :1549509672, Samples: 3967)
('Changed', 1549509673,1549509673,0,10)
Timestamp :1549509673, Samples: 3953)
('Changed', 1549509674,1549509674,0,11)
Timestamp :1549509674, Samples: 3962)
('Changed', 1549509675,1549509675,0,12)
Timestamp :1549509675, Samples: 3963)
('Changed', 1549509676,1549509676,0,13)
Timestamp :1549509676, Samples: 3967)
('Changed', 1549509677,1549509677,0,14)
Timestamp :1549509677, Samples: 3961)
('Changed', 1549509678,1549509678,0,15)
Timestamp :1549509678, Samples: 3962)
('Changed', 1549509679,1549509679,0,16)
Timestamp :1549509679, Samples: 3974)
('Changed', 1549509680,1549509680,0,17)
Timestamp :1549509680, Samples: 3974)
('Changed', 1549509681,1549509681,0,18)
Timestamp :1549509681, Samples: 3966)
('Changed', 1549509682,1549509682,0,19)
Timestamp :1549509682, Samples: 3966)
('Changed', 1549509683,1549509683,0,20)
Timestamp :1549509683, Samples: 3982)
('Changed', 1549509684,1549509684,0,21)
Timestamp :1549509684, Samples: 3978)
('Changed', 1549509685,1549509685,0,22)
Timestamp :1549509685, Samples: 3970)
('Changed', 1549509686,1549509686,0,23)
Timestamp :1549509686, Samples: 3967)
('Changed', 1549509687,1549509687,0,24)
Timestamp :1549509687, Samples: 3962)
('Changed', 1549509688,1549509688,0,25)
Timestamp :1549509688, Samples: 3962)
('Changed', 1549509689,1549509689,0,26)
Timestamp :1549509689, Samples: 3959)
('Changed', 1549509690,1549509690,0,27)
Timestamp :1549509690, Samples: 3966)
('Changed', 1549509691,1549509691,0,28)
Timestamp :1549509691, Samples: 3974)
('Changed', 1549509692,1549509692,0,29)
Timestamp :1549509692, Samples: 3979)
('Changed', 1549509693,1549509693,0,30)
Timestamp :1549509693, Samples: 3967)
('Changed', 1549509694,1549509694,0,31)
Timestamp :1549509694, Samples: 3958)
('Changed', 1549509695,1549509695,0,32)
Timestamp :1549509695, Samples: 3967)
('Changed', 1549509696,1549509696,0,33)
Timestamp :1549509696, Samples: 3973)
('Changed', 1549509697,1549509697,0,34)
Timestamp :1549509697, Samples: 3959)
('Changed', 1549509698,1549509698,0,35)
Timestamp :1549509698, Samples: 3974)
('Changed', 1549509699,1549509699,0,36)
Timestamp :1549509699, Samples: 3971)
('Changed', 1549509700,1549509700,0,37)
Timestamp :1549509700, Samples: 3966)
('Changed', 1549509701,1549509701,0,38)
Timestamp :1549509701, Samples: 3960)
('Changed', 1549509702,1549509703,-1,39)
Timestamp :1549509703, Samples: 3966)
('Changed', 1549509703,1549509703,0,40)
Timestamp :1549509703, Samples: 3960)
('Changed', 1549509704,1549509704,0,41)
Timestamp :1549509704, Samples: 3953)
('Changed', 1549509705,1549509705,0,42)
Timestamp :1549509705, Samples: 3967)
('Changed', 1549509706,1549509706,0,43)
Timestamp :1549509706, Samples: 3995)
('Changed', 1549509707,1549509707,0,44)
Timestamp :1549509707, Samples: 3980)
('Changed', 1549509708,1549509708,0,45)
Timestamp :1549509708, Samples: 3972)
('Changed', 1549509709,1549509709,0,46)
Timestamp :1549509709, Samples: 3981)
('Changed', 1549509710,1549509710,0,47)
Timestamp :1549509710, Samples: 3981)
('Changed', 1549509711,1549509711,0,48)
Timestamp :1549509711, Samples: 3977)
('Changed', 1549509712,1549509712,0,49)
Timestamp :1549509712, Samples: 3938)
('Changed', 1549509713,1549509713,0,50)
Timestamp :1549509713, Samples: 3908)
('Changed', 1549509714,1549509714,0,51)
Timestamp :1549509714, Samples: 3911)
('Changed', 1549509715,1549509715,0,52)
Timestamp :1549509715, Samples: 3912)
('Changed', 1549509716,1549509716,0,53)
Timestamp :1549509716, Samples: 3943)
('Changed', 1549509717,1549509717,0,54)
Timestamp :1549509717, Samples: 3913)
('Changed', 1549509718,1549509718,0,55)
Timestamp :1549509718, Samples: 3926)
('Changed', 1549509719,1549509719,0,56)
Timestamp :1549509719, Samples: 3922)
('Changed', 1549509720,1549509720,0,57)
Timestamp :1549509720, Samples: 3875)
('Changed', 1549509721,1549509721,0,58)
Timestamp :1549509721, Samples: 3916)
('Changed', 1549509722,1549509722,0,59)
Timestamp :1549509722, Samples: 3904)
2019-02-07 03:22:02: INFO MESSAGE RECEIVED
('Changed', 1549509723,1549509723,0,60)
Timestamp :1549509723, Samples: 3856)
('Changed', 1549509724,1549509724,0,61)
Timestamp :1549509724, Samples: 3917)
('Changed', 1549509725,1549509725,0,62)
Timestamp :1549509725, Samples: 3907)
('Changed', 1549509726,1549509726,0,63)
Timestamp :1549509726, Samples: 3907)
('Changed', 1549509727,1549509727,0,64)
Timestamp :1549509727, Samples: 3910)
('Changed', 1549509728,1549509728,0,65)
Timestamp :1549509728, Samples: 3938)
('Changed', 1549509729,1549509729,0,66)
Timestamp :1549509729, Samples: 3901)
('Changed', 1549509730,1549509730,0,67)
Timestamp :1549509730, Samples: 3886)
('Changed', 1549509731,1549509731,0,68)
Timestamp :1549509731, Samples: 3918)
('Changed', 1549509732,1549509732,0,69)
Timestamp :1549509732, Samples: 3936)
2019-02-07 03:22:14: RX COMMUNICATION LOST
2019-02-07 03:22:17: RX COMMUNICATION LOST
('Changed', 1549509733,1549509737,-4,70)
Timestamp :1549509737, Samples: 3941)
('Changed', 1549509734,1549509739,-5,71)
Timestamp :1549509739, Samples: 3901)
2019-02-07 03:22:19: SLEEPING
2019-02-07 03:22:19: SLEEPING
2019-02-07 03:22:19: SLEEPING
2019-02-07 03:22:20: SLEEPING
2019-02-07 03:22:20: SLEEPING
2019-02-07 03:22:20: SLEEPING
2019-02-07 03:22:20: SLEEPING
2019-02-07 03:22:20: SLEEPING
2019-02-07 03:22:20: SLEEPING
2019-02-07 03:22:20: SLEEPING
2019-02-07 03:22:20: SLEEPING
2019-02-07 03:22:20: SLEEPING
2019-02-07 03:22:20: SLEEPING
2019-02-07 03:22:21: SLEEPING
2019-02-07 03:22:21: SLEEPING
2019-02-07 03:22:21: SLEEPING
2019-02-07 03:22:21: SLEEPING
2019-02-07 03:22:21: SLEEPING
2019-02-07 03:22:21: SLEEPING
2019-02-07 03:22:21: SLEEPING
2019-02-07 03:22:21: SLEEPING
2019-02-07 03:22:21: SLEEPING
2019-02-07 03:22:21: SLEEPING
2019-02-07 03:22:22: SLEEPING
2019-02-07 03:22:22: SLEEPING
2019-02-07 03:22:22: RX COMMUNICATION LOST
2019-02-07 03:22:22: SLEEPING
2019-02-07 03:22:22: SLEEPING
2019-02-07 03:22:22: SLEEPING
2019-02-07 03:22:22: SLEEPING
2019-02-07 03:22:22: SLEEPING
2019-02-07 03:22:22: SLEEPING
2019-02-07 03:22:22: SLEEPING
2019-02-07 03:22:22: SLEEPING
2019-02-07 03:22:23: SLEEPING
2019-02-07 03:22:23: SLEEPING
2019-02-07 03:22:23: SLEEPING
2019-02-07 03:22:23: SLEEPING
2019-02-07 03:22:23: SLEEPING
2019-02-07 03:22:23: SLEEPING
2019-02-07 03:22:23: SLEEPING
2019-02-07 03:22:23: SLEEPING
2019-02-07 03:22:23: SLEEPING
2019-02-07 03:22:23: SLEEPING
2019-02-07 03:22:24: SLEEPING
2019-02-07 03:22:24: SLEEPING
2019-02-07 03:22:24: RX COMMUNICATION LOST
2019-02-07 03:22:24: SLEEPING
2019-02-07 03:22:24: SLEEPING
2019-02-07 03:22:24: SLEEPING
2019-02-07 03:22:24: SLEEPING
2019-02-07 03:22:24: SLEEPING
2019-02-07 03:22:24: SLEEPING
2019-02-07 03:22:24: SLEEPING
2019-02-07 03:22:24: SLEEPING
2019-02-07 03:22:25: SLEEPING
2019-02-07 03:22:25: SLEEPING
2019-02-07 03:22:25: SLEEPING
2019-02-07 03:22:25: SLEEPING
2019-02-07 03:22:25: SLEEPING
2019-02-07 03:22:25: SLEEPING
2019-02-07 03:22:25: SLEEPING
2019-02-07 03:22:25: SLEEPING
2019-02-07 03:22:25: SLEEPING
2019-02-07 03:22:25: SLEEPING
2019-02-07 03:22:26: SLEEPING
2019-02-07 03:22:26: SLEEPING
2019-02-07 03:22:26: RX COMMUNICATION LOST
2019-02-07 03:22:26: SLEEPING
2019-02-07 03:22:26: SLEEPING
2019-02-07 03:22:26: SLEEPING
2019-02-07 03:22:26: SLEEPING
2019-02-07 03:22:26: SLEEPING
2019-02-07 03:22:26: SLEEPING
2019-02-07 03:22:26: SLEEPING
2019-02-07 03:22:26: SLEEPING
2019-02-07 03:22:27: SLEEPING
2019-02-07 03:22:27: SLEEPING
2019-02-07 03:22:27: SLEEPING
2019-02-07 03:22:27: SLEEPING
2019-02-07 03:22:27: SLEEPING
2019-02-07 03:22:27: SLEEPING
2019-02-07 03:22:27: SLEEPING
2019-02-07 03:22:27: SLEEPING
2019-02-07 03:22:27: SLEEPING
2019-02-07 03:22:27: SLEEPING
2019-02-07 03:22:28: SLEEPING
2019-02-07 03:22:28: SLEEPING
2019-02-07 03:22:28: SLEEPING
2019-02-07 03:22:28: RX COMMUNICATION LOST
2019-02-07 03:22:28: SLEEPING
2019-02-07 03:22:28: SLEEPING
2019-02-07 03:22:28: SLEEPING
2019-02-07 03:22:28: SLEEPING
2019-02-07 03:22:28: SLEEPING
2019-02-07 03:22:28: SLEEPING
2019-02-07 03:22:28: SLEEPING
2019-02-07 03:22:29: SLEEPING
2019-02-07 03:22:29: SLEEPING
2019-02-07 03:22:29: SLEEPING
2019-02-07 03:22:29: SLEEPING
2019-02-07 03:22:29: SLEEPING
2019-02-07 03:22:29: SLEEPING
2019-02-07 03:22:29: SLEEPING
2019-02-07 03:22:29: SLEEPING
2019-02-07 03:22:29: SLEEPING
2019-02-07 03:22:29: SLEEPING
2019-02-07 03:22:30: SLEEPING
2019-02-07 03:22:30: SLEEPING
2019-02-07 03:22:30: SLEEPING
2019-02-07 03:22:30: RX COMMUNICATION LOST
2019-02-07 03:22:30: SLEEPING
2019-02-07 03:22:30: SLEEPING
2019-02-07 03:22:30: SLEEPING
2019-02-07 03:22:30: SLEEPING
2019-02-07 03:22:30: SLEEPING
2019-02-07 03:22:30: SLEEPING
2019-02-07 03:22:30: SLEEPING
2019-02-07 03:22:31: SLEEPING
2019-02-07 03:22:31: SLEEPING
2019-02-07 03:22:31: SLEEPING
2019-02-07 03:22:31: SLEEPING
2019-02-07 03:22:31: SLEEPING
2019-02-07 03:22:31: SLEEPING
2019-02-07 03:22:31: SLEEPING
2019-02-07 03:22:31: SLEEPING
2019-02-07 03:22:31: SLEEPING
2019-02-07 03:22:31: SLEEPING
2019-02-07 03:22:32: SLEEPING
2019-02-07 03:22:32: SLEEPING
2019-02-07 03:22:32: SLEEPING
2019-02-07 03:22:32: RX COMMUNICATION LOST
2019-02-07 03:22:32: SLEEPING
2019-02-07 03:22:32: SLEEPING
2019-02-07 03:22:32: SLEEPING
2019-02-07 03:22:32: SLEEPING
2019-02-07 03:22:32: SLEEPING
2019-02-07 03:22:32: SLEEPING
2019-02-07 03:22:32: SLEEPING
2019-02-07 03:22:33: SLEEPING
2019-02-07 03:22:33: SLEEPING
2019-02-07 03:22:33: SLEEPING
2019-02-07 03:22:33: SLEEPING
2019-02-07 03:22:33: SLEEPING
2019-02-07 03:22:33: SLEEPING
2019-02-07 03:22:33: SLEEPING
2019-02-07 03:22:33: SLEEPING
2019-02-07 03:22:33: SLEEPING
2019-02-07 03:22:33: SLEEPING
2019-02-07 03:22:34: SLEEPING
2019-02-07 03:22:34: SLEEPING
2019-02-07 03:22:34: SLEEPING
2019-02-07 03:22:34: SLEEPING
2019-02-07 03:22:34: RX COMMUNICATION LOST
2019-02-07 03:22:34: SLEEPING
2019-02-07 03:22:34: SLEEPING
2019-02-07 03:22:34: SLEEPING
2019-02-07 03:22:34: SLEEPING
2019-02-07 03:22:34: SLEEPING
2019-02-07 03:22:34: SLEEPING
2019-02-07 03:22:35: SLEEPING
2019-02-07 03:22:35: SLEEPING
2019-02-07 03:22:35: SLEEPING
2019-02-07 03:22:35: SLEEPING
2019-02-07 03:22:35: SLEEPING
2019-02-07 03:22:35: SLEEPING
2019-02-07 03:22:35: SLEEPING
2019-02-07 03:22:35: SLEEPING
2019-02-07 03:22:35: SLEEPING
2019-02-07 03:22:36: SLEEPING
2019-02-07 03:22:36: SLEEPING
2019-02-07 03:22:36: SLEEPING
2019-02-07 03:22:36: SLEEPING
2019-02-07 03:22:36: SLEEPING
2019-02-07 03:22:36: RX COMMUNICATION LOST
2019-02-07 03:22:36: SLEEPING
2019-02-07 03:22:36: SLEEPING
2019-02-07 03:22:36: SLEEPING
2019-02-07 03:22:36: SLEEPING
2019-02-07 03:22:36: SLEEPING
2019-02-07 03:22:37: SLEEPING
2019-02-07 03:22:37: SLEEPING
2019-02-07 03:22:37: SLEEPING
2019-02-07 03:22:37: SLEEPING
2019-02-07 03:22:37: SLEEPING
2019-02-07 03:22:37: SLEEPING
2019-02-07 03:22:37: SLEEPING
2019-02-07 03:22:37: SLEEPING
2019-02-07 03:22:37: SLEEPING
2019-02-07 03:22:37: SLEEPING
2019-02-07 03:22:38: SLEEPING
2019-02-07 03:22:38: SLEEPING
2019-02-07 03:22:38: SLEEPING
2019-02-07 03:22:38: SLEEPING
2019-02-07 03:22:38: SLEEPING
2019-02-07 03:22:38: SLEEPING
2019-02-07 03:22:38: RX COMMUNICATION LOST
2019-02-07 03:22:38: SLEEPING
2019-02-07 03:22:38: SLEEPING
2019-02-07 03:22:38: SLEEPING
2019-02-07 03:22:38: SLEEPING
2019-02-07 03:22:39: SLEEPING
2019-02-07 03:22:39: SLEEPING
2019-02-07 03:22:39: SLEEPING
2019-02-07 03:22:39: SLEEPING
2019-02-07 03:22:39: SLEEPING
2019-02-07 03:22:39: SLEEPING
2019-02-07 03:22:39: SLEEPING
2019-02-07 03:22:39: SLEEPING
2019-02-07 03:22:39: SLEEPING
2019-02-07 03:22:39: SLEEPING
2019-02-07 03:22:40: SLEEPING
2019-02-07 03:22:40: SLEEPING
2019-02-07 03:22:40: SLEEPING
2019-02-07 03:22:40: SLEEPING
2019-02-07 03:22:40: SLEEPING
2019-02-07 03:22:40: SLEEPING
2019-02-07 03:22:40: RX COMMUNICATION LOST
2019-02-07 03:22:40: SLEEPING
2019-02-07 03:22:40: SLEEPING
2019-02-07 03:22:40: SLEEPING
2019-02-07 03:22:40: SLEEPING
2019-02-07 03:22:41: SLEEPING
2019-02-07 03:22:41: SLEEPING
2019-02-07 03:22:41: SLEEPING
2019-02-07 03:22:41: SLEEPING
2019-02-07 03:22:41: SLEEPING
2019-02-07 03:22:41: SLEEPING
2019-02-07 03:22:41: SLEEPING
2019-02-07 03:22:41: SLEEPING
2019-02-07 03:22:41: SLEEPING
2019-02-07 03:22:41: SLEEPING
2019-02-07 03:22:42: SLEEPING
2019-02-07 03:22:42: SLEEPING
2019-02-07 03:22:42: SLEEPING
2019-02-07 03:22:42: SLEEPING
2019-02-07 03:22:42: SLEEPING
2019-02-07 03:22:42: SLEEPING
2019-02-07 03:22:42: RX COMMUNICATION LOST
2019-02-07 03:22:42: SLEEPING
2019-02-07 03:22:42: SLEEPING
2019-02-07 03:22:42: SLEEPING
2019-02-07 03:22:42: SLEEPING
2019-02-07 03:22:43: SLEEPING
2019-02-07 03:22:43: SLEEPING
2019-02-07 03:22:43: SLEEPING
2019-02-07 03:22:43: SLEEPING
2019-02-07 03:22:43: SLEEPING
2019-02-07 03:22:43: SLEEPING
2019-02-07 03:22:43: SLEEPING
2019-02-07 03:22:43: SLEEPING
2019-02-07 03:22:43: SLEEPING
2019-02-07 03:22:43: SLEEPING
2019-02-07 03:22:44: SLEEPING
2019-02-07 03:22:44: SLEEPING
2019-02-07 03:22:44: SLEEPING
2019-02-07 03:22:44: SLEEPING
2019-02-07 03:22:44: SLEEPING
2019-02-07 03:22:44: SLEEPING
2019-02-07 03:22:44: SLEEPING
2019-02-07 03:22:44: RX COMMUNICATION LOST
2019-02-07 03:22:44: SLEEPING
2019-02-07 03:22:44: SLEEPING
2019-02-07 03:22:44: SLEEPING
2019-02-07 03:22:45: SLEEPING
2019-02-07 03:22:45: SLEEPING
2019-02-07 03:22:45: SLEEPING
2019-02-07 03:22:45: SLEEPING
2019-02-07 03:22:45: SLEEPING
2019-02-07 03:22:45: SLEEPING
2019-02-07 03:22:45: SLEEPING
2019-02-07 03:22:45: SLEEPING
2019-02-07 03:22:45: SLEEPING
2019-02-07 03:22:45: SLEEPING
2019-02-07 03:22:46: SLEEPING
2019-02-07 03:22:46: SLEEPING
2019-02-07 03:22:46: SLEEPING
2019-02-07 03:22:46: SLEEPING
2019-02-07 03:22:46: SLEEPING
2019-02-07 03:22:46: SLEEPING
2019-02-07 03:22:46: SLEEPING
2019-02-07 03:22:46: RX COMMUNICATION LOST
2019-02-07 03:22:46: SLEEPING
2019-02-07 03:22:46: SLEEPING
2019-02-07 03:22:46: SLEEPING
2019-02-07 03:22:47: SLEEPING
2019-02-07 03:22:47: SLEEPING
2019-02-07 03:22:47: SLEEPING
2019-02-07 03:22:47: SLEEPING
2019-02-07 03:22:47: SLEEPING
2019-02-07 03:22:47: SLEEPING
2019-02-07 03:22:47: SLEEPING
2019-02-07 03:22:47: SLEEPING
2019-02-07 03:22:47: SLEEPING
2019-02-07 03:22:47: SLEEPING
2019-02-07 03:22:48: SLEEPING
2019-02-07 03:22:48: SLEEPING
2019-02-07 03:22:48: SLEEPING
2019-02-07 03:22:48: SLEEPING
2019-02-07 03:22:48: SLEEPING
2019-02-07 03:22:48: SLEEPING
2019-02-07 03:22:48: SLEEPING
2019-02-07 03:22:48: SLEEPING
2019-02-07 03:22:48: RX COMMUNICATION LOST
2019-02-07 03:22:48: SLEEPING
2019-02-07 03:22:48: SLEEPING
2019-02-07 03:22:49: SLEEPING
2019-02-07 03:22:49: SLEEPING
2019-02-07 03:22:49: SLEEPING
2019-02-07 03:22:49: SLEEPING
2019-02-07 03:22:49: SLEEPING
2019-02-07 03:22:49: SLEEPING
2019-02-07 03:22:49: SLEEPING
2019-02-07 03:22:49: SLEEPING
2019-02-07 03:22:49: SLEEPING
2019-02-07 03:22:49: SLEEPING
2019-02-07 03:22:50: SLEEPING
2019-02-07 03:22:50: SLEEPING
2019-02-07 03:22:50: SLEEPING
2019-02-07 03:22:50: SLEEPING
2019-02-07 03:22:50: SLEEPING
2019-02-07 03:22:50: SLEEPING
2019-02-07 03:22:50: SLEEPING
2019-02-07 03:22:50: SLEEPING
2019-02-07 03:22:50: RX COMMUNICATION LOST
2019-02-07 03:22:50: SLEEPING
2019-02-07 03:22:50: SLEEPING
2019-02-07 03:22:51: SLEEPING
2019-02-07 03:22:51: SLEEPING
2019-02-07 03:22:51: SLEEPING
2019-02-07 03:22:51: SLEEPING
2019-02-07 03:22:51: SLEEPING
2019-02-07 03:22:51: SLEEPING
2019-02-07 03:22:51: SLEEPING
2019-02-07 03:22:51: SLEEPING
2019-02-07 03:22:51: SLEEPING
2019-02-07 03:22:52: SLEEPING
2019-02-07 03:22:52: SLEEPING
2019-02-07 03:22:52: SLEEPING
2019-02-07 03:22:52: SLEEPING
2019-02-07 03:22:52: SLEEPING
2019-02-07 03:22:52: SLEEPING
2019-02-07 03:22:52: SLEEPING
2019-02-07 03:22:52: SLEEPING
2019-02-07 03:22:52: SLEEPING
2019-02-07 03:22:52: SLEEPING
2019-02-07 03:22:53: RX COMMUNICATION LOST
2019-02-07 03:22:53: SLEEPING
2019-02-07 03:22:53: SLEEPING
2019-02-07 03:22:53: SLEEPING
2019-02-07 03:22:53: SLEEPING
2019-02-07 03:22:53: SLEEPING
2019-02-07 03:22:53: SLEEPING
2019-02-07 03:22:53: SLEEPING
2019-02-07 03:22:53: SLEEPING
2019-02-07 03:22:53: SLEEPING
2019-02-07 03:22:54: SLEEPING
2019-02-07 03:22:54: SLEEPING
2019-02-07 03:22:54: SLEEPING
