TkAgg
2019-02-06 20:37:51: STARTED PROCESS 23597
2019-02-06 20:37:51: FIRST PACKET RECEIVED
2019-02-06 20:37:51: START SEQUENCE = 1983971622
23623
23619
23620
23621
23622
2019-02-06 20:37:53: RX COMMUNICATION LOST
('Changed', 1549485472,1549485475,-3,1)
COLLECTION/components_to_collect,axial,tangential,radial
COLLECTION/trace_length_in_seconds,1
COLLECTION/output_sampling_rate,4000
COLLECTION/channels_per_sensor,3
COLLECTION/packet_length,21
COLLECTION/baud_rate,921600
COLLECTION/data_message_identifier,0x64
COLLECTION/info_message_identifier,0x69
COLLECTION/rhino_version,1.1
RUNTIME/show_plots,True
RUNTIME/start_data_time_timestamp,0
RUNTIME/field_deployment,False
RUNTIME/automatic_acquisition,False
RUNTIME/component_to_display,axial
DATAUNIT/log_to_file,False
DATA_TRANSMISSION/server,deploy@13.66.189.94
DATA_TRANSMISSION/local_folder,/home/field/data/test_mine/test_rig/
DATA_TRANSMISSION/remote_folder,/data_sdd/new_structure/
DATA_TRANSMISSION/sleep_interval,1
PLAYBACK/start_time,0
PLAYBACK/end_time,0
PLAYBACK/accelerometer_max_voltage,5.0
PLAYBACK/x_sensitivity,12.5
PLAYBACK/y_sensitivity,12.5
PLAYBACK/z_sensitivity,12.5
PLAYBACK/ide_multiplier,1.0
PLAYBACK/apply_sensitivities,True
PLAYBACK/show_plots,True
PROCESSING/deconvolution_filter_duration,0.1
PROCESSING/min_lag_trimmed_trace,-0.1
PROCESSING/max_lag_trimmed_trace,0.1
PROCESSING/trapezoidal_bpf_corner_1,80.0
PROCESSING/trapezoidal_bpf_corner_2,100.0
PROCESSING/trapezoidal_bpf_corner_3,300.0
PROCESSING/trapezoidal_bpf_corner_4,350.0
PROCESSING/trapezoidal_bpf_duration,0.02
PROCESSING/binning_interval_in_cm,5.0
PROCESSING/auto_correlation_trace_duration,0.5
QC_PLOTTING/peak_amplitude_axial_y_limit,0,1.5
QC_PLOTTING/rc_axial_y_limit,0,1.0
QC_PLOTTING/axial_vel_delay_y_limit,60,150
QC_PLOTTING/peak_amplitude_tangential_y_limit,0,1.5
QC_PLOTTING/rc_tangential_y_limit,0,1.0
QC_PLOTTING/tangential_vel_delay_y_limit,80,250
QC_PLOTTING/peak_amplitude_radial_y_limit,0,1.5
QC_PLOTTING/plot_a_vel,True
QC_PLOTTING/plot_t_vel,True
QC_PLOTTING/axial_amp,True
QC_PLOTTING/axial_rc,True
QC_PLOTTING/noise_threshold,True
QC_PLOTTING/tangential_amp,True
QC_PLOTTING/tangential_rc,True
QC_PLOTTING/radial_amp,False
QC_PLOTTING/mult_pos_win,3.5
QC_PLOTTING/mult_neg_win,0.5
FEATURE_EXTRACTION_J1/window_widths,{"axial": {"multiple_3": 0.004, "multiple_2": 0.004, "multiple_1": 0.004, "primary": 0.004}, "tangential": {"multiple_3": 0.004, "multiple_2": 0.004, "multiple_1": 0.004, "primary": 0.004}}
INSTALLATION/country,CANADA
INSTALLATION/company,ARCELORMITTAL
INSTALLATION/mine_name,MONT_WRIGHT
INSTALLATION/recording_engineer,DOUG_KIRKBY
INSTALLATION/rig_model,49HR
INSTALLATION/rig_manufacturer,BUCYRUS
INSTALLATION/rig_id,W226
INSTALLATION/drill_type,1
INSTALLATION/mwd_type,2
INSTALLATION/bit_type,1
INSTALLATION/bit_model,SECOROC
INSTALLATION/bit_size,13.75,2
INSTALLATION/bit_date,2019-01-24
INSTALLATION/drill_string_total_length,22.56
INSTALLATION/drill_string_steel_od,10.75,2
INSTALLATION/drill_string_component1,1,1,15.0,2,13.75,2
INSTALLATION/drill_string_component2,2,1,144.0,2,10.75,2
INSTALLATION/drill_string_component3,3,1,27.5,1,10.75,2
INSTALLATION/drill_string_component4,3,1,27.5,1,10.75,2
INSTALLATION/drill_string_component5,4,1,36.0,2,10.0,2
INSTALLATION/drill_string_component6,5,1,33.625,2,24.0,2
INSTALLATION/drill_string_component7,6,-1,0.0,1,0.0,2
INSTALLATION/drill_string_component8,6,-1,0.0,1,0.0,2
INSTALLATION/drill_string_component9,6,-1,0.0,1,0.0,2
INSTALLATION/drill_string_component10,6,-1,0.0,1,0.0,2
INSTALLATION/sensor_type,2
INSTALLATION/digitizer_serial_number,S1024
INSTALLATION/sensor_serial_number,SE100
INSTALLATION/sensor_accelerometer_type,8
INSTALLATION/sensor_ideal_sampling_rate,4000
INSTALLATION/sensor_saturation_g,100
INSTALLATION/sensor_position,2.32,3
INSTALLATION/sensor_axial_axis,1
INSTALLATION/sensor_tangential_axis,2
INSTALLATION/sensor_mount_size,2
INSTALLATION/sensor_installation_location,3
INSTALLATION/sensor_installation_date,2018-11-24
INSTALLATION/comments,Mont Wright cored section
piezoresistive sn not marked calling it SE100
INSTALLATION/battery_max_voltage,12.4
INSTALLATION/battery_min_voltage,10.0
SEGY_MODULE/segy_output_step,deconvolved
SYSTEM_HEALTH_PLOTS/x_axis_length_in_seconds,120
SYSTEM_HEALTH_PLOTS/x_axis_tick_interval,30
SYSTEM_HEALTH_PLOTS/rssi_y_lim,0,50
SYSTEM_HEALTH_PLOTS/packets_y_lim,2710,2810
SYSTEM_HEALTH_PLOTS/delay_y_lim,0,5
SYSTEM_HEALTH_PLOTS/temperature_y_lim,-40,90
SYSTEM_HEALTH_PLOTS/battery_y_lim,75,100
SYSTEM_HEALTH_PLOTS/rssi_upper_limit,15
SYSTEM_HEALTH_PLOTS/rssi_lower_limit,10
SYSTEM_HEALTH_PLOTS/packets_upper_limit,2772
SYSTEM_HEALTH_PLOTS/packets_lower_limit,2744
SYSTEM_HEALTH_PLOTS/battery_upper_limit,90
SYSTEM_HEALTH_PLOTS/battery_lower_limit,84
SYSTEM_HEALTH_PLOTS/temp_positive_upper_limit,80
SYSTEM_HEALTH_PLOTS/temp_positive_lower_limit,60
SYSTEM_HEALTH_PLOTS/temp_negative_upper_limit,-15
SYSTEM_HEALTH_PLOTS/temp_negative_lower_limit,-35
SYSTEM_HEALTH_PLOTS/delay_upper_limit,3
SYSTEM_HEALTH_PLOTS/delay_lower_limit,2
SYSTEM_HEALTH_PLOTS/trace_plot_pre_cut,10
SYSTEM_HEALTH_PLOTS/trace_plot_post_add,100
SYSTEM_HEALTH_PLOTS/number_of_traces_to_display,30
SYSTEM_HEALTH_PLOTS/traces_subsample,2
Timestamp :1549485475, Samples: 3853)
2019-02-06 20:37:55: CORRUPT 21 BYTE PACKET>>>>>>>>>>>>>>>>>>>>>1
2019-02-06 20:37:55: CORRUPT 21 BYTE PACKET>>>>>>>>>>>>>>>>>>>>>1
2019-02-06 20:37:55: CORRUPT 21 BYTE PACKET>>>>>>>>>>>>>>>>>>>>>1
('Changed', 1549485473,1549485475,-2,2)
2019-02-06 20:37:55: CORRUPT 21 BYTE PACKET>>>>>>>>>>>>>>>>>>>>>1
2019-02-06 20:37:55: CORRUPT 21 BYTE PACKET>>>>>>>>>>>>>>>>>>>>>1
2019-02-06 20:37:55: CORRUPT 21 BYTE PACKET>>>>>>>>>>>>>>>>>>>>>1
2019-02-06 20:37:55: CORRUPT 21 BYTE PACKET>>>>>>>>>>>>>>>>>>>>>1
('Changed', 1549485474,1549485475,-1,3)
2019-02-06 20:37:55: CORRUPT 21 BYTE PACKET>>>>>>>>>>>>>>>>>>>>>1
2019-02-06 20:37:55: CORRUPT 21 BYTE PACKET>>>>>>>>>>>>>>>>>>>>>1
2019-02-06 20:37:55: CORRUPT 21 BYTE PACKET>>>>>>>>>>>>>>>>>>>>>1
2019-02-06 20:37:55: CORRUPT 21 BYTE PACKET>>>>>>>>>>>>>>>>>>>>>1
2019-02-06 20:37:55: CORRUPT 21 BYTE PACKET>>>>>>>>>>>>>>>>>>>>>1
('Changed', 1549485475,1549485475,0,4)
2019-02-06 20:37:56: CORRUPT 21 BYTE PACKET>>>>>>>>>>>>>>>>>>>>>1
2019-02-06 20:37:56: CORRUPT 21 BYTE PACKET>>>>>>>>>>>>>>>>>>>>>1
('Changed', 1549485476,1549485476,0,5)
2019-02-06 20:37:56: RX COMMUNICATION LOST
('Changed', 1549485477,1549485477,0,6)
('Changed', 1549485478,1549485478,0,7)
2019-02-06 20:37:58: RX COMMUNICATION LOST
('Changed', 1549485479,1549485479,0,8)
('Changed', 1549485480,1549485480,0,9)
2019-02-06 20:38:00: RX COMMUNICATION LOST
('Changed', 1549485481,1549485481,0,10)
('Changed', 1549485482,1549485482,0,11)
2019-02-06 20:38:02: RX COMMUNICATION LOST
('Changed', 1549485483,1549485483,0,12)
('Changed', 1549485484,1549485484,0,13)
2019-02-06 20:38:04: RX COMMUNICATION LOST
('Changed', 1549485485,1549485485,0,14)
('Changed', 1549485486,1549485486,0,15)
2019-02-06 20:38:06: RX COMMUNICATION LOST
('Changed', 1549485487,1549485487,0,16)
('Changed', 1549485488,1549485488,0,17)
2019-02-06 20:38:08: RX COMMUNICATION LOST
('Changed', 1549485489,1549485489,0,18)
('Changed', 1549485490,1549485490,0,19)
2019-02-06 20:38:10: RX COMMUNICATION LOST
('Changed', 1549485491,1549485491,0,20)
('Changed', 1549485492,1549485492,0,21)
2019-02-06 20:38:12: RX COMMUNICATION LOST
('Changed', 1549485493,1549485493,0,22)
('Changed', 1549485494,1549485494,0,23)
2019-02-06 20:38:14: RX COMMUNICATION LOST
('Changed', 1549485495,1549485495,0,24)
('Changed', 1549485496,1549485496,0,25)
TkAgg
2019-02-06 20:39:51: STARTED PROCESS 23808
2019-02-06 20:39:51: FIRST PACKET RECEIVED
2019-02-06 20:39:51: START SEQUENCE = 1996016096
23833
23829
23830
23831
23832
('Changed', 1549485592,1549485592,0,1)
COLLECTION/components_to_collect,axial,tangential,radial
COLLECTION/trace_length_in_seconds,1
COLLECTION/output_sampling_rate,4000
COLLECTION/channels_per_sensor,3
COLLECTION/packet_length,21
COLLECTION/baud_rate,921600
COLLECTION/data_message_identifier,0x64
COLLECTION/info_message_identifier,0x69
COLLECTION/rhino_version,1.1
RUNTIME/show_plots,True
RUNTIME/start_data_time_timestamp,0
RUNTIME/field_deployment,False
RUNTIME/automatic_acquisition,False
RUNTIME/component_to_display,axial
DATAUNIT/log_to_file,False
DATA_TRANSMISSION/server,deploy@13.66.189.94
DATA_TRANSMISSION/local_folder,/home/field/data/test_mine/test_rig/
DATA_TRANSMISSION/remote_folder,/data_sdd/new_structure/
DATA_TRANSMISSION/sleep_interval,1
PLAYBACK/start_time,0
PLAYBACK/end_time,0
PLAYBACK/accelerometer_max_voltage,5.0
PLAYBACK/x_sensitivity,12.5
PLAYBACK/y_sensitivity,12.5
PLAYBACK/z_sensitivity,12.5
PLAYBACK/ide_multiplier,1.0
PLAYBACK/apply_sensitivities,True
PLAYBACK/show_plots,True
PROCESSING/deconvolution_filter_duration,0.1
PROCESSING/min_lag_trimmed_trace,-0.1
PROCESSING/max_lag_trimmed_trace,0.1
PROCESSING/trapezoidal_bpf_corner_1,80.0
PROCESSING/trapezoidal_bpf_corner_2,100.0
PROCESSING/trapezoidal_bpf_corner_3,300.0
PROCESSING/trapezoidal_bpf_corner_4,350.0
PROCESSING/trapezoidal_bpf_duration,0.02
PROCESSING/binning_interval_in_cm,5.0
PROCESSING/auto_correlation_trace_duration,0.5
QC_PLOTTING/peak_amplitude_axial_y_limit,0,1.5
QC_PLOTTING/rc_axial_y_limit,0,1.0
QC_PLOTTING/axial_vel_delay_y_limit,60,150
QC_PLOTTING/peak_amplitude_tangential_y_limit,0,1.5
QC_PLOTTING/rc_tangential_y_limit,0,1.0
QC_PLOTTING/tangential_vel_delay_y_limit,80,250
QC_PLOTTING/peak_amplitude_radial_y_limit,0,1.5
QC_PLOTTING/plot_a_vel,True
QC_PLOTTING/plot_t_vel,True
QC_PLOTTING/axial_amp,True
QC_PLOTTING/axial_rc,True
QC_PLOTTING/noise_threshold,True
QC_PLOTTING/tangential_amp,True
QC_PLOTTING/tangential_rc,True
QC_PLOTTING/radial_amp,False
QC_PLOTTING/mult_pos_win,3.5
QC_PLOTTING/mult_neg_win,0.5
FEATURE_EXTRACTION_J1/window_widths,{"axial": {"multiple_3": 0.004, "multiple_2": 0.004, "multiple_1": 0.004, "primary": 0.004}, "tangential": {"multiple_3": 0.004, "multiple_2": 0.004, "multiple_1": 0.004, "primary": 0.004}}
INSTALLATION/country,CANADA
INSTALLATION/company,ARCELORMITTAL
INSTALLATION/mine_name,MONT_WRIGHT
INSTALLATION/recording_engineer,DOUG_KIRKBY
INSTALLATION/rig_model,49HR
INSTALLATION/rig_manufacturer,BUCYRUS
INSTALLATION/rig_id,W226
INSTALLATION/drill_type,1
INSTALLATION/mwd_type,2
INSTALLATION/bit_type,1
INSTALLATION/bit_model,SECOROC
INSTALLATION/bit_size,13.75,2
INSTALLATION/bit_date,2019-01-24
INSTALLATION/drill_string_total_length,22.56
INSTALLATION/drill_string_steel_od,10.75,2
INSTALLATION/drill_string_component1,1,1,15.0,2,13.75,2
INSTALLATION/drill_string_component2,2,1,144.0,2,10.75,2
INSTALLATION/drill_string_component3,3,1,27.5,1,10.75,2
INSTALLATION/drill_string_component4,3,1,27.5,1,10.75,2
INSTALLATION/drill_string_component5,4,1,36.0,2,10.0,2
INSTALLATION/drill_string_component6,5,1,33.625,2,24.0,2
INSTALLATION/drill_string_component7,6,-1,0.0,1,0.0,2
INSTALLATION/drill_string_component8,6,-1,0.0,1,0.0,2
INSTALLATION/drill_string_component9,6,-1,0.0,1,0.0,2
INSTALLATION/drill_string_component10,6,-1,0.0,1,0.0,2
INSTALLATION/sensor_type,2
INSTALLATION/digitizer_serial_number,S1024
INSTALLATION/sensor_serial_number,SE100
INSTALLATION/sensor_accelerometer_type,8
INSTALLATION/sensor_ideal_sampling_rate,4000
INSTALLATION/sensor_saturation_g,100
INSTALLATION/sensor_position,2.32,3
INSTALLATION/sensor_axial_axis,1
INSTALLATION/sensor_tangential_axis,2
INSTALLATION/sensor_mount_size,2
INSTALLATION/sensor_installation_location,3
INSTALLATION/sensor_installation_date,2018-11-24
INSTALLATION/comments,Mont Wright cored section
piezoresistive sn not marked calling it SE100
INSTALLATION/battery_max_voltage,12.4
INSTALLATION/battery_min_voltage,10.0
SEGY_MODULE/segy_output_step,deconvolved
SYSTEM_HEALTH_PLOTS/x_axis_length_in_seconds,120
SYSTEM_HEALTH_PLOTS/x_axis_tick_interval,30
SYSTEM_HEALTH_PLOTS/rssi_y_lim,0,50
SYSTEM_HEALTH_PLOTS/packets_y_lim,2710,2810
SYSTEM_HEALTH_PLOTS/delay_y_lim,0,5
SYSTEM_HEALTH_PLOTS/temperature_y_lim,-40,90
SYSTEM_HEALTH_PLOTS/battery_y_lim,75,100
SYSTEM_HEALTH_PLOTS/rssi_upper_limit,15
SYSTEM_HEALTH_PLOTS/rssi_lower_limit,10
SYSTEM_HEALTH_PLOTS/packets_upper_limit,2772
SYSTEM_HEALTH_PLOTS/packets_lower_limit,2744
SYSTEM_HEALTH_PLOTS/battery_upper_limit,90
SYSTEM_HEALTH_PLOTS/battery_lower_limit,84
SYSTEM_HEALTH_PLOTS/temp_positive_upper_limit,80
SYSTEM_HEALTH_PLOTS/temp_positive_lower_limit,60
SYSTEM_HEALTH_PLOTS/temp_negative_upper_limit,-15
SYSTEM_HEALTH_PLOTS/temp_negative_lower_limit,-35
SYSTEM_HEALTH_PLOTS/delay_upper_limit,3
SYSTEM_HEALTH_PLOTS/delay_lower_limit,2
SYSTEM_HEALTH_PLOTS/trace_plot_pre_cut,10
SYSTEM_HEALTH_PLOTS/trace_plot_post_add,100
SYSTEM_HEALTH_PLOTS/number_of_traces_to_display,30
SYSTEM_HEALTH_PLOTS/traces_subsample,2
Timestamp :1549485592, Samples: 2841)
('Changed', 1549485593,1549485593,0,2)
2019-02-06 20:39:53: RX COMMUNICATION LOST
('Changed', 1549485594,1549485594,0,3)
('Changed', 1549485595,1549485595,0,4)
2019-02-06 20:39:55: RX COMMUNICATION LOST
('Changed', 1549485596,1549485596,0,5)
('Changed', 1549485597,1549485597,0,6)
2019-02-06 20:39:57: RX COMMUNICATION LOST
('Changed', 1549485598,1549485598,0,7)
('Changed', 1549485599,1549485599,0,8)
2019-02-06 20:39:59: RX COMMUNICATION LOST
('Changed', 1549485600,1549485600,0,9)
('Changed', 1549485601,1549485601,0,10)
2019-02-06 20:40:01: RX COMMUNICATION LOST
('Changed', 1549485602,1549485602,0,11)
('Changed', 1549485603,1549485603,0,12)
2019-02-06 20:40:03: RX COMMUNICATION LOST
('Changed', 1549485604,1549485604,0,13)
('Changed', 1549485605,1549485605,0,14)
2019-02-06 20:40:05: RX COMMUNICATION LOST
('Changed', 1549485606,1549485606,0,15)
('Changed', 1549485607,1549485607,0,16)
2019-02-06 20:40:07: RX COMMUNICATION LOST
('Changed', 1549485608,1549485608,0,17)
('Changed', 1549485609,1549485609,0,18)
TkAgg
2019-02-06 20:40:29: STARTED PROCESS 23938
23959
23955
23956
23957
23958
2019-02-06 20:40:30: SLEEPING
2019-02-06 20:40:31: SLEEPING
2019-02-06 20:40:33: SLEEPING
2019-02-06 20:40:34: SLEEPING
2019-02-06 20:40:35: SLEEPING
2019-02-06 20:40:36: SLEEPING
2019-02-06 20:40:37: SLEEPING
2019-02-06 20:40:38: SLEEPING
2019-02-06 20:40:39: SLEEPING
2019-02-06 20:40:40: SLEEPING
2019-02-06 20:40:41: SLEEPING
2019-02-06 20:40:43: SLEEPING
2019-02-06 20:40:44: SLEEPING
2019-02-06 20:40:45: SLEEPING
2019-02-06 20:40:46: SLEEPING
2019-02-06 20:40:47: SLEEPING
2019-02-06 20:40:48: SLEEPING
2019-02-06 20:40:49: SLEEPING
2019-02-06 20:40:50: SLEEPING
2019-02-06 20:40:51: SLEEPING
2019-02-06 20:40:52: SLEEPING
2019-02-06 20:40:54: SLEEPING
2019-02-06 20:40:55: SLEEPING
2019-02-06 20:40:56: SLEEPING
2019-02-06 20:40:57: SLEEPING
2019-02-06 20:40:58: SLEEPING
2019-02-06 20:40:59: SLEEPING
2019-02-06 20:41:00: SLEEPING
2019-02-06 20:41:01: SLEEPING
2019-02-06 20:41:02: SLEEPING
2019-02-06 20:41:03: SLEEPING
2019-02-06 20:41:05: SLEEPING
2019-02-06 20:41:06: SLEEPING
2019-02-06 20:41:07: SLEEPING
2019-02-06 20:41:08: SLEEPING
2019-02-06 20:41:09: SLEEPING
2019-02-06 20:41:10: SLEEPING
2019-02-06 20:41:11: SLEEPING
2019-02-06 20:41:12: SLEEPING
2019-02-06 20:41:13: SLEEPING
2019-02-06 20:41:14: FIRST PACKET RECEIVED
2019-02-06 20:41:14: START SEQUENCE = 2004344907
('Changed', 1549485675,1549485675,0,1)
COLLECTION/components_to_collect,axial,tangential,radial
COLLECTION/trace_length_in_seconds,1
COLLECTION/output_sampling_rate,4000
COLLECTION/channels_per_sensor,3
COLLECTION/packet_length,21
COLLECTION/baud_rate,921600
COLLECTION/data_message_identifier,0x64
COLLECTION/info_message_identifier,0x69
COLLECTION/rhino_version,1.1
RUNTIME/show_plots,True
RUNTIME/start_data_time_timestamp,0
RUNTIME/field_deployment,False
RUNTIME/automatic_acquisition,False
RUNTIME/component_to_display,axial
DATAUNIT/log_to_file,False
DATA_TRANSMISSION/server,deploy@13.66.189.94
DATA_TRANSMISSION/local_folder,/home/field/data/test_mine/test_rig/
DATA_TRANSMISSION/remote_folder,/data_sdd/new_structure/
DATA_TRANSMISSION/sleep_interval,1
PLAYBACK/start_time,0
PLAYBACK/end_time,0
PLAYBACK/accelerometer_max_voltage,5.0
PLAYBACK/x_sensitivity,12.5
PLAYBACK/y_sensitivity,12.5
PLAYBACK/z_sensitivity,12.5
PLAYBACK/ide_multiplier,1.0
PLAYBACK/apply_sensitivities,True
PLAYBACK/show_plots,True
PROCESSING/deconvolution_filter_duration,0.1
PROCESSING/min_lag_trimmed_trace,-0.1
PROCESSING/max_lag_trimmed_trace,0.1
PROCESSING/trapezoidal_bpf_corner_1,80.0
PROCESSING/trapezoidal_bpf_corner_2,100.0
PROCESSING/trapezoidal_bpf_corner_3,300.0
PROCESSING/trapezoidal_bpf_corner_4,350.0
PROCESSING/trapezoidal_bpf_duration,0.02
PROCESSING/binning_interval_in_cm,5.0
PROCESSING/auto_correlation_trace_duration,0.5
QC_PLOTTING/peak_amplitude_axial_y_limit,0,1.5
QC_PLOTTING/rc_axial_y_limit,0,1.0
QC_PLOTTING/axial_vel_delay_y_limit,60,150
QC_PLOTTING/peak_amplitude_tangential_y_limit,0,1.5
QC_PLOTTING/rc_tangential_y_limit,0,1.0
QC_PLOTTING/tangential_vel_delay_y_limit,80,250
QC_PLOTTING/peak_amplitude_radial_y_limit,0,1.5
QC_PLOTTING/plot_a_vel,True
QC_PLOTTING/plot_t_vel,True
QC_PLOTTING/axial_amp,True
QC_PLOTTING/axial_rc,True
QC_PLOTTING/noise_threshold,True
QC_PLOTTING/tangential_amp,True
QC_PLOTTING/tangential_rc,True
QC_PLOTTING/radial_amp,False
QC_PLOTTING/mult_pos_win,3.5
QC_PLOTTING/mult_neg_win,0.5
FEATURE_EXTRACTION_J1/window_widths,{"axial": {"multiple_3": 0.004, "multiple_2": 0.004, "multiple_1": 0.004, "primary": 0.004}, "tangential": {"multiple_3": 0.004, "multiple_2": 0.004, "multiple_1": 0.004, "primary": 0.004}}
INSTALLATION/country,CANADA
INSTALLATION/company,ARCELORMITTAL
INSTALLATION/mine_name,MONT_WRIGHT
INSTALLATION/recording_engineer,DOUG_KIRKBY
INSTALLATION/rig_model,49HR
INSTALLATION/rig_manufacturer,BUCYRUS
INSTALLATION/rig_id,W226
INSTALLATION/drill_type,1
INSTALLATION/mwd_type,2
INSTALLATION/bit_type,1
INSTALLATION/bit_model,SECOROC
INSTALLATION/bit_size,13.75,2
INSTALLATION/bit_date,2019-01-24
INSTALLATION/drill_string_total_length,22.56
INSTALLATION/drill_string_steel_od,10.75,2
INSTALLATION/drill_string_component1,1,1,15.0,2,13.75,2
INSTALLATION/drill_string_component2,2,1,144.0,2,10.75,2
INSTALLATION/drill_string_component3,3,1,27.5,1,10.75,2
INSTALLATION/drill_string_component4,3,1,27.5,1,10.75,2
INSTALLATION/drill_string_component5,4,1,36.0,2,10.0,2
INSTALLATION/drill_string_component6,5,1,33.625,2,24.0,2
INSTALLATION/drill_string_component7,6,-1,0.0,1,0.0,2
INSTALLATION/drill_string_component8,6,-1,0.0,1,0.0,2
INSTALLATION/drill_string_component9,6,-1,0.0,1,0.0,2
INSTALLATION/drill_string_component10,6,-1,0.0,1,0.0,2
INSTALLATION/sensor_type,2
INSTALLATION/digitizer_serial_number,S1024
INSTALLATION/sensor_serial_number,SE100
INSTALLATION/sensor_accelerometer_type,8
INSTALLATION/sensor_ideal_sampling_rate,4000
INSTALLATION/sensor_saturation_g,100
INSTALLATION/sensor_position,2.32,3
INSTALLATION/sensor_axial_axis,1
INSTALLATION/sensor_tangential_axis,2
INSTALLATION/sensor_mount_size,2
INSTALLATION/sensor_installation_location,3
INSTALLATION/sensor_installation_date,2018-11-24
INSTALLATION/comments,Mont Wright cored section
piezoresistive sn not marked calling it SE100
INSTALLATION/battery_max_voltage,12.4
INSTALLATION/battery_min_voltage,10.0
SEGY_MODULE/segy_output_step,deconvolved
SYSTEM_HEALTH_PLOTS/x_axis_length_in_seconds,120
SYSTEM_HEALTH_PLOTS/x_axis_tick_interval,30
SYSTEM_HEALTH_PLOTS/rssi_y_lim,0,50
SYSTEM_HEALTH_PLOTS/packets_y_lim,2710,2810
SYSTEM_HEALTH_PLOTS/delay_y_lim,0,5
SYSTEM_HEALTH_PLOTS/temperature_y_lim,-40,90
SYSTEM_HEALTH_PLOTS/battery_y_lim,75,100
SYSTEM_HEALTH_PLOTS/rssi_upper_limit,15
SYSTEM_HEALTH_PLOTS/rssi_lower_limit,10
SYSTEM_HEALTH_PLOTS/packets_upper_limit,2772
SYSTEM_HEALTH_PLOTS/packets_lower_limit,2744
SYSTEM_HEALTH_PLOTS/battery_upper_limit,90
SYSTEM_HEALTH_PLOTS/battery_lower_limit,84
SYSTEM_HEALTH_PLOTS/temp_positive_upper_limit,80
SYSTEM_HEALTH_PLOTS/temp_positive_lower_limit,60
SYSTEM_HEALTH_PLOTS/temp_negative_upper_limit,-15
SYSTEM_HEALTH_PLOTS/temp_negative_lower_limit,-35
SYSTEM_HEALTH_PLOTS/delay_upper_limit,3
SYSTEM_HEALTH_PLOTS/delay_lower_limit,2
SYSTEM_HEALTH_PLOTS/trace_plot_pre_cut,10
SYSTEM_HEALTH_PLOTS/trace_plot_post_add,100
SYSTEM_HEALTH_PLOTS/number_of_traces_to_display,30
SYSTEM_HEALTH_PLOTS/traces_subsample,2
Timestamp :1549485675, Samples: 2191)
('Changed', 1549485676,1549485676,0,2)
2019-02-06 20:41:16: RX COMMUNICATION LOST
('Changed', 1549485677,1549485677,0,3)
('Changed', 1549485678,1549485678,0,4)
2019-02-06 20:41:18: RX COMMUNICATION LOST
('Changed', 1549485679,1549485679,0,5)
('Changed', 1549485680,1549485680,0,6)
2019-02-06 20:41:20: RX COMMUNICATION LOST
('Changed', 1549485681,1549485681,0,7)
('Changed', 1549485682,1549485682,0,8)
2019-02-06 20:41:22: RX COMMUNICATION LOST
('Changed', 1549485683,1549485683,0,9)
('Changed', 1549485684,1549485684,0,10)
2019-02-06 20:41:24: RX COMMUNICATION LOST
('Changed', 1549485685,1549485685,0,11)
('Changed', 1549485686,1549485686,0,12)
2019-02-06 20:41:26: RX COMMUNICATION LOST
('Changed', 1549485687,1549485687,0,13)
('Changed', 1549485688,1549485688,0,14)
2019-02-06 20:41:28: RX COMMUNICATION LOST
('Changed', 1549485689,1549485689,0,15)
('Changed', 1549485690,1549485690,0,16)
2019-02-06 20:41:30: RX COMMUNICATION LOST
('Changed', 1549485691,1549485691,0,17)
('Changed', 1549485692,1549485692,0,18)
2019-02-06 20:41:32: RX COMMUNICATION LOST
('Changed', 1549485693,1549485693,0,19)
('Changed', 1549485694,1549485694,0,20)
2019-02-06 20:41:34: RX COMMUNICATION LOST
('Changed', 1549485695,1549485695,0,21)
('Changed', 1549485696,1549485696,0,22)
2019-02-06 20:41:36: RX COMMUNICATION LOST
('Changed', 1549485697,1549485697,0,23)
('Changed', 1549485698,1549485698,0,24)
2019-02-06 20:41:38: RX COMMUNICATION LOST
('Changed', 1549485699,1549485699,0,25)
('Changed', 1549485700,1549485700,0,26)
2019-02-06 20:41:40: RX COMMUNICATION LOST
('Changed', 1549485701,1549485701,0,27)
('Changed', 1549485702,1549485702,0,28)
2019-02-06 20:41:42: RX COMMUNICATION LOST
('Changed', 1549485703,1549485703,0,29)
('Changed', 1549485704,1549485704,0,30)
2019-02-06 20:41:44: RX COMMUNICATION LOST
('Changed', 1549485705,1549485705,0,31)
('Changed', 1549485706,1549485706,0,32)
2019-02-06 20:41:46: RX COMMUNICATION LOST
('Changed', 1549485707,1549485707,0,33)
('Changed', 1549485708,1549485708,0,34)
2019-02-06 20:41:48: RX COMMUNICATION LOST
('Changed', 1549485709,1549485709,0,35)
('Changed', 1549485710,1549485710,0,36)
2019-02-06 20:41:50: RX COMMUNICATION LOST
('Changed', 1549485711,1549485711,0,37)
('Changed', 1549485712,1549485712,0,38)
2019-02-06 20:41:52: RX COMMUNICATION LOST
('Changed', 1549485713,1549485713,0,39)
('Changed', 1549485714,1549485714,0,40)
2019-02-06 20:41:54: RX COMMUNICATION LOST
('Changed', 1549485715,1549485715,0,41)
('Changed', 1549485716,1549485716,0,42)
('Changed', 1549485717,1549485717,0,43)
2019-02-06 20:41:57: RX COMMUNICATION LOST
('Changed', 1549485718,1549485718,0,44)
('Changed', 1549485719,1549485719,0,45)
2019-02-06 20:41:59: RX COMMUNICATION LOST
('Changed', 1549485720,1549485720,0,46)
('Changed', 1549485721,1549485721,0,47)
2019-02-06 20:42:01: RX COMMUNICATION LOST
('Changed', 1549485722,1549485722,0,48)
('Changed', 1549485723,1549485723,0,49)
2019-02-06 20:42:03: RX COMMUNICATION LOST
('Changed', 1549485724,1549485724,0,50)
('Changed', 1549485725,1549485725,0,51)
2019-02-06 20:42:05: RX COMMUNICATION LOST
('Changed', 1549485726,1549485726,0,52)
('Changed', 1549485727,1549485727,0,53)
2019-02-06 20:42:07: RX COMMUNICATION LOST
('Changed', 1549485728,1549485728,0,54)
('Changed', 1549485729,1549485729,0,55)
2019-02-06 20:42:09: RX COMMUNICATION LOST
('Changed', 1549485730,1549485730,0,56)
('Changed', 1549485731,1549485731,0,57)
2019-02-06 20:42:11: RX COMMUNICATION LOST
('Changed', 1549485732,1549485732,0,58)
('Changed', 1549485733,1549485733,0,59)
2019-02-06 20:42:13: RX COMMUNICATION LOST
2019-02-06 20:42:13: INFO MESSAGE RECEIVED
('Changed', 1549485734,1549485734,0,60)
('Changed', 1549485735,1549485735,0,61)
2019-02-06 20:42:15: RX COMMUNICATION LOST
('Changed', 1549485736,1549485736,0,62)
('Changed', 1549485737,1549485737,0,63)
2019-02-06 20:42:17: RX COMMUNICATION LOST
('Changed', 1549485738,1549485738,0,64)
('Changed', 1549485739,1549485739,0,65)
2019-02-06 20:42:19: RX COMMUNICATION LOST
('Changed', 1549485740,1549485740,0,66)
('Changed', 1549485741,1549485741,0,67)
2019-02-06 20:42:21: RX COMMUNICATION LOST
('Changed', 1549485742,1549485742,0,68)
('Changed', 1549485743,1549485743,0,69)
2019-02-06 20:42:23: RX COMMUNICATION LOST
('Changed', 1549485744,1549485744,0,70)
('Changed', 1549485745,1549485745,0,71)
2019-02-06 20:42:25: RX COMMUNICATION LOST
('Changed', 1549485746,1549485746,0,72)
('Changed', 1549485747,1549485747,0,73)
2019-02-06 20:42:27: RX COMMUNICATION LOST
('Changed', 1549485748,1549485748,0,74)
('Changed', 1549485749,1549485749,0,75)
2019-02-06 20:42:29: RX COMMUNICATION LOST
('Changed', 1549485750,1549485750,0,76)
('Changed', 1549485751,1549485751,0,77)
2019-02-06 20:42:31: RX COMMUNICATION LOST
('Changed', 1549485752,1549485752,0,78)
('Changed', 1549485753,1549485753,0,79)
2019-02-06 20:42:33: RX COMMUNICATION LOST
('Changed', 1549485754,1549485754,0,80)
('Changed', 1549485755,1549485755,0,81)
2019-02-06 20:42:35: RX COMMUNICATION LOST
('Changed', 1549485756,1549485756,0,82)
('Changed', 1549485757,1549485757,0,83)
2019-02-06 20:42:37: RX COMMUNICATION LOST
('Changed', 1549485758,1549485758,0,84)
('Changed', 1549485759,1549485759,0,85)
2019-02-06 20:42:39: RX COMMUNICATION LOST
('Changed', 1549485760,1549485760,0,86)
('Changed', 1549485761,1549485761,0,87)
2019-02-06 20:42:41: RX COMMUNICATION LOST
('Changed', 1549485762,1549485762,0,88)
('Changed', 1549485763,1549485763,0,89)
2019-02-06 20:42:43: RX COMMUNICATION LOST
('Changed', 1549485764,1549485764,0,90)
('Changed', 1549485765,1549485765,0,91)
2019-02-06 20:42:45: RX COMMUNICATION LOST
('Changed', 1549485766,1549485766,0,92)
('Changed', 1549485767,1549485767,0,93)
2019-02-06 20:42:47: RX COMMUNICATION LOST
('Changed', 1549485768,1549485768,0,94)
('Changed', 1549485769,1549485769,0,95)
2019-02-06 20:42:49: RX COMMUNICATION LOST
('Changed', 1549485770,1549485770,0,96)
('Changed', 1549485771,1549485771,0,97)
2019-02-06 20:42:51: RX COMMUNICATION LOST
('Changed', 1549485772,1549485772,0,98)
('Changed', 1549485773,1549485773,0,99)
2019-02-06 20:42:53: RX COMMUNICATION LOST
('Changed', 1549485774,1549485774,0,100)
('Changed', 1549485775,1549485775,0,101)
2019-02-06 20:42:55: RX COMMUNICATION LOST
('Changed', 1549485776,1549485776,0,102)
('Changed', 1549485777,1549485777,0,103)
TkAgg
2019-02-06 20:44:58: STARTED PROCESS 24412
2019-02-06 20:44:58: FIRST PACKET RECEIVED
2019-02-06 20:44:58: START SEQUENCE = 2026803152
24433
24429
24430
24431
24432
('Changed', 1549485899,1549485899,0,1)
COLLECTION/components_to_collect,axial,tangential,radial
COLLECTION/trace_length_in_seconds,1
COLLECTION/output_sampling_rate,4000
COLLECTION/channels_per_sensor,3
COLLECTION/packet_length,21
COLLECTION/baud_rate,921600
COLLECTION/data_message_identifier,0x64
COLLECTION/info_message_identifier,0x69
COLLECTION/rhino_version,1.1
RUNTIME/show_plots,True
RUNTIME/start_data_time_timestamp,0
RUNTIME/field_deployment,False
RUNTIME/automatic_acquisition,False
RUNTIME/component_to_display,axial
DATAUNIT/log_to_file,False
DATA_TRANSMISSION/server,deploy@13.66.189.94
DATA_TRANSMISSION/local_folder,/home/field/data/test_mine/test_rig/
DATA_TRANSMISSION/remote_folder,/data_sdd/new_structure/
DATA_TRANSMISSION/sleep_interval,1
PLAYBACK/start_time,0
PLAYBACK/end_time,0
PLAYBACK/accelerometer_max_voltage,5.0
PLAYBACK/x_sensitivity,12.5
PLAYBACK/y_sensitivity,12.5
PLAYBACK/z_sensitivity,12.5
PLAYBACK/ide_multiplier,1.0
PLAYBACK/apply_sensitivities,True
PLAYBACK/show_plots,True
PROCESSING/deconvolution_filter_duration,0.1
PROCESSING/min_lag_trimmed_trace,-0.1
PROCESSING/max_lag_trimmed_trace,0.1
PROCESSING/trapezoidal_bpf_corner_1,80.0
PROCESSING/trapezoidal_bpf_corner_2,100.0
PROCESSING/trapezoidal_bpf_corner_3,300.0
PROCESSING/trapezoidal_bpf_corner_4,350.0
PROCESSING/trapezoidal_bpf_duration,0.02
PROCESSING/binning_interval_in_cm,5.0
PROCESSING/auto_correlation_trace_duration,0.5
QC_PLOTTING/peak_amplitude_axial_y_limit,0,1.5
QC_PLOTTING/rc_axial_y_limit,0,1.0
QC_PLOTTING/axial_vel_delay_y_limit,60,150
QC_PLOTTING/peak_amplitude_tangential_y_limit,0,1.5
QC_PLOTTING/rc_tangential_y_limit,0,1.0
QC_PLOTTING/tangential_vel_delay_y_limit,80,250
QC_PLOTTING/peak_amplitude_radial_y_limit,0,1.5
QC_PLOTTING/plot_a_vel,True
QC_PLOTTING/plot_t_vel,True
QC_PLOTTING/axial_amp,True
QC_PLOTTING/axial_rc,True
QC_PLOTTING/noise_threshold,True
QC_PLOTTING/tangential_amp,True
QC_PLOTTING/tangential_rc,True
QC_PLOTTING/radial_amp,False
QC_PLOTTING/mult_pos_win,3.5
QC_PLOTTING/mult_neg_win,0.5
FEATURE_EXTRACTION_J1/window_widths,{"axial": {"multiple_3": 0.004, "multiple_2": 0.004, "multiple_1": 0.004, "primary": 0.004}, "tangential": {"multiple_3": 0.004, "multiple_2": 0.004, "multiple_1": 0.004, "primary": 0.004}}
INSTALLATION/country,CANADA
INSTALLATION/company,ARCELORMITTAL
INSTALLATION/mine_name,MONT_WRIGHT
INSTALLATION/recording_engineer,DOUG_KIRKBY
INSTALLATION/rig_model,49HR
INSTALLATION/rig_manufacturer,BUCYRUS
INSTALLATION/rig_id,W226
INSTALLATION/drill_type,1
INSTALLATION/mwd_type,2
INSTALLATION/bit_type,1
INSTALLATION/bit_model,SECOROC
INSTALLATION/bit_size,13.75,2
INSTALLATION/bit_date,2019-01-24
INSTALLATION/drill_string_total_length,22.56
INSTALLATION/drill_string_steel_od,10.75,2
INSTALLATION/drill_string_component1,1,1,15.0,2,13.75,2
INSTALLATION/drill_string_component2,2,1,144.0,2,10.75,2
INSTALLATION/drill_string_component3,3,1,27.5,1,10.75,2
INSTALLATION/drill_string_component4,3,1,27.5,1,10.75,2
INSTALLATION/drill_string_component5,4,1,36.0,2,10.0,2
INSTALLATION/drill_string_component6,5,1,33.625,2,24.0,2
INSTALLATION/drill_string_component7,6,-1,0.0,1,0.0,2
INSTALLATION/drill_string_component8,6,-1,0.0,1,0.0,2
INSTALLATION/drill_string_component9,6,-1,0.0,1,0.0,2
INSTALLATION/drill_string_component10,6,-1,0.0,1,0.0,2
INSTALLATION/sensor_type,2
INSTALLATION/digitizer_serial_number,S1024
INSTALLATION/sensor_serial_number,SE100
INSTALLATION/sensor_accelerometer_type,8
INSTALLATION/sensor_ideal_sampling_rate,4000
INSTALLATION/sensor_saturation_g,100
INSTALLATION/sensor_position,2.32,3
INSTALLATION/sensor_axial_axis,1
INSTALLATION/sensor_tangential_axis,2
INSTALLATION/sensor_mount_size,2
INSTALLATION/sensor_installation_location,3
INSTALLATION/sensor_installation_date,2018-11-24
INSTALLATION/comments,Mont Wright cored section
piezoresistive sn not marked calling it SE100
INSTALLATION/battery_max_voltage,12.4
INSTALLATION/battery_min_voltage,10.0
SEGY_MODULE/segy_output_step,deconvolved
SYSTEM_HEALTH_PLOTS/x_axis_length_in_seconds,120
SYSTEM_HEALTH_PLOTS/x_axis_tick_interval,30
SYSTEM_HEALTH_PLOTS/rssi_y_lim,0,50
SYSTEM_HEALTH_PLOTS/packets_y_lim,2710,2810
SYSTEM_HEALTH_PLOTS/delay_y_lim,0,5
SYSTEM_HEALTH_PLOTS/temperature_y_lim,-40,90
SYSTEM_HEALTH_PLOTS/battery_y_lim,75,100
SYSTEM_HEALTH_PLOTS/rssi_upper_limit,15
SYSTEM_HEALTH_PLOTS/rssi_lower_limit,10
SYSTEM_HEALTH_PLOTS/packets_upper_limit,2772
SYSTEM_HEALTH_PLOTS/packets_lower_limit,2744
SYSTEM_HEALTH_PLOTS/battery_upper_limit,90
SYSTEM_HEALTH_PLOTS/battery_lower_limit,84
SYSTEM_HEALTH_PLOTS/temp_positive_upper_limit,80
SYSTEM_HEALTH_PLOTS/temp_positive_lower_limit,60
SYSTEM_HEALTH_PLOTS/temp_negative_upper_limit,-15
SYSTEM_HEALTH_PLOTS/temp_negative_lower_limit,-35
SYSTEM_HEALTH_PLOTS/delay_upper_limit,3
SYSTEM_HEALTH_PLOTS/delay_lower_limit,2
SYSTEM_HEALTH_PLOTS/trace_plot_pre_cut,10
SYSTEM_HEALTH_PLOTS/trace_plot_post_add,100
SYSTEM_HEALTH_PLOTS/number_of_traces_to_display,30
SYSTEM_HEALTH_PLOTS/traces_subsample,2
Timestamp :1549485899, Samples: 1293)
('Changed', 1549485900,1549485900,0,2)
('Changed', 1549485901,1549485901,0,3)
2019-02-06 20:45:01: RX COMMUNICATION LOST
('Changed', 1549485902,1549485902,0,4)
('Changed', 1549485903,1549485903,0,5)
2019-02-06 20:45:03: RX COMMUNICATION LOST
('Changed', 1549485904,1549485904,0,6)
TkAgg
2019-02-06 20:46:26: STARTED PROCESS 24537
2019-02-06 20:46:26: FIRST PACKET RECEIVED
2019-02-06 20:46:26: START SEQUENCE = 2035610865
24557
24553
24554
24555
24556
('Changed', 1549485987,1549485987,0,1)
COLLECTION/components_to_collect,axial,tangential,radial
COLLECTION/trace_length_in_seconds,1
COLLECTION/output_sampling_rate,4000
COLLECTION/channels_per_sensor,3
COLLECTION/packet_length,21
COLLECTION/baud_rate,921600
COLLECTION/data_message_identifier,0x64
COLLECTION/info_message_identifier,0x69
COLLECTION/rhino_version,1.1
RUNTIME/show_plots,True
RUNTIME/start_data_time_timestamp,0
RUNTIME/field_deployment,False
RUNTIME/automatic_acquisition,False
RUNTIME/component_to_display,axial
DATAUNIT/log_to_file,False
DATA_TRANSMISSION/server,deploy@13.66.189.94
DATA_TRANSMISSION/local_folder,/home/field/data/test_mine/test_rig/
DATA_TRANSMISSION/remote_folder,/data_sdd/new_structure/
DATA_TRANSMISSION/sleep_interval,1
PLAYBACK/start_time,0
PLAYBACK/end_time,0
PLAYBACK/accelerometer_max_voltage,5.0
PLAYBACK/x_sensitivity,12.5
PLAYBACK/y_sensitivity,12.5
PLAYBACK/z_sensitivity,12.5
PLAYBACK/ide_multiplier,1.0
PLAYBACK/apply_sensitivities,True
PLAYBACK/show_plots,True
PROCESSING/deconvolution_filter_duration,0.1
PROCESSING/min_lag_trimmed_trace,-0.1
PROCESSING/max_lag_trimmed_trace,0.1
PROCESSING/trapezoidal_bpf_corner_1,80.0
PROCESSING/trapezoidal_bpf_corner_2,100.0
PROCESSING/trapezoidal_bpf_corner_3,300.0
PROCESSING/trapezoidal_bpf_corner_4,350.0
PROCESSING/trapezoidal_bpf_duration,0.02
PROCESSING/binning_interval_in_cm,5.0
PROCESSING/auto_correlation_trace_duration,0.5
QC_PLOTTING/peak_amplitude_axial_y_limit,0,1.5
QC_PLOTTING/rc_axial_y_limit,0,1.0
QC_PLOTTING/axial_vel_delay_y_limit,60,150
QC_PLOTTING/peak_amplitude_tangential_y_limit,0,1.5
QC_PLOTTING/rc_tangential_y_limit,0,1.0
QC_PLOTTING/tangential_vel_delay_y_limit,80,250
QC_PLOTTING/peak_amplitude_radial_y_limit,0,1.5
QC_PLOTTING/plot_a_vel,True
QC_PLOTTING/plot_t_vel,True
QC_PLOTTING/axial_amp,True
QC_PLOTTING/axial_rc,True
QC_PLOTTING/noise_threshold,True
QC_PLOTTING/tangential_amp,True
QC_PLOTTING/tangential_rc,True
QC_PLOTTING/radial_amp,False
QC_PLOTTING/mult_pos_win,3.5
QC_PLOTTING/mult_neg_win,0.5
FEATURE_EXTRACTION_J1/window_widths,{"axial": {"multiple_3": 0.004, "multiple_2": 0.004, "multiple_1": 0.004, "primary": 0.004}, "tangential": {"multiple_3": 0.004, "multiple_2": 0.004, "multiple_1": 0.004, "primary": 0.004}}
INSTALLATION/country,CANADA
INSTALLATION/company,ARCELORMITTAL
INSTALLATION/mine_name,MONT_WRIGHT
INSTALLATION/recording_engineer,DOUG_KIRKBY
INSTALLATION/rig_model,49HR
INSTALLATION/rig_manufacturer,BUCYRUS
INSTALLATION/rig_id,W226
INSTALLATION/drill_type,1
INSTALLATION/mwd_type,2
INSTALLATION/bit_type,1
INSTALLATION/bit_model,SECOROC
INSTALLATION/bit_size,13.75,2
INSTALLATION/bit_date,2019-01-24
INSTALLATION/drill_string_total_length,22.56
INSTALLATION/drill_string_steel_od,10.75,2
INSTALLATION/drill_string_component1,1,1,15.0,2,13.75,2
INSTALLATION/drill_string_component2,2,1,144.0,2,10.75,2
INSTALLATION/drill_string_component3,3,1,27.5,1,10.75,2
INSTALLATION/drill_string_component4,3,1,27.5,1,10.75,2
INSTALLATION/drill_string_component5,4,1,36.0,2,10.0,2
INSTALLATION/drill_string_component6,5,1,33.625,2,24.0,2
INSTALLATION/drill_string_component7,6,-1,0.0,1,0.0,2
INSTALLATION/drill_string_component8,6,-1,0.0,1,0.0,2
INSTALLATION/drill_string_component9,6,-1,0.0,1,0.0,2
INSTALLATION/drill_string_component10,6,-1,0.0,1,0.0,2
INSTALLATION/sensor_type,2
INSTALLATION/digitizer_serial_number,S1024
INSTALLATION/sensor_serial_number,SE100
INSTALLATION/sensor_accelerometer_type,8
INSTALLATION/sensor_ideal_sampling_rate,4000
INSTALLATION/sensor_saturation_g,100
INSTALLATION/sensor_position,2.32,3
INSTALLATION/sensor_axial_axis,1
INSTALLATION/sensor_tangential_axis,2
INSTALLATION/sensor_mount_size,2
INSTALLATION/sensor_installation_location,3
INSTALLATION/sensor_installation_date,2018-11-24
INSTALLATION/comments,Mont Wright cored section
piezoresistive sn not marked calling it SE100
INSTALLATION/battery_max_voltage,12.4
INSTALLATION/battery_min_voltage,10.0
SEGY_MODULE/segy_output_step,deconvolved
SYSTEM_HEALTH_PLOTS/x_axis_length_in_seconds,120
SYSTEM_HEALTH_PLOTS/x_axis_tick_interval,30
SYSTEM_HEALTH_PLOTS/rssi_y_lim,0,50
SYSTEM_HEALTH_PLOTS/packets_y_lim,2710,2810
SYSTEM_HEALTH_PLOTS/delay_y_lim,0,5
SYSTEM_HEALTH_PLOTS/temperature_y_lim,-40,90
SYSTEM_HEALTH_PLOTS/battery_y_lim,75,100
SYSTEM_HEALTH_PLOTS/rssi_upper_limit,15
SYSTEM_HEALTH_PLOTS/rssi_lower_limit,10
SYSTEM_HEALTH_PLOTS/packets_upper_limit,2772
SYSTEM_HEALTH_PLOTS/packets_lower_limit,2744
SYSTEM_HEALTH_PLOTS/battery_upper_limit,90
SYSTEM_HEALTH_PLOTS/battery_lower_limit,84
SYSTEM_HEALTH_PLOTS/temp_positive_upper_limit,80
SYSTEM_HEALTH_PLOTS/temp_positive_lower_limit,60
SYSTEM_HEALTH_PLOTS/temp_negative_upper_limit,-15
SYSTEM_HEALTH_PLOTS/temp_negative_lower_limit,-35
SYSTEM_HEALTH_PLOTS/delay_upper_limit,3
SYSTEM_HEALTH_PLOTS/delay_lower_limit,2
SYSTEM_HEALTH_PLOTS/trace_plot_pre_cut,10
SYSTEM_HEALTH_PLOTS/trace_plot_post_add,100
SYSTEM_HEALTH_PLOTS/number_of_traces_to_display,30
SYSTEM_HEALTH_PLOTS/traces_subsample,2
Timestamp :1549485987, Samples: 1507)
(<type 'exceptions.IndexError'>, IndexError('only integers, slices (`:`), ellipsis (`...`), numpy.newaxis (`None`) and integer or boolean arrays are valid indices',), <traceback object at 0x7f0238f504d0>)
2019-02-06 20:46:29: RX COMMUNICATION LOST
('Changed', 1549485988,1549485989,-1,2)
Timestamp :1549485989, Samples: 3972)
(<type 'exceptions.IndexError'>, IndexError('only integers, slices (`:`), ellipsis (`...`), numpy.newaxis (`None`) and integer or boolean arrays are valid indices',), <traceback object at 0x7f0238f50320>)
('Changed', 1549485989,1549485991,-2,3)
2019-02-06 20:46:31: CORRUPT 21 BYTE PACKET>>>>>>>>>>>>>>>>>>>>>1
Timestamp :1549485991, Samples: 3953)
2019-02-06 20:46:31: CORRUPT 21 BYTE PACKET>>>>>>>>>>>>>>>>>>>>>1
(<type 'exceptions.IndexError'>, IndexError('only integers, slices (`:`), ellipsis (`...`), numpy.newaxis (`None`) and integer or boolean arrays are valid indices',), <traceback object at 0x7f023ae239e0>)
2019-02-06 20:46:32: CORRUPT 21 BYTE PACKET>>>>>>>>>>>>>>>>>>>>>1
2019-02-06 20:46:32: CORRUPT 21 BYTE PACKET>>>>>>>>>>>>>>>>>>>>>1
2019-02-06 20:46:32: CORRUPT 21 BYTE PACKET>>>>>>>>>>>>>>>>>>>>>1
2019-02-06 20:46:32: CORRUPT 21 BYTE PACKET>>>>>>>>>>>>>>>>>>>>>1
2019-02-06 20:46:32: CORRUPT 21 BYTE PACKET>>>>>>>>>>>>>>>>>>>>>1
('Changed', 1549485990,1549485992,-2,4)
Timestamp :1549485992, Samples: 2391)
(<type 'exceptions.IndexError'>, IndexError('only integers, slices (`:`), ellipsis (`...`), numpy.newaxis (`None`) and integer or boolean arrays are valid indices',), <traceback object at 0x7f0238f34c68>)
2019-02-06 20:46:33: CORRUPT 21 BYTE PACKET>>>>>>>>>>>>>>>>>>>>>1
2019-02-06 20:46:33: CORRUPT 21 BYTE PACKET>>>>>>>>>>>>>>>>>>>>>1
2019-02-06 20:46:34: CORRUPT 21 BYTE PACKET>>>>>>>>>>>>>>>>>>>>>1
2019-02-06 20:46:34: CORRUPT 21 BYTE PACKET>>>>>>>>>>>>>>>>>>>>>1
('Changed', 1549485991,1549485994,-3,5)
Timestamp :1549485994, Samples: 1654)
(<type 'exceptions.IndexError'>, IndexError('only integers, slices (`:`), ellipsis (`...`), numpy.newaxis (`None`) and integer or boolean arrays are valid indices',), <traceback object at 0x7f0238f34f80>)
2019-02-06 20:46:34: CORRUPT 21 BYTE PACKET>>>>>>>>>>>>>>>>>>>>>1
2019-02-06 20:46:34: CORRUPT 21 BYTE PACKET>>>>>>>>>>>>>>>>>>>>>1
('Changed', 1549485992,1549485995,-3,6)
Timestamp :1549485995, Samples: 2249)
(<type 'exceptions.IndexError'>, IndexError('only integers, slices (`:`), ellipsis (`...`), numpy.newaxis (`None`) and integer or boolean arrays are valid indices',), <traceback object at 0x7f0238f50248>)
2019-02-06 20:46:35: CORRUPT 21 BYTE PACKET>>>>>>>>>>>>>>>>>>>>>1
2019-02-06 20:46:35: CORRUPT 21 BYTE PACKET>>>>>>>>>>>>>>>>>>>>>1
2019-02-06 20:46:36: CORRUPT 21 BYTE PACKET>>>>>>>>>>>>>>>>>>>>>1
2019-02-06 20:46:36: CORRUPT 21 BYTE PACKET>>>>>>>>>>>>>>>>>>>>>1
('Changed', 1549485993,1549485996,-3,7)
Timestamp :1549485996, Samples: 1835)
(<type 'exceptions.IndexError'>, IndexError('only integers, slices (`:`), ellipsis (`...`), numpy.newaxis (`None`) and integer or boolean arrays are valid indices',), <traceback object at 0x7f0238f34e60>)
2019-02-06 20:46:36: CORRUPT 21 BYTE PACKET>>>>>>>>>>>>>>>>>>>>>1
2019-02-06 20:46:36: CORRUPT 21 BYTE PACKET>>>>>>>>>>>>>>>>>>>>>1
2019-02-06 20:46:37: CORRUPT 21 BYTE PACKET>>>>>>>>>>>>>>>>>>>>>1
2019-02-06 20:46:37: CORRUPT 21 BYTE PACKET>>>>>>>>>>>>>>>>>>>>>1
('Changed', 1549485994,1549485997,-3,8)
2019-02-06 20:46:37: CORRUPT 21 BYTE PACKET>>>>>>>>>>>>>>>>>>>>>1
Timestamp :1549485997, Samples: 1741)
(<type 'exceptions.IndexError'>, IndexError('only integers, slices (`:`), ellipsis (`...`), numpy.newaxis (`None`) and integer or boolean arrays are valid indices',), <traceback object at 0x7f0238f50488>)
2019-02-06 20:46:37: CORRUPT 21 BYTE PACKET>>>>>>>>>>>>>>>>>>>>>1
2019-02-06 20:46:37: CORRUPT 21 BYTE PACKET>>>>>>>>>>>>>>>>>>>>>1
('Changed', 1549485995,1549485998,-3,9)
2019-02-06 20:46:38: CORRUPT 21 BYTE PACKET>>>>>>>>>>>>>>>>>>>>>1
Timestamp :1549485998, Samples: 1916)
2019-02-06 20:46:38: CORRUPT 21 BYTE PACKET>>>>>>>>>>>>>>>>>>>>>1
(<type 'exceptions.IndexError'>, IndexError('only integers, slices (`:`), ellipsis (`...`), numpy.newaxis (`None`) and integer or boolean arrays are valid indices',), <traceback object at 0x7f0238f50248>)
2019-02-06 20:46:39: CORRUPT 21 BYTE PACKET>>>>>>>>>>>>>>>>>>>>>1
2019-02-06 20:46:39: CORRUPT 21 BYTE PACKET>>>>>>>>>>>>>>>>>>>>>1
('Changed', 1549485996,1549485999,-3,10)
Timestamp :1549485999, Samples: 1275)
(<type 'exceptions.IndexError'>, IndexError('only integers, slices (`:`), ellipsis (`...`), numpy.newaxis (`None`) and integer or boolean arrays are valid indices',), <traceback object at 0x7f0238f34e18>)
2019-02-06 20:46:39: CORRUPT 21 BYTE PACKET>>>>>>>>>>>>>>>>>>>>>1
2019-02-06 20:46:39: CORRUPT 21 BYTE PACKET>>>>>>>>>>>>>>>>>>>>>1
TkAgg
2019-02-06 20:47:53: STARTED PROCESS 24657
24676
24672
24673
24674
24675
2019-02-06 20:47:54: SLEEPING
2019-02-06 20:47:55: SLEEPING
2019-02-06 20:47:56: SLEEPING
2019-02-06 20:47:57: SLEEPING
2019-02-06 20:47:58: SLEEPING
2019-02-06 20:47:59: SLEEPING
2019-02-06 20:48:00: SLEEPING
2019-02-06 20:48:02: SLEEPING
2019-02-06 20:48:03: SLEEPING
2019-02-06 20:48:04: SLEEPING
2019-02-06 20:48:05: SLEEPING
2019-02-06 20:48:06: SLEEPING
2019-02-06 20:48:07: FIRST PACKET RECEIVED
2019-02-06 20:48:07: START SEQUENCE = 2045700151
('Changed', 1549486088,1549486089,-1,1)
COLLECTION/components_to_collect,axial,tangential,radial
COLLECTION/trace_length_in_seconds,1
COLLECTION/output_sampling_rate,4000
COLLECTION/channels_per_sensor,3
COLLECTION/packet_length,21
COLLECTION/baud_rate,921600
COLLECTION/data_message_identifier,0x64
COLLECTION/info_message_identifier,0x69
COLLECTION/rhino_version,1.1
RUNTIME/show_plots,True
RUNTIME/start_data_time_timestamp,0
RUNTIME/field_deployment,False
RUNTIME/automatic_acquisition,False
RUNTIME/component_to_display,axial
DATAUNIT/log_to_file,False
DATA_TRANSMISSION/server,deploy@13.66.189.94
DATA_TRANSMISSION/local_folder,/home/field/data/test_mine/test_rig/
DATA_TRANSMISSION/remote_folder,/data_sdd/new_structure/
DATA_TRANSMISSION/sleep_interval,1
PLAYBACK/start_time,0
PLAYBACK/end_time,0
PLAYBACK/accelerometer_max_voltage,5.0
PLAYBACK/x_sensitivity,12.5
PLAYBACK/y_sensitivity,12.5
PLAYBACK/z_sensitivity,12.5
PLAYBACK/ide_multiplier,1.0
PLAYBACK/apply_sensitivities,True
PLAYBACK/show_plots,True
PROCESSING/deconvolution_filter_duration,0.1
PROCESSING/min_lag_trimmed_trace,-0.1
PROCESSING/max_lag_trimmed_trace,0.1
PROCESSING/trapezoidal_bpf_corner_1,80.0
PROCESSING/trapezoidal_bpf_corner_2,100.0
PROCESSING/trapezoidal_bpf_corner_3,300.0
PROCESSING/trapezoidal_bpf_corner_4,350.0
PROCESSING/trapezoidal_bpf_duration,0.02
PROCESSING/binning_interval_in_cm,5.0
PROCESSING/auto_correlation_trace_duration,0.5
QC_PLOTTING/peak_amplitude_axial_y_limit,0,1.5
QC_PLOTTING/rc_axial_y_limit,0,1.0
QC_PLOTTING/axial_vel_delay_y_limit,60,150
QC_PLOTTING/peak_amplitude_tangential_y_limit,0,1.5
QC_PLOTTING/rc_tangential_y_limit,0,1.0
QC_PLOTTING/tangential_vel_delay_y_limit,80,250
QC_PLOTTING/peak_amplitude_radial_y_limit,0,1.5
QC_PLOTTING/plot_a_vel,True
QC_PLOTTING/plot_t_vel,True
QC_PLOTTING/axial_amp,True
QC_PLOTTING/axial_rc,True
QC_PLOTTING/noise_threshold,True
QC_PLOTTING/tangential_amp,True
QC_PLOTTING/tangential_rc,True
QC_PLOTTING/radial_amp,False
QC_PLOTTING/mult_pos_win,3.5
QC_PLOTTING/mult_neg_win,0.5
FEATURE_EXTRACTION_J1/window_widths,{"axial": {"multiple_3": 0.004, "multiple_2": 0.004, "multiple_1": 0.004, "primary": 0.004}, "tangential": {"multiple_3": 0.004, "multiple_2": 0.004, "multiple_1": 0.004, "primary": 0.004}}
INSTALLATION/country,CANADA
INSTALLATION/company,ARCELORMITTAL
INSTALLATION/mine_name,MONT_WRIGHT
INSTALLATION/recording_engineer,DOUG_KIRKBY
INSTALLATION/rig_model,49HR
INSTALLATION/rig_manufacturer,BUCYRUS
INSTALLATION/rig_id,W226
INSTALLATION/drill_type,1
INSTALLATION/mwd_type,2
INSTALLATION/bit_type,1
INSTALLATION/bit_model,SECOROC
INSTALLATION/bit_size,13.75,2
INSTALLATION/bit_date,2019-01-24
INSTALLATION/drill_string_total_length,22.56
INSTALLATION/drill_string_steel_od,10.75,2
INSTALLATION/drill_string_component1,1,1,15.0,2,13.75,2
INSTALLATION/drill_string_component2,2,1,144.0,2,10.75,2
INSTALLATION/drill_string_component3,3,1,27.5,1,10.75,2
INSTALLATION/drill_string_component4,3,1,27.5,1,10.75,2
INSTALLATION/drill_string_component5,4,1,36.0,2,10.0,2
INSTALLATION/drill_string_component6,5,1,33.625,2,24.0,2
INSTALLATION/drill_string_component7,6,-1,0.0,1,0.0,2
INSTALLATION/drill_string_component8,6,-1,0.0,1,0.0,2
INSTALLATION/drill_string_component9,6,-1,0.0,1,0.0,2
INSTALLATION/drill_string_component10,6,-1,0.0,1,0.0,2
INSTALLATION/sensor_type,2
INSTALLATION/digitizer_serial_number,S1024
INSTALLATION/sensor_serial_number,SE100
INSTALLATION/sensor_accelerometer_type,8
INSTALLATION/sensor_ideal_sampling_rate,4000
INSTALLATION/sensor_saturation_g,100
INSTALLATION/sensor_position,2.32,3
INSTALLATION/sensor_axial_axis,1
INSTALLATION/sensor_tangential_axis,2
INSTALLATION/sensor_mount_size,2
INSTALLATION/sensor_installation_location,3
INSTALLATION/sensor_installation_date,2018-11-24
INSTALLATION/comments,Mont Wright cored section
piezoresistive sn not marked calling it SE100
INSTALLATION/battery_max_voltage,12.4
INSTALLATION/battery_min_voltage,10.0
SEGY_MODULE/segy_output_step,deconvolved
SYSTEM_HEALTH_PLOTS/x_axis_length_in_seconds,120
SYSTEM_HEALTH_PLOTS/x_axis_tick_interval,30
SYSTEM_HEALTH_PLOTS/rssi_y_lim,0,50
SYSTEM_HEALTH_PLOTS/packets_y_lim,2710,2810
SYSTEM_HEALTH_PLOTS/delay_y_lim,0,5
SYSTEM_HEALTH_PLOTS/temperature_y_lim,-40,90
SYSTEM_HEALTH_PLOTS/battery_y_lim,75,100
SYSTEM_HEALTH_PLOTS/rssi_upper_limit,15
SYSTEM_HEALTH_PLOTS/rssi_lower_limit,10
SYSTEM_HEALTH_PLOTS/packets_upper_limit,2772
SYSTEM_HEALTH_PLOTS/packets_lower_limit,2744
SYSTEM_HEALTH_PLOTS/battery_upper_limit,90
SYSTEM_HEALTH_PLOTS/battery_lower_limit,84
SYSTEM_HEALTH_PLOTS/temp_positive_upper_limit,80
SYSTEM_HEALTH_PLOTS/temp_positive_lower_limit,60
SYSTEM_HEALTH_PLOTS/temp_negative_upper_limit,-15
SYSTEM_HEALTH_PLOTS/temp_negative_lower_limit,-35
SYSTEM_HEALTH_PLOTS/delay_upper_limit,3
SYSTEM_HEALTH_PLOTS/delay_lower_limit,2
SYSTEM_HEALTH_PLOTS/trace_plot_pre_cut,10
SYSTEM_HEALTH_PLOTS/trace_plot_post_add,100
SYSTEM_HEALTH_PLOTS/number_of_traces_to_display,30
SYSTEM_HEALTH_PLOTS/traces_subsample,2
Timestamp :1549486089, Samples: 2537)
('Changed', 1549486089,1549486089,0,2)
2019-02-06 20:48:09: RX COMMUNICATION LOST
('Changed', 1549486090,1549486090,0,3)
('Changed', 1549486091,1549486091,0,4)
2019-02-06 20:48:11: RX COMMUNICATION LOST
('Changed', 1549486092,1549486092,0,5)
('Changed', 1549486093,1549486093,0,6)
2019-02-06 20:48:13: RX COMMUNICATION LOST
('Changed', 1549486094,1549486094,0,7)
('Changed', 1549486095,1549486095,0,8)
2019-02-06 20:48:15: RX COMMUNICATION LOST
('Changed', 1549486096,1549486096,0,9)
('Changed', 1549486097,1549486097,0,10)
2019-02-06 20:48:17: RX COMMUNICATION LOST
('Changed', 1549486098,1549486098,0,11)
('Changed', 1549486099,1549486099,0,12)
2019-02-06 20:48:19: RX COMMUNICATION LOST
('Changed', 1549486100,1549486100,0,13)
('Changed', 1549486101,1549486101,0,14)
2019-02-06 20:48:21: RX COMMUNICATION LOST
('Changed', 1549486102,1549486102,0,15)
('Changed', 1549486103,1549486103,0,16)
2019-02-06 20:48:23: RX COMMUNICATION LOST
('Changed', 1549486104,1549486104,0,17)
('Changed', 1549486105,1549486105,0,18)
2019-02-06 20:48:25: RX COMMUNICATION LOST
('Changed', 1549486106,1549486106,0,19)
('Changed', 1549486107,1549486107,0,20)
2019-02-06 20:48:27: RX COMMUNICATION LOST
('Changed', 1549486108,1549486108,0,21)
('Changed', 1549486109,1549486109,0,22)
2019-02-06 20:48:29: RX COMMUNICATION LOST
('Changed', 1549486110,1549486110,0,23)
('Changed', 1549486111,1549486111,0,24)
2019-02-06 20:48:31: RX COMMUNICATION LOST
('Changed', 1549486112,1549486112,0,25)
('Changed', 1549486113,1549486113,0,26)
2019-02-06 20:48:33: RX COMMUNICATION LOST
('Changed', 1549486114,1549486114,0,27)
('Changed', 1549486115,1549486115,0,28)
2019-02-06 20:48:35: RX COMMUNICATION LOST
('Changed', 1549486116,1549486116,0,29)
('Changed', 1549486117,1549486117,0,30)
2019-02-06 20:48:37: RX COMMUNICATION LOST
('Changed', 1549486118,1549486118,0,31)
('Changed', 1549486119,1549486119,0,32)
2019-02-06 20:48:39: RX COMMUNICATION LOST
('Changed', 1549486120,1549486120,0,33)
('Changed', 1549486121,1549486121,0,34)
2019-02-06 20:48:41: RX COMMUNICATION LOST
('Changed', 1549486122,1549486122,0,35)
('Changed', 1549486123,1549486123,0,36)
('Changed', 1549486124,1549486124,0,37)
2019-02-06 20:48:44: RX COMMUNICATION LOST
('Changed', 1549486125,1549486125,0,38)
('Changed', 1549486126,1549486126,0,39)
2019-02-06 20:48:46: RX COMMUNICATION LOST
('Changed', 1549486127,1549486127,0,40)
('Changed', 1549486128,1549486128,0,41)
2019-02-06 20:48:48: RX COMMUNICATION LOST
('Changed', 1549486129,1549486129,0,42)
('Changed', 1549486130,1549486130,0,43)
2019-02-06 20:48:50: RX COMMUNICATION LOST
('Changed', 1549486131,1549486131,0,44)
('Changed', 1549486132,1549486132,0,45)
2019-02-06 20:48:52: RX COMMUNICATION LOST
('Changed', 1549486133,1549486133,0,46)
(<type 'exceptions.IndexError'>, IndexError('only integers, slices (`:`), ellipsis (`...`), numpy.newaxis (`None`) and integer or boolean arrays are valid indices',), <traceback object at 0x7fdcaa298b48>)
('Changed', 1549486134,1549486134,0,47)
('Changed', 1549486135,1549486135,0,48)
2019-02-06 20:48:55: RX COMMUNICATION LOST
('Changed', 1549486136,1549486136,0,49)
('Changed', 1549486137,1549486137,0,50)
2019-02-06 20:48:57: RX COMMUNICATION LOST
('Changed', 1549486138,1549486138,0,51)
('Changed', 1549486139,1549486139,0,52)
2019-02-06 20:48:59: RX COMMUNICATION LOST
('Changed', 1549486140,1549486140,0,53)
('Changed', 1549486141,1549486141,0,54)
2019-02-06 20:49:01: RX COMMUNICATION LOST
('Changed', 1549486142,1549486142,0,55)
('Changed', 1549486143,1549486143,0,56)
2019-02-06 20:49:03: RX COMMUNICATION LOST
('Changed', 1549486144,1549486144,0,57)
('Changed', 1549486145,1549486145,0,58)
2019-02-06 20:49:05: RX COMMUNICATION LOST
('Changed', 1549486146,1549486146,0,59)
2019-02-06 20:49:06: INFO MESSAGE RECEIVED
TkAgg
2019-02-06 20:49:57: STARTED PROCESS 24957
2019-02-06 20:49:57: FIRST PACKET RECEIVED
2019-02-06 20:49:57: START SEQUENCE = 2056694164
24977
24973
24974
24975
24976
('Changed', 1549486198,1549486199,-1,1)
COLLECTION/components_to_collect,axial,tangential,radial
COLLECTION/trace_length_in_seconds,1
COLLECTION/output_sampling_rate,4000
COLLECTION/channels_per_sensor,3
COLLECTION/packet_length,21
COLLECTION/baud_rate,921600
COLLECTION/data_message_identifier,0x64
COLLECTION/info_message_identifier,0x69
COLLECTION/rhino_version,1.1
RUNTIME/show_plots,True
RUNTIME/start_data_time_timestamp,0
RUNTIME/field_deployment,False
RUNTIME/automatic_acquisition,False
RUNTIME/component_to_display,axial
DATAUNIT/log_to_file,False
DATA_TRANSMISSION/server,deploy@13.66.189.94
DATA_TRANSMISSION/local_folder,/home/field/data/test_mine/test_rig/
DATA_TRANSMISSION/remote_folder,/data_sdd/new_structure/
DATA_TRANSMISSION/sleep_interval,1
PLAYBACK/start_time,0
PLAYBACK/end_time,0
PLAYBACK/accelerometer_max_voltage,5.0
PLAYBACK/x_sensitivity,12.5
PLAYBACK/y_sensitivity,12.5
PLAYBACK/z_sensitivity,12.5
PLAYBACK/ide_multiplier,1.0
PLAYBACK/apply_sensitivities,True
PLAYBACK/show_plots,True
PROCESSING/deconvolution_filter_duration,0.1
PROCESSING/min_lag_trimmed_trace,-0.1
PROCESSING/max_lag_trimmed_trace,0.1
PROCESSING/trapezoidal_bpf_corner_1,80.0
PROCESSING/trapezoidal_bpf_corner_2,100.0
PROCESSING/trapezoidal_bpf_corner_3,300.0
PROCESSING/trapezoidal_bpf_corner_4,350.0
PROCESSING/trapezoidal_bpf_duration,0.02
PROCESSING/binning_interval_in_cm,5.0
PROCESSING/auto_correlation_trace_duration,0.5
QC_PLOTTING/peak_amplitude_axial_y_limit,0,1.5
QC_PLOTTING/rc_axial_y_limit,0,1.0
QC_PLOTTING/axial_vel_delay_y_limit,60,150
QC_PLOTTING/peak_amplitude_tangential_y_limit,0,1.5
QC_PLOTTING/rc_tangential_y_limit,0,1.0
QC_PLOTTING/tangential_vel_delay_y_limit,80,250
QC_PLOTTING/peak_amplitude_radial_y_limit,0,1.5
QC_PLOTTING/plot_a_vel,True
QC_PLOTTING/plot_t_vel,True
QC_PLOTTING/axial_amp,True
QC_PLOTTING/axial_rc,True
QC_PLOTTING/noise_threshold,True
QC_PLOTTING/tangential_amp,True
QC_PLOTTING/tangential_rc,True
QC_PLOTTING/radial_amp,False
QC_PLOTTING/mult_pos_win,3.5
QC_PLOTTING/mult_neg_win,0.5
FEATURE_EXTRACTION_J1/window_widths,{"axial": {"multiple_3": 0.004, "multiple_2": 0.004, "multiple_1": 0.004, "primary": 0.004}, "tangential": {"multiple_3": 0.004, "multiple_2": 0.004, "multiple_1": 0.004, "primary": 0.004}}
INSTALLATION/country,CANADA
INSTALLATION/company,ARCELORMITTAL
INSTALLATION/mine_name,MONT_WRIGHT
INSTALLATION/recording_engineer,DOUG_KIRKBY
INSTALLATION/rig_model,49HR
INSTALLATION/rig_manufacturer,BUCYRUS
INSTALLATION/rig_id,W226
INSTALLATION/drill_type,1
INSTALLATION/mwd_type,2
INSTALLATION/bit_type,1
INSTALLATION/bit_model,SECOROC
INSTALLATION/bit_size,13.75,2
INSTALLATION/bit_date,2019-01-24
INSTALLATION/drill_string_total_length,22.56
INSTALLATION/drill_string_steel_od,10.75,2
INSTALLATION/drill_string_component1,1,1,15.0,2,13.75,2
INSTALLATION/drill_string_component2,2,1,144.0,2,10.75,2
INSTALLATION/drill_string_component3,3,1,27.5,1,10.75,2
INSTALLATION/drill_string_component4,3,1,27.5,1,10.75,2
INSTALLATION/drill_string_component5,4,1,36.0,2,10.0,2
INSTALLATION/drill_string_component6,5,1,33.625,2,24.0,2
INSTALLATION/drill_string_component7,6,-1,0.0,1,0.0,2
INSTALLATION/drill_string_component8,6,-1,0.0,1,0.0,2
INSTALLATION/drill_string_component9,6,-1,0.0,1,0.0,2
INSTALLATION/drill_string_component10,6,-1,0.0,1,0.0,2
INSTALLATION/sensor_type,2
INSTALLATION/digitizer_serial_number,S1024
INSTALLATION/sensor_serial_number,SE100
INSTALLATION/sensor_accelerometer_type,8
INSTALLATION/sensor_ideal_sampling_rate,4000
INSTALLATION/sensor_saturation_g,100
INSTALLATION/sensor_position,2.32,3
INSTALLATION/sensor_axial_axis,1
INSTALLATION/sensor_tangential_axis,2
INSTALLATION/sensor_mount_size,2
INSTALLATION/sensor_installation_location,3
INSTALLATION/sensor_installation_date,2018-11-24
INSTALLATION/comments,Mont Wright cored section
piezoresistive sn not marked calling it SE100
INSTALLATION/battery_max_voltage,12.4
INSTALLATION/battery_min_voltage,10.0
SEGY_MODULE/segy_output_step,deconvolved
SYSTEM_HEALTH_PLOTS/x_axis_length_in_seconds,120
SYSTEM_HEALTH_PLOTS/x_axis_tick_interval,30
SYSTEM_HEALTH_PLOTS/rssi_y_lim,0,50
SYSTEM_HEALTH_PLOTS/packets_y_lim,2710,2810
SYSTEM_HEALTH_PLOTS/delay_y_lim,0,5
SYSTEM_HEALTH_PLOTS/temperature_y_lim,-40,90
SYSTEM_HEALTH_PLOTS/battery_y_lim,75,100
SYSTEM_HEALTH_PLOTS/rssi_upper_limit,15
SYSTEM_HEALTH_PLOTS/rssi_lower_limit,10
SYSTEM_HEALTH_PLOTS/packets_upper_limit,2772
SYSTEM_HEALTH_PLOTS/packets_lower_limit,2744
SYSTEM_HEALTH_PLOTS/battery_upper_limit,90
SYSTEM_HEALTH_PLOTS/battery_lower_limit,84
SYSTEM_HEALTH_PLOTS/temp_positive_upper_limit,80
SYSTEM_HEALTH_PLOTS/temp_positive_lower_limit,60
SYSTEM_HEALTH_PLOTS/temp_negative_upper_limit,-15
SYSTEM_HEALTH_PLOTS/temp_negative_lower_limit,-35
SYSTEM_HEALTH_PLOTS/delay_upper_limit,3
SYSTEM_HEALTH_PLOTS/delay_lower_limit,2
SYSTEM_HEALTH_PLOTS/trace_plot_pre_cut,10
SYSTEM_HEALTH_PLOTS/trace_plot_post_add,100
SYSTEM_HEALTH_PLOTS/number_of_traces_to_display,30
SYSTEM_HEALTH_PLOTS/traces_subsample,2
Timestamp :1549486199, Samples: 3510)
2019-02-06 20:49:59: RX COMMUNICATION LOST
('Changed', 1549486199,1549486199,0,2)
('Changed', 1549486200,1549486200,0,3)
('Changed', 1549486201,1549486201,0,4)
2019-02-06 20:50:01: RX COMMUNICATION LOST
('Changed', 1549486202,1549486202,0,5)
('Changed', 1549486203,1549486203,0,6)
2019-02-06 20:50:03: RX COMMUNICATION LOST
('Changed', 1549486204,1549486204,0,7)
('Changed', 1549486205,1549486205,0,8)
2019-02-06 20:50:05: INFO MESSAGE RECEIVED
2019-02-06 20:50:05: RX COMMUNICATION LOST
('Changed', 1549486206,1549486206,0,9)
('Changed', 1549486207,1549486207,0,10)
2019-02-06 20:50:07: RX COMMUNICATION LOST
('Changed', 1549486208,1549486208,0,11)
('Changed', 1549486209,1549486209,0,12)
2019-02-06 20:50:09: RX COMMUNICATION LOST
('Changed', 1549486210,1549486210,0,13)
('Changed', 1549486211,1549486211,0,14)
2019-02-06 20:50:11: RX COMMUNICATION LOST
('Changed', 1549486212,1549486212,0,15)
('Changed', 1549486213,1549486213,0,16)
2019-02-06 20:50:13: RX COMMUNICATION LOST
('Changed', 1549486214,1549486214,0,17)
(<type 'exceptions.IndexError'>, IndexError('only integers, slices (`:`), ellipsis (`...`), numpy.newaxis (`None`) and integer or boolean arrays are valid indices',), <traceback object at 0x7fed34973d88>)
('Changed', 1549486215,1549486215,0,18)
('Changed', 1549486216,1549486216,0,19)
2019-02-06 20:50:16: RX COMMUNICATION LOST
('Changed', 1549486217,1549486217,0,20)
('Changed', 1549486218,1549486218,0,21)
2019-02-06 20:50:18: RX COMMUNICATION LOST
('Changed', 1549486219,1549486219,0,22)
('Changed', 1549486220,1549486220,0,23)
2019-02-06 20:50:20: RX COMMUNICATION LOST
('Changed', 1549486221,1549486221,0,24)
('Changed', 1549486222,1549486222,0,25)
2019-02-06 20:50:22: RX COMMUNICATION LOST
('Changed', 1549486223,1549486223,0,26)
('Changed', 1549486224,1549486224,0,27)
2019-02-06 20:50:24: RX COMMUNICATION LOST
('Changed', 1549486225,1549486225,0,28)
TkAgg
2019-02-06 20:51:05: STARTED PROCESS 25084
25103
25099
25100
25101
25102
2019-02-06 20:51:06: SLEEPING
2019-02-06 20:51:07: SLEEPING
2019-02-06 20:51:09: SLEEPING
2019-02-06 20:51:10: SLEEPING
2019-02-06 20:51:11: SLEEPING
2019-02-06 20:51:12: SLEEPING
2019-02-06 20:51:13: SLEEPING
2019-02-06 20:51:14: SLEEPING
2019-02-06 20:51:15: SLEEPING
2019-02-06 20:51:16: SLEEPING
2019-02-06 20:51:17: SLEEPING
2019-02-06 20:51:19: SLEEPING
2019-02-06 20:51:20: SLEEPING
2019-02-06 20:51:21: SLEEPING
2019-02-06 20:51:22: SLEEPING
2019-02-06 20:51:23: SLEEPING
2019-02-06 20:51:24: SLEEPING
2019-02-06 20:51:25: SLEEPING
2019-02-06 20:51:26: SLEEPING
2019-02-06 20:51:27: SLEEPING
2019-02-06 20:51:28: SLEEPING
2019-02-06 20:51:30: SLEEPING
2019-02-06 20:51:31: SLEEPING
2019-02-06 20:51:32: SLEEPING
2019-02-06 20:51:33: SLEEPING
2019-02-06 20:51:34: SLEEPING
2019-02-06 20:51:35: SLEEPING
2019-02-06 20:51:36: SLEEPING
2019-02-06 20:51:37: SLEEPING
2019-02-06 20:51:38: SLEEPING
2019-02-06 20:51:40: SLEEPING
2019-02-06 20:51:41: SLEEPING
2019-02-06 20:51:42: SLEEPING
2019-02-06 20:51:43: SLEEPING
2019-02-06 20:51:44: SLEEPING
2019-02-06 20:51:45: SLEEPING
2019-02-06 20:51:46: SLEEPING
2019-02-06 20:51:47: SLEEPING
2019-02-06 20:51:48: SLEEPING
2019-02-06 20:51:49: SLEEPING
2019-02-06 20:51:51: SLEEPING
2019-02-06 20:51:52: SLEEPING
2019-02-06 20:51:53: SLEEPING
2019-02-06 20:51:54: SLEEPING
2019-02-06 20:51:55: SLEEPING
2019-02-06 20:51:56: SLEEPING
2019-02-06 20:51:57: SLEEPING
2019-02-06 20:51:58: SLEEPING
2019-02-06 20:51:59: SLEEPING
2019-02-06 20:52:00: SLEEPING
2019-02-06 20:52:02: SLEEPING
2019-02-06 20:52:03: SLEEPING
2019-02-06 20:52:03: FIRST PACKET RECEIVED
2019-02-06 20:52:03: START SEQUENCE = 2069387749
('Changed', 1549486324,1549486324,0,1)
COLLECTION/components_to_collect,axial,tangential,radial
COLLECTION/trace_length_in_seconds,1
COLLECTION/output_sampling_rate,4000
COLLECTION/channels_per_sensor,3
COLLECTION/packet_length,21
COLLECTION/baud_rate,921600
COLLECTION/data_message_identifier,0x64
COLLECTION/info_message_identifier,0x69
COLLECTION/rhino_version,1.1
RUNTIME/show_plots,True
RUNTIME/start_data_time_timestamp,0
RUNTIME/field_deployment,False
RUNTIME/automatic_acquisition,False
RUNTIME/component_to_display,axial
DATAUNIT/log_to_file,False
DATA_TRANSMISSION/server,deploy@13.66.189.94
DATA_TRANSMISSION/local_folder,/home/field/data/test_mine/test_rig/
DATA_TRANSMISSION/remote_folder,/data_sdd/new_structure/
DATA_TRANSMISSION/sleep_interval,1
PLAYBACK/start_time,0
PLAYBACK/end_time,0
PLAYBACK/accelerometer_max_voltage,5.0
PLAYBACK/x_sensitivity,12.5
PLAYBACK/y_sensitivity,12.5
PLAYBACK/z_sensitivity,12.5
PLAYBACK/ide_multiplier,1.0
PLAYBACK/apply_sensitivities,True
PLAYBACK/show_plots,True
PROCESSING/deconvolution_filter_duration,0.1
PROCESSING/min_lag_trimmed_trace,-0.1
PROCESSING/max_lag_trimmed_trace,0.1
PROCESSING/trapezoidal_bpf_corner_1,80.0
PROCESSING/trapezoidal_bpf_corner_2,100.0
PROCESSING/trapezoidal_bpf_corner_3,300.0
PROCESSING/trapezoidal_bpf_corner_4,350.0
PROCESSING/trapezoidal_bpf_duration,0.02
PROCESSING/binning_interval_in_cm,5.0
PROCESSING/auto_correlation_trace_duration,0.5
QC_PLOTTING/peak_amplitude_axial_y_limit,0,1.5
QC_PLOTTING/rc_axial_y_limit,0,1.0
QC_PLOTTING/axial_vel_delay_y_limit,60,150
QC_PLOTTING/peak_amplitude_tangential_y_limit,0,1.5
QC_PLOTTING/rc_tangential_y_limit,0,1.0
QC_PLOTTING/tangential_vel_delay_y_limit,80,250
QC_PLOTTING/peak_amplitude_radial_y_limit,0,1.5
QC_PLOTTING/plot_a_vel,True
QC_PLOTTING/plot_t_vel,True
QC_PLOTTING/axial_amp,True
QC_PLOTTING/axial_rc,True
QC_PLOTTING/noise_threshold,True
QC_PLOTTING/tangential_amp,True
QC_PLOTTING/tangential_rc,True
QC_PLOTTING/radial_amp,False
QC_PLOTTING/mult_pos_win,3.5
QC_PLOTTING/mult_neg_win,0.5
FEATURE_EXTRACTION_J1/window_widths,{"axial": {"multiple_3": 0.004, "multiple_2": 0.004, "multiple_1": 0.004, "primary": 0.004}, "tangential": {"multiple_3": 0.004, "multiple_2": 0.004, "multiple_1": 0.004, "primary": 0.004}}
INSTALLATION/country,CANADA
INSTALLATION/company,ARCELORMITTAL
INSTALLATION/mine_name,MONT_WRIGHT
INSTALLATION/recording_engineer,DOUG_KIRKBY
INSTALLATION/rig_model,49HR
INSTALLATION/rig_manufacturer,BUCYRUS
INSTALLATION/rig_id,W226
INSTALLATION/drill_type,1
INSTALLATION/mwd_type,2
INSTALLATION/bit_type,1
INSTALLATION/bit_model,SECOROC
INSTALLATION/bit_size,13.75,2
INSTALLATION/bit_date,2019-01-24
INSTALLATION/drill_string_total_length,22.56
INSTALLATION/drill_string_steel_od,10.75,2
INSTALLATION/drill_string_component1,1,1,15.0,2,13.75,2
INSTALLATION/drill_string_component2,2,1,144.0,2,10.75,2
INSTALLATION/drill_string_component3,3,1,27.5,1,10.75,2
INSTALLATION/drill_string_component4,3,1,27.5,1,10.75,2
INSTALLATION/drill_string_component5,4,1,36.0,2,10.0,2
INSTALLATION/drill_string_component6,5,1,33.625,2,24.0,2
INSTALLATION/drill_string_component7,6,-1,0.0,1,0.0,2
INSTALLATION/drill_string_component8,6,-1,0.0,1,0.0,2
INSTALLATION/drill_string_component9,6,-1,0.0,1,0.0,2
INSTALLATION/drill_string_component10,6,-1,0.0,1,0.0,2
INSTALLATION/sensor_type,2
INSTALLATION/digitizer_serial_number,S1024
INSTALLATION/sensor_serial_number,SE100
INSTALLATION/sensor_accelerometer_type,8
INSTALLATION/sensor_ideal_sampling_rate,4000
INSTALLATION/sensor_saturation_g,100
INSTALLATION/sensor_position,2.32,3
INSTALLATION/sensor_axial_axis,1
INSTALLATION/sensor_tangential_axis,2
INSTALLATION/sensor_mount_size,2
INSTALLATION/sensor_installation_location,3
INSTALLATION/sensor_installation_date,2018-11-24
INSTALLATION/comments,Mont Wright cored section
piezoresistive sn not marked calling it SE100
INSTALLATION/battery_max_voltage,12.4
INSTALLATION/battery_min_voltage,10.0
SEGY_MODULE/segy_output_step,deconvolved
SYSTEM_HEALTH_PLOTS/x_axis_length_in_seconds,120
SYSTEM_HEALTH_PLOTS/x_axis_tick_interval,30
SYSTEM_HEALTH_PLOTS/rssi_y_lim,0,50
SYSTEM_HEALTH_PLOTS/packets_y_lim,2710,2810
SYSTEM_HEALTH_PLOTS/delay_y_lim,0,5
SYSTEM_HEALTH_PLOTS/temperature_y_lim,-40,90
SYSTEM_HEALTH_PLOTS/battery_y_lim,75,100
SYSTEM_HEALTH_PLOTS/rssi_upper_limit,15
SYSTEM_HEALTH_PLOTS/rssi_lower_limit,10
SYSTEM_HEALTH_PLOTS/packets_upper_limit,2772
SYSTEM_HEALTH_PLOTS/packets_lower_limit,2744
SYSTEM_HEALTH_PLOTS/battery_upper_limit,90
SYSTEM_HEALTH_PLOTS/battery_lower_limit,84
SYSTEM_HEALTH_PLOTS/temp_positive_upper_limit,80
SYSTEM_HEALTH_PLOTS/temp_positive_lower_limit,60
SYSTEM_HEALTH_PLOTS/temp_negative_upper_limit,-15
SYSTEM_HEALTH_PLOTS/temp_negative_lower_limit,-35
SYSTEM_HEALTH_PLOTS/delay_upper_limit,3
SYSTEM_HEALTH_PLOTS/delay_lower_limit,2
SYSTEM_HEALTH_PLOTS/trace_plot_pre_cut,10
SYSTEM_HEALTH_PLOTS/trace_plot_post_add,100
SYSTEM_HEALTH_PLOTS/number_of_traces_to_display,30
SYSTEM_HEALTH_PLOTS/traces_subsample,2
Timestamp :1549486324, Samples: 575)
('Changed', 1549486325,1549486325,0,2)
('Changed', 1549486326,1549486326,0,3)
2019-02-06 20:52:06: RX COMMUNICATION LOST
('Changed', 1549486327,1549486327,0,4)
('Changed', 1549486328,1549486328,0,5)
2019-02-06 20:52:08: RX COMMUNICATION LOST
('Changed', 1549486329,1549486329,0,6)
('Changed', 1549486330,1549486330,0,7)
2019-02-06 20:52:10: RX COMMUNICATION LOST
('Changed', 1549486331,1549486331,0,8)
('Changed', 1549486332,1549486332,0,9)
(<type 'exceptions.IndexError'>, IndexError('only integers, slices (`:`), ellipsis (`...`), numpy.newaxis (`None`) and integer or boolean arrays are valid indices',), <traceback object at 0x7f8840761560>)
Timestamp :1549486325, Samples: 3986)
('Changed', 1549486333,1549486333,0,10)
('Changed', 1549486334,1549486334,0,11)
2019-02-06 20:52:14: RX COMMUNICATION LOST
('Changed', 1549486335,1549486335,0,12)
('Changed', 1549486336,1549486336,0,13)
2019-02-06 20:52:16: RX COMMUNICATION LOST
('Changed', 1549486337,1549486337,0,14)
('Changed', 1549486338,1549486338,0,15)
2019-02-06 20:52:18: RX COMMUNICATION LOST
(<type 'exceptions.IndexError'>, IndexError('only integers, slices (`:`), ellipsis (`...`), numpy.newaxis (`None`) and integer or boolean arrays are valid indices',), <traceback object at 0x7f884223cf80>)
Timestamp :1549486326, Samples: 3983)
('Changed', 1549486339,1549486339,0,16)
(<type 'exceptions.IndexError'>, IndexError('only integers, slices (`:`), ellipsis (`...`), numpy.newaxis (`None`) and integer or boolean arrays are valid indices',), <traceback object at 0x7f8840761f80>)
Timestamp :1549486327, Samples: 3979)
('Changed', 1549486340,1549486340,0,17)
('Changed', 1549486341,1549486341,0,18)
(<type 'exceptions.IndexError'>, IndexError('only integers, slices (`:`), ellipsis (`...`), numpy.newaxis (`None`) and integer or boolean arrays are valid indices',), <traceback object at 0x7f884223c560>)
Timestamp :1549486328, Samples: 3970)
('Changed', 1549486342,1549486342,0,19)
('Changed', 1549486343,1549486343,0,20)
2019-02-06 20:52:23: RX COMMUNICATION LOST
(<type 'exceptions.IndexError'>, IndexError('only integers, slices (`:`), ellipsis (`...`), numpy.newaxis (`None`) and integer or boolean arrays are valid indices',), <traceback object at 0x7f8840761200>)
Timestamp :1549486329, Samples: 3987)
('Changed', 1549486344,1549486344,0,21)
('Changed', 1549486345,1549486345,0,22)
2019-02-06 20:52:25: RX COMMUNICATION LOST
('Changed', 1549486346,1549486346,0,23)
('Changed', 1549486347,1549486347,0,24)
2019-02-06 20:52:27: RX COMMUNICATION LOST
('Changed', 1549486348,1549486348,0,25)
('Changed', 1549486349,1549486349,0,26)
2019-02-06 20:52:29: RX COMMUNICATION LOST
('Changed', 1549486350,1549486350,0,27)
('Changed', 1549486351,1549486351,0,28)
2019-02-06 20:52:31: RX COMMUNICATION LOST
('Changed', 1549486352,1549486352,0,29)
('Changed', 1549486353,1549486353,0,30)
(<type 'exceptions.IndexError'>, IndexError('only integers, slices (`:`), ellipsis (`...`), numpy.newaxis (`None`) and integer or boolean arrays are valid indices',), <traceback object at 0x7f884223cc68>)
Timestamp :1549486330, Samples: 3974)
('Changed', 1549486354,1549486354,0,31)
(<type 'exceptions.IndexError'>, IndexError('only integers, slices (`:`), ellipsis (`...`), numpy.newaxis (`None`) and integer or boolean arrays are valid indices',), <traceback object at 0x7f884223e9e0>)
Timestamp :1549486331, Samples: 3978)
('Changed', 1549486355,1549486355,0,32)
('Changed', 1549486356,1549486356,0,33)
(<type 'exceptions.IndexError'>, IndexError('only integers, slices (`:`), ellipsis (`...`), numpy.newaxis (`None`) and integer or boolean arrays are valid indices',), <traceback object at 0x7f884223c638>)
Timestamp :1549486332, Samples: 3975)
('Changed', 1549486357,1549486357,0,34)
('Changed', 1549486358,1549486358,0,35)
2019-02-06 20:52:38: RX COMMUNICATION LOST
('Changed', 1549486359,1549486359,0,36)
('Changed', 1549486360,1549486360,0,37)
2019-02-06 20:52:40: RX COMMUNICATION LOST
('Changed', 1549486361,1549486361,0,38)
('Changed', 1549486362,1549486362,0,39)
2019-02-06 20:52:42: RX COMMUNICATION LOST
('Changed', 1549486363,1549486363,0,40)
('Changed', 1549486364,1549486364,0,41)
2019-02-06 20:52:44: RX COMMUNICATION LOST
('Changed', 1549486365,1549486365,0,42)
('Changed', 1549486366,1549486366,0,43)
2019-02-06 20:52:46: RX COMMUNICATION LOST
('Changed', 1549486367,1549486367,0,44)
('Changed', 1549486368,1549486368,0,45)
2019-02-06 20:52:48: RX COMMUNICATION LOST
('Changed', 1549486369,1549486369,0,46)
('Changed', 1549486370,1549486370,0,47)
2019-02-06 20:52:50: RX COMMUNICATION LOST
('Changed', 1549486371,1549486371,0,48)
('Changed', 1549486372,1549486372,0,49)
2019-02-06 20:52:52: RX COMMUNICATION LOST
('Changed', 1549486373,1549486373,0,50)
('Changed', 1549486374,1549486374,0,51)
2019-02-06 20:52:54: RX COMMUNICATION LOST
('Changed', 1549486375,1549486375,0,52)
('Changed', 1549486376,1549486376,0,53)
2019-02-06 20:52:56: RX COMMUNICATION LOST
('Changed', 1549486377,1549486377,0,54)
('Changed', 1549486378,1549486378,0,55)
2019-02-06 20:52:58: RX COMMUNICATION LOST
('Changed', 1549486379,1549486379,0,56)
('Changed', 1549486380,1549486380,0,57)
2019-02-06 20:53:00: RX COMMUNICATION LOST
('Changed', 1549486381,1549486381,0,58)
('Changed', 1549486382,1549486382,0,59)
2019-02-06 20:53:02: RX COMMUNICATION LOST
2019-02-06 20:53:02: INFO MESSAGE RECEIVED
('Changed', 1549486383,1549486383,0,60)
('Changed', 1549486384,1549486384,0,61)
2019-02-06 20:53:04: RX COMMUNICATION LOST
('Changed', 1549486385,1549486385,0,62)
('Changed', 1549486386,1549486386,0,63)
2019-02-06 20:53:06: RX COMMUNICATION LOST
('Changed', 1549486387,1549486387,0,64)
('Changed', 1549486388,1549486388,0,65)
2019-02-06 20:53:08: RX COMMUNICATION LOST
('Changed', 1549486389,1549486389,0,66)
('Changed', 1549486390,1549486390,0,67)
2019-02-06 20:53:10: RX COMMUNICATION LOST
('Changed', 1549486391,1549486391,0,68)
('Changed', 1549486392,1549486392,0,69)
2019-02-06 20:53:12: RX COMMUNICATION LOST
('Changed', 1549486393,1549486393,0,70)
('Changed', 1549486394,1549486394,0,71)
2019-02-06 20:53:14: RX COMMUNICATION LOST
('Changed', 1549486395,1549486395,0,72)
('Changed', 1549486396,1549486396,0,73)
2019-02-06 20:53:16: RX COMMUNICATION LOST
('Changed', 1549486397,1549486397,0,74)
('Changed', 1549486398,1549486398,0,75)
2019-02-06 20:53:18: RX COMMUNICATION LOST
('Changed', 1549486399,1549486399,0,76)
('Changed', 1549486400,1549486400,0,77)
2019-02-06 20:53:20: RX COMMUNICATION LOST
('Changed', 1549486401,1549486401,0,78)
('Changed', 1549486402,1549486402,0,79)
2019-02-06 20:53:22: RX COMMUNICATION LOST
('Changed', 1549486403,1549486403,0,80)
('Changed', 1549486404,1549486404,0,81)
2019-02-06 20:53:24: RX COMMUNICATION LOST
('Changed', 1549486405,1549486405,0,82)
('Changed', 1549486406,1549486406,0,83)
2019-02-06 20:53:26: RX COMMUNICATION LOST
('Changed', 1549486407,1549486407,0,84)
('Changed', 1549486408,1549486408,0,85)
2019-02-06 20:53:28: RX COMMUNICATION LOST
('Changed', 1549486409,1549486409,0,86)
('Changed', 1549486410,1549486410,0,87)
2019-02-06 20:53:30: RX COMMUNICATION LOST
('Changed', 1549486411,1549486411,0,88)
('Changed', 1549486412,1549486412,0,89)
2019-02-06 20:53:32: RX COMMUNICATION LOST
('Changed', 1549486413,1549486413,0,90)
('Changed', 1549486414,1549486414,0,91)
2019-02-06 20:53:34: RX COMMUNICATION LOST
('Changed', 1549486415,1549486415,0,92)
('Changed', 1549486416,1549486416,0,93)
2019-02-06 20:53:36: RX COMMUNICATION LOST
('Changed', 1549486417,1549486417,0,94)
('Changed', 1549486418,1549486418,0,95)
2019-02-06 20:53:38: RX COMMUNICATION LOST
('Changed', 1549486419,1549486419,0,96)
('Changed', 1549486420,1549486420,0,97)
2019-02-06 20:53:40: RX COMMUNICATION LOST
('Changed', 1549486421,1549486421,0,98)
('Changed', 1549486422,1549486422,0,99)
2019-02-06 20:53:42: RX COMMUNICATION LOST
('Changed', 1549486423,1549486423,0,100)
('Changed', 1549486424,1549486424,0,101)
2019-02-06 20:53:44: RX COMMUNICATION LOST
('Changed', 1549486425,1549486425,0,102)
('Changed', 1549486426,1549486426,0,103)
2019-02-06 20:53:46: RX COMMUNICATION LOST
('Changed', 1549486427,1549486427,0,104)
('Changed', 1549486428,1549486428,0,105)
2019-02-06 20:53:48: RX COMMUNICATION LOST
('Changed', 1549486429,1549486429,0,106)
('Changed', 1549486430,1549486430,0,107)
2019-02-06 20:53:50: RX COMMUNICATION LOST
('Changed', 1549486431,1549486431,0,108)
('Changed', 1549486432,1549486432,0,109)
2019-02-06 20:53:52: RX COMMUNICATION LOST
('Changed', 1549486433,1549486433,0,110)
('Changed', 1549486434,1549486434,0,111)
2019-02-06 20:53:54: RX COMMUNICATION LOST
('Changed', 1549486435,1549486435,0,112)
('Changed', 1549486436,1549486436,0,113)
2019-02-06 20:53:56: RX COMMUNICATION LOST
('Changed', 1549486437,1549486437,0,114)
('Changed', 1549486438,1549486438,0,115)
2019-02-06 20:53:58: RX COMMUNICATION LOST
('Changed', 1549486439,1549486439,0,116)
('Changed', 1549486440,1549486440,0,117)
2019-02-06 20:54:00: RX COMMUNICATION LOST
('Changed', 1549486441,1549486441,0,118)
2019-02-06 20:54:01: INFO MESSAGE RECEIVED
('Changed', 1549486442,1549486442,0,119)
2019-02-06 20:54:02: RX COMMUNICATION LOST
('Changed', 1549486443,1549486443,0,120)
('Changed', 1549486444,1549486444,0,121)
2019-02-06 20:54:04: RX COMMUNICATION LOST
('Changed', 1549486445,1549486445,0,122)
('Changed', 1549486446,1549486446,0,123)
('Changed', 1549486447,1549486447,0,124)
2019-02-06 20:54:07: RX COMMUNICATION LOST
('Changed', 1549486448,1549486448,0,125)
('Changed', 1549486449,1549486449,0,126)
2019-02-06 20:54:09: RX COMMUNICATION LOST
('Changed', 1549486450,1549486450,0,127)
('Changed', 1549486451,1549486451,0,128)
2019-02-06 20:54:11: RX COMMUNICATION LOST
('Changed', 1549486452,1549486452,0,129)
('Changed', 1549486453,1549486453,0,130)
2019-02-06 20:54:13: RX COMMUNICATION LOST
('Changed', 1549486454,1549486454,0,131)
('Changed', 1549486455,1549486455,0,132)
2019-02-06 20:54:15: RX COMMUNICATION LOST
('Changed', 1549486456,1549486456,0,133)
('Changed', 1549486457,1549486457,0,134)
2019-02-06 20:54:17: RX COMMUNICATION LOST
('Changed', 1549486458,1549486458,0,135)
('Changed', 1549486459,1549486459,0,136)
2019-02-06 20:54:19: RX COMMUNICATION LOST
('Changed', 1549486460,1549486460,0,137)
('Changed', 1549486461,1549486461,0,138)
2019-02-06 20:54:21: RX COMMUNICATION LOST
('Changed', 1549486462,1549486462,0,139)
('Changed', 1549486463,1549486463,0,140)
2019-02-06 20:54:23: RX COMMUNICATION LOST
('Changed', 1549486464,1549486464,0,141)
('Changed', 1549486465,1549486465,0,142)
2019-02-06 20:54:25: RX COMMUNICATION LOST
('Changed', 1549486466,1549486466,0,143)
('Changed', 1549486467,1549486467,0,144)
2019-02-06 20:54:27: RX COMMUNICATION LOST
('Changed', 1549486468,1549486468,0,145)
('Changed', 1549486469,1549486469,0,146)
2019-02-06 20:54:29: RX COMMUNICATION LOST
('Changed', 1549486470,1549486470,0,147)
('Changed', 1549486471,1549486471,0,148)
2019-02-06 20:54:31: RX COMMUNICATION LOST
('Changed', 1549486472,1549486472,0,149)
('Changed', 1549486473,1549486473,0,150)
2019-02-06 20:54:33: RX COMMUNICATION LOST
('Changed', 1549486474,1549486474,0,151)
('Changed', 1549486475,1549486475,0,152)
2019-02-06 20:54:35: RX COMMUNICATION LOST
('Changed', 1549486476,1549486476,0,153)
('Changed', 1549486477,1549486477,0,154)
2019-02-06 20:54:37: RX COMMUNICATION LOST
('Changed', 1549486478,1549486478,0,155)
('Changed', 1549486479,1549486479,0,156)
2019-02-06 20:54:39: RX COMMUNICATION LOST
('Changed', 1549486480,1549486480,0,157)
('Changed', 1549486481,1549486481,0,158)
2019-02-06 20:54:41: RX COMMUNICATION LOST
('Changed', 1549486482,1549486482,0,159)
('Changed', 1549486483,1549486483,0,160)
2019-02-06 20:54:43: RX COMMUNICATION LOST
('Changed', 1549486484,1549486484,0,161)
('Changed', 1549486485,1549486485,0,162)
2019-02-06 20:54:45: RX COMMUNICATION LOST
('Changed', 1549486486,1549486486,0,163)
('Changed', 1549486487,1549486487,0,164)
2019-02-06 20:54:47: RX COMMUNICATION LOST
('Changed', 1549486488,1549486488,0,165)
('Changed', 1549486489,1549486489,0,166)
2019-02-06 20:54:49: RX COMMUNICATION LOST
('Changed', 1549486490,1549486490,0,167)
('Changed', 1549486491,1549486491,0,168)
2019-02-06 20:54:51: RX COMMUNICATION LOST
('Changed', 1549486492,1549486492,0,169)
('Changed', 1549486493,1549486493,0,170)
2019-02-06 20:54:53: RX COMMUNICATION LOST
('Changed', 1549486494,1549486494,0,171)
('Changed', 1549486495,1549486495,0,172)
2019-02-06 20:54:55: RX COMMUNICATION LOST
('Changed', 1549486496,1549486496,0,173)
('Changed', 1549486497,1549486497,0,174)
2019-02-06 20:54:57: RX COMMUNICATION LOST
('Changed', 1549486498,1549486498,0,175)
('Changed', 1549486499,1549486499,0,176)
2019-02-06 20:54:59: RX COMMUNICATION LOST
('Changed', 1549486500,1549486500,0,177)
2019-02-06 20:55:00: INFO MESSAGE RECEIVED
('Changed', 1549486501,1549486501,0,178)
2019-02-06 20:55:01: RX COMMUNICATION LOST
('Changed', 1549486502,1549486502,0,179)
('Changed', 1549486503,1549486503,0,180)
2019-02-06 20:55:03: RX COMMUNICATION LOST
('Changed', 1549486504,1549486504,0,181)
('Changed', 1549486505,1549486505,0,182)
2019-02-06 20:55:05: RX COMMUNICATION LOST
('Changed', 1549486506,1549486506,0,183)
('Changed', 1549486507,1549486507,0,184)
('Changed', 1549486508,1549486508,0,185)
('Changed', 1549486509,1549486509,0,186)
('Changed', 1549486510,1549486510,0,187)
('Changed', 1549486511,1549486511,0,188)
('Changed', 1549486512,1549486512,0,189)
(<type 'exceptions.IndexError'>, IndexError('only integers, slices (`:`), ellipsis (`...`), numpy.newaxis (`None`) and integer or boolean arrays are valid indices',), <traceback object at 0x7f88253a8a70>)
('Changed', 1549486513,1549486513,0,190)
('Changed', 1549486514,1549486514,0,191)
2019-02-06 20:55:14: RX COMMUNICATION LOST
('Changed', 1549486515,1549486515,0,192)
('Changed', 1549486516,1549486516,0,193)
2019-02-06 20:55:16: RX COMMUNICATION LOST
('Changed', 1549486517,1549486517,0,194)
('Changed', 1549486518,1549486518,0,195)
2019-02-06 20:55:18: RX COMMUNICATION LOST
('Changed', 1549486519,1549486519,0,196)
('Changed', 1549486520,1549486520,0,197)
2019-02-06 20:55:20: RX COMMUNICATION LOST
('Changed', 1549486521,1549486521,0,198)
('Changed', 1549486522,1549486522,0,199)
2019-02-06 20:55:22: RX COMMUNICATION LOST
('Changed', 1549486523,1549486523,0,200)
('Changed', 1549486524,1549486524,0,201)
2019-02-06 20:55:24: RX COMMUNICATION LOST
('Changed', 1549486525,1549486525,0,202)
('Changed', 1549486526,1549486526,0,203)
2019-02-06 20:55:26: RX COMMUNICATION LOST
('Changed', 1549486527,1549486527,0,204)
('Changed', 1549486528,1549486528,0,205)
2019-02-06 20:55:28: RX COMMUNICATION LOST
('Changed', 1549486529,1549486529,0,206)
('Changed', 1549486530,1549486530,0,207)
2019-02-06 20:55:30: RX COMMUNICATION LOST
('Changed', 1549486531,1549486531,0,208)
('Changed', 1549486532,1549486532,0,209)
2019-02-06 20:55:32: RX COMMUNICATION LOST
('Changed', 1549486533,1549486533,0,210)
('Changed', 1549486534,1549486534,0,211)
2019-02-06 20:55:34: RX COMMUNICATION LOST
('Changed', 1549486535,1549486535,0,212)
('Changed', 1549486536,1549486536,0,213)
2019-02-06 20:55:36: RX COMMUNICATION LOST
('Changed', 1549486537,1549486537,0,214)
('Changed', 1549486538,1549486538,0,215)
2019-02-06 20:55:38: RX COMMUNICATION LOST
('Changed', 1549486539,1549486539,0,216)
('Changed', 1549486540,1549486540,0,217)
2019-02-06 20:55:40: RX COMMUNICATION LOST
('Changed', 1549486541,1549486541,0,218)
('Changed', 1549486542,1549486542,0,219)
TkAgg
2019-02-06 20:57:13: STARTED PROCESS 25831
2019-02-06 20:57:13: FIRST PACKET RECEIVED
2019-02-06 20:57:13: START SEQUENCE = 2100377473
25852
25848
25849
25850
25851
('Changed', 1549486634,1549486634,0,1)
COLLECTION/components_to_collect,axial,tangential,radial
COLLECTION/trace_length_in_seconds,1
COLLECTION/output_sampling_rate,4000
COLLECTION/channels_per_sensor,3
COLLECTION/packet_length,21
COLLECTION/baud_rate,921600
COLLECTION/data_message_identifier,0x64
COLLECTION/info_message_identifier,0x69
COLLECTION/rhino_version,1.1
RUNTIME/show_plots,True
RUNTIME/start_data_time_timestamp,0
RUNTIME/field_deployment,False
RUNTIME/automatic_acquisition,False
RUNTIME/component_to_display,axial
DATAUNIT/log_to_file,False
DATA_TRANSMISSION/server,deploy@13.66.189.94
DATA_TRANSMISSION/local_folder,/home/field/data/test_mine/test_rig/
DATA_TRANSMISSION/remote_folder,/data_sdd/new_structure/
DATA_TRANSMISSION/sleep_interval,1
PLAYBACK/start_time,0
PLAYBACK/end_time,0
PLAYBACK/accelerometer_max_voltage,5.0
PLAYBACK/x_sensitivity,12.5
PLAYBACK/y_sensitivity,12.5
PLAYBACK/z_sensitivity,12.5
PLAYBACK/ide_multiplier,1.0
PLAYBACK/apply_sensitivities,True
PLAYBACK/show_plots,True
PROCESSING/deconvolution_filter_duration,0.1
PROCESSING/min_lag_trimmed_trace,-0.1
PROCESSING/max_lag_trimmed_trace,0.1
PROCESSING/trapezoidal_bpf_corner_1,80.0
PROCESSING/trapezoidal_bpf_corner_2,100.0
PROCESSING/trapezoidal_bpf_corner_3,300.0
PROCESSING/trapezoidal_bpf_corner_4,350.0
PROCESSING/trapezoidal_bpf_duration,0.02
PROCESSING/binning_interval_in_cm,5.0
PROCESSING/auto_correlation_trace_duration,0.5
QC_PLOTTING/peak_amplitude_axial_y_limit,0,1.5
QC_PLOTTING/rc_axial_y_limit,0,1.0
QC_PLOTTING/axial_vel_delay_y_limit,60,150
QC_PLOTTING/peak_amplitude_tangential_y_limit,0,1.5
QC_PLOTTING/rc_tangential_y_limit,0,1.0
QC_PLOTTING/tangential_vel_delay_y_limit,80,250
QC_PLOTTING/peak_amplitude_radial_y_limit,0,1.5
QC_PLOTTING/plot_a_vel,True
QC_PLOTTING/plot_t_vel,True
QC_PLOTTING/axial_amp,True
QC_PLOTTING/axial_rc,True
QC_PLOTTING/noise_threshold,True
QC_PLOTTING/tangential_amp,True
QC_PLOTTING/tangential_rc,True
QC_PLOTTING/radial_amp,False
QC_PLOTTING/mult_pos_win,3.5
QC_PLOTTING/mult_neg_win,0.5
FEATURE_EXTRACTION_J1/window_widths,{"axial": {"multiple_3": 0.004, "multiple_2": 0.004, "multiple_1": 0.004, "primary": 0.004}, "tangential": {"multiple_3": 0.004, "multiple_2": 0.004, "multiple_1": 0.004, "primary": 0.004}}
INSTALLATION/country,CANADA
INSTALLATION/company,ARCELORMITTAL
INSTALLATION/mine_name,MONT_WRIGHT
INSTALLATION/recording_engineer,DOUG_KIRKBY
INSTALLATION/rig_model,49HR
INSTALLATION/rig_manufacturer,BUCYRUS
INSTALLATION/rig_id,W226
INSTALLATION/drill_type,1
INSTALLATION/mwd_type,2
INSTALLATION/bit_type,1
INSTALLATION/bit_model,SECOROC
INSTALLATION/bit_size,13.75,2
INSTALLATION/bit_date,2019-01-24
INSTALLATION/drill_string_total_length,22.56
INSTALLATION/drill_string_steel_od,10.75,2
INSTALLATION/drill_string_component1,1,1,15.0,2,13.75,2
INSTALLATION/drill_string_component2,2,1,144.0,2,10.75,2
INSTALLATION/drill_string_component3,3,1,27.5,1,10.75,2
INSTALLATION/drill_string_component4,3,1,27.5,1,10.75,2
INSTALLATION/drill_string_component5,4,1,36.0,2,10.0,2
INSTALLATION/drill_string_component6,5,1,33.625,2,24.0,2
INSTALLATION/drill_string_component7,6,-1,0.0,1,0.0,2
INSTALLATION/drill_string_component8,6,-1,0.0,1,0.0,2
INSTALLATION/drill_string_component9,6,-1,0.0,1,0.0,2
INSTALLATION/drill_string_component10,6,-1,0.0,1,0.0,2
INSTALLATION/sensor_type,2
INSTALLATION/digitizer_serial_number,S1024
INSTALLATION/sensor_serial_number,SE100
INSTALLATION/sensor_accelerometer_type,8
INSTALLATION/sensor_ideal_sampling_rate,4000
INSTALLATION/sensor_saturation_g,100
INSTALLATION/sensor_position,2.32,3
INSTALLATION/sensor_axial_axis,1
INSTALLATION/sensor_tangential_axis,2
INSTALLATION/sensor_mount_size,2
INSTALLATION/sensor_installation_location,3
INSTALLATION/sensor_installation_date,2018-11-24
INSTALLATION/comments,Mont Wright cored section
piezoresistive sn not marked calling it SE100
INSTALLATION/battery_max_voltage,12.4
INSTALLATION/battery_min_voltage,10.0
SEGY_MODULE/segy_output_step,deconvolved
SYSTEM_HEALTH_PLOTS/x_axis_length_in_seconds,120
SYSTEM_HEALTH_PLOTS/x_axis_tick_interval,30
SYSTEM_HEALTH_PLOTS/rssi_y_lim,0,50
SYSTEM_HEALTH_PLOTS/packets_y_lim,2710,2810
SYSTEM_HEALTH_PLOTS/delay_y_lim,0,5
SYSTEM_HEALTH_PLOTS/temperature_y_lim,-40,90
SYSTEM_HEALTH_PLOTS/battery_y_lim,75,100
SYSTEM_HEALTH_PLOTS/rssi_upper_limit,15
SYSTEM_HEALTH_PLOTS/rssi_lower_limit,10
SYSTEM_HEALTH_PLOTS/packets_upper_limit,2772
SYSTEM_HEALTH_PLOTS/packets_lower_limit,2744
SYSTEM_HEALTH_PLOTS/battery_upper_limit,90
SYSTEM_HEALTH_PLOTS/battery_lower_limit,84
SYSTEM_HEALTH_PLOTS/temp_positive_upper_limit,80
SYSTEM_HEALTH_PLOTS/temp_positive_lower_limit,60
SYSTEM_HEALTH_PLOTS/temp_negative_upper_limit,-15
SYSTEM_HEALTH_PLOTS/temp_negative_lower_limit,-35
SYSTEM_HEALTH_PLOTS/delay_upper_limit,3
SYSTEM_HEALTH_PLOTS/delay_lower_limit,2
SYSTEM_HEALTH_PLOTS/trace_plot_pre_cut,10
SYSTEM_HEALTH_PLOTS/trace_plot_post_add,100
SYSTEM_HEALTH_PLOTS/number_of_traces_to_display,30
SYSTEM_HEALTH_PLOTS/traces_subsample,2
Timestamp :1549486634, Samples: 2059)
('Changed', 1549486635,1549486635,0,2)
2019-02-06 20:57:15: RX COMMUNICATION LOST
('Changed', 1549486636,1549486636,0,3)
('Changed', 1549486637,1549486637,0,4)
('Changed', 1549486638,1549486638,0,5)
2019-02-06 20:57:18: RX COMMUNICATION LOST
('Changed', 1549486639,1549486639,0,6)
('Changed', 1549486640,1549486640,0,7)
2019-02-06 20:57:20: RX COMMUNICATION LOST
('Changed', 1549486641,1549486641,0,8)
('Changed', 1549486642,1549486642,0,9)
2019-02-06 20:57:22: RX COMMUNICATION LOST
('Changed', 1549486643,1549486643,0,10)
('Changed', 1549486644,1549486644,0,11)
2019-02-06 20:57:24: RX COMMUNICATION LOST
('Changed', 1549486645,1549486645,0,12)
('Changed', 1549486646,1549486646,0,13)
2019-02-06 20:57:26: RX COMMUNICATION LOST
('Changed', 1549486647,1549486647,0,14)
('Changed', 1549486648,1549486648,0,15)
2019-02-06 20:57:28: RX COMMUNICATION LOST
('Changed', 1549486649,1549486649,0,16)
('Changed', 1549486650,1549486650,0,17)
2019-02-06 20:57:30: RX COMMUNICATION LOST
('Changed', 1549486651,1549486651,0,18)
('Changed', 1549486652,1549486652,0,19)
2019-02-06 20:57:32: RX COMMUNICATION LOST
('Changed', 1549486653,1549486653,0,20)
('Changed', 1549486654,1549486654,0,21)
2019-02-06 20:57:34: RX COMMUNICATION LOST
('Changed', 1549486655,1549486655,0,22)
(<type 'exceptions.IndexError'>, IndexError('only integers, slices (`:`), ellipsis (`...`), numpy.newaxis (`None`) and integer or boolean arrays are valid indices',), <traceback object at 0x7f44aea4c4d0>)
Timestamp :1549486635, Samples: 4846)
('Changed', 1549486656,1549486656,0,23)
('Changed', 1549486657,1549486657,0,24)
2019-02-06 20:57:37: RX COMMUNICATION LOST
('Changed', 1549486658,1549486658,0,25)
('Changed', 1549486659,1549486659,0,26)
2019-02-06 20:57:39: RX COMMUNICATION LOST
('Changed', 1549486660,1549486660,0,27)
('Changed', 1549486661,1549486661,0,28)
2019-02-06 20:57:41: RX COMMUNICATION LOST
('Changed', 1549486662,1549486662,0,29)
('Changed', 1549486663,1549486663,0,30)
2019-02-06 20:57:43: RX COMMUNICATION LOST
('Changed', 1549486664,1549486664,0,31)
('Changed', 1549486665,1549486665,0,32)
TkAgg
2019-02-06 20:58:25: STARTED PROCESS 26032
26051
26047
26048
26049
26050
2019-02-06 20:58:26: SLEEPING
2019-02-06 20:58:27: SLEEPING
2019-02-06 20:58:28: SLEEPING
2019-02-06 20:58:29: SLEEPING
2019-02-06 20:58:30: SLEEPING
2019-02-06 20:58:31: SLEEPING
2019-02-06 20:58:32: SLEEPING
2019-02-06 20:58:34: SLEEPING
2019-02-06 20:58:35: SLEEPING
2019-02-06 20:58:36: SLEEPING
2019-02-06 20:58:37: SLEEPING
2019-02-06 20:58:38: SLEEPING
2019-02-06 20:58:39: SLEEPING
2019-02-06 20:58:40: SLEEPING
2019-02-06 20:58:41: SLEEPING
2019-02-06 20:58:42: SLEEPING
2019-02-06 20:58:43: SLEEPING
2019-02-06 20:58:45: SLEEPING
2019-02-06 20:58:46: SLEEPING
2019-02-06 20:58:47: SLEEPING
2019-02-06 20:58:48: SLEEPING
2019-02-06 20:58:49: SLEEPING
2019-02-06 20:58:50: SLEEPING
2019-02-06 20:58:51: SLEEPING
2019-02-06 20:58:52: SLEEPING
2019-02-06 20:58:53: SLEEPING
2019-02-06 20:58:54: SLEEPING
2019-02-06 20:58:56: SLEEPING
2019-02-06 20:58:56: FIRST PACKET RECEIVED
2019-02-06 20:58:56: START SEQUENCE = 2110738305
('Changed', 1549486737,1549486737,0,1)
COLLECTION/components_to_collect,axial,tangential,radial
COLLECTION/trace_length_in_seconds,1
COLLECTION/output_sampling_rate,4000
COLLECTION/channels_per_sensor,3
COLLECTION/packet_length,21
COLLECTION/baud_rate,921600
COLLECTION/data_message_identifier,0x64
COLLECTION/info_message_identifier,0x69
COLLECTION/rhino_version,1.1
RUNTIME/show_plots,True
RUNTIME/start_data_time_timestamp,0
RUNTIME/field_deployment,False
RUNTIME/automatic_acquisition,False
RUNTIME/component_to_display,axial
DATAUNIT/log_to_file,False
DATA_TRANSMISSION/server,deploy@13.66.189.94
DATA_TRANSMISSION/local_folder,/home/field/data/test_mine/test_rig/
DATA_TRANSMISSION/remote_folder,/data_sdd/new_structure/
DATA_TRANSMISSION/sleep_interval,1
PLAYBACK/start_time,0
PLAYBACK/end_time,0
PLAYBACK/accelerometer_max_voltage,5.0
PLAYBACK/x_sensitivity,12.5
PLAYBACK/y_sensitivity,12.5
PLAYBACK/z_sensitivity,12.5
PLAYBACK/ide_multiplier,1.0
PLAYBACK/apply_sensitivities,True
PLAYBACK/show_plots,True
PROCESSING/deconvolution_filter_duration,0.1
PROCESSING/min_lag_trimmed_trace,-0.1
PROCESSING/max_lag_trimmed_trace,0.1
PROCESSING/trapezoidal_bpf_corner_1,80.0
PROCESSING/trapezoidal_bpf_corner_2,100.0
PROCESSING/trapezoidal_bpf_corner_3,300.0
PROCESSING/trapezoidal_bpf_corner_4,350.0
PROCESSING/trapezoidal_bpf_duration,0.02
PROCESSING/binning_interval_in_cm,5.0
PROCESSING/auto_correlation_trace_duration,0.5
QC_PLOTTING/peak_amplitude_axial_y_limit,0,1.5
QC_PLOTTING/rc_axial_y_limit,0,1.0
QC_PLOTTING/axial_vel_delay_y_limit,60,150
QC_PLOTTING/peak_amplitude_tangential_y_limit,0,1.5
QC_PLOTTING/rc_tangential_y_limit,0,1.0
QC_PLOTTING/tangential_vel_delay_y_limit,80,250
QC_PLOTTING/peak_amplitude_radial_y_limit,0,1.5
QC_PLOTTING/plot_a_vel,True
QC_PLOTTING/plot_t_vel,True
QC_PLOTTING/axial_amp,True
QC_PLOTTING/axial_rc,True
QC_PLOTTING/noise_threshold,True
QC_PLOTTING/tangential_amp,True
QC_PLOTTING/tangential_rc,True
QC_PLOTTING/radial_amp,False
QC_PLOTTING/mult_pos_win,3.5
QC_PLOTTING/mult_neg_win,0.5
FEATURE_EXTRACTION_J1/window_widths,{"axial": {"multiple_3": 0.004, "multiple_2": 0.004, "multiple_1": 0.004, "primary": 0.004}, "tangential": {"multiple_3": 0.004, "multiple_2": 0.004, "multiple_1": 0.004, "primary": 0.004}}
INSTALLATION/country,CANADA
INSTALLATION/company,ARCELORMITTAL
INSTALLATION/mine_name,MONT_WRIGHT
INSTALLATION/recording_engineer,DOUG_KIRKBY
INSTALLATION/rig_model,49HR
INSTALLATION/rig_manufacturer,BUCYRUS
INSTALLATION/rig_id,W226
INSTALLATION/drill_type,1
INSTALLATION/mwd_type,2
INSTALLATION/bit_type,1
INSTALLATION/bit_model,SECOROC
INSTALLATION/bit_size,13.75,2
INSTALLATION/bit_date,2019-01-24
INSTALLATION/drill_string_total_length,22.56
INSTALLATION/drill_string_steel_od,10.75,2
INSTALLATION/drill_string_component1,1,1,15.0,2,13.75,2
INSTALLATION/drill_string_component2,2,1,144.0,2,10.75,2
INSTALLATION/drill_string_component3,3,1,27.5,1,10.75,2
INSTALLATION/drill_string_component4,3,1,27.5,1,10.75,2
INSTALLATION/drill_string_component5,4,1,36.0,2,10.0,2
INSTALLATION/drill_string_component6,5,1,33.625,2,24.0,2
INSTALLATION/drill_string_component7,6,-1,0.0,1,0.0,2
INSTALLATION/drill_string_component8,6,-1,0.0,1,0.0,2
INSTALLATION/drill_string_component9,6,-1,0.0,1,0.0,2
INSTALLATION/drill_string_component10,6,-1,0.0,1,0.0,2
INSTALLATION/sensor_type,2
INSTALLATION/digitizer_serial_number,S1024
INSTALLATION/sensor_serial_number,SE100
INSTALLATION/sensor_accelerometer_type,8
INSTALLATION/sensor_ideal_sampling_rate,4000
INSTALLATION/sensor_saturation_g,100
INSTALLATION/sensor_position,2.32,3
INSTALLATION/sensor_axial_axis,1
INSTALLATION/sensor_tangential_axis,2
INSTALLATION/sensor_mount_size,2
INSTALLATION/sensor_installation_location,3
INSTALLATION/sensor_installation_date,2018-11-24
INSTALLATION/comments,Mont Wright cored section
piezoresistive sn not marked calling it SE100
INSTALLATION/battery_max_voltage,12.4
INSTALLATION/battery_min_voltage,10.0
SEGY_MODULE/segy_output_step,deconvolved
SYSTEM_HEALTH_PLOTS/x_axis_length_in_seconds,120
SYSTEM_HEALTH_PLOTS/x_axis_tick_interval,30
SYSTEM_HEALTH_PLOTS/rssi_y_lim,0,50
SYSTEM_HEALTH_PLOTS/packets_y_lim,2710,2810
SYSTEM_HEALTH_PLOTS/delay_y_lim,0,5
SYSTEM_HEALTH_PLOTS/temperature_y_lim,-40,90
SYSTEM_HEALTH_PLOTS/battery_y_lim,75,100
SYSTEM_HEALTH_PLOTS/rssi_upper_limit,15
SYSTEM_HEALTH_PLOTS/rssi_lower_limit,10
SYSTEM_HEALTH_PLOTS/packets_upper_limit,2772
SYSTEM_HEALTH_PLOTS/packets_lower_limit,2744
SYSTEM_HEALTH_PLOTS/battery_upper_limit,90
SYSTEM_HEALTH_PLOTS/battery_lower_limit,84
SYSTEM_HEALTH_PLOTS/temp_positive_upper_limit,80
SYSTEM_HEALTH_PLOTS/temp_positive_lower_limit,60
SYSTEM_HEALTH_PLOTS/temp_negative_upper_limit,-15
SYSTEM_HEALTH_PLOTS/temp_negative_lower_limit,-35
SYSTEM_HEALTH_PLOTS/delay_upper_limit,3
SYSTEM_HEALTH_PLOTS/delay_lower_limit,2
SYSTEM_HEALTH_PLOTS/trace_plot_pre_cut,10
SYSTEM_HEALTH_PLOTS/trace_plot_post_add,100
SYSTEM_HEALTH_PLOTS/number_of_traces_to_display,30
SYSTEM_HEALTH_PLOTS/traces_subsample,2
Timestamp :1549486737, Samples: 1148)
('Changed', 1549486738,1549486738,0,2)
('Changed', 1549486739,1549486739,0,3)
2019-02-06 20:58:59: RX COMMUNICATION LOST
('Changed', 1549486740,1549486740,0,4)
('Changed', 1549486741,1549486741,0,5)
2019-02-06 20:59:01: RX COMMUNICATION LOST
('Changed', 1549486742,1549486742,0,6)
(<type 'exceptions.IndexError'>, IndexError('only integers, slices (`:`), ellipsis (`...`), numpy.newaxis (`None`) and integer or boolean arrays are valid indices',), <traceback object at 0x7f52a9781320>)
Timestamp :1549486738, Samples: 3983)
('Changed', 1549486743,1549486743,0,7)
('Changed', 1549486744,1549486744,0,8)
2019-02-06 20:59:04: RX COMMUNICATION LOST
('Changed', 1549486745,1549486745,0,9)
('Changed', 1549486746,1549486746,0,10)
2019-02-06 20:59:06: RX COMMUNICATION LOST
('Changed', 1549486747,1549486747,0,11)
('Changed', 1549486748,1549486748,0,12)
2019-02-06 20:59:08: RX COMMUNICATION LOST
('Changed', 1549486749,1549486749,0,13)
('Changed', 1549486750,1549486750,0,14)
2019-02-06 20:59:10: RX COMMUNICATION LOST
('Changed', 1549486751,1549486751,0,15)
('Changed', 1549486752,1549486752,0,16)
2019-02-06 20:59:12: RX COMMUNICATION LOST
('Changed', 1549486753,1549486753,0,17)
('Changed', 1549486754,1549486754,0,18)
2019-02-06 20:59:14: RX COMMUNICATION LOST
