2019-02-07 01:03:22 GUI Started
2019-02-07 01:03:24 Acquisition started in debug mode
2019-02-07 01:03:55 Serial Port Closed
2019-02-07 01:03:55 Acquisition stopped
2019-02-07 01:06:30 GUI Exited
2019-02-07 01:06:32 GUI Started
2019-02-07 01:06:33 Acquisition started in debug mode
2019-02-07 01:06:49 Serial Port Closed
2019-02-07 01:06:49 Acquisition stopped
2019-02-07 01:22:42 GUI Exited
2019-02-07 01:22:50 GUI Started
2019-02-07 01:22:51 Acquisition started in debug mode
2019-02-07 01:23:01 Serial Port Closed
2019-02-07 01:23:01 Acquisition stopped
2019-02-07 01:23:02 GUI Exited
2019-02-07 01:27:06 GUI Started
2019-02-07 01:27:07 Acquisition started in debug mode
2019-02-07 01:27:26 Serial Port Closed
2019-02-07 01:27:26 Acquisition stopped
2019-02-07 01:27:43 GUI Exited
2019-02-07 01:27:45 GUI Started
2019-02-07 01:27:46 Acquisition started in debug mode
2019-02-07 01:28:09 Serial Port Closed
2019-02-07 01:28:09 Acquisition stopped
2019-02-07 01:28:18 GUI Exited
2019-02-07 01:28:20 GUI Started
2019-02-07 01:28:22 Acquisition started in debug mode
2019-02-07 01:28:36 Serial Port Closed
2019-02-07 01:28:36 Acquisition stopped
2019-02-07 01:28:51 GUI Exited
2019-02-07 01:28:52 GUI Started
2019-02-07 01:28:54 Acquisition started in debug mode
2019-02-07 01:29:08 Serial Port Closed
2019-02-07 01:29:08 Acquisition stopped
2019-02-07 01:29:09 GUI Exited
2019-02-07 01:30:27 GUI Started
2019-02-07 01:30:29 Acquisition started in debug mode
2019-02-07 01:31:01 Serial Port Closed
2019-02-07 01:31:01 Acquisition stopped
2019-02-07 01:31:02 GUI Exited
2019-02-07 01:31:25 GUI Started
2019-02-07 01:31:27 Acquisition started in debug mode
2019-02-07 01:31:43 Serial Port Closed
2019-02-07 01:31:43 Acquisition stopped
2019-02-07 01:31:45 GUI Exited
2019-02-07 01:31:47 GUI Started
2019-02-07 01:31:49 Acquisition started in debug mode
2019-02-07 01:32:08 Serial Port Closed
2019-02-07 01:32:08 Acquisition stopped
2019-02-07 01:32:09 GUI Exited
2019-02-07 01:32:14 GUI Started
2019-02-07 01:32:16 Acquisition started in debug mode
2019-02-07 01:32:46 Serial Port Closed
2019-02-07 01:32:46 Acquisition stopped
2019-02-07 01:32:47 GUI Exited
2019-02-07 01:35:51 GUI Started
2019-02-07 01:35:54 Acquisition started in debug mode
2019-02-07 01:36:03 Serial Port Closed
2019-02-07 01:36:03 Acquisition stopped
2019-02-07 01:36:30 GUI Exited
2019-02-07 01:36:32 GUI Started
2019-02-07 01:36:33 Acquisition started in debug mode
2019-02-07 01:36:47 Serial Port Closed
2019-02-07 01:36:47 Acquisition stopped
2019-02-07 01:36:48 GUI Exited
2019-02-07 01:37:55 GUI Started
2019-02-07 01:37:56 Acquisition started in debug mode
2019-02-07 01:38:01 Serial Port Closed
2019-02-07 01:38:01 Acquisition stopped
2019-02-07 01:38:02 GUI Exited
2019-02-07 01:38:18 GUI Started
2019-02-07 01:38:19 Acquisition started in debug mode
2019-02-07 01:38:26 Serial Port Closed
2019-02-07 01:38:26 Acquisition stopped
2019-02-07 01:38:27 GUI Exited
2019-02-07 01:38:52 GUI Started
2019-02-07 01:38:54 Acquisition started in debug mode
2019-02-07 01:40:06 Serial Port Closed
2019-02-07 01:40:06 Acquisition stopped
2019-02-07 01:40:07 GUI Exited
2019-02-07 01:41:14 GUI Started
2019-02-07 01:41:15 Acquisition started in debug mode
2019-02-07 01:42:01 Serial Port Closed
2019-02-07 01:42:01 Acquisition stopped
2019-02-07 01:42:03 GUI Exited
2019-02-07 01:44:45 GUI Started
2019-02-07 01:44:47 Acquisition started in debug mode
2019-02-07 01:47:27 Serial Port Closed
2019-02-07 01:47:27 Acquisition stopped
2019-02-07 01:47:29 GUI Exited
2019-02-07 01:47:31 GUI Started
2019-02-07 01:47:33 Acquisition started in debug mode
2019-02-07 01:47:53 Serial Port Closed
2019-02-07 01:47:53 Acquisition stopped
2019-02-07 01:47:53 GUI Exited
2019-02-07 01:49:12 GUI Started
2019-02-07 01:49:15 Acquisition started in debug mode
2019-02-07 01:49:50 Serial Port Closed
2019-02-07 01:49:50 Acquisition stopped
2019-02-07 01:49:51 GUI Exited
2019-02-07 01:50:20 GUI Started
2019-02-07 01:50:21 Acquisition started in debug mode
2019-02-07 01:50:34 Serial Port Closed
2019-02-07 01:50:34 Acquisition stopped
2019-02-07 01:50:34 GUI Exited
2019-02-07 01:53:53 GUI Started
2019-02-07 01:53:55 Acquisition started in debug mode
2019-02-07 01:54:00 Serial Port Closed
2019-02-07 01:54:00 Acquisition stopped
2019-02-07 01:54:20 GUI Exited
2019-02-07 01:54:22 GUI Started
2019-02-07 01:54:30 Acquisition started in debug mode
2019-02-07 01:55:37 Serial Port Closed
2019-02-07 01:55:37 Acquisition stopped
2019-02-07 01:56:39 GUI Exited
2019-02-07 01:56:41 GUI Started
2019-02-07 01:56:43 Acquisition started in debug mode
2019-02-07 01:57:36 Serial Port Closed
2019-02-07 01:57:36 Acquisition stopped
2019-02-07 02:04:58 GUI Exited
