2019-02-06 21:00:48 GUI Started
2019-02-06 21:00:49 Acquisition started in debug mode
2019-02-06 21:01:07 Serial Port Closed
2019-02-06 21:01:07 Acquisition stopped
2019-02-06 21:01:07 GUI Exited
2019-02-06 21:01:42 GUI Started
2019-02-06 21:01:43 Acquisition started in debug mode
2019-02-06 21:01:51 Serial Port Closed
2019-02-06 21:01:51 Acquisition stopped
2019-02-06 21:01:52 GUI Exited
2019-02-06 21:01:58 GUI Started
2019-02-06 21:02:00 Acquisition started in debug mode
2019-02-06 21:03:01 Serial Port Closed
2019-02-06 21:03:01 Acquisition stopped
2019-02-06 21:03:02 GUI Exited
2019-02-06 21:03:11 GUI Started
2019-02-06 21:03:13 Acquisition started in debug mode
2019-02-06 21:04:42 Serial Port Closed
2019-02-06 21:04:42 Acquisition stopped
2019-02-06 21:04:43 GUI Exited
2019-02-06 21:05:27 GUI Started
2019-02-06 21:05:29 GUI Exited
2019-02-06 21:05:38 GUI Started
2019-02-06 21:05:39 Acquisition started in debug mode
2019-02-06 21:06:12 Serial Port Closed
2019-02-06 21:06:12 Acquisition stopped
2019-02-06 21:06:13 GUI Exited
2019-02-06 21:06:25 GUI Started
2019-02-06 21:06:27 Acquisition started in debug mode
2019-02-06 21:06:44 Serial Port Closed
2019-02-06 21:06:44 Acquisition stopped
2019-02-06 21:06:45 GUI Exited
2019-02-06 21:07:19 GUI Started
2019-02-06 21:07:20 Acquisition started in debug mode
2019-02-06 21:07:27 Serial Port Closed
2019-02-06 21:07:27 Acquisition stopped
2019-02-06 21:07:28 GUI Exited
2019-02-06 21:07:33 GUI Started
2019-02-06 21:07:35 Acquisition started in debug mode
2019-02-06 21:08:40 Serial Port Closed
2019-02-06 21:08:40 Acquisition stopped
2019-02-06 21:08:41 GUI Exited
2019-02-06 21:09:21 GUI Started
2019-02-06 21:09:22 Acquisition started in debug mode
2019-02-06 21:09:30 Serial Port Closed
2019-02-06 21:09:30 Acquisition stopped
2019-02-06 21:09:31 GUI Exited
2019-02-06 21:10:07 GUI Started
2019-02-06 21:10:09 Acquisition started in debug mode
2019-02-06 21:10:32 Serial Port Closed
2019-02-06 21:10:32 Acquisition stopped
2019-02-06 21:10:33 GUI Exited
2019-02-06 21:11:42 GUI Started
2019-02-06 21:11:44 Acquisition started in debug mode
2019-02-06 21:12:24 Serial Port Closed
2019-02-06 21:12:24 Acquisition stopped
2019-02-06 21:12:25 GUI Exited
2019-02-06 21:14:07 GUI Started
2019-02-06 21:14:08 Acquisition started in debug mode
2019-02-06 21:14:34 Serial Port Closed
2019-02-06 21:14:34 Acquisition stopped
2019-02-06 21:14:34 GUI Exited
2019-02-06 21:16:32 GUI Started
2019-02-06 21:16:34 Acquisition started in debug mode
2019-02-06 21:16:57 Serial Port Closed
2019-02-06 21:16:57 Acquisition stopped
2019-02-06 21:16:58 GUI Exited
2019-02-06 21:17:41 GUI Started
2019-02-06 21:17:42 Acquisition started in debug mode
2019-02-06 21:18:58 Serial Port Closed
2019-02-06 21:18:58 Acquisition stopped
2019-02-06 21:20:06 GUI Exited
2019-02-06 21:20:10 GUI Started
2019-02-06 21:20:13 Acquisition started in regular mode
2019-02-06 21:20:26 Serial Port Closed
2019-02-06 21:20:26 Acquisition stopped
2019-02-06 21:20:27 GUI Exited
2019-02-06 21:21:30 GUI Started
2019-02-06 21:21:31 Acquisition started in regular mode
2019-02-06 21:22:20 Serial Port Closed
2019-02-06 21:22:20 Acquisition stopped
2019-02-06 21:22:20 GUI Exited
2019-02-06 21:24:54 GUI Started
2019-02-06 21:24:55 Acquisition started in regular mode
2019-02-06 21:26:20 Serial Port Closed
2019-02-06 21:26:20 Acquisition stopped
2019-02-06 21:26:22 GUI Exited
2019-02-06 21:28:15 GUI Started
2019-02-06 21:28:16 Acquisition started in regular mode
2019-02-06 21:28:25 Serial Port Closed
2019-02-06 21:28:25 Acquisition stopped
2019-02-06 21:28:25 GUI Exited
2019-02-06 21:28:27 GUI Started
2019-02-06 21:28:29 Acquisition started in regular mode
2019-02-06 21:28:34 Serial Port Closed
2019-02-06 21:28:34 Acquisition stopped
2019-02-06 21:28:34 GUI Exited
2019-02-06 21:28:37 GUI Started
2019-02-06 21:28:39 Acquisition started in regular mode
2019-02-06 21:28:42 Serial Port Closed
2019-02-06 21:28:42 Acquisition stopped
2019-02-06 21:28:43 GUI Exited
2019-02-06 21:29:38 GUI Started
2019-02-06 21:29:41 Acquisition started in regular mode
2019-02-06 21:30:14 Serial Port Closed
2019-02-06 21:30:14 Acquisition stopped
2019-02-06 21:30:15 GUI Exited
2019-02-06 21:35:54 GUI Started
2019-02-06 21:35:57 Acquisition started in regular mode
2019-02-06 21:36:45 Serial Port Closed
2019-02-06 21:36:45 Acquisition stopped
2019-02-06 21:36:46 GUI Exited
2019-02-06 21:38:22 GUI Started
2019-02-06 21:38:23 Acquisition started in regular mode
2019-02-06 21:40:49 Serial Port Closed
2019-02-06 21:40:49 Acquisition stopped
2019-02-06 21:40:49 GUI Exited
2019-02-06 21:51:12 GUI Started
2019-02-06 21:51:14 Acquisition started in regular mode
2019-02-06 21:51:27 Serial Port Closed
2019-02-06 21:51:27 Acquisition stopped
2019-02-06 21:51:28 Acquisition started in regular mode
2019-02-06 21:52:39 Serial Port Closed
2019-02-06 21:52:39 Acquisition stopped
2019-02-06 21:52:41 GUI Exited
2019-02-06 21:54:47 GUI Started
2019-02-06 21:54:48 Acquisition started in regular mode
2019-02-06 21:55:10 Serial Port Closed
2019-02-06 21:55:10 Acquisition stopped
2019-02-06 21:55:13 GUI Exited
2019-02-06 21:56:41 GUI Started
2019-02-06 21:56:43 Acquisition started in regular mode
2019-02-06 21:57:36 Serial Port Closed
2019-02-06 21:57:36 Acquisition stopped
2019-02-06 21:57:38 GUI Exited
2019-02-06 21:58:15 GUI Started
2019-02-06 21:58:16 Acquisition started in regular mode
2019-02-06 21:58:23 Serial Port Closed
2019-02-06 21:58:23 Acquisition stopped
2019-02-06 21:59:14 GUI Exited
2019-02-06 21:59:15 GUI Started
2019-02-06 21:59:17 Acquisition started in debug mode
2019-02-06 22:01:43 Serial Port Closed
2019-02-06 22:01:43 Acquisition stopped
2019-02-06 22:01:44 Acquisition started in debug mode
2019-02-06 22:02:37 Serial Port Closed
2019-02-06 22:02:37 Acquisition stopped
2019-02-06 22:02:38 Acquisition started in debug mode
2019-02-06 22:04:31 Serial Port Closed
2019-02-06 22:04:31 Acquisition stopped
2019-02-06 22:04:32 GUI Exited
