2019-02-06 23:01:57,100.0,30.0,-65.0,2.84,0,0,0
2019-02-06 23:01:57,100.0,30.0,-65.0,2.84,0,0,0
2019-02-06 23:01:57,100.0,30.0,-65.0,5.19,0,0,0
2019-02-06 23:01:57,100.0,30.0,-65.0,5.19,0,0,0
2019-02-06 23:01:57,100.0,30.0,-65.0,7.54,0,0,0
2019-02-06 23:01:57,100.0,30.0,-65.0,7.54,0,0,0
2019-02-06 23:01:57,100.0,30.0,-65.0,9.9,0,0,0
2019-02-06 23:01:57,100.0,30.0,-65.0,9.9,0,0,0
2019-02-06 23:01:57,100.0,30.0,-65.0,12.21,0,0,0
2019-02-06 23:01:57,100.0,30.0,-65.0,12.21,0,0,0
2019-02-06 23:01:57,100.0,30.0,-65.0,14.56,0,0,0
2019-02-06 23:01:57,100.0,30.0,-65.0,14.56,0,0,0
2019-02-06 23:01:57,100.0,30.0,-65.0,16.88,0,0,0
2019-02-06 23:01:57,100.0,30.0,-65.0,16.88,0,0,0
2019-02-06 23:01:57,100.0,30.0,-65.0,19.19,0,0,0
2019-02-06 23:01:57,100.0,30.0,-65.0,19.19,0,0,0
2019-02-06 23:01:57,100.0,30.0,-65.0,21.51,0,0,0
2019-02-06 23:01:57,100.0,30.0,-65.0,21.51,0,0,0
2019-02-06 23:01:57,100.0,30.0,-65.0,23.8,0,0,0
2019-02-06 23:01:57,100.0,30.0,-65.0,23.8,0,0,0
2019-02-06 23:01:57,100.0,30.0,-65.0,26.15,0,0,0
2019-02-06 23:01:57,100.0,30.0,-65.0,26.15,0,0,0
2019-02-06 23:01:57,100.0,30.0,-65.0,28.43,0,0,0
2019-02-06 23:01:57,100.0,30.0,-65.0,28.43,0,0,0
2019-02-06 23:01:57,100.0,30.0,-65.0,30.8,0,0,0
2019-02-06 23:01:57,100.0,30.0,-65.0,30.8,0,0,0
2019-02-06 23:01:57,100.0,30.0,-65.0,33.11,0,0,0
2019-02-06 23:01:57,100.0,30.0,-65.0,33.11,0,0,0
2019-02-06 23:01:57,100.0,30.0,-65.0,35.48,0,0,0
2019-02-06 23:01:57,100.0,30.0,-65.0,35.48,0,0,0
2019-02-06 23:01:57,100.0,30.0,-65.0,37.8,0,0,0
2019-02-06 23:01:57,100.0,30.0,-65.0,37.8,0,0,0
2019-02-06 23:01:57,100.0,30.0,-65.0,40.19,0,0,0
2019-02-06 23:01:57,100.0,30.0,-65.0,40.19,0,0,0
2019-02-06 23:01:57,100.0,30.0,-65.0,42.49,0,0,0
2019-02-06 23:01:57,100.0,30.0,-65.0,42.49,0,0,0
2019-02-06 23:01:57,100.0,30.0,-65.0,44.8,0,0,0
2019-02-06 23:01:57,100.0,30.0,-65.0,44.8,0,0,0
2019-02-06 23:01:57,0.0,999.0,-100.0,47.15,0,0,0
2019-02-06 23:01:57,0.0,999.0,-100.0,47.15,0,0,1
2019-02-06 23:01:57,0.0,999.0,-100.0,49.18,0,0,1
2019-02-06 23:01:57,0.0,999.0,-100.0,49.18,0,0,1
2019-02-06 23:01:57,0.0,999.0,-100.0,51.19,0,0,1
2019-02-06 23:01:57,0.0,999.0,-100.0,51.19,0,0,1
2019-02-06 23:01:57,0.0,999.0,-100.0,53.21,0,0,1
2019-02-06 23:01:57,0.0,999.0,-100.0,53.21,0,0,1
2019-02-06 23:01:57,0.0,999.0,-100.0,55.22,0,0,1
2019-02-06 23:01:57,0.0,999.0,-100.0,55.22,0,0,1
2019-02-06 23:01:57,0.0,999.0,-100.0,57.24,0,0,1
2019-02-06 23:01:57,0.0,999.0,-100.0,57.24,0,0,1
2019-02-06 23:01:57,0.0,999.0,-100.0,59.25,0,0,1
2019-02-06 23:01:57,0.0,999.0,-100.0,59.25,0,0,1
2019-02-06 23:01:57,0.0,999.0,-100.0,61.27,0,0,1
2019-02-06 23:01:57,0.0,999.0,-100.0,61.27,0,0,1
2019-02-06 23:01:57,0.0,999.0,-100.0,63.28,0,0,1
2019-02-06 23:01:57,0.0,999.0,-100.0,63.28,0,0,1
2019-02-06 23:01:57,0.0,999.0,-100.0,65.3,0,0,1
2019-02-06 23:01:57,0.0,999.0,-100.0,65.3,0,0,1
2019-02-06 23:01:57,0.0,999.0,-100.0,67.31,0,0,1
2019-02-06 23:01:57,0.0,999.0,-100.0,67.31,0,0,1
2019-02-06 23:01:57,0.0,999.0,-100.0,69.32,0,0,1
2019-02-06 23:01:57,0.0,999.0,-100.0,69.32,0,0,1
2019-02-06 23:02:44,-416.67,0.0,20.02,23.1,0,0,1
2019-02-06 23:02:45,-416.67,0.0,20.02,22.54,1,0,1
2019-02-06 23:02:46,-416.67,0.0,20.01,21.97,2,0,1
2019-02-06 23:02:47,-416.67,0.0,20.0,21.43,3,0,1
2019-02-06 23:02:48,-416.67,0.0,20.0,20.87,4,0,1
2019-02-06 23:02:49,-416.67,0.0,20.0,20.31,5,0,1
2019-02-06 23:02:50,-416.67,0.0,20.02,19.78,6,0,1
2019-02-06 23:02:51,-416.67,0.0,20.02,19.22,7,0,1
2019-02-06 23:02:52,-416.67,0.0,20.02,18.69,8,0,1
2019-02-06 23:02:53,-416.67,0.0,20.02,18.15,9,0,1
2019-02-06 23:02:54,-416.67,0.0,20.03,17.65,10,0,1
2019-02-06 23:02:55,-416.67,0.0,20.02,17.09,11,0,1
2019-02-06 23:02:56,-416.67,0.0,20.01,16.6,12,0,1
2019-02-06 23:02:57,-416.67,0.0,20.02,16.11,13,0,1
2019-02-06 23:02:58,-416.67,0.0,20.0,15.61,14,0,1
2019-02-06 23:02:59,-416.67,0.0,20.0,15.12,15,0,1
2019-02-06 23:03:00,-416.67,0.0,20.0,14.7,16,0,1
2019-02-06 23:03:01,-416.67,0.0,20.01,14.24,17,0,1
2019-02-06 23:03:02,-416.67,0.0,20.53,13.8,18,0,1
2019-02-06 23:03:03,-416.67,0.0,20.57,13.36,19,0,1
2019-02-06 23:03:04,-416.67,0.0,20.55,12.92,20,0,1
2019-02-06 23:03:05,-416.67,0.0,20.8,12.48,21,0,1
2019-02-06 23:03:06,-416.67,0.0,20.02,12.07,22,0,1
2019-02-06 23:03:07,-416.67,0.0,20.27,11.65,23,0,1
2019-02-06 23:03:08,-416.67,0.0,20.94,11.25,24,0,1
2019-02-06 23:03:09,-416.67,0.0,20.9,10.88,25,0,1
2019-02-06 23:03:10,-416.67,0.0,20.89,10.46,26,0,1
2019-02-06 23:03:11,-416.67,0.0,20.91,10.07,27,0,1
2019-02-06 23:03:12,-416.67,0.0,20.93,9.64,28,0,1
2019-02-06 23:03:13,-416.67,0.0,20.94,9.28,29,0,1
2019-02-06 23:03:14,-416.67,0.0,20.93,8.93,30,0,1
2019-02-06 23:03:15,-416.67,0.0,20.58,8.53,31,0,1
2019-02-06 23:03:16,-416.67,0.0,20.93,8.16,32,0,1
2019-02-06 23:03:17,-416.67,0.0,20.49,7.78,33,0,1
2019-02-06 23:03:18,-416.67,0.0,20.94,7.39,34,0,1
2019-02-06 23:03:19,-416.67,0.0,21.16,7.0,35,0,1
2019-02-06 23:03:20,-416.67,0.0,21.07,6.63,36,0,1
2019-02-06 23:03:21,-416.67,0.0,21.01,6.32,37,0,1
2019-02-06 23:03:22,-416.67,0.0,21.01,5.96,38,0,1
2019-02-06 23:03:23,-416.67,0.0,21.02,5.59,39,0,1
2019-02-06 23:03:24,-416.67,0.0,21.02,5.22,40,0,1
2019-02-06 23:03:25,-416.67,0.0,21.02,4.84,41,0,1
2019-02-06 23:03:26,-416.67,0.0,21.02,4.46,42,0,1
2019-02-06 23:03:27,-416.67,0.0,21.02,4.14,43,0,1
2019-02-06 23:13:08,0.0,999.0,-100.0,2.4,0,0,1
2019-02-06 23:13:08,0.0,999.0,-100.0,2.4,0,0,1
2019-02-06 23:13:08,0.0,999.0,-100.0,4.43,0,0,1
2019-02-06 23:13:08,0.0,999.0,-100.0,4.43,0,0,1
2019-02-06 23:13:08,0.0,999.0,-100.0,6.44,0,0,1
2019-02-06 23:13:08,0.0,999.0,-100.0,6.44,0,0,1
2019-02-06 23:13:08,0.0,999.0,-100.0,8.46,0,0,1
2019-02-06 23:13:08,0.0,999.0,-100.0,8.46,0,0,1
2019-02-06 23:13:08,0.0,999.0,-100.0,10.47,0,0,1
2019-02-06 23:13:08,0.0,999.0,-100.0,10.47,0,0,1
2019-02-06 23:13:08,0.0,999.0,-100.0,12.49,0,0,1
2019-02-06 23:13:08,0.0,999.0,-100.0,12.49,0,0,1
2019-02-06 23:14:58,0.0,999.0,-100.0,2.37,0,0,1
2019-02-06 23:14:58,0.0,999.0,-100.0,2.37,0,0,1
2019-02-06 23:14:58,0.0,999.0,-100.0,4.4,0,0,1
2019-02-06 23:14:58,0.0,999.0,-100.0,4.4,0,0,1
2019-02-06 23:14:58,0.0,999.0,-100.0,6.42,0,0,1
2019-02-06 23:14:58,0.0,999.0,-100.0,6.42,0,0,1
2019-02-06 23:14:58,0.0,999.0,-100.0,8.43,0,0,1
2019-02-06 23:14:58,0.0,999.0,-100.0,8.43,0,0,1
2019-02-06 23:14:58,0.0,999.0,-100.0,10.45,0,0,1
2019-02-06 23:14:58,0.0,999.0,-100.0,10.45,0,0,1
2019-02-06 23:14:58,0.0,999.0,-100.0,12.47,0,0,1
2019-02-06 23:14:58,0.0,999.0,-100.0,12.47,0,0,1
2019-02-06 23:14:58,0.0,999.0,-100.0,14.49,0,0,1
2019-02-06 23:14:58,0.0,999.0,-100.0,14.49,0,0,1
2019-02-06 23:14:58,0.0,999.0,-100.0,16.5,0,0,1
2019-02-06 23:14:58,0.0,999.0,-100.0,16.5,0,0,1
2019-02-06 23:14:58,0.0,999.0,-100.0,18.52,0,0,1
2019-02-06 23:14:58,0.0,999.0,-100.0,18.52,0,0,1
2019-02-06 23:14:58,0.0,999.0,-100.0,20.54,0,0,1
2019-02-06 23:14:58,0.0,999.0,-100.0,20.54,0,0,1
2019-02-06 23:14:58,0.0,999.0,-100.0,22.56,0,0,1
2019-02-06 23:14:58,0.0,999.0,-100.0,22.56,0,0,1
2019-02-06 23:14:58,0.0,999.0,-100.0,24.58,0,0,1
2019-02-06 23:14:58,0.0,999.0,-100.0,24.58,0,0,1
2019-02-06 23:14:58,0.0,999.0,-100.0,26.6,0,0,1
2019-02-06 23:14:58,0.0,999.0,-100.0,26.6,0,0,1
2019-02-06 23:14:58,0.0,999.0,-100.0,28.62,0,0,1
2019-02-06 23:14:58,0.0,999.0,-100.0,28.62,0,0,1
2019-02-06 23:14:58,0.0,999.0,-100.0,30.64,0,0,1
2019-02-06 23:14:58,0.0,999.0,-100.0,30.64,0,0,1
2019-02-06 23:14:58,0.0,999.0,-100.0,32.66,0,0,1
2019-02-06 23:14:58,0.0,999.0,-100.0,32.66,0,0,1
2019-02-06 23:14:58,0.0,999.0,-100.0,34.68,0,0,1
2019-02-06 23:14:58,0.0,999.0,-100.0,34.68,0,0,1
2019-02-06 23:14:58,0.0,999.0,-100.0,36.7,0,0,1
2019-02-06 23:14:58,0.0,999.0,-100.0,36.7,0,0,1
2019-02-06 23:14:58,0.0,999.0,-100.0,38.72,0,0,1
2019-02-06 23:14:58,0.0,999.0,-100.0,38.72,0,0,1
2019-02-06 23:14:58,0.0,999.0,-100.0,40.74,0,0,1
2019-02-06 23:14:58,0.0,999.0,-100.0,40.74,0,0,1
2019-02-06 23:14:58,0.0,999.0,-100.0,42.76,0,0,1
2019-02-06 23:14:58,0.0,999.0,-100.0,42.76,0,0,1
2019-02-06 23:16:08,0.0,999.0,-100.0,2.48,0,0,1
2019-02-06 23:16:08,0.0,999.0,-100.0,2.48,0,0,1
2019-02-06 23:16:08,0.0,999.0,-100.0,4.51,0,0,1
2019-02-06 23:16:08,0.0,999.0,-100.0,4.51,0,0,1
2019-02-06 23:16:08,0.0,999.0,-100.0,6.52,0,0,1
2019-02-06 23:16:08,0.0,999.0,-100.0,6.52,0,0,1
2019-02-06 23:16:08,0.0,999.0,-100.0,8.53,0,0,1
2019-02-06 23:16:08,0.0,999.0,-100.0,8.53,0,0,1
2019-02-06 23:16:08,0.0,999.0,-100.0,10.55,0,0,1
2019-02-06 23:16:08,0.0,999.0,-100.0,10.55,0,0,1
2019-02-06 23:16:08,0.0,999.0,-100.0,12.57,0,0,1
2019-02-06 23:16:08,0.0,999.0,-100.0,12.57,0,0,1
2019-02-06 23:16:08,0.0,999.0,-100.0,14.58,0,0,1
2019-02-06 23:16:08,0.0,999.0,-100.0,14.58,0,0,1
2019-02-06 23:17:23,100.0,30.0,-65.0,2.45,0,0,0
2019-02-06 23:17:23,100.0,30.0,-65.0,2.45,0,0,0
2019-02-06 23:17:23,100.0,30.0,-65.0,4.73,0,0,0
2019-02-06 23:17:23,100.0,30.0,-65.0,4.73,0,0,0
2019-02-06 23:17:23,0.0,999.0,-100.0,6.86,0,0,1
2019-02-06 23:17:23,0.0,999.0,-100.0,6.86,0,0,1
2019-02-06 23:17:23,0.0,999.0,-100.0,9.07,0,0,1
2019-02-06 23:17:23,0.0,999.0,-100.0,9.07,0,0,1
2019-02-06 23:17:23,0.0,999.0,-100.0,11.09,0,0,1
2019-02-06 23:17:23,0.0,999.0,-100.0,11.09,0,0,1
2019-02-06 23:17:23,0.0,999.0,-100.0,13.11,0,0,1
2019-02-06 23:17:23,0.0,999.0,-100.0,13.11,0,0,1
2019-02-06 23:17:23,0.0,999.0,-100.0,15.12,0,0,1
2019-02-06 23:17:23,0.0,999.0,-100.0,15.12,0,0,1
2019-02-06 23:17:23,0.0,999.0,-100.0,17.14,0,0,1
2019-02-06 23:17:23,0.0,999.0,-100.0,17.14,0,0,1
2019-02-06 23:17:23,0.0,999.0,-100.0,19.16,0,0,1
2019-02-06 23:17:23,0.0,999.0,-100.0,19.16,0,0,1
2019-02-06 23:17:23,0.0,999.0,-100.0,21.17,0,0,1
2019-02-06 23:17:23,0.0,999.0,-100.0,21.17,0,0,1
2019-02-06 23:17:23,0.0,999.0,-100.0,23.19,0,0,1
2019-02-06 23:17:23,0.0,999.0,-100.0,23.19,0,0,1
2019-02-06 23:17:23,0.0,999.0,-100.0,25.21,0,0,1
2019-02-06 23:17:23,0.0,999.0,-100.0,25.21,0,0,1
2019-02-06 23:17:23,0.0,999.0,-100.0,27.23,0,0,1
2019-02-06 23:17:23,0.0,999.0,-100.0,27.23,0,0,1
2019-02-06 23:17:23,0.0,999.0,-100.0,29.24,0,0,1
2019-02-06 23:17:23,0.0,999.0,-100.0,29.24,0,0,1
2019-02-06 23:17:23,0.0,999.0,-100.0,31.26,0,0,1
2019-02-06 23:17:23,0.0,999.0,-100.0,31.26,0,0,1
2019-02-06 23:17:23,0.0,999.0,-100.0,33.28,0,0,1
2019-02-06 23:17:23,0.0,999.0,-100.0,33.28,0,0,1
2019-02-06 23:17:23,0.0,999.0,-100.0,35.29,0,0,1
2019-02-06 23:17:23,0.0,999.0,-100.0,35.29,0,0,1
2019-02-06 23:17:23,0.0,999.0,-100.0,37.31,0,0,1
2019-02-06 23:17:23,0.0,999.0,-100.0,37.31,0,0,1
2019-02-06 23:17:23,0.0,999.0,-100.0,39.33,0,0,1
2019-02-06 23:17:23,0.0,999.0,-100.0,39.33,0,0,1
2019-02-06 23:17:23,0.0,999.0,-100.0,41.34,0,0,1
2019-02-06 23:17:23,0.0,999.0,-100.0,41.34,0,0,1
2019-02-06 23:17:23,0.0,999.0,-100.0,43.36,0,0,1
2019-02-06 23:17:23,0.0,999.0,-100.0,43.36,0,0,1
2019-02-06 23:17:23,0.0,999.0,-100.0,45.38,0,0,1
2019-02-06 23:17:23,0.0,999.0,-100.0,45.38,0,0,1
2019-02-06 23:17:23,0.0,999.0,-100.0,47.41,0,0,1
2019-02-06 23:17:23,0.0,999.0,-100.0,47.41,0,0,1
2019-02-06 23:17:23,0.0,999.0,-100.0,49.42,0,0,1
2019-02-06 23:17:23,0.0,999.0,-100.0,49.42,0,0,1
2019-02-06 23:17:23,0.0,999.0,-100.0,51.44,0,0,1
2019-02-06 23:17:23,0.0,999.0,-100.0,51.44,0,0,1
2019-02-06 23:18:35,100.0,30.0,-65.0,2.45,0,0,0
2019-02-06 23:18:35,100.0,30.0,-65.0,2.45,0,0,0
2019-02-06 23:18:35,100.0,30.0,-65.0,4.61,0,0,0
2019-02-06 23:18:35,100.0,30.0,-65.0,4.61,0,0,0
2019-02-06 23:18:35,100.0,30.0,-65.0,6.88,0,0,0
2019-02-06 23:18:35,100.0,30.0,-65.0,6.88,0,0,0
2019-02-06 23:18:35,100.0,30.0,-65.0,9.01,0,0,0
2019-02-06 23:18:35,100.0,30.0,-65.0,9.01,0,0,0
2019-02-06 23:18:35,100.0,30.0,-65.0,11.2,0,0,0
2019-02-06 23:18:35,100.0,30.0,-65.0,11.2,0,0,0
2019-02-06 23:18:35,100.0,30.0,-65.0,13.32,0,0,0
2019-02-06 23:18:35,100.0,30.0,-65.0,13.32,0,0,0
2019-02-06 23:18:35,100.0,30.0,-65.0,15.45,0,0,0
2019-02-06 23:18:35,100.0,30.0,-65.0,15.45,0,0,0
2019-02-06 23:18:35,100.0,30.0,-65.0,17.62,0,0,0
2019-02-06 23:18:35,100.0,30.0,-65.0,17.62,0,0,0
2019-02-06 23:18:35,100.0,30.0,-65.0,19.89,0,0,0
2019-02-06 23:18:35,100.0,30.0,-65.0,19.89,0,0,0
2019-02-06 23:18:35,100.0,30.0,-65.0,21.96,0,0,0
2019-02-06 23:18:35,100.0,30.0,-65.0,21.96,0,0,0
2019-02-06 23:18:35,100.0,30.0,-65.0,24.65,0,0,0
2019-02-06 23:18:35,100.0,30.0,-65.0,24.65,0,0,0
2019-02-06 23:18:35,100.0,30.0,-65.0,27.15,0,0,0
2019-02-06 23:18:35,100.0,30.0,-65.0,27.15,0,0,0
2019-02-06 23:18:35,100.0,30.0,-65.0,29.47,0,0,0
2019-02-06 23:18:35,100.0,30.0,-65.0,29.47,0,0,0
2019-02-06 23:18:35,100.0,30.0,-65.0,31.61,0,0,0
2019-02-06 23:18:35,100.0,30.0,-65.0,31.61,0,0,0
2019-02-06 23:18:35,100.0,30.0,-65.0,33.93,0,0,0
2019-02-06 23:18:35,100.0,30.0,-65.0,33.93,0,0,0
2019-02-06 23:18:35,100.0,30.0,-65.0,36.07,0,0,0
2019-02-06 23:18:35,100.0,30.0,-65.0,36.07,0,0,0
2019-02-06 23:18:35,100.0,30.0,-65.0,38.29,0,0,0
2019-02-06 23:18:35,100.0,30.0,-65.0,38.29,0,0,0
2019-02-06 23:18:35,100.0,30.0,-65.0,40.65,0,0,0
2019-02-06 23:18:35,100.0,30.0,-65.0,40.65,0,0,0
2019-02-06 23:18:35,100.0,30.0,-65.0,42.87,0,0,0
2019-02-06 23:18:35,100.0,30.0,-65.0,42.87,0,0,0
2019-02-06 23:18:35,100.0,30.0,-65.0,44.93,0,0,0
2019-02-06 23:18:35,100.0,30.0,-65.0,44.93,0,0,0
2019-02-06 23:18:35,100.0,30.0,-65.0,46.97,0,0,0
2019-02-06 23:18:35,100.0,30.0,-65.0,46.97,0,0,0
2019-02-06 23:18:35,100.0,30.0,-65.0,49.1,0,0,0
2019-02-06 23:18:35,100.0,30.0,-65.0,49.1,0,0,0
2019-02-06 23:18:35,100.0,30.0,-65.0,51.35,0,0,0
2019-02-06 23:18:35,100.0,30.0,-65.0,51.35,0,0,0
2019-02-06 23:20:47,100.0,30.0,-65.0,2.53,0,0,0
2019-02-06 23:20:47,100.0,30.0,-65.0,2.53,0,0,0
2019-02-06 23:20:47,100.0,30.0,-65.0,4.8,0,0,0
2019-02-06 23:20:47,100.0,30.0,-65.0,4.8,0,0,0
2019-02-06 23:20:47,100.0,30.0,-65.0,7.0,0,0,0
2019-02-06 23:20:47,100.0,30.0,-65.0,7.0,0,0,0
2019-02-06 23:20:47,100.0,30.0,-65.0,9.29,0,0,0
2019-02-06 23:20:47,100.0,30.0,-65.0,9.29,0,0,0
2019-02-06 23:20:47,100.0,30.0,-65.0,11.52,0,0,0
2019-02-06 23:20:47,100.0,30.0,-65.0,11.52,0,0,0
2019-02-06 23:20:47,100.0,30.0,-65.0,13.74,0,0,0
2019-02-06 23:20:47,100.0,30.0,-65.0,13.74,0,0,0
2019-02-06 23:21:02,-416.67,0.0,19.95,1.28,0,0,1
2019-02-06 23:21:03,-416.67,0.0,15.71,2.24,1,0,1
2019-02-06 23:21:04,-416.67,0.0,17.62,2.47,2,0,1
2019-02-06 23:21:05,-416.67,0.0,17.88,3.08,3,0,1
2019-02-06 23:21:06,-416.67,0.0,18.73,3.64,4,0,1
2019-02-06 23:21:07,-416.67,0.0,19.2,3.1,5,18,1
2019-02-06 23:21:08,-416.67,0.0,19.29,3.05,6,34,1
2019-02-06 23:21:09,-416.67,0.0,19.19,3.77,7,37,1
2019-02-06 23:21:10,-416.67,0.0,19.38,3.95,8,52,1
2019-02-06 23:21:13,-416.67,0.0,19.5,1.67,8,52,1
2019-02-06 23:21:14,-416.67,0.0,19.41,1.32,9,75,1
2019-02-06 23:21:15,-416.67,0.0,19.39,1.61,10,101,1
2019-02-06 23:21:16,-416.67,0.0,19.44,1.68,11,128,1
2019-02-06 23:21:17,-416.67,0.0,19.6,1.19,12,141,1
2019-02-06 23:21:18,-416.67,0.0,19.45,1.18,13,176,1
2019-02-06 23:21:19,-416.67,0.0,19.24,1.76,14,188,1
2019-02-06 23:21:20,-416.67,0.0,18.84,2.32,15,204,1
2019-02-06 23:21:21,-416.67,0.0,19.18,1.5,16,223,1
2019-02-06 23:21:22,-416.67,0.0,19.39,1.37,17,246,1
2019-02-06 23:21:23,-416.67,0.0,19.39,1.32,18,270,1
2019-02-06 23:21:53,-416.67,0.0,18.57,1.28,0,178,1
2019-02-06 23:21:54,-416.67,0.0,18.64,62.44,1,539,1
2019-02-06 23:21:55,-416.67,0.0,17.87,100.02,2,657,1
2019-02-06 23:21:56,-416.67,0.0,16.92,100.61,3,665,1
2019-02-06 23:21:57,-416.67,0.0,17.41,100.96,4,673,1
2019-02-06 23:21:58,-416.67,0.0,17.4,101.1,5,698,1
2019-02-06 23:21:59,-416.67,0.0,17.39,101.26,6,703,1
2019-02-06 23:22:00,-416.67,0.0,17.37,101.2,7,735,1
2019-02-06 23:22:01,-416.67,0.0,17.33,101.61,8,749,1
2019-02-06 23:22:02,-416.67,0.0,17.48,101.74,9,764,1
2019-02-06 23:24:00,100.0,30.0,-65.0,2.4,0,0,0
2019-02-06 23:24:00,100.0,30.0,-65.0,2.4,0,0,0
2019-02-06 23:24:00,100.0,30.0,-65.0,4.65,0,0,0
2019-02-06 23:24:00,100.0,30.0,-65.0,4.65,0,0,0
2019-02-06 23:24:00,100.0,30.0,-65.0,6.73,0,0,0
2019-02-06 23:24:00,100.0,30.0,-65.0,6.73,0,0,0
2019-02-06 23:24:00,100.0,30.0,-65.0,8.85,0,0,0
2019-02-06 23:24:00,100.0,30.0,-65.0,8.85,0,0,0
2019-02-06 23:24:09,-416.67,0.0,18.0,1.35,0,0,1
2019-02-06 23:24:10,-416.67,0.0,19.96,1.97,1,0,1
2019-02-06 23:24:11,-416.67,0.0,19.18,2.7,2,0,1
2019-02-06 23:24:12,-416.67,0.0,19.41,3.41,3,0,1
2019-02-06 23:24:13,-416.67,0.0,19.38,3.78,4,12,1
2019-02-06 23:24:14,-416.67,0.0,19.4,4.28,5,31,1
2019-02-06 23:24:15,-416.67,0.0,19.4,4.27,6,41,1
2019-02-06 23:24:16,-416.67,0.0,19.4,4.19,7,66,1
2019-02-06 23:24:17,-416.67,0.0,19.43,4.16,8,75,1
2019-02-06 23:24:18,-416.67,0.0,19.42,3.93,9,88,1
2019-02-06 23:24:19,-416.67,0.0,19.46,4.47,10,103,1
2019-02-06 23:24:20,-416.67,0.0,19.87,4.63,11,117,1
2019-02-06 23:24:21,-416.67,0.0,20.02,4.68,12,127,1
2019-02-06 23:24:22,-416.67,0.0,20.02,4.38,13,146,1
2019-02-06 23:24:23,-416.67,0.0,20.03,4.47,14,168,1
2019-02-06 23:24:24,-416.67,0.0,20.01,4.56,15,180,1
2019-02-06 23:24:25,-416.67,0.0,20.01,5.03,16,200,1
2019-02-06 23:24:26,-416.67,0.0,20.01,4.9,17,221,1
2019-02-06 23:24:27,-416.67,0.0,20.01,5.26,18,233,1
2019-02-06 23:24:32,-416.67,0.0,20.03,1.32,18,257,1
2019-02-06 23:24:33,-416.67,0.0,20.01,1.1,19,280,1
2019-02-06 23:24:34,-416.67,0.0,20.01,1.3,20,299,1
2019-02-06 23:24:35,-416.67,0.0,20.01,1.07,21,316,1
2019-02-06 23:25:18,100.0,30.0,-65.0,7.42,0,0,0
2019-02-06 23:25:18,100.0,30.0,-65.0,7.42,0,0,0
2019-02-06 23:25:18,0.0,999.0,-100.0,9.8,0,0,1
2019-02-06 23:25:18,0.0,999.0,-100.0,9.8,0,0,1
2019-02-06 23:25:18,0.0,999.0,-100.0,11.81,0,0,1
2019-02-06 23:25:18,0.0,999.0,-100.0,11.81,0,0,1
2019-02-06 23:25:26,-416.67,0.0,17.98,5.18,0,0,1
2019-02-06 23:25:27,-416.67,0.0,21.24,4.56,1,0,1
2019-02-06 23:25:28,-416.67,0.0,20.63,3.97,2,0,1
2019-02-06 23:25:29,-416.67,0.0,20.93,3.38,3,0,1
2019-02-06 23:25:30,-416.67,0.0,21.1,2.82,4,0,1
2019-02-06 23:25:31,-416.67,0.0,21.41,2.28,5,0,1
2019-02-06 23:25:32,-416.67,0.0,21.89,1.76,6,0,1
2019-02-06 23:25:33,-416.67,0.0,21.25,1.24,7,0,1
2019-02-06 23:25:34,-416.67,0.0,21.12,1.09,8,0,1
2019-02-06 23:25:35,-416.67,0.0,21.3,1.12,9,0,1
2019-02-06 23:25:36,-416.67,0.0,21.55,1.1,10,0,1
2019-02-06 23:25:37,-416.67,0.0,21.81,1.09,11,0,1
2019-02-06 23:25:38,-416.67,0.0,21.45,1.12,12,0,1
2019-02-06 23:25:39,-416.67,0.0,21.18,1.09,13,0,1
2019-02-06 23:25:40,-416.67,0.0,21.92,1.08,14,0,1
2019-02-06 23:25:41,-416.67,0.0,21.93,1.09,15,0,1
2019-02-06 23:25:42,-416.67,0.0,21.88,1.09,16,0,1
2019-02-06 23:25:43,-416.67,0.0,21.36,1.07,17,0,1
2019-02-06 23:25:44,-416.67,0.0,21.13,1.12,18,0,1
2019-02-06 23:25:45,-416.67,0.0,21.55,1.07,19,0,1
2019-02-06 23:25:46,-416.67,0.0,21.59,1.07,20,0,1
2019-02-06 23:25:47,-416.67,0.0,21.43,1.09,21,0,1
2019-02-06 23:25:48,-416.67,0.0,21.01,1.1,22,0,1
2019-02-06 23:25:49,-416.67,0.0,21.01,1.08,23,0,1
2019-02-06 23:25:50,-416.67,0.0,21.01,1.1,24,0,1
2019-02-06 23:27:13,100.0,30.0,-65.0,8.04,0,0,0
2019-02-06 23:27:13,100.0,30.0,-65.0,8.04,0,0,0
2019-02-06 23:27:13,0.0,999.0,-100.0,10.7,0,0,0
2019-02-06 23:27:13,0.0,999.0,-100.0,10.7,0,0,1
2019-02-06 23:27:13,0.0,999.0,-100.0,12.72,0,0,1
2019-02-06 23:27:13,0.0,999.0,-100.0,12.72,0,0,1
2019-02-06 23:27:13,0.0,999.0,-100.0,14.73,0,0,1
2019-02-06 23:27:13,0.0,999.0,-100.0,14.73,0,0,1
2019-02-06 23:27:13,0.0,999.0,-100.0,16.75,0,0,1
2019-02-06 23:27:13,0.0,999.0,-100.0,16.75,0,0,1
2019-02-06 23:27:13,0.0,999.0,-100.0,18.77,0,0,1
2019-02-06 23:27:13,0.0,999.0,-100.0,18.77,0,0,1
2019-02-06 23:27:13,0.0,999.0,-100.0,20.78,0,0,1
2019-02-06 23:27:13,0.0,999.0,-100.0,20.78,0,0,1
2019-02-06 23:27:13,0.0,999.0,-100.0,22.79,0,0,1
2019-02-06 23:27:13,0.0,999.0,-100.0,22.79,0,0,1
2019-02-06 23:27:13,0.0,999.0,-100.0,24.81,0,0,1
2019-02-06 23:27:13,0.0,999.0,-100.0,24.81,0,0,1
2019-02-06 23:27:13,0.0,999.0,-100.0,26.82,0,0,1
2019-02-06 23:27:13,0.0,999.0,-100.0,26.82,0,0,1
2019-02-06 23:27:13,0.0,999.0,-100.0,28.84,0,0,1
2019-02-06 23:27:13,0.0,999.0,-100.0,28.84,0,0,1
2019-02-06 23:27:13,0.0,999.0,-100.0,30.85,0,0,1
2019-02-06 23:27:13,0.0,999.0,-100.0,30.85,0,0,1
2019-02-06 23:27:13,0.0,999.0,-100.0,32.87,0,0,1
2019-02-06 23:27:13,0.0,999.0,-100.0,32.87,0,0,1
2019-02-06 23:27:13,0.0,999.0,-100.0,34.88,0,0,1
2019-02-06 23:27:13,0.0,999.0,-100.0,34.88,0,0,1
2019-02-06 23:27:13,0.0,999.0,-100.0,36.9,0,0,1
2019-02-06 23:27:13,0.0,999.0,-100.0,36.9,0,0,1
2019-02-06 23:27:13,0.0,999.0,-100.0,38.92,0,0,1
2019-02-06 23:27:13,0.0,999.0,-100.0,38.92,0,0,1
2019-02-06 23:32:31,100.0,30.0,-65.0,5.29,0,0,0
2019-02-06 23:32:31,100.0,30.0,-65.0,5.29,0,0,0
2019-02-06 23:32:31,100.0,30.0,-65.0,8.03,0,0,0
2019-02-06 23:32:31,100.0,30.0,-65.0,8.03,0,0,0
2019-02-06 23:32:31,100.0,30.0,-65.0,10.29,0,0,0
2019-02-06 23:32:31,100.0,30.0,-65.0,10.29,0,0,0
2019-02-06 23:32:31,100.0,30.0,-65.0,16.25,0,0,0
2019-02-06 23:32:31,100.0,30.0,-65.0,16.25,0,0,0
2019-02-06 23:32:31,100.0,30.0,-65.0,18.86,0,0,0
2019-02-06 23:32:31,100.0,30.0,-65.0,18.86,0,0,0
2019-02-06 23:32:31,100.0,30.0,-65.0,21.14,0,0,0
2019-02-06 23:32:31,100.0,30.0,-65.0,21.14,0,0,0
2019-02-06 23:32:31,100.0,30.0,-65.0,23.35,0,0,0
2019-02-06 23:32:31,100.0,30.0,-65.0,23.35,0,0,0
2019-02-06 23:32:31,100.0,30.0,-65.0,25.67,0,0,0
2019-02-06 23:32:31,100.0,30.0,-65.0,25.67,0,0,0
2019-02-06 23:32:31,100.0,30.0,-65.0,27.95,0,0,0
2019-02-06 23:32:31,100.0,30.0,-65.0,27.95,0,0,0
2019-02-06 23:32:31,100.0,30.0,-65.0,30.21,0,0,0
2019-02-06 23:32:31,100.0,30.0,-65.0,30.21,0,0,0
2019-02-06 23:32:31,100.0,30.0,-65.0,32.53,0,0,0
2019-02-06 23:32:31,100.0,30.0,-65.0,32.53,0,0,0
2019-02-06 23:32:31,100.0,30.0,-65.0,34.8,0,0,0
2019-02-06 23:32:31,100.0,30.0,-65.0,34.8,0,0,0
2019-02-06 23:32:31,100.0,30.0,-65.0,37.12,0,0,0
2019-02-06 23:32:31,100.0,30.0,-65.0,37.12,0,0,0
2019-02-06 23:32:31,100.0,30.0,-65.0,39.35,0,0,0
2019-02-06 23:32:31,100.0,30.0,-65.0,39.35,0,0,0
2019-02-06 23:32:31,100.0,30.0,-65.0,41.64,0,0,0
2019-02-06 23:32:31,100.0,30.0,-65.0,41.64,0,0,0
2019-02-06 23:32:31,100.0,30.0,-65.0,43.87,0,0,0
2019-02-06 23:32:31,100.0,30.0,-65.0,43.87,0,0,0
2019-02-06 23:32:31,100.0,30.0,-65.0,46.19,0,0,0
2019-02-06 23:32:31,100.0,30.0,-65.0,46.19,0,0,0
2019-02-06 23:32:31,0.0,999.0,-100.0,48.21,0,0,1
2019-02-06 23:32:31,0.0,999.0,-100.0,48.21,0,0,1
2019-02-06 23:32:31,0.0,999.0,-100.0,50.22,0,0,1
2019-02-06 23:32:31,0.0,999.0,-100.0,50.22,0,0,1
2019-02-06 23:32:31,0.0,999.0,-100.0,52.23,0,0,1
2019-02-06 23:32:31,0.0,999.0,-100.0,52.23,0,0,1
2019-02-06 23:32:31,0.0,999.0,-100.0,54.25,0,0,1
2019-02-06 23:32:31,0.0,999.0,-100.0,54.25,0,0,1
2019-02-06 23:33:39,0.0,999.0,-100.0,2.61,0,0,1
2019-02-06 23:33:39,0.0,999.0,-100.0,2.61,0,0,1
2019-02-06 23:33:39,0.0,999.0,-100.0,4.63,0,0,1
2019-02-06 23:33:39,0.0,999.0,-100.0,4.63,0,0,1
2019-02-06 23:33:39,0.0,999.0,-100.0,6.65,0,0,1
2019-02-06 23:33:39,0.0,999.0,-100.0,6.65,0,0,1
2019-02-06 23:33:39,0.0,999.0,-100.0,8.66,0,0,1
2019-02-06 23:33:39,0.0,999.0,-100.0,8.66,0,0,1
2019-02-06 23:33:39,0.0,999.0,-100.0,10.68,0,0,1
2019-02-06 23:33:39,0.0,999.0,-100.0,10.68,0,0,1
2019-02-06 23:33:39,0.0,999.0,-100.0,12.69,0,0,1
2019-02-06 23:33:39,0.0,999.0,-100.0,12.69,0,0,1
2019-02-06 23:33:39,0.0,999.0,-100.0,14.71,0,0,1
2019-02-06 23:33:39,0.0,999.0,-100.0,14.71,0,0,1
2019-02-06 23:33:39,0.0,999.0,-100.0,16.72,0,0,1
2019-02-06 23:33:39,0.0,999.0,-100.0,16.72,0,0,1
2019-02-06 23:33:39,0.0,999.0,-100.0,18.74,0,0,1
2019-02-06 23:33:39,0.0,999.0,-100.0,18.74,0,0,1
2019-02-06 23:33:39,0.0,999.0,-100.0,20.75,0,0,1
2019-02-06 23:33:39,0.0,999.0,-100.0,20.75,0,0,1
2019-02-06 23:33:39,0.0,999.0,-100.0,22.76,0,0,1
2019-02-06 23:33:39,0.0,999.0,-100.0,22.76,0,0,1
2019-02-06 23:33:39,0.0,999.0,-100.0,24.78,0,0,1
2019-02-06 23:33:39,0.0,999.0,-100.0,24.78,0,0,1
2019-02-06 23:33:39,0.0,999.0,-100.0,26.79,0,0,1
2019-02-06 23:33:39,0.0,999.0,-100.0,26.79,0,0,1
2019-02-06 23:33:39,0.0,999.0,-100.0,28.81,0,0,1
2019-02-06 23:33:39,0.0,999.0,-100.0,28.81,0,0,1
2019-02-06 23:33:39,0.0,999.0,-100.0,30.82,0,0,1
2019-02-06 23:33:39,0.0,999.0,-100.0,30.82,0,0,1
2019-02-06 23:33:39,0.0,999.0,-100.0,32.83,0,0,1
2019-02-06 23:33:39,0.0,999.0,-100.0,32.83,0,0,1
2019-02-06 23:33:39,0.0,999.0,-100.0,34.85,0,0,1
2019-02-06 23:33:39,0.0,999.0,-100.0,34.85,0,0,1
2019-02-06 23:33:39,0.0,999.0,-100.0,36.86,0,0,1
2019-02-06 23:33:39,0.0,999.0,-100.0,36.86,0,0,1
2019-02-06 23:33:39,0.0,999.0,-100.0,38.88,0,0,1
2019-02-06 23:33:39,0.0,999.0,-100.0,38.88,0,0,1
2019-02-06 23:33:39,0.0,999.0,-100.0,40.89,0,0,1
2019-02-06 23:33:39,0.0,999.0,-100.0,40.89,0,0,1
2019-02-06 23:33:39,0.0,999.0,-100.0,42.91,0,0,1
2019-02-06 23:33:39,0.0,999.0,-100.0,42.91,0,0,1
2019-02-06 23:33:39,0.0,999.0,-100.0,44.92,0,0,1
2019-02-06 23:33:39,0.0,999.0,-100.0,44.92,0,0,1
2019-02-06 23:33:39,0.0,999.0,-100.0,46.94,0,0,1
2019-02-06 23:33:39,0.0,999.0,-100.0,46.94,0,0,1
2019-02-06 23:33:39,0.0,999.0,-100.0,48.96,0,0,1
2019-02-06 23:33:39,0.0,999.0,-100.0,48.96,0,0,1
2019-02-06 23:33:39,0.0,999.0,-100.0,50.98,0,0,1
2019-02-06 23:33:39,0.0,999.0,-100.0,50.98,0,0,1
2019-02-06 23:33:39,0.0,999.0,-100.0,52.99,0,0,1
2019-02-06 23:33:39,0.0,999.0,-100.0,52.99,0,0,1
2019-02-06 23:33:39,0.0,999.0,-100.0,55.01,0,0,1
2019-02-06 23:33:39,0.0,999.0,-100.0,55.01,0,0,1
2019-02-06 23:33:39,0.0,999.0,-100.0,57.02,0,0,1
2019-02-06 23:33:39,0.0,999.0,-100.0,57.02,0,0,1
2019-02-06 23:33:39,0.0,999.0,-100.0,59.04,0,0,1
2019-02-06 23:33:39,0.0,999.0,-100.0,59.04,0,0,1
2019-02-06 23:33:39,0.0,999.0,-100.0,61.05,0,0,1
2019-02-06 23:33:39,0.0,999.0,-100.0,61.05,0,0,1
2019-02-06 23:33:39,0.0,999.0,-100.0,63.06,0,0,1
2019-02-06 23:33:39,0.0,999.0,-100.0,63.06,0,0,1
2019-02-06 23:33:39,0.0,999.0,-100.0,65.08,0,0,1
2019-02-06 23:33:39,0.0,999.0,-100.0,65.08,0,0,1
2019-02-06 23:33:39,0.0,999.0,-100.0,67.09,0,0,1
2019-02-06 23:33:39,0.0,999.0,-100.0,67.09,0,0,1
2019-02-06 23:33:39,0.0,999.0,-100.0,69.11,0,0,1
2019-02-06 23:33:39,0.0,999.0,-100.0,69.11,0,0,1
2019-02-06 23:33:39,0.0,999.0,-100.0,71.12,0,0,1
2019-02-06 23:33:39,0.0,999.0,-100.0,71.12,0,0,1
2019-02-06 23:33:39,0.0,999.0,-100.0,73.13,0,0,1
2019-02-06 23:33:39,0.0,999.0,-100.0,73.13,0,0,1
2019-02-06 23:33:39,0.0,999.0,-100.0,75.15,0,0,1
2019-02-06 23:33:39,0.0,999.0,-100.0,75.15,0,0,1
2019-02-06 23:33:39,0.0,999.0,-100.0,77.16,0,0,1
2019-02-06 23:33:39,0.0,999.0,-100.0,77.16,0,0,1
2019-02-06 23:33:39,0.0,999.0,-100.0,79.17,0,0,1
2019-02-06 23:33:39,0.0,999.0,-100.0,79.17,0,0,1
2019-02-06 23:33:39,0.0,999.0,-100.0,81.19,0,0,1
2019-02-06 23:33:39,0.0,999.0,-100.0,81.19,0,0,1
2019-02-06 23:33:39,0.0,999.0,-100.0,83.24,0,0,1
2019-02-06 23:33:39,0.0,999.0,-100.0,83.24,0,0,1
2019-02-06 23:33:39,0.0,999.0,-100.0,85.31,0,0,1
2019-02-06 23:33:39,0.0,999.0,-100.0,85.31,0,0,1
2019-02-06 23:33:39,0.0,999.0,-100.0,87.32,0,0,1
2019-02-06 23:33:39,0.0,999.0,-100.0,87.32,0,0,1
2019-02-06 23:33:39,0.0,999.0,-100.0,89.33,0,0,1
2019-02-06 23:33:39,0.0,999.0,-100.0,89.33,0,0,1
2019-02-06 23:33:39,0.0,999.0,-100.0,91.35,0,0,1
2019-02-06 23:33:39,0.0,999.0,-100.0,91.35,0,0,1
2019-02-06 23:33:39,0.0,999.0,-100.0,93.36,0,0,1
2019-02-06 23:33:39,0.0,999.0,-100.0,93.36,0,0,1
2019-02-06 23:33:39,0.0,999.0,-100.0,95.38,0,0,1
2019-02-06 23:33:39,0.0,999.0,-100.0,95.38,0,0,1
2019-02-06 23:35:23,100.0,30.0,-65.0,7.59,0,0,0
2019-02-06 23:35:23,100.0,30.0,-65.0,7.59,0,0,0
2019-02-06 23:35:23,100.0,30.0,-65.0,10.23,0,0,0
2019-02-06 23:35:23,100.0,30.0,-65.0,10.23,0,0,0
2019-02-06 23:35:23,100.0,30.0,-65.0,12.49,0,0,0
2019-02-06 23:35:23,100.0,30.0,-65.0,12.49,0,0,0
2019-02-06 23:35:23,100.0,30.0,-65.0,14.81,0,0,0
2019-02-06 23:35:23,100.0,30.0,-65.0,14.81,0,0,0
2019-02-06 23:35:23,100.0,30.0,-65.0,17.13,0,0,0
2019-02-06 23:35:23,100.0,30.0,-65.0,17.13,0,0,0
2019-02-06 23:35:23,100.0,30.0,-65.0,20.92,0,0,0
2019-02-06 23:35:23,100.0,30.0,-65.0,20.92,0,0,0
2019-02-06 23:35:23,100.0,30.0,-65.0,23.87,0,0,0
2019-02-06 23:35:23,100.0,30.0,-65.0,23.87,0,0,0
2019-02-06 23:35:23,100.0,30.0,-65.0,26.21,0,0,0
2019-02-06 23:35:23,100.0,30.0,-65.0,26.21,0,0,0
2019-02-06 23:35:23,100.0,30.0,-65.0,30.13,0,0,0
2019-02-06 23:35:23,100.0,30.0,-65.0,30.13,0,0,0
2019-02-06 23:35:23,100.0,30.0,-65.0,32.77,0,0,0
2019-02-06 23:35:23,100.0,30.0,-65.0,32.77,0,0,0
2019-02-06 23:35:23,100.0,30.0,-65.0,35.15,0,0,0
2019-02-06 23:35:23,100.0,30.0,-65.0,35.15,0,0,0
2019-02-06 23:35:23,100.0,30.0,-65.0,37.46,0,0,0
2019-02-06 23:35:23,100.0,30.0,-65.0,37.46,0,0,0
2019-02-06 23:35:23,100.0,30.0,-65.0,39.78,0,0,0
2019-02-06 23:35:23,100.0,30.0,-65.0,39.78,0,0,0
2019-02-06 23:35:23,100.0,30.0,-65.0,42.03,0,0,0
2019-02-06 23:35:23,100.0,30.0,-65.0,42.03,0,0,0
2019-02-06 23:35:23,100.0,30.0,-65.0,44.37,0,0,0
2019-02-06 23:35:23,100.0,30.0,-65.0,44.37,0,0,0
2019-02-06 23:35:23,100.0,30.0,-65.0,46.45,0,0,0
2019-02-06 23:35:23,100.0,30.0,-65.0,46.45,0,0,0
2019-02-06 23:35:23,100.0,30.0,-65.0,48.64,0,0,0
2019-02-06 23:35:23,100.0,30.0,-65.0,48.64,0,0,0
2019-02-06 23:35:23,100.0,30.0,-65.0,50.69,0,0,0
2019-02-06 23:35:23,100.0,30.0,-65.0,50.69,0,0,0
2019-02-06 23:35:23,0.0,999.0,-100.0,52.75,0,0,1
2019-02-06 23:35:23,0.0,999.0,-100.0,52.75,0,0,1
2019-02-06 23:35:23,0.0,999.0,-100.0,54.77,0,0,1
2019-02-06 23:35:23,0.0,999.0,-100.0,54.77,0,0,1
2019-02-06 23:35:23,0.0,999.0,-100.0,56.78,0,0,1
2019-02-06 23:35:23,0.0,999.0,-100.0,56.78,0,0,1
2019-02-06 23:35:23,0.0,999.0,-100.0,58.8,0,0,1
2019-02-06 23:35:23,0.0,999.0,-100.0,58.8,0,0,1
2019-02-06 23:35:23,0.0,999.0,-100.0,60.81,0,0,1
2019-02-06 23:35:23,0.0,999.0,-100.0,60.81,0,0,1
2019-02-06 23:35:23,0.0,999.0,-100.0,62.83,0,0,1
2019-02-06 23:35:23,0.0,999.0,-100.0,62.83,0,0,1
2019-02-06 23:35:23,0.0,999.0,-100.0,64.84,0,0,1
2019-02-06 23:35:23,0.0,999.0,-100.0,64.84,0,0,1
2019-02-06 23:35:23,0.0,999.0,-100.0,66.85,0,0,1
2019-02-06 23:35:23,0.0,999.0,-100.0,66.85,0,0,1
2019-02-06 23:35:23,0.0,999.0,-100.0,68.86,0,0,1
2019-02-06 23:35:23,0.0,999.0,-100.0,68.86,0,0,1
2019-02-06 23:35:23,0.0,999.0,-100.0,70.88,0,0,1
2019-02-06 23:35:23,0.0,999.0,-100.0,70.88,0,0,1
2019-02-06 23:35:23,0.0,999.0,-100.0,72.89,0,0,1
2019-02-06 23:35:23,0.0,999.0,-100.0,72.89,0,0,1
2019-02-06 23:35:23,0.0,999.0,-100.0,74.91,0,0,1
2019-02-06 23:35:23,0.0,999.0,-100.0,74.91,0,0,1
2019-02-06 23:35:23,0.0,999.0,-100.0,76.92,0,0,1
2019-02-06 23:35:23,0.0,999.0,-100.0,76.92,0,0,1
2019-02-06 23:35:23,0.0,999.0,-100.0,78.93,0,0,1
2019-02-06 23:35:23,0.0,999.0,-100.0,78.93,0,0,1
2019-02-06 23:35:23,0.0,999.0,-100.0,80.95,0,0,1
2019-02-06 23:35:23,0.0,999.0,-100.0,80.95,0,0,1
2019-02-06 23:35:23,0.0,999.0,-100.0,82.97,0,0,1
2019-02-06 23:35:23,0.0,999.0,-100.0,82.97,0,0,1
2019-02-06 23:35:23,0.0,999.0,-100.0,84.98,0,0,1
2019-02-06 23:35:23,0.0,999.0,-100.0,84.98,0,0,1
2019-02-06 23:35:23,0.0,999.0,-100.0,87.0,0,0,1
2019-02-06 23:35:23,0.0,999.0,-100.0,87.0,0,0,1
2019-02-06 23:35:23,0.0,999.0,-100.0,89.01,0,0,1
2019-02-06 23:35:23,0.0,999.0,-100.0,89.01,0,0,1
2019-02-06 23:35:23,0.0,999.0,-100.0,91.02,0,0,1
2019-02-06 23:35:23,0.0,999.0,-100.0,91.02,0,0,1
2019-02-06 23:35:23,0.0,999.0,-100.0,93.04,0,0,1
2019-02-06 23:35:23,0.0,999.0,-100.0,93.04,0,0,1
2019-02-06 23:35:23,0.0,999.0,-100.0,95.05,0,0,1
2019-02-06 23:35:23,0.0,999.0,-100.0,95.05,0,0,1
2019-02-06 23:35:23,0.0,999.0,-100.0,97.06,0,0,1
2019-02-06 23:35:23,0.0,999.0,-100.0,97.06,0,0,1
2019-02-06 23:35:23,0.0,999.0,-100.0,99.08,0,0,1
2019-02-06 23:35:23,0.0,999.0,-100.0,99.08,0,0,1
2019-02-06 23:35:23,0.0,999.0,-100.0,101.09,0,0,1
2019-02-06 23:35:23,0.0,999.0,-100.0,101.09,0,0,1
2019-02-06 23:35:23,0.0,999.0,-100.0,103.11,0,0,1
2019-02-06 23:35:23,0.0,999.0,-100.0,103.11,0,0,1
2019-02-06 23:35:23,0.0,999.0,-100.0,105.12,0,0,1
2019-02-06 23:35:23,0.0,999.0,-100.0,105.12,0,0,1
2019-02-06 23:35:23,0.0,999.0,-100.0,107.13,0,0,1
2019-02-06 23:35:23,0.0,999.0,-100.0,107.13,0,0,1
2019-02-06 23:35:23,0.0,999.0,-100.0,109.15,0,0,1
2019-02-06 23:35:23,0.0,999.0,-100.0,109.15,0,0,1
2019-02-06 23:35:23,0.0,999.0,-100.0,111.16,0,0,1
2019-02-06 23:35:23,0.0,999.0,-100.0,111.16,0,0,1
2019-02-06 23:35:23,0.0,999.0,-100.0,113.18,0,0,1
2019-02-06 23:35:23,0.0,999.0,-100.0,113.18,0,0,1
2019-02-06 23:35:23,0.0,999.0,-100.0,115.19,0,0,1
2019-02-06 23:35:23,0.0,999.0,-100.0,115.19,0,0,1
2019-02-06 23:35:23,0.0,999.0,-100.0,117.21,0,0,1
2019-02-06 23:35:23,0.0,999.0,-100.0,117.21,0,0,1
2019-02-06 23:35:23,0.0,999.0,-100.0,119.22,0,0,1
2019-02-06 23:35:23,0.0,999.0,-100.0,119.22,0,0,1
2019-02-06 23:35:23,0.0,999.0,-100.0,121.23,0,0,1
2019-02-06 23:35:23,0.0,999.0,-100.0,121.23,0,0,1
2019-02-06 23:35:23,0.0,999.0,-100.0,123.25,0,0,1
2019-02-06 23:35:23,0.0,999.0,-100.0,123.25,0,0,1
2019-02-06 23:35:23,0.0,999.0,-100.0,125.26,0,0,1
2019-02-06 23:35:23,0.0,999.0,-100.0,125.26,0,0,1
2019-02-06 23:35:23,0.0,999.0,-100.0,127.28,0,0,1
2019-02-06 23:35:23,0.0,999.0,-100.0,127.28,0,0,1
2019-02-06 23:35:23,0.0,999.0,-100.0,129.29,0,0,1
2019-02-06 23:35:23,0.0,999.0,-100.0,129.29,0,0,1
2019-02-06 23:35:23,0.0,999.0,-100.0,131.31,0,0,1
2019-02-06 23:35:23,0.0,999.0,-100.0,131.31,0,0,1
2019-02-06 23:35:23,0.0,999.0,-100.0,133.32,0,0,1
2019-02-06 23:35:23,0.0,999.0,-100.0,133.32,0,0,1
2019-02-06 23:35:23,0.0,999.0,-100.0,135.33,0,0,1
2019-02-06 23:35:23,0.0,999.0,-100.0,135.33,0,0,1
2019-02-06 23:35:23,0.0,999.0,-100.0,137.35,0,0,1
2019-02-06 23:35:23,0.0,999.0,-100.0,137.35,0,0,1
2019-02-06 23:35:23,0.0,999.0,-100.0,139.36,0,0,1
2019-02-06 23:35:23,0.0,999.0,-100.0,139.36,0,0,1
2019-02-06 23:35:23,0.0,999.0,-100.0,141.38,0,0,1
2019-02-06 23:35:23,0.0,999.0,-100.0,141.38,0,0,1
2019-02-06 23:35:23,0.0,999.0,-100.0,143.39,0,0,1
2019-02-06 23:35:23,0.0,999.0,-100.0,143.39,0,0,1
2019-02-06 23:35:23,0.0,999.0,-100.0,145.4,0,0,1
2019-02-06 23:35:23,0.0,999.0,-100.0,145.4,0,0,1
2019-02-06 23:35:23,0.0,999.0,-100.0,147.42,0,0,1
2019-02-06 23:35:23,0.0,999.0,-100.0,147.42,0,0,1
2019-02-06 23:35:23,0.0,999.0,-100.0,149.43,0,0,1
2019-02-06 23:35:23,0.0,999.0,-100.0,149.43,0,0,1
2019-02-06 23:35:23,0.0,999.0,-100.0,151.45,0,0,1
2019-02-06 23:35:23,0.0,999.0,-100.0,151.45,0,0,1
2019-02-06 23:35:23,0.0,999.0,-100.0,153.46,0,0,1
2019-02-06 23:35:23,0.0,999.0,-100.0,153.46,0,0,1
2019-02-06 23:35:23,0.0,999.0,-100.0,155.48,0,0,1
2019-02-06 23:35:23,0.0,999.0,-100.0,155.48,0,0,1
2019-02-06 23:35:23,0.0,999.0,-100.0,157.49,0,0,1
2019-02-06 23:35:23,0.0,999.0,-100.0,157.49,0,0,1
2019-02-06 23:35:23,0.0,999.0,-100.0,159.5,0,0,1
2019-02-06 23:35:23,0.0,999.0,-100.0,159.5,0,0,1
2019-02-06 23:35:23,0.0,999.0,-100.0,161.52,0,0,1
2019-02-06 23:35:23,0.0,999.0,-100.0,161.52,0,0,1
2019-02-06 23:35:23,0.0,999.0,-100.0,163.53,0,0,1
2019-02-06 23:35:23,0.0,999.0,-100.0,163.53,0,0,1
2019-02-06 23:35:23,0.0,999.0,-100.0,165.55,0,0,1
2019-02-06 23:35:23,0.0,999.0,-100.0,165.55,0,0,1
2019-02-06 23:35:23,0.0,999.0,-100.0,167.56,0,0,1
2019-02-06 23:35:23,0.0,999.0,-100.0,167.56,0,0,1
2019-02-06 23:35:23,0.0,999.0,-100.0,169.58,0,0,1
2019-02-06 23:35:23,0.0,999.0,-100.0,169.58,0,0,1
2019-02-06 23:35:23,0.0,999.0,-100.0,171.59,0,0,1
2019-02-06 23:35:23,0.0,999.0,-100.0,171.59,0,0,1
2019-02-06 23:35:23,0.0,999.0,-100.0,173.61,0,0,1
2019-02-06 23:35:23,0.0,999.0,-100.0,173.61,0,0,1
2019-02-06 23:35:23,0.0,999.0,-100.0,175.62,0,0,1
2019-02-06 23:35:23,0.0,999.0,-100.0,175.62,0,0,1
2019-02-06 23:35:23,0.0,999.0,-100.0,177.63,0,0,1
2019-02-06 23:35:23,0.0,999.0,-100.0,177.63,0,0,1
2019-02-06 23:35:23,0.0,999.0,-100.0,179.65,0,0,1
2019-02-06 23:35:23,0.0,999.0,-100.0,179.65,0,0,1
2019-02-06 23:35:23,0.0,999.0,-100.0,181.66,0,0,1
2019-02-06 23:35:23,0.0,999.0,-100.0,181.66,0,0,1
2019-02-06 23:35:23,0.0,999.0,-100.0,183.68,0,0,1
2019-02-06 23:35:23,0.0,999.0,-100.0,183.68,0,0,1
2019-02-06 23:35:23,0.0,999.0,-100.0,185.69,0,0,1
2019-02-06 23:35:23,0.0,999.0,-100.0,185.69,0,0,1
2019-02-06 23:35:23,0.0,999.0,-100.0,187.7,0,0,1
2019-02-06 23:35:23,0.0,999.0,-100.0,187.7,0,0,1
2019-02-06 23:35:23,0.0,999.0,-100.0,189.72,0,0,1
2019-02-06 23:35:23,0.0,999.0,-100.0,189.72,0,0,1
2019-02-06 23:35:23,0.0,999.0,-100.0,191.73,0,0,1
2019-02-06 23:35:23,0.0,999.0,-100.0,191.73,0,0,1
2019-02-06 23:35:23,0.0,999.0,-100.0,193.74,0,0,1
2019-02-06 23:35:23,0.0,999.0,-100.0,193.74,0,0,1
2019-02-06 23:35:23,0.0,999.0,-100.0,195.76,0,0,1
2019-02-06 23:35:23,0.0,999.0,-100.0,195.76,0,0,1
2019-02-06 23:35:23,0.0,999.0,-100.0,197.77,0,0,1
2019-02-06 23:35:23,0.0,999.0,-100.0,197.77,0,0,1
2019-02-06 23:35:23,0.0,999.0,-100.0,199.78,0,0,1
2019-02-06 23:35:23,0.0,999.0,-100.0,199.78,0,0,1
2019-02-06 23:35:23,0.0,999.0,-100.0,201.8,0,0,1
2019-02-06 23:35:23,0.0,999.0,-100.0,201.8,0,0,1
2019-02-06 23:35:23,0.0,999.0,-100.0,203.81,0,0,1
2019-02-06 23:35:23,0.0,999.0,-100.0,203.81,0,0,1
2019-02-06 23:38:58,0.0,999.0,-100.0,2.62,0,0,1
2019-02-06 23:38:58,0.0,999.0,-100.0,2.62,0,0,1
2019-02-06 23:38:58,0.0,999.0,-100.0,4.64,0,0,1
2019-02-06 23:38:58,0.0,999.0,-100.0,4.64,0,0,1
2019-02-06 23:38:58,0.0,999.0,-100.0,6.66,0,0,1
2019-02-06 23:38:58,0.0,999.0,-100.0,6.66,0,0,1
2019-02-06 23:38:58,0.0,999.0,-100.0,8.67,0,0,1
2019-02-06 23:38:58,0.0,999.0,-100.0,8.67,0,0,1
2019-02-06 23:38:58,0.0,999.0,-100.0,10.69,0,0,1
2019-02-06 23:38:58,0.0,999.0,-100.0,10.69,0,0,1
2019-02-06 23:38:58,0.0,999.0,-100.0,12.7,0,0,1
2019-02-06 23:38:58,0.0,999.0,-100.0,12.7,0,0,1
2019-02-06 23:38:58,0.0,999.0,-100.0,14.71,0,0,1
2019-02-06 23:38:58,0.0,999.0,-100.0,14.71,0,0,1
2019-02-06 23:38:58,0.0,999.0,-100.0,16.73,0,0,1
2019-02-06 23:38:58,0.0,999.0,-100.0,16.73,0,0,1
2019-02-06 23:38:58,0.0,999.0,-100.0,18.74,0,0,1
2019-02-06 23:38:58,0.0,999.0,-100.0,18.74,0,0,1
2019-02-06 23:38:58,0.0,999.0,-100.0,20.76,0,0,1
2019-02-06 23:38:58,0.0,999.0,-100.0,20.76,0,0,1
2019-02-06 23:38:58,0.0,999.0,-100.0,22.77,0,0,1
2019-02-06 23:38:58,0.0,999.0,-100.0,22.77,0,0,1
2019-02-06 23:38:58,0.0,999.0,-100.0,24.79,0,0,1
2019-02-06 23:38:58,0.0,999.0,-100.0,24.79,0,0,1
2019-02-06 23:38:58,0.0,999.0,-100.0,26.8,0,0,1
2019-02-06 23:38:58,0.0,999.0,-100.0,26.8,0,0,1
2019-02-06 23:38:58,0.0,999.0,-100.0,28.81,0,0,1
2019-02-06 23:38:58,0.0,999.0,-100.0,28.81,0,0,1
2019-02-06 23:38:58,0.0,999.0,-100.0,30.83,0,0,1
2019-02-06 23:38:58,0.0,999.0,-100.0,30.83,0,0,1
2019-02-06 23:38:58,0.0,999.0,-100.0,32.84,0,0,1
2019-02-06 23:38:58,0.0,999.0,-100.0,32.84,0,0,1
2019-02-06 23:38:58,0.0,999.0,-100.0,34.86,0,0,1
2019-02-06 23:38:58,0.0,999.0,-100.0,34.86,0,0,1
2019-02-06 23:38:58,0.0,999.0,-100.0,36.87,0,0,1
2019-02-06 23:38:58,0.0,999.0,-100.0,36.87,0,0,1
2019-02-06 23:38:58,0.0,999.0,-100.0,38.89,0,0,1
2019-02-06 23:38:58,0.0,999.0,-100.0,38.89,0,0,1
2019-02-06 23:38:58,0.0,999.0,-100.0,40.9,0,0,1
2019-02-06 23:38:58,0.0,999.0,-100.0,40.9,0,0,1
2019-02-06 23:38:58,0.0,999.0,-100.0,42.92,0,0,1
2019-02-06 23:38:58,0.0,999.0,-100.0,42.92,0,0,1
2019-02-06 23:38:58,0.0,999.0,-100.0,44.94,0,0,1
2019-02-06 23:38:58,0.0,999.0,-100.0,44.94,0,0,1
2019-02-06 23:38:58,0.0,999.0,-100.0,46.95,0,0,1
2019-02-06 23:38:58,0.0,999.0,-100.0,46.95,0,0,1
2019-02-06 23:38:58,0.0,999.0,-100.0,48.97,0,0,1
2019-02-06 23:38:58,0.0,999.0,-100.0,48.97,0,0,1
2019-02-06 23:38:58,0.0,999.0,-100.0,50.99,0,0,1
2019-02-06 23:38:58,0.0,999.0,-100.0,50.99,0,0,1
2019-02-06 23:38:58,0.0,999.0,-100.0,53.01,0,0,1
2019-02-06 23:38:58,0.0,999.0,-100.0,53.01,0,0,1
2019-02-06 23:38:58,0.0,999.0,-100.0,55.03,0,0,1
2019-02-06 23:38:58,0.0,999.0,-100.0,55.03,0,0,1
2019-02-06 23:38:58,0.0,999.0,-100.0,57.1,0,0,1
2019-02-06 23:38:58,0.0,999.0,-100.0,57.1,0,0,1
2019-02-06 23:38:58,0.0,999.0,-100.0,59.16,0,0,1
2019-02-06 23:38:58,0.0,999.0,-100.0,59.16,0,0,1
2019-02-06 23:38:58,0.0,999.0,-100.0,61.18,0,0,1
2019-02-06 23:38:58,0.0,999.0,-100.0,61.18,0,0,1
2019-02-06 23:38:58,0.0,999.0,-100.0,63.2,0,0,1
2019-02-06 23:38:58,0.0,999.0,-100.0,63.2,0,0,1
2019-02-06 23:38:58,0.0,999.0,-100.0,65.21,0,0,1
2019-02-06 23:38:58,0.0,999.0,-100.0,65.21,0,0,1
2019-02-06 23:38:58,0.0,999.0,-100.0,67.23,0,0,1
2019-02-06 23:38:58,0.0,999.0,-100.0,67.23,0,0,1
2019-02-06 23:38:58,0.0,999.0,-100.0,69.24,0,0,1
2019-02-06 23:38:58,0.0,999.0,-100.0,69.24,0,0,1
2019-02-06 23:38:58,0.0,999.0,-100.0,71.26,0,0,1
2019-02-06 23:38:58,0.0,999.0,-100.0,71.26,0,0,1
2019-02-06 23:38:58,0.0,999.0,-100.0,73.27,0,0,1
2019-02-06 23:38:58,0.0,999.0,-100.0,73.27,0,0,1
2019-02-06 23:38:58,0.0,999.0,-100.0,75.28,0,0,1
2019-02-06 23:38:58,0.0,999.0,-100.0,75.28,0,0,1
2019-02-06 23:38:58,0.0,999.0,-100.0,77.3,0,0,1
2019-02-06 23:38:58,0.0,999.0,-100.0,77.3,0,0,1
2019-02-06 23:38:58,0.0,999.0,-100.0,79.31,0,0,1
2019-02-06 23:38:58,0.0,999.0,-100.0,79.31,0,0,1
2019-02-06 23:38:58,0.0,999.0,-100.0,81.33,0,0,1
2019-02-06 23:38:58,0.0,999.0,-100.0,81.33,0,0,1
2019-02-06 23:38:58,0.0,999.0,-100.0,83.34,0,0,1
2019-02-06 23:38:58,0.0,999.0,-100.0,83.34,0,0,1
2019-02-06 23:38:58,0.0,999.0,-100.0,85.36,0,0,1
2019-02-06 23:38:58,0.0,999.0,-100.0,85.36,0,0,1
2019-02-06 23:38:58,0.0,999.0,-100.0,87.37,0,0,1
2019-02-06 23:38:58,0.0,999.0,-100.0,87.37,0,0,1
2019-02-06 23:38:58,0.0,999.0,-100.0,89.39,0,0,1
2019-02-06 23:38:58,0.0,999.0,-100.0,89.39,0,0,1
2019-02-06 23:38:58,0.0,999.0,-100.0,91.4,0,0,1
2019-02-06 23:38:58,0.0,999.0,-100.0,91.4,0,0,1
2019-02-06 23:38:58,0.0,999.0,-100.0,93.42,0,0,1
2019-02-06 23:38:58,0.0,999.0,-100.0,93.42,0,0,1
2019-02-06 23:38:58,0.0,999.0,-100.0,95.44,0,0,1
2019-02-06 23:38:58,0.0,999.0,-100.0,95.44,0,0,1
2019-02-06 23:38:58,0.0,999.0,-100.0,97.46,0,0,1
2019-02-06 23:38:58,0.0,999.0,-100.0,97.46,0,0,1
2019-02-06 23:38:58,0.0,999.0,-100.0,99.47,0,0,1
2019-02-06 23:38:58,0.0,999.0,-100.0,99.47,0,0,1
2019-02-06 23:38:58,0.0,999.0,-100.0,101.49,0,0,1
2019-02-06 23:38:58,0.0,999.0,-100.0,101.49,0,0,1
2019-02-06 23:38:58,0.0,999.0,-100.0,103.51,0,0,1
2019-02-06 23:38:58,0.0,999.0,-100.0,103.51,0,0,1
2019-02-06 23:38:58,0.0,999.0,-100.0,105.53,0,0,1
2019-02-06 23:38:58,0.0,999.0,-100.0,105.53,0,0,1
2019-02-06 23:38:58,0.0,999.0,-100.0,107.54,0,0,1
2019-02-06 23:38:58,0.0,999.0,-100.0,107.54,0,0,1
2019-02-06 23:38:58,0.0,999.0,-100.0,109.56,0,0,1
2019-02-06 23:38:58,0.0,999.0,-100.0,109.56,0,0,1
2019-02-06 23:38:58,0.0,999.0,-100.0,111.57,0,0,1
2019-02-06 23:38:58,0.0,999.0,-100.0,111.57,0,0,1
2019-02-06 23:38:58,0.0,999.0,-100.0,113.58,0,0,1
2019-02-06 23:38:58,0.0,999.0,-100.0,113.58,0,0,1
2019-02-06 23:38:58,0.0,999.0,-100.0,115.6,0,0,1
2019-02-06 23:38:58,0.0,999.0,-100.0,115.6,0,0,1
2019-02-06 23:38:58,0.0,999.0,-100.0,117.61,0,0,1
2019-02-06 23:38:58,0.0,999.0,-100.0,117.61,0,0,1
2019-02-06 23:38:58,0.0,999.0,-100.0,119.63,0,0,1
2019-02-06 23:38:58,0.0,999.0,-100.0,119.63,0,0,1
2019-02-06 23:38:58,0.0,999.0,-100.0,121.64,0,0,1
2019-02-06 23:38:58,0.0,999.0,-100.0,121.64,0,0,1
2019-02-06 23:38:58,0.0,999.0,-100.0,123.66,0,0,1
2019-02-06 23:38:58,0.0,999.0,-100.0,123.66,0,0,1
2019-02-06 23:38:58,0.0,999.0,-100.0,125.67,0,0,1
2019-02-06 23:38:58,0.0,999.0,-100.0,125.67,0,0,1
2019-02-06 23:38:58,0.0,999.0,-100.0,127.68,0,0,1
2019-02-06 23:38:58,0.0,999.0,-100.0,127.68,0,0,1
2019-02-06 23:38:58,0.0,999.0,-100.0,129.7,0,0,1
2019-02-06 23:38:58,0.0,999.0,-100.0,129.7,0,0,1
2019-02-06 23:38:58,0.0,999.0,-100.0,131.71,0,0,1
2019-02-06 23:38:58,0.0,999.0,-100.0,131.71,0,0,1
2019-02-06 23:38:58,0.0,999.0,-100.0,133.73,0,0,1
2019-02-06 23:38:58,0.0,999.0,-100.0,133.73,0,0,1
2019-02-06 23:38:58,0.0,999.0,-100.0,135.74,0,0,1
2019-02-06 23:38:58,0.0,999.0,-100.0,135.74,0,0,1
2019-02-06 23:38:58,0.0,999.0,-100.0,137.75,0,0,1
2019-02-06 23:38:58,0.0,999.0,-100.0,137.75,0,0,1
2019-02-06 23:38:58,0.0,999.0,-100.0,139.77,0,0,1
2019-02-06 23:38:58,0.0,999.0,-100.0,139.77,0,0,1
2019-02-06 23:38:58,0.0,999.0,-100.0,141.78,0,0,1
2019-02-06 23:38:58,0.0,999.0,-100.0,141.78,0,0,1
2019-02-06 23:38:58,0.0,999.0,-100.0,143.8,0,0,1
2019-02-06 23:38:58,0.0,999.0,-100.0,143.8,0,0,1
2019-02-06 23:38:58,0.0,999.0,-100.0,145.81,0,0,1
2019-02-06 23:38:58,0.0,999.0,-100.0,145.81,0,0,1
2019-02-06 23:38:58,0.0,999.0,-100.0,147.82,0,0,1
2019-02-06 23:38:58,0.0,999.0,-100.0,147.82,0,0,1
2019-02-06 23:38:58,0.0,999.0,-100.0,149.84,0,0,1
2019-02-06 23:38:58,0.0,999.0,-100.0,149.84,0,0,1
2019-02-06 23:38:58,0.0,999.0,-100.0,151.85,0,0,1
2019-02-06 23:38:58,0.0,999.0,-100.0,151.85,0,0,1
2019-02-06 23:38:58,0.0,999.0,-100.0,153.87,0,0,1
2019-02-06 23:38:58,0.0,999.0,-100.0,153.87,0,0,1
2019-02-06 23:38:58,0.0,999.0,-100.0,155.89,0,0,1
2019-02-06 23:38:58,0.0,999.0,-100.0,155.89,0,0,1
2019-02-06 23:38:58,0.0,999.0,-100.0,157.91,0,0,1
2019-02-06 23:38:58,0.0,999.0,-100.0,157.91,0,0,1
2019-02-06 23:38:58,0.0,999.0,-100.0,159.93,0,0,1
2019-02-06 23:38:58,0.0,999.0,-100.0,159.93,0,0,1
2019-02-06 23:38:58,0.0,999.0,-100.0,161.94,0,0,1
2019-02-06 23:38:58,0.0,999.0,-100.0,161.94,0,0,1
2019-02-06 23:38:58,0.0,999.0,-100.0,163.96,0,0,1
2019-02-06 23:38:58,0.0,999.0,-100.0,163.96,0,0,1
2019-02-06 23:38:58,0.0,999.0,-100.0,165.98,0,0,1
2019-02-06 23:38:58,0.0,999.0,-100.0,165.98,0,0,1
2019-02-06 23:38:58,0.0,999.0,-100.0,167.99,0,0,1
2019-02-06 23:38:58,0.0,999.0,-100.0,167.99,0,0,1
2019-02-06 23:38:58,0.0,999.0,-100.0,170.01,0,0,1
2019-02-06 23:38:58,0.0,999.0,-100.0,170.01,0,0,1
2019-02-06 23:38:58,0.0,999.0,-100.0,172.03,0,0,1
2019-02-06 23:38:58,0.0,999.0,-100.0,172.03,0,0,1
2019-02-06 23:38:58,0.0,999.0,-100.0,174.05,0,0,1
2019-02-06 23:38:58,0.0,999.0,-100.0,174.05,0,0,1
2019-02-06 23:38:58,0.0,999.0,-100.0,176.06,0,0,1
2019-02-06 23:38:58,0.0,999.0,-100.0,176.06,0,0,1
2019-02-06 23:38:58,0.0,999.0,-100.0,178.08,0,0,1
2019-02-06 23:38:58,0.0,999.0,-100.0,178.08,0,0,1
2019-02-06 23:38:58,0.0,999.0,-100.0,180.09,0,0,1
2019-02-06 23:38:58,0.0,999.0,-100.0,180.09,0,0,1
2019-02-06 23:38:58,0.0,999.0,-100.0,182.1,0,0,1
2019-02-06 23:38:58,0.0,999.0,-100.0,182.1,0,0,1
2019-02-06 23:38:58,0.0,999.0,-100.0,184.12,0,0,1
2019-02-06 23:38:58,0.0,999.0,-100.0,184.12,0,0,1
2019-02-06 23:38:58,0.0,999.0,-100.0,186.13,0,0,1
2019-02-06 23:38:58,0.0,999.0,-100.0,186.13,0,0,1
2019-02-06 23:38:58,0.0,999.0,-100.0,188.15,0,0,1
2019-02-06 23:38:58,0.0,999.0,-100.0,188.15,0,0,1
2019-02-06 23:38:58,0.0,999.0,-100.0,190.16,0,0,1
2019-02-06 23:38:58,0.0,999.0,-100.0,190.16,0,0,1
2019-02-06 23:38:58,0.0,999.0,-100.0,192.18,0,0,1
2019-02-06 23:38:58,0.0,999.0,-100.0,192.18,0,0,1
2019-02-06 23:38:58,0.0,999.0,-100.0,194.19,0,0,1
2019-02-06 23:38:58,0.0,999.0,-100.0,194.19,0,0,1
2019-02-06 23:38:58,0.0,999.0,-100.0,196.21,0,0,1
2019-02-06 23:38:58,0.0,999.0,-100.0,196.21,0,0,1
2019-02-06 23:38:58,0.0,999.0,-100.0,198.23,0,0,1
2019-02-06 23:38:58,0.0,999.0,-100.0,198.23,0,0,1
2019-02-06 23:38:58,0.0,999.0,-100.0,200.25,0,0,1
2019-02-06 23:38:58,0.0,999.0,-100.0,200.25,0,0,1
2019-02-06 23:38:58,0.0,999.0,-100.0,202.31,0,0,1
2019-02-06 23:38:58,0.0,999.0,-100.0,202.31,0,0,1
2019-02-06 23:38:58,0.0,999.0,-100.0,204.43,0,0,1
2019-02-06 23:38:58,0.0,999.0,-100.0,204.43,0,0,1
2019-02-06 23:38:58,0.0,999.0,-100.0,206.49,0,0,1
2019-02-06 23:38:58,0.0,999.0,-100.0,206.49,0,0,1
2019-02-06 23:38:58,0.0,999.0,-100.0,208.51,0,0,1
2019-02-06 23:38:58,0.0,999.0,-100.0,208.51,0,0,1
2019-02-06 23:38:58,0.0,999.0,-100.0,210.53,0,0,1
2019-02-06 23:38:58,0.0,999.0,-100.0,210.53,0,0,1
2019-02-06 23:38:58,0.0,999.0,-100.0,212.55,0,0,1
2019-02-06 23:38:58,0.0,999.0,-100.0,212.55,0,0,1
2019-02-06 23:38:58,0.0,999.0,-100.0,214.57,0,0,1
2019-02-06 23:38:58,0.0,999.0,-100.0,214.57,0,0,1
2019-02-06 23:38:58,0.0,999.0,-100.0,216.59,0,0,1
2019-02-06 23:38:58,0.0,999.0,-100.0,216.59,0,0,1
2019-02-06 23:38:58,0.0,999.0,-100.0,218.6,0,0,1
2019-02-06 23:38:58,0.0,999.0,-100.0,218.6,0,0,1
2019-02-06 23:38:58,0.0,999.0,-100.0,220.62,0,0,1
2019-02-06 23:38:58,0.0,999.0,-100.0,220.62,0,0,1
2019-02-06 23:38:58,0.0,999.0,-100.0,222.64,0,0,1
2019-02-06 23:38:58,0.0,999.0,-100.0,222.64,0,0,1
2019-02-06 23:38:58,0.0,999.0,-100.0,224.65,0,0,1
2019-02-06 23:38:58,0.0,999.0,-100.0,224.65,0,0,1
2019-02-06 23:38:58,0.0,999.0,-100.0,226.67,0,0,1
2019-02-06 23:38:58,0.0,999.0,-100.0,226.67,0,0,1
2019-02-06 23:38:58,0.0,999.0,-100.0,228.69,0,0,1
2019-02-06 23:38:58,0.0,999.0,-100.0,228.69,0,0,1
2019-02-06 23:38:58,0.0,999.0,-100.0,230.7,0,0,1
2019-02-06 23:38:58,0.0,999.0,-100.0,230.7,0,0,1
2019-02-06 23:38:58,0.0,999.0,-100.0,232.72,0,0,1
2019-02-06 23:38:58,0.0,999.0,-100.0,232.72,0,0,1
2019-02-06 23:38:58,0.0,999.0,-100.0,234.74,0,0,1
2019-02-06 23:38:58,0.0,999.0,-100.0,234.74,0,0,1
2019-02-06 23:38:58,0.0,999.0,-100.0,236.75,0,0,1
2019-02-06 23:38:58,0.0,999.0,-100.0,236.75,0,0,1
2019-02-06 23:38:58,0.0,999.0,-100.0,238.77,0,0,1
2019-02-06 23:38:58,0.0,999.0,-100.0,238.77,0,0,1
2019-02-06 23:38:58,0.0,999.0,-100.0,240.8,0,0,1
2019-02-06 23:38:58,0.0,999.0,-100.0,240.8,0,0,1
2019-02-06 23:38:58,0.0,999.0,-100.0,242.83,0,0,1
2019-02-06 23:38:58,0.0,999.0,-100.0,242.83,0,0,1
2019-02-06 23:38:58,0.0,999.0,-100.0,244.87,0,0,1
2019-02-06 23:38:58,0.0,999.0,-100.0,244.87,0,0,1
2019-02-06 23:38:58,0.0,999.0,-100.0,246.91,0,0,1
2019-02-06 23:38:58,0.0,999.0,-100.0,246.91,0,0,1
2019-02-06 23:38:58,0.0,999.0,-100.0,248.93,0,0,1
2019-02-06 23:38:58,0.0,999.0,-100.0,248.93,0,0,1
2019-02-06 23:38:58,0.0,999.0,-100.0,250.94,0,0,1
2019-02-06 23:38:58,0.0,999.0,-100.0,250.94,0,0,1
2019-02-06 23:38:58,0.0,999.0,-100.0,252.96,0,0,1
2019-02-06 23:38:58,0.0,999.0,-100.0,252.96,0,0,1
2019-02-06 23:38:58,0.0,999.0,-100.0,254.98,0,0,1
2019-02-06 23:38:58,0.0,999.0,-100.0,254.98,0,0,1
2019-02-06 23:38:58,0.0,999.0,-100.0,257.0,0,0,1
2019-02-06 23:38:58,0.0,999.0,-100.0,257.0,0,0,1
2019-02-06 23:38:58,0.0,999.0,-100.0,259.02,0,0,1
2019-02-06 23:38:58,0.0,999.0,-100.0,259.02,0,0,1
2019-02-06 23:38:58,0.0,999.0,-100.0,261.04,0,0,1
2019-02-06 23:38:58,0.0,999.0,-100.0,261.04,0,0,1
2019-02-06 23:38:58,0.0,999.0,-100.0,263.05,0,0,1
2019-02-06 23:38:58,0.0,999.0,-100.0,263.05,0,0,1
2019-02-06 23:38:58,0.0,999.0,-100.0,265.07,0,0,1
2019-02-06 23:38:58,0.0,999.0,-100.0,265.07,0,0,1
2019-02-06 23:38:58,0.0,999.0,-100.0,267.09,0,0,1
2019-02-06 23:38:58,0.0,999.0,-100.0,267.09,0,0,1
2019-02-06 23:38:58,0.0,999.0,-100.0,269.11,0,0,1
2019-02-06 23:38:58,0.0,999.0,-100.0,269.11,0,0,1
2019-02-06 23:38:58,0.0,999.0,-100.0,271.12,0,0,1
2019-02-06 23:38:58,0.0,999.0,-100.0,271.12,0,0,1
2019-02-06 23:38:58,0.0,999.0,-100.0,273.14,0,0,1
2019-02-06 23:38:58,0.0,999.0,-100.0,273.14,0,0,1
2019-02-06 23:38:58,0.0,999.0,-100.0,275.16,0,0,1
2019-02-06 23:38:58,0.0,999.0,-100.0,275.16,0,0,1
2019-02-06 23:38:58,0.0,999.0,-100.0,277.17,0,0,1
2019-02-06 23:38:58,0.0,999.0,-100.0,277.17,0,0,1
2019-02-06 23:38:58,0.0,999.0,-100.0,279.19,0,0,1
2019-02-06 23:38:58,0.0,999.0,-100.0,279.19,0,0,1
2019-02-06 23:38:58,0.0,999.0,-100.0,281.21,0,0,1
2019-02-06 23:38:58,0.0,999.0,-100.0,281.21,0,0,1
2019-02-06 23:38:58,0.0,999.0,-100.0,283.22,0,0,1
2019-02-06 23:38:58,0.0,999.0,-100.0,283.22,0,0,1
2019-02-06 23:38:58,0.0,999.0,-100.0,285.24,0,0,1
2019-02-06 23:38:58,0.0,999.0,-100.0,285.24,0,0,1
2019-02-06 23:38:58,0.0,999.0,-100.0,287.26,0,0,1
2019-02-06 23:38:58,0.0,999.0,-100.0,287.26,0,0,1
2019-02-06 23:38:58,0.0,999.0,-100.0,289.28,0,0,1
2019-02-06 23:38:58,0.0,999.0,-100.0,289.28,0,0,1
2019-02-06 23:38:58,0.0,999.0,-100.0,291.29,0,0,1
2019-02-06 23:38:58,0.0,999.0,-100.0,291.29,0,0,1
2019-02-06 23:38:58,0.0,999.0,-100.0,293.31,0,0,1
2019-02-06 23:38:58,0.0,999.0,-100.0,293.31,0,0,1
2019-02-06 23:38:58,0.0,999.0,-100.0,295.33,0,0,1
2019-02-06 23:38:58,0.0,999.0,-100.0,295.33,0,0,1
2019-02-06 23:38:58,0.0,999.0,-100.0,297.34,0,0,1
2019-02-06 23:38:58,0.0,999.0,-100.0,297.34,0,0,1
2019-02-06 23:38:58,0.0,999.0,-100.0,299.36,0,0,1
2019-02-06 23:38:58,0.0,999.0,-100.0,299.36,0,0,1
2019-02-06 23:38:58,0.0,999.0,-100.0,301.38,0,0,1
2019-02-06 23:38:58,0.0,999.0,-100.0,301.38,0,0,1
2019-02-06 23:38:58,0.0,999.0,-100.0,303.41,0,0,1
2019-02-06 23:38:58,0.0,999.0,-100.0,303.41,0,0,1
2019-02-06 23:38:58,0.0,999.0,-100.0,305.44,0,0,1
2019-02-06 23:38:58,0.0,999.0,-100.0,305.44,0,0,1
2019-02-06 23:38:58,0.0,999.0,-100.0,307.45,0,0,1
2019-02-06 23:38:58,0.0,999.0,-100.0,307.45,0,0,1
2019-02-06 23:38:58,0.0,999.0,-100.0,309.47,0,0,1
2019-02-06 23:38:58,0.0,999.0,-100.0,309.47,0,0,1
2019-02-06 23:38:58,0.0,999.0,-100.0,311.49,0,0,1
2019-02-06 23:38:58,0.0,999.0,-100.0,311.49,0,0,1
2019-02-06 23:38:58,0.0,999.0,-100.0,313.53,0,0,1
2019-02-06 23:38:58,0.0,999.0,-100.0,313.53,0,0,1
2019-02-06 23:38:58,0.0,999.0,-100.0,315.56,0,0,1
2019-02-06 23:38:58,0.0,999.0,-100.0,315.56,0,0,1
2019-02-06 23:38:58,0.0,999.0,-100.0,317.57,0,0,1
2019-02-06 23:38:58,0.0,999.0,-100.0,317.57,0,0,1
2019-02-06 23:38:58,0.0,999.0,-100.0,319.59,0,0,1
2019-02-06 23:38:58,0.0,999.0,-100.0,319.59,0,0,1
2019-02-06 23:38:58,0.0,999.0,-100.0,321.6,0,0,1
2019-02-06 23:38:58,0.0,999.0,-100.0,321.6,0,0,1
2019-02-06 23:38:58,0.0,999.0,-100.0,323.62,0,0,1
2019-02-06 23:38:58,0.0,999.0,-100.0,323.62,0,0,1
2019-02-06 23:38:58,0.0,999.0,-100.0,325.64,0,0,1
2019-02-06 23:38:58,0.0,999.0,-100.0,325.64,0,0,1
2019-02-06 23:38:58,0.0,999.0,-100.0,327.65,0,0,1
2019-02-06 23:38:58,0.0,999.0,-100.0,327.65,0,0,1
2019-02-06 23:38:58,0.0,999.0,-100.0,329.67,0,0,1
2019-02-06 23:38:58,0.0,999.0,-100.0,329.67,0,0,1
2019-02-06 23:38:58,0.0,999.0,-100.0,331.68,0,0,1
2019-02-06 23:38:58,0.0,999.0,-100.0,331.68,0,0,1
2019-02-06 23:38:58,0.0,999.0,-100.0,333.7,0,0,1
2019-02-06 23:38:58,0.0,999.0,-100.0,333.7,0,0,1
2019-02-06 23:38:58,0.0,999.0,-100.0,335.72,0,0,1
2019-02-06 23:38:58,0.0,999.0,-100.0,335.72,0,0,1
2019-02-06 23:38:58,0.0,999.0,-100.0,337.74,0,0,1
2019-02-06 23:38:58,0.0,999.0,-100.0,337.74,0,0,1
2019-02-06 23:45:37,100.0,30.0,-65.0,7.4,0,0,0
2019-02-06 23:45:37,100.0,30.0,-65.0,7.4,0,0,0
2019-02-06 23:45:37,100.0,30.0,-65.0,10.05,0,0,0
2019-02-06 23:45:37,100.0,30.0,-65.0,10.05,0,0,0
2019-02-06 23:45:37,100.0,30.0,-65.0,12.4,0,0,0
2019-02-06 23:45:37,100.0,30.0,-65.0,12.4,0,0,0
2019-02-06 23:45:37,100.0,30.0,-65.0,14.74,0,0,0
2019-02-06 23:45:37,100.0,30.0,-65.0,14.74,0,0,0
2019-02-06 23:45:37,100.0,30.0,-65.0,17.07,0,0,0
2019-02-06 23:45:37,100.0,30.0,-65.0,17.07,0,0,0
2019-02-06 23:45:37,100.0,30.0,-65.0,20.59,0,0,0
2019-02-06 23:45:37,100.0,30.0,-65.0,20.59,0,0,0
2019-02-06 23:45:37,100.0,30.0,-65.0,25.7,0,0,0
2019-02-06 23:45:37,100.0,30.0,-65.0,25.7,0,0,0
2019-02-06 23:45:37,100.0,30.0,-65.0,28.41,0,0,0
2019-02-06 23:45:37,100.0,30.0,-65.0,28.41,0,0,0
2019-02-06 23:45:37,0.0,999.0,-100.0,30.43,0,0,1
2019-02-06 23:45:37,0.0,999.0,-100.0,30.43,0,0,1
2019-02-06 23:45:37,0.0,999.0,-100.0,32.44,0,0,1
2019-02-06 23:45:37,0.0,999.0,-100.0,32.44,0,0,1
2019-02-06 23:45:37,0.0,999.0,-100.0,34.45,0,0,1
2019-02-06 23:45:37,0.0,999.0,-100.0,34.45,0,0,1
2019-02-06 23:45:37,0.0,999.0,-100.0,36.47,0,0,1
2019-02-06 23:45:37,0.0,999.0,-100.0,36.47,0,0,1
2019-02-06 23:45:37,0.0,999.0,-100.0,38.49,0,0,1
2019-02-06 23:45:37,0.0,999.0,-100.0,38.49,0,0,1
2019-02-06 23:45:37,0.0,999.0,-100.0,40.51,0,0,1
2019-02-06 23:45:37,0.0,999.0,-100.0,40.51,0,0,1
2019-02-06 23:45:37,0.0,999.0,-100.0,42.52,0,0,1
2019-02-06 23:45:37,0.0,999.0,-100.0,42.52,0,0,1
2019-02-06 23:45:37,0.0,999.0,-100.0,44.53,0,0,1
2019-02-06 23:45:37,0.0,999.0,-100.0,44.53,0,0,1
2019-02-06 23:45:37,0.0,999.0,-100.0,46.55,0,0,1
2019-02-06 23:45:37,0.0,999.0,-100.0,46.55,0,0,1
2019-02-06 23:45:37,0.0,999.0,-100.0,48.56,0,0,1
2019-02-06 23:45:37,0.0,999.0,-100.0,48.56,0,0,1
2019-02-06 23:45:37,0.0,999.0,-100.0,50.58,0,0,1
2019-02-06 23:45:37,0.0,999.0,-100.0,50.58,0,0,1
2019-02-06 23:45:37,0.0,999.0,-100.0,52.59,0,0,1
2019-02-06 23:45:37,0.0,999.0,-100.0,52.59,0,0,1
2019-02-06 23:45:37,0.0,999.0,-100.0,54.6,0,0,1
2019-02-06 23:45:37,0.0,999.0,-100.0,54.6,0,0,1
2019-02-06 23:45:37,0.0,999.0,-100.0,56.62,0,0,1
2019-02-06 23:45:37,0.0,999.0,-100.0,56.62,0,0,1
2019-02-06 23:45:37,0.0,999.0,-100.0,58.64,0,0,1
2019-02-06 23:45:37,0.0,999.0,-100.0,58.64,0,0,1
2019-02-06 23:45:37,0.0,999.0,-100.0,60.65,0,0,1
2019-02-06 23:45:37,0.0,999.0,-100.0,60.65,0,0,1
2019-02-06 23:45:37,0.0,999.0,-100.0,62.67,0,0,1
2019-02-06 23:45:37,0.0,999.0,-100.0,62.67,0,0,1
2019-02-06 23:45:37,0.0,999.0,-100.0,64.69,0,0,1
2019-02-06 23:45:37,0.0,999.0,-100.0,64.69,0,0,1
2019-02-06 23:45:37,0.0,999.0,-100.0,66.71,0,0,1
2019-02-06 23:45:37,0.0,999.0,-100.0,66.71,0,0,1
2019-02-06 23:45:37,0.0,999.0,-100.0,68.73,0,0,1
2019-02-06 23:45:37,0.0,999.0,-100.0,68.73,0,0,1
2019-02-06 23:45:37,0.0,999.0,-100.0,70.75,0,0,1
2019-02-06 23:45:37,0.0,999.0,-100.0,70.75,0,0,1
2019-02-06 23:45:37,0.0,999.0,-100.0,72.77,0,0,1
2019-02-06 23:45:37,0.0,999.0,-100.0,72.77,0,0,1
2019-02-06 23:45:37,0.0,999.0,-100.0,74.79,0,0,1
2019-02-06 23:45:37,0.0,999.0,-100.0,74.79,0,0,1
2019-02-06 23:45:37,0.0,999.0,-100.0,76.81,0,0,1
2019-02-06 23:45:37,0.0,999.0,-100.0,76.81,0,0,1
2019-02-06 23:45:37,0.0,999.0,-100.0,78.83,0,0,1
2019-02-06 23:45:37,0.0,999.0,-100.0,78.83,0,0,1
2019-02-06 23:45:37,0.0,999.0,-100.0,80.85,0,0,1
2019-02-06 23:45:37,0.0,999.0,-100.0,80.85,0,0,1
2019-02-06 23:45:37,0.0,999.0,-100.0,82.87,0,0,1
2019-02-06 23:45:37,0.0,999.0,-100.0,82.87,0,0,1
2019-02-06 23:45:37,0.0,999.0,-100.0,84.88,0,0,1
2019-02-06 23:45:37,0.0,999.0,-100.0,84.88,0,0,1
2019-02-06 23:45:37,0.0,999.0,-100.0,86.89,0,0,1
2019-02-06 23:45:37,0.0,999.0,-100.0,86.89,0,0,1
2019-02-06 23:45:37,0.0,999.0,-100.0,88.91,0,0,1
2019-02-06 23:45:37,0.0,999.0,-100.0,88.91,0,0,1
2019-02-06 23:45:37,0.0,999.0,-100.0,90.92,0,0,1
2019-02-06 23:45:37,0.0,999.0,-100.0,90.92,0,0,1
2019-02-06 23:45:37,0.0,999.0,-100.0,92.93,0,0,1
2019-02-06 23:45:37,0.0,999.0,-100.0,92.93,0,0,1
2019-02-06 23:45:37,0.0,999.0,-100.0,94.95,0,0,1
2019-02-06 23:45:37,0.0,999.0,-100.0,94.95,0,0,1
2019-02-06 23:45:37,0.0,999.0,-100.0,96.96,0,0,1
2019-02-06 23:45:37,0.0,999.0,-100.0,96.96,0,0,1
2019-02-06 23:45:37,0.0,999.0,-100.0,98.97,0,0,1
2019-02-06 23:45:37,0.0,999.0,-100.0,98.97,0,0,1
2019-02-06 23:45:37,0.0,999.0,-100.0,100.99,0,0,1
2019-02-06 23:45:37,0.0,999.0,-100.0,100.99,0,0,1
2019-02-06 23:45:37,0.0,999.0,-100.0,103.0,0,0,1
2019-02-06 23:45:37,0.0,999.0,-100.0,103.0,0,0,1
2019-02-06 23:45:37,0.0,999.0,-100.0,105.01,0,0,1
2019-02-06 23:45:37,0.0,999.0,-100.0,105.01,0,0,1
2019-02-06 23:45:37,0.0,999.0,-100.0,107.03,0,0,1
2019-02-06 23:45:37,0.0,999.0,-100.0,107.03,0,0,1
2019-02-06 23:45:37,0.0,999.0,-100.0,109.07,0,0,1
2019-02-06 23:45:37,0.0,999.0,-100.0,109.07,0,0,1
2019-02-06 23:45:37,0.0,999.0,-100.0,111.13,0,0,1
2019-02-06 23:45:37,0.0,999.0,-100.0,111.13,0,0,1
2019-02-06 23:45:37,0.0,999.0,-100.0,113.17,0,0,1
2019-02-06 23:45:37,0.0,999.0,-100.0,113.17,0,0,1
2019-02-06 23:45:37,0.0,999.0,-100.0,115.18,0,0,1
2019-02-06 23:45:37,0.0,999.0,-100.0,115.18,0,0,1
2019-02-06 23:45:37,0.0,999.0,-100.0,117.2,0,0,1
2019-02-06 23:45:37,0.0,999.0,-100.0,117.2,0,0,1
2019-02-06 23:45:37,0.0,999.0,-100.0,119.21,0,0,1
2019-02-06 23:45:37,0.0,999.0,-100.0,119.21,0,0,1
2019-02-06 23:45:37,0.0,999.0,-100.0,121.23,0,0,1
2019-02-06 23:45:37,0.0,999.0,-100.0,121.23,0,0,1
2019-02-06 23:45:37,0.0,999.0,-100.0,123.24,0,0,1
2019-02-06 23:45:37,0.0,999.0,-100.0,123.24,0,0,1
2019-02-06 23:45:37,0.0,999.0,-100.0,125.25,0,0,1
2019-02-06 23:45:37,0.0,999.0,-100.0,125.25,0,0,1
2019-02-06 23:45:37,0.0,999.0,-100.0,127.27,0,0,1
2019-02-06 23:45:37,0.0,999.0,-100.0,127.27,0,0,1
2019-02-06 23:45:37,0.0,999.0,-100.0,129.28,0,0,1
2019-02-06 23:45:37,0.0,999.0,-100.0,129.28,0,0,1
2019-02-06 23:45:37,0.0,999.0,-100.0,131.3,0,0,1
2019-02-06 23:45:37,0.0,999.0,-100.0,131.3,0,0,1
2019-02-06 23:45:37,0.0,999.0,-100.0,133.31,0,0,1
2019-02-06 23:45:37,0.0,999.0,-100.0,133.31,0,0,1
2019-02-06 23:45:37,0.0,999.0,-100.0,135.32,0,0,1
2019-02-06 23:45:37,0.0,999.0,-100.0,135.32,0,0,1
2019-02-06 23:45:37,0.0,999.0,-100.0,137.34,0,0,1
2019-02-06 23:45:37,0.0,999.0,-100.0,137.34,0,0,1
2019-02-06 23:45:37,0.0,999.0,-100.0,139.35,0,0,1
2019-02-06 23:45:37,0.0,999.0,-100.0,139.35,0,0,1
2019-02-06 23:45:37,0.0,999.0,-100.0,141.37,0,0,1
2019-02-06 23:45:37,0.0,999.0,-100.0,141.37,0,0,1
2019-02-06 23:45:37,0.0,999.0,-100.0,143.42,0,0,1
2019-02-06 23:45:37,0.0,999.0,-100.0,143.42,0,0,1
2019-02-06 23:45:37,0.0,999.0,-100.0,145.48,0,0,1
2019-02-06 23:45:37,0.0,999.0,-100.0,145.48,0,0,1
2019-02-06 23:45:37,0.0,999.0,-100.0,147.5,0,0,1
2019-02-06 23:45:37,0.0,999.0,-100.0,147.5,0,0,1
2019-02-06 23:45:37,0.0,999.0,-100.0,149.51,0,0,1
2019-02-06 23:45:37,0.0,999.0,-100.0,149.51,0,0,1
2019-02-06 23:45:37,0.0,999.0,-100.0,151.52,0,0,1
2019-02-06 23:45:37,0.0,999.0,-100.0,151.52,0,0,1
2019-02-06 23:45:37,0.0,999.0,-100.0,153.54,0,0,1
2019-02-06 23:45:37,0.0,999.0,-100.0,153.54,0,0,1
2019-02-06 23:45:37,0.0,999.0,-100.0,155.55,0,0,1
2019-02-06 23:45:37,0.0,999.0,-100.0,155.55,0,0,1
2019-02-06 23:45:37,0.0,999.0,-100.0,157.56,0,0,1
2019-02-06 23:45:37,0.0,999.0,-100.0,157.56,0,0,1
2019-02-06 23:45:37,0.0,999.0,-100.0,159.58,0,0,1
2019-02-06 23:45:37,0.0,999.0,-100.0,159.58,0,0,1
2019-02-06 23:45:37,0.0,999.0,-100.0,161.59,0,0,1
2019-02-06 23:45:37,0.0,999.0,-100.0,161.59,0,0,1
2019-02-06 23:45:37,0.0,999.0,-100.0,163.6,0,0,1
2019-02-06 23:45:37,0.0,999.0,-100.0,163.6,0,0,1
2019-02-06 23:45:37,0.0,999.0,-100.0,165.62,0,0,1
2019-02-06 23:45:37,0.0,999.0,-100.0,165.62,0,0,1
2019-02-06 23:45:37,0.0,999.0,-100.0,167.64,0,0,1
2019-02-06 23:45:37,0.0,999.0,-100.0,167.64,0,0,1
2019-02-06 23:45:37,0.0,999.0,-100.0,169.66,0,0,1
2019-02-06 23:45:37,0.0,999.0,-100.0,169.66,0,0,1
2019-02-06 23:45:37,0.0,999.0,-100.0,171.68,0,0,1
2019-02-06 23:45:37,0.0,999.0,-100.0,171.68,0,0,1
2019-02-06 23:45:37,0.0,999.0,-100.0,173.69,0,0,1
2019-02-06 23:45:37,0.0,999.0,-100.0,173.69,0,0,1
2019-02-06 23:45:37,0.0,999.0,-100.0,175.7,0,0,1
2019-02-06 23:45:37,0.0,999.0,-100.0,175.7,0,0,1
2019-02-06 23:49:10,100.0,30.0,-65.0,7.32,0,0,0
2019-02-06 23:49:10,100.0,30.0,-65.0,7.32,0,0,0
2019-02-06 23:49:10,100.0,30.0,-65.0,10.01,0,0,0
2019-02-06 23:49:10,100.0,30.0,-65.0,10.01,0,0,0
2019-02-06 23:49:10,100.0,30.0,-65.0,12.31,0,0,0
2019-02-06 23:49:10,100.0,30.0,-65.0,12.31,0,0,0
2019-02-06 23:49:10,100.0,30.0,-65.0,14.61,0,0,0
2019-02-06 23:49:10,100.0,30.0,-65.0,14.61,0,0,0
2019-02-06 23:49:10,100.0,30.0,-65.0,16.89,0,0,0
2019-02-06 23:49:10,100.0,30.0,-65.0,16.89,0,0,0
2019-02-06 23:49:10,100.0,30.0,-65.0,19.21,0,0,0
2019-02-06 23:49:10,100.0,30.0,-65.0,19.21,0,0,0
2019-02-06 23:49:10,100.0,30.0,-65.0,21.47,0,0,0
2019-02-06 23:49:10,100.0,30.0,-65.0,21.47,0,0,0
2019-02-06 23:49:10,100.0,30.0,-65.0,23.79,0,0,0
2019-02-06 23:49:10,100.0,30.0,-65.0,23.79,0,0,0
2019-02-06 23:49:10,100.0,30.0,-65.0,26.07,0,0,0
2019-02-06 23:49:10,100.0,30.0,-65.0,26.07,0,0,0
2019-02-06 23:49:10,100.0,30.0,-65.0,28.33,0,0,0
2019-02-06 23:49:10,100.0,30.0,-65.0,28.33,0,0,0
2019-02-06 23:49:10,100.0,30.0,-65.0,30.66,0,0,0
2019-02-06 23:49:10,100.0,30.0,-65.0,30.66,0,0,0
2019-02-06 23:49:10,100.0,30.0,-65.0,32.94,0,0,0
2019-02-06 23:49:10,100.0,30.0,-65.0,32.94,0,0,0
2019-02-06 23:49:10,100.0,30.0,-65.0,35.26,0,0,0
2019-02-06 23:49:10,100.0,30.0,-65.0,35.26,0,0,0
2019-02-06 23:49:10,100.0,30.0,-65.0,37.51,0,0,0
2019-02-06 23:49:10,100.0,30.0,-65.0,37.51,0,0,0
2019-02-06 23:49:10,100.0,30.0,-65.0,39.82,0,0,0
2019-02-06 23:49:10,100.0,30.0,-65.0,39.82,0,0,0
2019-02-06 23:49:10,100.0,30.0,-65.0,42.06,0,0,0
2019-02-06 23:49:10,100.0,30.0,-65.0,42.06,0,0,0
2019-02-06 23:49:10,100.0,30.0,-65.0,44.38,0,0,0
2019-02-06 23:49:10,100.0,30.0,-65.0,44.38,0,0,0
2019-02-06 23:49:10,100.0,30.0,-65.0,46.62,0,0,0
2019-02-06 23:49:10,100.0,30.0,-65.0,46.62,0,0,0
2019-02-06 23:49:10,100.0,30.0,-65.0,48.95,0,0,0
2019-02-06 23:49:10,100.0,30.0,-65.0,48.95,0,0,0
2019-02-06 23:49:10,100.0,30.0,-65.0,50.96,0,0,0
2019-02-06 23:49:10,100.0,30.0,-65.0,50.96,0,0,0
2019-02-06 23:49:10,0.0,999.0,-100.0,52.98,0,0,1
2019-02-06 23:49:10,0.0,999.0,-100.0,52.98,0,0,1
2019-02-06 23:49:10,0.0,999.0,-100.0,55.0,0,0,1
2019-02-06 23:49:10,0.0,999.0,-100.0,55.0,0,0,1
2019-02-06 23:49:10,0.0,999.0,-100.0,57.02,0,0,1
2019-02-06 23:49:10,0.0,999.0,-100.0,57.02,0,0,1
2019-02-06 23:49:10,0.0,999.0,-100.0,59.04,0,0,1
2019-02-06 23:49:10,0.0,999.0,-100.0,59.04,0,0,1
2019-02-06 23:49:10,0.0,999.0,-100.0,61.07,0,0,1
2019-02-06 23:49:10,0.0,999.0,-100.0,61.07,0,0,1
2019-02-06 23:49:10,0.0,999.0,-100.0,63.11,0,0,1
2019-02-06 23:49:10,0.0,999.0,-100.0,63.11,0,0,1
2019-02-06 23:49:10,0.0,999.0,-100.0,65.21,0,0,1
2019-02-06 23:49:10,0.0,999.0,-100.0,65.21,0,0,1
2019-02-06 23:49:10,0.0,999.0,-100.0,67.28,0,0,1
2019-02-06 23:49:10,0.0,999.0,-100.0,67.28,0,0,1
2019-02-06 23:49:10,0.0,999.0,-100.0,69.31,0,0,1
2019-02-06 23:49:10,0.0,999.0,-100.0,69.31,0,0,1
2019-02-06 23:49:10,0.0,999.0,-100.0,71.33,0,0,1
2019-02-06 23:49:10,0.0,999.0,-100.0,71.33,0,0,1
2019-02-06 23:49:10,0.0,999.0,-100.0,73.35,0,0,1
2019-02-06 23:49:10,0.0,999.0,-100.0,73.35,0,0,1
2019-02-06 23:49:10,0.0,999.0,-100.0,75.37,0,0,1
2019-02-06 23:49:10,0.0,999.0,-100.0,75.37,0,0,1
2019-02-06 23:49:10,0.0,999.0,-100.0,77.39,0,0,1
2019-02-06 23:49:10,0.0,999.0,-100.0,77.39,0,0,1
2019-02-06 23:49:10,0.0,999.0,-100.0,79.41,0,0,1
2019-02-06 23:49:10,0.0,999.0,-100.0,79.41,0,0,1
2019-02-06 23:49:10,0.0,999.0,-100.0,81.44,0,0,1
2019-02-06 23:49:10,0.0,999.0,-100.0,81.44,0,0,1
2019-02-06 23:49:10,0.0,999.0,-100.0,83.46,0,0,1
2019-02-06 23:49:10,0.0,999.0,-100.0,83.46,0,0,1
2019-02-06 23:49:10,0.0,999.0,-100.0,85.48,0,0,1
2019-02-06 23:49:10,0.0,999.0,-100.0,85.48,0,0,1
2019-02-06 23:49:10,0.0,999.0,-100.0,87.49,0,0,1
2019-02-06 23:49:10,0.0,999.0,-100.0,87.49,0,0,1
2019-02-06 23:49:10,0.0,999.0,-100.0,89.51,0,0,1
2019-02-06 23:49:10,0.0,999.0,-100.0,89.51,0,0,1
2019-02-06 23:49:10,0.0,999.0,-100.0,91.54,0,0,1
2019-02-06 23:49:10,0.0,999.0,-100.0,91.54,0,0,1
2019-02-06 23:49:10,0.0,999.0,-100.0,93.55,0,0,1
2019-02-06 23:49:10,0.0,999.0,-100.0,93.55,0,0,1
2019-02-06 23:49:10,0.0,999.0,-100.0,95.57,0,0,1
2019-02-06 23:49:10,0.0,999.0,-100.0,95.57,0,0,1
2019-02-06 23:49:10,0.0,999.0,-100.0,97.59,0,0,1
2019-02-06 23:49:10,0.0,999.0,-100.0,97.59,0,0,1
2019-02-06 23:49:10,0.0,999.0,-100.0,99.61,0,0,1
2019-02-06 23:49:10,0.0,999.0,-100.0,99.61,0,0,1
2019-02-06 23:49:10,0.0,999.0,-100.0,101.63,0,0,1
2019-02-06 23:49:10,0.0,999.0,-100.0,101.63,0,0,1
2019-02-06 23:49:10,0.0,999.0,-100.0,103.65,0,0,1
2019-02-06 23:49:10,0.0,999.0,-100.0,103.65,0,0,1
2019-02-06 23:49:10,0.0,999.0,-100.0,105.68,0,0,1
2019-02-06 23:49:10,0.0,999.0,-100.0,105.68,0,0,1
2019-02-06 23:49:10,0.0,999.0,-100.0,107.7,0,0,1
2019-02-06 23:49:10,0.0,999.0,-100.0,107.7,0,0,1
2019-02-06 23:49:10,0.0,999.0,-100.0,109.72,0,0,1
2019-02-06 23:49:10,0.0,999.0,-100.0,109.72,0,0,1
2019-02-06 23:49:10,0.0,999.0,-100.0,111.74,0,0,1
2019-02-06 23:49:10,0.0,999.0,-100.0,111.74,0,0,1
2019-02-06 23:49:10,0.0,999.0,-100.0,113.76,0,0,1
2019-02-06 23:49:10,0.0,999.0,-100.0,113.76,0,0,1
2019-02-06 23:49:10,0.0,999.0,-100.0,115.79,0,0,1
2019-02-06 23:49:10,0.0,999.0,-100.0,115.79,0,0,1
2019-02-06 23:49:10,0.0,999.0,-100.0,117.81,0,0,1
2019-02-06 23:49:10,0.0,999.0,-100.0,117.81,0,0,1
2019-02-06 23:49:10,0.0,999.0,-100.0,119.83,0,0,1
2019-02-06 23:49:10,0.0,999.0,-100.0,119.83,0,0,1
2019-02-06 23:49:10,0.0,999.0,-100.0,121.85,0,0,1
2019-02-06 23:49:10,0.0,999.0,-100.0,121.85,0,0,1
2019-02-06 23:49:10,0.0,999.0,-100.0,123.87,0,0,1
2019-02-06 23:49:10,0.0,999.0,-100.0,123.87,0,0,1
2019-02-06 23:49:10,0.0,999.0,-100.0,125.89,0,0,1
2019-02-06 23:49:10,0.0,999.0,-100.0,125.89,0,0,1
2019-02-06 23:49:10,0.0,999.0,-100.0,127.91,0,0,1
2019-02-06 23:49:10,0.0,999.0,-100.0,127.91,0,0,1
2019-02-06 23:49:10,0.0,999.0,-100.0,129.93,0,0,1
2019-02-06 23:49:10,0.0,999.0,-100.0,129.93,0,0,1
2019-02-06 23:49:10,0.0,999.0,-100.0,131.95,0,0,1
2019-02-06 23:49:10,0.0,999.0,-100.0,131.95,0,0,1
2019-02-06 23:49:10,0.0,999.0,-100.0,133.97,0,0,1
2019-02-06 23:49:10,0.0,999.0,-100.0,133.97,0,0,1
2019-02-06 23:49:10,0.0,999.0,-100.0,135.99,0,0,1
2019-02-06 23:49:10,0.0,999.0,-100.0,135.99,0,0,1
2019-02-06 23:49:10,0.0,999.0,-100.0,138.01,0,0,1
2019-02-06 23:49:10,0.0,999.0,-100.0,138.01,0,0,1
2019-02-06 23:49:10,0.0,999.0,-100.0,140.03,0,0,1
2019-02-06 23:49:10,0.0,999.0,-100.0,140.03,0,0,1
2019-02-06 23:49:10,0.0,999.0,-100.0,142.04,0,0,1
2019-02-06 23:49:10,0.0,999.0,-100.0,142.04,0,0,1
2019-02-06 23:49:10,0.0,999.0,-100.0,144.07,0,0,1
2019-02-06 23:49:10,0.0,999.0,-100.0,144.07,0,0,1
2019-02-06 23:49:10,0.0,999.0,-100.0,146.1,0,0,1
2019-02-06 23:49:10,0.0,999.0,-100.0,146.1,0,0,1
2019-02-06 23:49:10,0.0,999.0,-100.0,148.12,0,0,1
2019-02-06 23:49:10,0.0,999.0,-100.0,148.12,0,0,1
2019-02-06 23:49:10,0.0,999.0,-100.0,150.15,0,0,1
2019-02-06 23:49:10,0.0,999.0,-100.0,150.15,0,0,1
2019-02-06 23:49:10,0.0,999.0,-100.0,152.18,0,0,1
2019-02-06 23:49:10,0.0,999.0,-100.0,152.18,0,0,1
2019-02-06 23:49:10,0.0,999.0,-100.0,154.27,0,0,1
2019-02-06 23:49:10,0.0,999.0,-100.0,154.27,0,0,1
2019-02-06 23:49:10,0.0,999.0,-100.0,156.34,0,0,1
2019-02-06 23:49:10,0.0,999.0,-100.0,156.34,0,0,1
2019-02-06 23:49:10,0.0,999.0,-100.0,158.36,0,0,1
2019-02-06 23:49:10,0.0,999.0,-100.0,158.36,0,0,1
2019-02-06 23:49:10,0.0,999.0,-100.0,160.38,0,0,1
2019-02-06 23:49:10,0.0,999.0,-100.0,160.38,0,0,1
2019-02-06 23:49:10,0.0,999.0,-100.0,162.4,0,0,1
2019-02-06 23:49:10,0.0,999.0,-100.0,162.4,0,0,1
2019-02-06 23:49:10,0.0,999.0,-100.0,164.42,0,0,1
2019-02-06 23:49:10,0.0,999.0,-100.0,164.42,0,0,1
2019-02-06 23:49:10,0.0,999.0,-100.0,166.44,0,0,1
2019-02-06 23:49:10,0.0,999.0,-100.0,166.44,0,0,1
2019-02-06 23:49:10,0.0,999.0,-100.0,168.46,0,0,1
2019-02-06 23:49:10,0.0,999.0,-100.0,168.46,0,0,1
2019-02-06 23:49:10,0.0,999.0,-100.0,170.48,0,0,1
2019-02-06 23:49:10,0.0,999.0,-100.0,170.48,0,0,1
2019-02-06 23:49:10,0.0,999.0,-100.0,172.5,0,0,1
2019-02-06 23:49:10,0.0,999.0,-100.0,172.5,0,0,1
2019-02-06 23:49:10,0.0,999.0,-100.0,174.52,0,0,1
2019-02-06 23:49:10,0.0,999.0,-100.0,174.52,0,0,1
2019-02-06 23:49:10,0.0,999.0,-100.0,176.54,0,0,1
2019-02-06 23:49:10,0.0,999.0,-100.0,176.54,0,0,1
2019-02-06 23:49:10,0.0,999.0,-100.0,178.56,0,0,1
2019-02-06 23:49:10,0.0,999.0,-100.0,178.56,0,0,1
2019-02-06 23:49:10,0.0,999.0,-100.0,180.58,0,0,1
2019-02-06 23:49:10,0.0,999.0,-100.0,180.58,0,0,1
2019-02-06 23:49:10,0.0,999.0,-100.0,182.6,0,0,1
2019-02-06 23:49:10,0.0,999.0,-100.0,182.6,0,0,1
2019-02-06 23:49:10,0.0,999.0,-100.0,184.62,0,0,1
2019-02-06 23:49:10,0.0,999.0,-100.0,184.62,0,0,1
2019-02-06 23:49:10,0.0,999.0,-100.0,186.64,0,0,1
2019-02-06 23:49:10,0.0,999.0,-100.0,186.64,0,0,1
2019-02-06 23:49:10,0.0,999.0,-100.0,188.66,0,0,1
2019-02-06 23:49:10,0.0,999.0,-100.0,188.66,0,0,1
2019-02-06 23:49:10,0.0,999.0,-100.0,190.67,0,0,1
2019-02-06 23:49:10,0.0,999.0,-100.0,190.67,0,0,1
2019-02-06 23:49:10,0.0,999.0,-100.0,192.69,0,0,1
2019-02-06 23:49:10,0.0,999.0,-100.0,192.69,0,0,1
2019-02-06 23:49:10,0.0,999.0,-100.0,194.71,0,0,1
2019-02-06 23:49:10,0.0,999.0,-100.0,194.71,0,0,1
2019-02-06 23:49:10,0.0,999.0,-100.0,196.73,0,0,1
2019-02-06 23:49:10,0.0,999.0,-100.0,196.73,0,0,1
2019-02-06 23:49:10,0.0,999.0,-100.0,198.76,0,0,1
2019-02-06 23:49:10,0.0,999.0,-100.0,198.76,0,0,1
2019-02-06 23:49:10,0.0,999.0,-100.0,200.78,0,0,1
2019-02-06 23:49:10,0.0,999.0,-100.0,200.78,0,0,1
2019-02-06 23:49:10,0.0,999.0,-100.0,202.81,0,0,1
2019-02-06 23:49:10,0.0,999.0,-100.0,202.81,0,0,1
2019-02-06 23:49:10,0.0,999.0,-100.0,204.83,0,0,1
2019-02-06 23:49:10,0.0,999.0,-100.0,204.83,0,0,1
2019-02-06 23:49:10,0.0,999.0,-100.0,206.88,0,0,1
2019-02-06 23:49:10,0.0,999.0,-100.0,206.88,0,0,1
2019-02-06 23:49:10,0.0,999.0,-100.0,208.98,0,0,1
2019-02-06 23:49:10,0.0,999.0,-100.0,208.98,0,0,1
2019-02-06 23:49:10,0.0,999.0,-100.0,211.08,0,0,1
2019-02-06 23:49:10,0.0,999.0,-100.0,211.08,0,0,1
2019-02-06 23:49:10,0.0,999.0,-100.0,213.1,0,0,1
2019-02-06 23:49:10,0.0,999.0,-100.0,213.1,0,0,1
2019-02-06 23:49:10,0.0,999.0,-100.0,215.12,0,0,1
2019-02-06 23:49:10,0.0,999.0,-100.0,215.12,0,0,1
2019-02-06 23:49:10,0.0,999.0,-100.0,217.14,0,0,1
2019-02-06 23:49:10,0.0,999.0,-100.0,217.14,0,0,1
2019-02-06 23:49:10,0.0,999.0,-100.0,219.16,0,0,1
2019-02-06 23:49:10,0.0,999.0,-100.0,219.16,0,0,1
2019-02-06 23:49:10,0.0,999.0,-100.0,221.18,0,0,1
2019-02-06 23:49:10,0.0,999.0,-100.0,221.18,0,0,1
2019-02-06 23:49:10,0.0,999.0,-100.0,223.2,0,0,1
2019-02-06 23:49:10,0.0,999.0,-100.0,223.2,0,0,1
2019-02-06 23:49:10,0.0,999.0,-100.0,225.23,0,0,1
2019-02-06 23:49:10,0.0,999.0,-100.0,225.23,0,0,1
2019-02-06 23:49:10,0.0,999.0,-100.0,227.25,0,0,1
2019-02-06 23:49:10,0.0,999.0,-100.0,227.25,0,0,1
2019-02-06 23:49:10,0.0,999.0,-100.0,229.27,0,0,1
2019-02-06 23:49:10,0.0,999.0,-100.0,229.27,0,0,1
2019-02-06 23:49:10,0.0,999.0,-100.0,231.29,0,0,1
2019-02-06 23:49:10,0.0,999.0,-100.0,231.29,0,0,1
2019-02-06 23:49:10,0.0,999.0,-100.0,233.31,0,0,1
2019-02-06 23:49:10,0.0,999.0,-100.0,233.31,0,0,1
2019-02-06 23:49:10,0.0,999.0,-100.0,235.33,0,0,1
2019-02-06 23:49:10,0.0,999.0,-100.0,235.33,0,0,1
2019-02-06 23:49:10,0.0,999.0,-100.0,237.36,0,0,1
2019-02-06 23:49:10,0.0,999.0,-100.0,237.36,0,0,1
2019-02-06 23:49:10,0.0,999.0,-100.0,239.38,0,0,1
2019-02-06 23:49:10,0.0,999.0,-100.0,239.38,0,0,1
2019-02-06 23:49:10,0.0,999.0,-100.0,241.4,0,0,1
2019-02-06 23:49:10,0.0,999.0,-100.0,241.4,0,0,1
2019-02-06 23:49:10,0.0,999.0,-100.0,243.43,0,0,1
2019-02-06 23:49:10,0.0,999.0,-100.0,243.43,0,0,1
2019-02-06 23:49:10,0.0,999.0,-100.0,245.46,0,0,1
2019-02-06 23:49:10,0.0,999.0,-100.0,245.46,0,0,1
2019-02-06 23:49:10,0.0,999.0,-100.0,247.48,0,0,1
2019-02-06 23:49:10,0.0,999.0,-100.0,247.48,0,0,1
2019-02-06 23:49:10,0.0,999.0,-100.0,249.53,0,0,1
2019-02-06 23:49:10,0.0,999.0,-100.0,249.53,0,0,1
2019-02-06 23:49:10,0.0,999.0,-100.0,251.56,0,0,1
2019-02-06 23:49:10,0.0,999.0,-100.0,251.56,0,0,1
2019-02-06 23:49:10,0.0,999.0,-100.0,253.58,0,0,1
2019-02-06 23:49:10,0.0,999.0,-100.0,253.58,0,0,1
2019-02-06 23:49:10,0.0,999.0,-100.0,255.6,0,0,1
2019-02-06 23:49:10,0.0,999.0,-100.0,255.6,0,0,1
2019-02-06 23:49:10,0.0,999.0,-100.0,257.62,0,0,1
2019-02-06 23:49:10,0.0,999.0,-100.0,257.62,0,0,1
2019-02-06 23:49:10,0.0,999.0,-100.0,259.64,0,0,1
2019-02-06 23:49:10,0.0,999.0,-100.0,259.64,0,0,1
2019-02-06 23:49:10,0.0,999.0,-100.0,261.66,0,0,1
2019-02-06 23:49:10,0.0,999.0,-100.0,261.66,0,0,1
2019-02-06 23:49:10,0.0,999.0,-100.0,263.68,0,0,1
2019-02-06 23:49:10,0.0,999.0,-100.0,263.68,0,0,1
2019-02-06 23:49:10,0.0,999.0,-100.0,265.7,0,0,1
2019-02-06 23:49:10,0.0,999.0,-100.0,265.7,0,0,1
2019-02-06 23:49:10,0.0,999.0,-100.0,267.72,0,0,1
2019-02-06 23:49:10,0.0,999.0,-100.0,267.72,0,0,1
2019-02-06 23:49:10,0.0,999.0,-100.0,269.74,0,0,1
2019-02-06 23:49:10,0.0,999.0,-100.0,269.74,0,0,1
2019-02-06 23:49:10,0.0,999.0,-100.0,271.76,0,0,1
2019-02-06 23:49:10,0.0,999.0,-100.0,271.76,0,0,1
2019-02-06 23:49:10,0.0,999.0,-100.0,273.79,0,0,1
2019-02-06 23:49:10,0.0,999.0,-100.0,273.79,0,0,1
2019-02-06 23:49:10,0.0,999.0,-100.0,275.81,0,0,1
2019-02-06 23:49:10,0.0,999.0,-100.0,275.81,0,0,1
2019-02-06 23:49:10,0.0,999.0,-100.0,277.83,0,0,1
2019-02-06 23:49:10,0.0,999.0,-100.0,277.83,0,0,1
2019-02-06 23:49:10,0.0,999.0,-100.0,279.85,0,0,1
2019-02-06 23:49:10,0.0,999.0,-100.0,279.85,0,0,1
2019-02-06 23:49:10,0.0,999.0,-100.0,281.93,0,0,1
2019-02-06 23:49:10,0.0,999.0,-100.0,281.93,0,0,1
2019-02-06 23:49:10,0.0,999.0,-100.0,284.0,0,0,1
2019-02-06 23:49:10,0.0,999.0,-100.0,284.0,0,0,1
2019-02-06 23:49:10,0.0,999.0,-100.0,286.02,0,0,1
2019-02-06 23:49:10,0.0,999.0,-100.0,286.02,0,0,1
2019-02-06 23:49:10,0.0,999.0,-100.0,288.04,0,0,1
2019-02-06 23:49:10,0.0,999.0,-100.0,288.04,0,0,1
2019-02-06 23:49:10,0.0,999.0,-100.0,290.06,0,0,1
2019-02-06 23:49:10,0.0,999.0,-100.0,290.06,0,0,1
2019-02-06 23:49:10,0.0,999.0,-100.0,292.08,0,0,1
2019-02-06 23:49:10,0.0,999.0,-100.0,292.08,0,0,1
2019-02-06 23:49:10,0.0,999.0,-100.0,294.1,0,0,1
2019-02-06 23:49:10,0.0,999.0,-100.0,294.1,0,0,1
2019-02-06 23:49:10,0.0,999.0,-100.0,296.12,0,0,1
2019-02-06 23:49:10,0.0,999.0,-100.0,296.12,0,0,1
2019-02-06 23:49:10,0.0,999.0,-100.0,298.14,0,0,1
2019-02-06 23:49:10,0.0,999.0,-100.0,298.14,0,0,1
2019-02-06 23:49:10,0.0,999.0,-100.0,300.17,0,0,1
2019-02-06 23:49:10,0.0,999.0,-100.0,300.17,0,0,1
2019-02-06 23:49:10,0.0,999.0,-100.0,302.18,0,0,1
2019-02-06 23:49:10,0.0,999.0,-100.0,302.18,0,0,1
2019-02-06 23:49:10,0.0,999.0,-100.0,304.2,0,0,1
2019-02-06 23:49:10,0.0,999.0,-100.0,304.2,0,0,1
2019-02-06 23:49:10,0.0,999.0,-100.0,306.22,0,0,1
2019-02-06 23:49:10,0.0,999.0,-100.0,306.22,0,0,1
2019-02-06 23:49:10,0.0,999.0,-100.0,308.24,0,0,1
2019-02-06 23:49:10,0.0,999.0,-100.0,308.24,0,0,1
2019-02-06 23:49:10,0.0,999.0,-100.0,310.26,0,0,1
2019-02-06 23:49:10,0.0,999.0,-100.0,310.26,0,0,1
2019-02-06 23:49:10,0.0,999.0,-100.0,312.28,0,0,1
2019-02-06 23:49:10,0.0,999.0,-100.0,312.28,0,0,1
2019-02-06 23:49:10,0.0,999.0,-100.0,314.31,0,0,1
2019-02-06 23:49:10,0.0,999.0,-100.0,314.31,0,0,1
2019-02-06 23:49:10,0.0,999.0,-100.0,316.33,0,0,1
2019-02-06 23:49:10,0.0,999.0,-100.0,316.33,0,0,1
2019-02-06 23:49:10,0.0,999.0,-100.0,318.35,0,0,1
2019-02-06 23:49:10,0.0,999.0,-100.0,318.35,0,0,1
2019-02-06 23:49:10,0.0,999.0,-100.0,320.37,0,0,1
2019-02-06 23:49:10,0.0,999.0,-100.0,320.37,0,0,1
2019-02-06 23:49:10,0.0,999.0,-100.0,322.39,0,0,1
2019-02-06 23:49:10,0.0,999.0,-100.0,322.39,0,0,1
2019-02-06 23:49:10,0.0,999.0,-100.0,324.41,0,0,1
2019-02-06 23:49:10,0.0,999.0,-100.0,324.41,0,0,1
2019-02-06 23:49:10,0.0,999.0,-100.0,326.43,0,0,1
2019-02-06 23:49:10,0.0,999.0,-100.0,326.43,0,0,1
2019-02-06 23:49:10,0.0,999.0,-100.0,328.45,0,0,1
2019-02-06 23:49:10,0.0,999.0,-100.0,328.45,0,0,1
2019-02-06 23:49:10,0.0,999.0,-100.0,330.47,0,0,1
2019-02-06 23:49:10,0.0,999.0,-100.0,330.47,0,0,1
2019-02-06 23:49:10,0.0,999.0,-100.0,332.49,0,0,1
2019-02-06 23:49:10,0.0,999.0,-100.0,332.49,0,0,1
2019-02-06 23:49:10,0.0,999.0,-100.0,334.51,0,0,1
2019-02-06 23:49:10,0.0,999.0,-100.0,334.51,0,0,1
2019-02-06 23:49:10,0.0,999.0,-100.0,336.55,0,0,1
2019-02-06 23:49:10,0.0,999.0,-100.0,336.55,0,0,1
2019-02-06 23:49:10,0.0,999.0,-100.0,338.61,0,0,1
2019-02-06 23:49:10,0.0,999.0,-100.0,338.61,0,0,1
2019-02-06 23:49:10,0.0,999.0,-100.0,340.65,0,0,1
2019-02-06 23:49:10,0.0,999.0,-100.0,340.65,0,0,1
2019-02-06 23:49:10,0.0,999.0,-100.0,342.67,0,0,1
2019-02-06 23:49:10,0.0,999.0,-100.0,342.67,0,0,1
2019-02-06 23:49:10,0.0,999.0,-100.0,344.69,0,0,1
2019-02-06 23:49:10,0.0,999.0,-100.0,344.69,0,0,1
2019-02-06 23:49:10,0.0,999.0,-100.0,346.71,0,0,1
2019-02-06 23:49:10,0.0,999.0,-100.0,346.71,0,0,1
2019-02-06 23:49:10,0.0,999.0,-100.0,348.74,0,0,1
2019-02-06 23:49:10,0.0,999.0,-100.0,348.74,0,0,1
2019-02-06 23:49:10,0.0,999.0,-100.0,350.76,0,0,1
2019-02-06 23:49:10,0.0,999.0,-100.0,350.76,0,0,1
2019-02-06 23:49:10,0.0,999.0,-100.0,352.78,0,0,1
2019-02-06 23:49:10,0.0,999.0,-100.0,352.78,0,0,1
2019-02-06 23:49:10,0.0,999.0,-100.0,354.8,0,0,1
2019-02-06 23:49:10,0.0,999.0,-100.0,354.8,0,0,1
2019-02-06 23:49:10,0.0,999.0,-100.0,356.82,0,0,1
2019-02-06 23:49:10,0.0,999.0,-100.0,356.82,0,0,1
2019-02-06 23:49:10,0.0,999.0,-100.0,358.84,0,0,1
2019-02-06 23:49:10,0.0,999.0,-100.0,358.84,0,0,1
2019-02-06 23:49:10,0.0,999.0,-100.0,360.86,0,0,1
2019-02-06 23:49:10,0.0,999.0,-100.0,360.86,0,0,1
2019-02-06 23:49:10,0.0,999.0,-100.0,362.88,0,0,1
2019-02-06 23:49:10,0.0,999.0,-100.0,362.88,0,0,1
2019-02-06 23:49:10,0.0,999.0,-100.0,364.9,0,0,1
2019-02-06 23:49:10,0.0,999.0,-100.0,364.9,0,0,1
2019-02-06 23:49:10,0.0,999.0,-100.0,366.94,0,0,1
2019-02-06 23:49:10,0.0,999.0,-100.0,366.94,0,0,1
2019-02-06 23:49:10,0.0,999.0,-100.0,369.04,0,0,1
2019-02-06 23:49:10,0.0,999.0,-100.0,369.04,0,0,1
2019-02-06 23:49:10,0.0,999.0,-100.0,371.12,0,0,1
2019-02-06 23:49:10,0.0,999.0,-100.0,371.12,0,0,1
2019-02-06 23:49:10,0.0,999.0,-100.0,373.15,0,0,1
2019-02-06 23:49:10,0.0,999.0,-100.0,373.15,0,0,1
2019-02-06 23:49:10,0.0,999.0,-100.0,375.17,0,0,1
2019-02-06 23:49:10,0.0,999.0,-100.0,375.17,0,0,1
2019-02-06 23:49:10,0.0,999.0,-100.0,377.19,0,0,1
2019-02-06 23:49:10,0.0,999.0,-100.0,377.19,0,0,1
2019-02-06 23:49:10,0.0,999.0,-100.0,379.21,0,0,1
2019-02-06 23:49:10,0.0,999.0,-100.0,379.21,0,0,1
2019-02-06 23:49:10,0.0,999.0,-100.0,381.23,0,0,1
2019-02-06 23:49:10,0.0,999.0,-100.0,381.23,0,0,1
2019-02-06 23:49:10,0.0,999.0,-100.0,383.25,0,0,1
2019-02-06 23:49:10,0.0,999.0,-100.0,383.25,0,0,1
2019-02-06 23:49:10,0.0,999.0,-100.0,385.27,0,0,1
2019-02-06 23:49:10,0.0,999.0,-100.0,385.27,0,0,1
2019-02-06 23:49:10,0.0,999.0,-100.0,387.29,0,0,1
2019-02-06 23:49:10,0.0,999.0,-100.0,387.29,0,0,1
2019-02-06 23:49:10,0.0,999.0,-100.0,389.31,0,0,1
2019-02-06 23:49:10,0.0,999.0,-100.0,389.31,0,0,1
2019-02-06 23:49:10,0.0,999.0,-100.0,391.33,0,0,1
2019-02-06 23:49:10,0.0,999.0,-100.0,391.33,0,0,1
2019-02-06 23:49:10,0.0,999.0,-100.0,393.35,0,0,1
2019-02-06 23:49:10,0.0,999.0,-100.0,393.35,0,0,1
2019-02-06 23:49:10,0.0,999.0,-100.0,395.37,0,0,1
2019-02-06 23:49:10,0.0,999.0,-100.0,395.37,0,0,1
2019-02-06 23:49:10,0.0,999.0,-100.0,397.39,0,0,1
2019-02-06 23:49:10,0.0,999.0,-100.0,397.39,0,0,1
2019-02-06 23:49:10,0.0,999.0,-100.0,399.41,0,0,1
2019-02-06 23:49:10,0.0,999.0,-100.0,399.41,0,0,1
2019-02-06 23:49:10,0.0,999.0,-100.0,401.43,0,0,1
2019-02-06 23:49:10,0.0,999.0,-100.0,401.43,0,0,1
2019-02-06 23:49:10,0.0,999.0,-100.0,403.45,0,0,1
2019-02-06 23:49:10,0.0,999.0,-100.0,403.45,0,0,1
2019-02-06 23:49:10,0.0,999.0,-100.0,405.47,0,0,1
2019-02-06 23:49:10,0.0,999.0,-100.0,405.47,0,0,1
2019-02-06 23:49:10,0.0,999.0,-100.0,407.49,0,0,1
2019-02-06 23:49:10,0.0,999.0,-100.0,407.49,0,0,1
2019-02-06 23:49:10,0.0,999.0,-100.0,409.51,0,0,1
2019-02-06 23:49:10,0.0,999.0,-100.0,409.51,0,0,1
2019-02-06 23:49:10,0.0,999.0,-100.0,411.53,0,0,1
2019-02-06 23:49:10,0.0,999.0,-100.0,411.53,0,0,1
2019-02-06 23:49:10,0.0,999.0,-100.0,413.55,0,0,1
2019-02-06 23:49:10,0.0,999.0,-100.0,413.55,0,0,1
2019-02-06 23:49:10,0.0,999.0,-100.0,415.57,0,0,1
2019-02-06 23:49:10,0.0,999.0,-100.0,415.57,0,0,1
2019-02-06 23:49:10,0.0,999.0,-100.0,417.6,0,0,1
2019-02-06 23:49:10,0.0,999.0,-100.0,417.6,0,0,1
2019-02-06 23:49:10,0.0,999.0,-100.0,419.62,0,0,1
2019-02-06 23:49:10,0.0,999.0,-100.0,419.62,0,0,1
2019-02-06 23:50:01,-416.67,0.0,21.65,370.04,0,0,1
2019-02-06 23:50:01,0.0,999.0,-100.0,372.36,0,0,1
2019-02-06 23:50:01,0.0,999.0,-100.0,372.36,0,0,1
2019-02-06 23:50:01,0.0,999.0,-100.0,374.39,0,0,1
2019-02-06 23:50:01,0.0,999.0,-100.0,374.39,0,0,1
2019-02-06 23:50:01,0.0,999.0,-100.0,376.41,0,0,1
2019-02-06 23:50:01,0.0,999.0,-100.0,376.41,0,0,1
2019-02-06 23:50:01,0.0,999.0,-100.0,378.44,0,0,1
2019-02-06 23:50:01,0.0,999.0,-100.0,378.44,0,0,1
2019-02-06 23:50:01,0.0,999.0,-100.0,380.47,0,0,1
2019-02-06 23:50:01,0.0,999.0,-100.0,380.47,0,0,1
2019-02-06 23:50:01,0.0,999.0,-100.0,382.5,0,0,1
2019-02-06 23:50:01,0.0,999.0,-100.0,382.5,0,0,1
2019-02-06 23:50:01,0.0,999.0,-100.0,384.53,0,0,1
2019-02-06 23:50:01,0.0,999.0,-100.0,384.53,0,0,1
2019-02-06 23:50:01,0.0,999.0,-100.0,386.56,0,0,1
2019-02-06 23:50:01,0.0,999.0,-100.0,386.56,0,0,1
2019-02-06 23:50:01,0.0,999.0,-100.0,388.58,0,0,1
2019-02-06 23:50:01,0.0,999.0,-100.0,388.58,0,0,1
2019-02-06 23:50:01,0.0,999.0,-100.0,390.6,0,0,1
2019-02-06 23:50:01,0.0,999.0,-100.0,390.6,0,0,1
2019-02-06 23:50:01,0.0,999.0,-100.0,392.62,0,0,1
2019-02-06 23:50:01,0.0,999.0,-100.0,392.62,0,0,1
2019-02-06 23:50:01,0.0,999.0,-100.0,394.65,0,0,1
2019-02-06 23:50:01,0.0,999.0,-100.0,394.65,0,0,1
2019-02-06 23:50:01,0.0,999.0,-100.0,396.67,0,0,1
2019-02-06 23:50:01,0.0,999.0,-100.0,396.67,0,0,1
2019-02-06 23:50:01,0.0,999.0,-100.0,398.69,0,0,1
2019-02-06 23:50:01,0.0,999.0,-100.0,398.69,0,0,1
2019-02-06 23:50:01,0.0,999.0,-100.0,400.71,0,0,1
2019-02-06 23:50:01,0.0,999.0,-100.0,400.71,0,0,1
2019-02-06 23:50:01,0.0,999.0,-100.0,402.74,0,0,1
2019-02-06 23:50:01,0.0,999.0,-100.0,402.74,0,0,1
2019-02-06 23:50:01,0.0,999.0,-100.0,404.76,0,0,1
2019-02-06 23:50:01,0.0,999.0,-100.0,404.76,0,0,1
2019-02-06 23:50:01,0.0,999.0,-100.0,406.78,0,0,1
2019-02-06 23:50:01,0.0,999.0,-100.0,406.78,0,0,1
2019-02-06 23:50:01,0.0,999.0,-100.0,408.81,0,0,1
2019-02-06 23:50:01,0.0,999.0,-100.0,408.81,0,0,1
2019-02-06 23:50:01,0.0,999.0,-100.0,410.91,0,0,1
2019-02-06 23:50:01,0.0,999.0,-100.0,410.91,0,0,1
2019-02-06 23:50:01,0.0,999.0,-100.0,413.0,0,0,1
2019-02-06 23:50:01,0.0,999.0,-100.0,413.0,0,0,1
2019-02-06 23:50:01,0.0,999.0,-100.0,415.02,0,0,1
2019-02-06 23:50:01,0.0,999.0,-100.0,415.02,0,0,1
2019-02-06 23:50:01,0.0,999.0,-100.0,417.04,0,0,1
2019-02-06 23:50:01,0.0,999.0,-100.0,417.04,0,0,1
2019-02-06 23:50:01,0.0,999.0,-100.0,419.06,0,0,1
2019-02-06 23:50:01,0.0,999.0,-100.0,419.06,0,0,1
2019-02-06 23:50:01,0.0,999.0,-100.0,421.08,0,0,1
2019-02-06 23:50:01,0.0,999.0,-100.0,421.08,0,0,1
2019-02-06 23:50:01,0.0,999.0,-100.0,423.1,0,0,1
2019-02-06 23:50:01,0.0,999.0,-100.0,423.1,0,0,1
2019-02-06 23:50:01,0.0,999.0,-100.0,425.12,0,0,1
2019-02-06 23:50:01,0.0,999.0,-100.0,425.12,0,0,1
2019-02-06 23:50:01,0.0,999.0,-100.0,427.15,0,0,1
2019-02-06 23:50:01,0.0,999.0,-100.0,427.15,0,0,1
2019-02-06 23:50:01,0.0,999.0,-100.0,429.17,0,0,1
2019-02-06 23:50:01,0.0,999.0,-100.0,429.17,0,0,1
2019-02-06 23:50:01,0.0,999.0,-100.0,431.19,0,0,1
2019-02-06 23:50:01,0.0,999.0,-100.0,431.19,0,0,1
2019-02-06 23:50:01,0.0,999.0,-100.0,433.21,0,0,1
2019-02-06 23:50:01,0.0,999.0,-100.0,433.21,0,0,1
2019-02-06 23:50:01,0.0,999.0,-100.0,435.24,0,0,1
2019-02-06 23:50:01,0.0,999.0,-100.0,435.24,0,0,1
2019-02-06 23:50:01,0.0,999.0,-100.0,437.26,0,0,1
2019-02-06 23:50:01,0.0,999.0,-100.0,437.26,0,0,1
2019-02-06 23:50:01,0.0,999.0,-100.0,439.28,0,0,1
2019-02-06 23:50:01,0.0,999.0,-100.0,439.28,0,0,1
2019-02-06 23:50:01,0.0,999.0,-100.0,441.3,0,0,1
2019-02-06 23:50:01,0.0,999.0,-100.0,441.3,0,0,1
2019-02-06 23:50:01,0.0,999.0,-100.0,443.32,0,0,1
2019-02-06 23:50:01,0.0,999.0,-100.0,443.32,0,0,1
2019-02-06 23:50:01,0.0,999.0,-100.0,445.35,0,0,1
2019-02-06 23:50:01,0.0,999.0,-100.0,445.35,0,0,1
2019-02-06 23:50:01,0.0,999.0,-100.0,447.37,0,0,1
2019-02-06 23:50:01,0.0,999.0,-100.0,447.37,0,0,1
2019-02-06 23:50:01,0.0,999.0,-100.0,449.39,0,0,1
2019-02-06 23:50:01,0.0,999.0,-100.0,449.39,0,0,1
2019-02-06 23:50:01,0.0,999.0,-100.0,451.42,0,0,1
2019-02-06 23:50:01,0.0,999.0,-100.0,451.42,0,0,1
2019-02-06 23:50:01,0.0,999.0,-100.0,453.44,0,0,1
2019-02-06 23:50:01,0.0,999.0,-100.0,453.44,0,0,1
2019-02-06 23:50:01,0.0,999.0,-100.0,455.46,0,0,1
2019-02-06 23:50:01,0.0,999.0,-100.0,455.46,0,0,1
2019-02-06 23:50:01,0.0,999.0,-100.0,457.49,0,0,1
2019-02-06 23:50:01,0.0,999.0,-100.0,457.49,0,0,1
2019-02-06 23:50:01,0.0,999.0,-100.0,459.58,0,0,1
2019-02-06 23:50:01,0.0,999.0,-100.0,459.58,0,0,1
2019-02-06 23:50:01,0.0,999.0,-100.0,461.65,0,0,1
2019-02-06 23:50:01,0.0,999.0,-100.0,461.65,0,0,1
2019-02-06 23:50:01,0.0,999.0,-100.0,463.67,0,0,1
2019-02-06 23:50:01,0.0,999.0,-100.0,463.67,0,0,1
2019-02-06 23:50:01,0.0,999.0,-100.0,465.69,0,0,1
2019-02-06 23:50:01,0.0,999.0,-100.0,465.69,0,0,1
2019-02-06 23:50:01,0.0,999.0,-100.0,467.71,0,0,1
2019-02-06 23:50:01,0.0,999.0,-100.0,467.71,0,0,1
2019-02-06 23:50:01,0.0,999.0,-100.0,469.74,0,0,1
2019-02-06 23:50:01,0.0,999.0,-100.0,469.74,0,0,1
2019-02-06 23:50:01,0.0,999.0,-100.0,471.76,0,0,1
2019-02-06 23:50:01,0.0,999.0,-100.0,471.76,0,0,1
2019-02-06 23:50:01,0.0,999.0,-100.0,473.78,0,0,1
2019-02-06 23:50:01,0.0,999.0,-100.0,473.78,0,0,1
2019-02-06 23:50:01,0.0,999.0,-100.0,475.8,0,0,1
2019-02-06 23:50:01,0.0,999.0,-100.0,475.8,0,0,1
2019-02-06 23:50:01,0.0,999.0,-100.0,477.82,0,0,1
2019-02-06 23:50:01,0.0,999.0,-100.0,477.82,0,0,1
2019-02-06 23:50:01,0.0,999.0,-100.0,479.85,0,0,1
2019-02-06 23:50:01,0.0,999.0,-100.0,479.85,0,0,1
2019-02-06 23:50:01,0.0,999.0,-100.0,481.87,0,0,1
2019-02-06 23:50:01,0.0,999.0,-100.0,481.87,0,0,1
2019-02-06 23:50:01,0.0,999.0,-100.0,483.89,0,0,1
2019-02-06 23:50:01,0.0,999.0,-100.0,483.89,0,0,1
2019-02-06 23:50:01,0.0,999.0,-100.0,485.91,0,0,1
2019-02-06 23:50:01,0.0,999.0,-100.0,485.91,0,0,1
2019-02-06 23:50:01,0.0,999.0,-100.0,487.93,0,0,1
2019-02-06 23:50:01,0.0,999.0,-100.0,487.93,0,0,1
2019-02-06 23:50:01,0.0,999.0,-100.0,489.95,0,0,1
2019-02-06 23:50:01,0.0,999.0,-100.0,489.95,0,0,1
2019-02-06 23:50:01,0.0,999.0,-100.0,491.98,0,0,1
2019-02-06 23:50:01,0.0,999.0,-100.0,491.98,0,0,1
2019-02-06 23:50:01,0.0,999.0,-100.0,494.0,0,0,1
2019-02-06 23:50:01,0.0,999.0,-100.0,494.0,0,0,1
2019-02-06 23:50:01,0.0,999.0,-100.0,496.02,0,0,1
2019-02-06 23:50:01,0.0,999.0,-100.0,496.02,0,0,1
2019-02-06 23:50:01,0.0,999.0,-100.0,498.04,0,0,1
2019-02-06 23:50:01,0.0,999.0,-100.0,498.04,0,0,1
2019-02-06 23:50:01,0.0,999.0,-100.0,500.07,0,0,1
2019-02-06 23:50:01,0.0,999.0,-100.0,500.07,0,0,1
2019-02-06 23:50:01,0.0,999.0,-100.0,502.09,0,0,1
2019-02-06 23:50:01,0.0,999.0,-100.0,502.09,0,0,1
2019-02-06 23:50:01,0.0,999.0,-100.0,504.11,0,0,1
2019-02-06 23:50:01,0.0,999.0,-100.0,504.11,0,0,1
2019-02-06 23:50:01,0.0,999.0,-100.0,506.13,0,0,1
2019-02-06 23:50:01,0.0,999.0,-100.0,506.13,0,0,1
2019-02-06 23:50:01,0.0,999.0,-100.0,508.15,0,0,1
2019-02-06 23:50:01,0.0,999.0,-100.0,508.15,0,0,1
2019-02-06 23:50:01,0.0,999.0,-100.0,510.17,0,0,1
2019-02-06 23:50:01,0.0,999.0,-100.0,510.17,0,0,1
2019-02-06 23:50:01,0.0,999.0,-100.0,512.19,0,0,1
2019-02-06 23:50:01,0.0,999.0,-100.0,512.19,0,0,1
2019-02-06 23:50:01,0.0,999.0,-100.0,514.21,0,0,1
2019-02-06 23:50:01,0.0,999.0,-100.0,514.21,0,0,1
2019-02-06 23:50:01,0.0,999.0,-100.0,516.24,0,0,1
2019-02-06 23:50:01,0.0,999.0,-100.0,516.24,0,0,1
2019-02-06 23:50:01,0.0,999.0,-100.0,518.26,0,0,1
2019-02-06 23:50:01,0.0,999.0,-100.0,518.26,0,0,1
2019-02-06 23:50:01,0.0,999.0,-100.0,520.28,0,0,1
2019-02-06 23:50:01,0.0,999.0,-100.0,520.28,0,0,1
2019-02-06 23:50:01,0.0,999.0,-100.0,522.3,0,0,1
2019-02-06 23:50:01,0.0,999.0,-100.0,522.3,0,0,1
2019-02-06 23:50:01,0.0,999.0,-100.0,524.32,0,0,1
2019-02-06 23:50:01,0.0,999.0,-100.0,524.32,0,0,1
2019-02-06 23:50:01,0.0,999.0,-100.0,526.34,0,0,1
2019-02-06 23:50:01,0.0,999.0,-100.0,526.34,0,0,1
2019-02-06 23:50:01,0.0,999.0,-100.0,528.36,0,0,1
2019-02-06 23:50:01,0.0,999.0,-100.0,528.36,0,0,1
2019-02-06 23:50:01,0.0,999.0,-100.0,530.38,0,0,1
2019-02-06 23:50:01,0.0,999.0,-100.0,530.38,0,0,1
2019-02-06 23:50:01,0.0,999.0,-100.0,532.4,0,0,1
2019-02-06 23:50:01,0.0,999.0,-100.0,532.4,0,0,1
2019-02-06 23:50:01,0.0,999.0,-100.0,534.42,0,0,1
2019-02-06 23:50:01,0.0,999.0,-100.0,534.42,0,0,1
2019-02-06 23:50:01,0.0,999.0,-100.0,536.44,0,0,1
2019-02-06 23:50:01,0.0,999.0,-100.0,536.44,0,0,1
2019-02-06 23:50:01,0.0,999.0,-100.0,538.47,0,0,1
2019-02-06 23:50:01,0.0,999.0,-100.0,538.47,0,0,1
2019-02-06 23:50:01,0.0,999.0,-100.0,540.49,0,0,1
2019-02-06 23:50:01,0.0,999.0,-100.0,540.49,0,0,1
2019-02-06 23:50:01,0.0,999.0,-100.0,542.51,0,0,1
2019-02-06 23:50:01,0.0,999.0,-100.0,542.51,0,0,1
2019-02-06 23:50:01,0.0,999.0,-100.0,544.53,0,0,1
2019-02-06 23:50:01,0.0,999.0,-100.0,544.53,0,0,1
2019-02-06 23:50:01,0.0,999.0,-100.0,546.55,0,0,1
2019-02-06 23:50:01,0.0,999.0,-100.0,546.55,0,0,1
2019-02-06 23:50:01,0.0,999.0,-100.0,548.57,0,0,1
2019-02-06 23:50:01,0.0,999.0,-100.0,548.57,0,0,1
2019-02-06 23:50:01,0.0,999.0,-100.0,550.6,0,0,1
2019-02-06 23:50:01,0.0,999.0,-100.0,550.6,0,0,1
2019-02-06 23:50:01,0.0,999.0,-100.0,552.63,0,0,1
2019-02-06 23:50:01,0.0,999.0,-100.0,552.63,0,0,1
2019-02-06 23:50:01,0.0,999.0,-100.0,554.71,0,0,1
2019-02-06 23:50:01,0.0,999.0,-100.0,554.71,0,0,1
2019-02-06 23:50:01,0.0,999.0,-100.0,556.78,0,0,1
2019-02-06 23:50:01,0.0,999.0,-100.0,556.78,0,0,1
2019-02-06 23:50:01,0.0,999.0,-100.0,558.8,0,0,1
2019-02-06 23:50:01,0.0,999.0,-100.0,558.8,0,0,1
2019-02-06 23:50:01,0.0,999.0,-100.0,560.82,0,0,1
2019-02-06 23:50:01,0.0,999.0,-100.0,560.82,0,0,1
2019-02-06 23:50:01,0.0,999.0,-100.0,562.84,0,0,1
2019-02-06 23:50:01,0.0,999.0,-100.0,562.84,0,0,1
2019-02-06 23:50:01,0.0,999.0,-100.0,564.86,0,0,1
2019-02-06 23:50:01,0.0,999.0,-100.0,564.86,0,0,1
2019-02-06 23:50:01,0.0,999.0,-100.0,566.88,0,0,1
2019-02-06 23:50:01,0.0,999.0,-100.0,566.88,0,0,1
2019-02-06 23:50:01,0.0,999.0,-100.0,568.9,0,0,1
2019-02-06 23:50:01,0.0,999.0,-100.0,568.9,0,0,1
2019-02-06 23:50:01,0.0,999.0,-100.0,570.92,0,0,1
2019-02-06 23:50:01,0.0,999.0,-100.0,570.92,0,0,1
2019-02-06 23:50:01,0.0,999.0,-100.0,572.94,0,0,1
2019-02-06 23:50:01,0.0,999.0,-100.0,572.94,0,0,1
2019-02-06 23:50:01,0.0,999.0,-100.0,574.96,0,0,1
2019-02-06 23:50:01,0.0,999.0,-100.0,574.96,0,0,1
2019-02-06 23:50:01,0.0,999.0,-100.0,576.99,0,0,1
2019-02-06 23:50:01,0.0,999.0,-100.0,576.99,0,0,1
2019-02-06 23:50:01,0.0,999.0,-100.0,579.01,0,0,1
2019-02-06 23:50:01,0.0,999.0,-100.0,579.01,0,0,1
2019-02-06 23:50:01,0.0,999.0,-100.0,581.03,0,0,1
2019-02-06 23:50:01,0.0,999.0,-100.0,581.03,0,0,1
2019-02-06 23:50:01,0.0,999.0,-100.0,583.05,0,0,1
2019-02-06 23:50:01,0.0,999.0,-100.0,583.05,0,0,1
2019-02-06 23:50:01,0.0,999.0,-100.0,585.07,0,0,1
2019-02-06 23:50:01,0.0,999.0,-100.0,585.07,0,0,1
2019-02-06 23:50:01,0.0,999.0,-100.0,587.09,0,0,1
2019-02-06 23:50:01,0.0,999.0,-100.0,587.09,0,0,1
2019-02-06 23:50:01,0.0,999.0,-100.0,589.11,0,0,1
2019-02-06 23:50:01,0.0,999.0,-100.0,589.11,0,0,1
2019-02-06 23:50:01,0.0,999.0,-100.0,591.13,0,0,1
2019-02-06 23:50:01,0.0,999.0,-100.0,591.13,0,0,1
2019-02-06 23:50:01,0.0,999.0,-100.0,593.15,0,0,1
2019-02-06 23:50:01,0.0,999.0,-100.0,593.15,0,0,1
2019-02-06 23:50:01,0.0,999.0,-100.0,595.17,0,0,1
2019-02-06 23:50:01,0.0,999.0,-100.0,595.17,0,0,1
2019-02-06 23:50:01,0.0,999.0,-100.0,597.19,0,0,1
2019-02-06 23:50:01,0.0,999.0,-100.0,597.19,0,0,1
