2019-02-07 01:03:25,100.0,30.0,-65.0,3.0,0,0,0
2019-02-07 01:03:25,100.0,30.0,-65.0,3.0,0,0,0
2019-02-07 01:03:25,100.0,30.0,-65.0,5.79,0,0,0
2019-02-07 01:03:25,100.0,30.0,-65.0,5.79,0,0,0
2019-02-07 01:03:25,100.0,30.0,-65.0,8.02,0,0,0
2019-02-07 01:03:25,100.0,30.0,-65.0,8.02,0,0,0
2019-02-07 01:03:25,100.0,30.0,-65.0,10.34,0,0,0
2019-02-07 01:03:25,100.0,30.0,-65.0,10.34,0,0,0
2019-02-07 01:03:25,100.0,30.0,-65.0,12.79,0,0,0
2019-02-07 01:03:25,100.0,30.0,-65.0,12.79,0,0,0
2019-02-07 01:03:25,100.0,30.0,-65.0,15.54,0,0,0
2019-02-07 01:03:25,100.0,30.0,-65.0,15.54,0,0,0
2019-02-07 01:03:25,100.0,30.0,-65.0,18.32,0,0,0
2019-02-07 01:03:25,100.0,30.0,-65.0,18.32,0,0,0
2019-02-07 01:03:25,0.0,999.0,-100.0,20.63,0,0,1
2019-02-07 01:03:25,0.0,999.0,-100.0,20.63,0,0,1
2019-02-07 01:03:45,-416.67,0.0,23.0,1.17,0,0,1
2019-02-07 01:03:46,-416.67,0.0,23.0,1.08,1,0,1
2019-02-07 01:03:47,-416.67,0.0,23.44,1.09,2,0,1
2019-02-07 01:03:48,-416.67,0.0,23.76,1.09,3,0,1
2019-02-07 01:03:49,-416.67,0.0,23.36,1.12,4,0,1
2019-02-07 01:03:50,-416.67,0.0,23.02,1.09,5,0,1
2019-02-07 01:03:51,-416.67,0.0,23.42,1.07,6,0,1
2019-02-07 01:03:52,-416.67,0.0,23.78,1.1,7,0,1
2019-02-07 01:03:53,-416.67,0.0,23.73,1.1,8,0,1
2019-02-07 01:06:35,-416.67,0.0,23.0,2.08,0,0,1
2019-02-07 01:06:36,-416.67,0.0,23.0,1.62,1,0,1
2019-02-07 01:06:37,-416.67,0.0,23.0,1.12,2,0,1
2019-02-07 01:06:38,-416.67,0.0,23.0,1.12,3,0,1
2019-02-07 01:06:39,-416.67,0.0,23.0,1.08,4,0,1
2019-02-07 01:06:40,-416.67,0.0,23.0,1.12,5,0,1
2019-02-07 01:06:41,-416.67,0.0,23.0,1.11,6,0,1
2019-02-07 01:06:42,-357.01,4.15,23.0,1.11,7,0,1
2019-02-07 01:06:43,0.0,29.0,23.0,1.08,8,0,1
2019-02-07 01:06:44,0.0,29.0,23.0,1.1,9,0,1
2019-02-07 01:06:45,0.0,29.0,23.0,1.1,10,0,1
2019-02-07 01:06:46,0.0,29.0,23.0,1.1,11,0,1
2019-02-07 01:06:47,0.0,29.0,23.0,1.12,12,0,1
2019-02-07 01:06:48,0.0,29.0,23.0,1.1,13,0,1
2019-02-07 01:22:52,-416.67,0.0,22.0,1.55,0,0,1
2019-02-07 01:22:53,-416.67,0.0,21.89,1.19,1,0,1
2019-02-07 01:22:54,-416.67,0.0,21.99,1.11,2,0,1
2019-02-07 01:22:55,-416.67,0.0,22.02,1.08,3,0,1
2019-02-07 01:22:56,-416.67,0.0,22.0,1.06,4,0,1
2019-02-07 01:22:57,-416.67,0.0,22.0,1.1,5,0,1
2019-02-07 01:22:58,-416.67,0.0,22.0,1.12,6,0,1
2019-02-07 01:22:59,-416.67,0.0,22.0,1.08,7,0,1
2019-02-07 01:23:00,-416.67,0.0,22.0,1.1,8,0,1
2019-02-07 01:27:48,100.0,30.0,-65.0,8.43,0,0,0
2019-02-07 01:27:48,100.0,30.0,-65.0,8.43,0,0,0
2019-02-07 01:27:48,0.0,999.0,-100.0,10.8,0,0,1
2019-02-07 01:27:48,0.0,999.0,-100.0,10.8,0,0,1
2019-02-07 01:27:48,0.0,999.0,-100.0,12.81,0,0,1
2019-02-07 01:27:48,0.0,999.0,-100.0,12.81,0,0,1
2019-02-07 01:27:48,0.0,999.0,-100.0,14.83,0,0,1
2019-02-07 01:27:48,0.0,999.0,-100.0,14.83,0,0,1
2019-02-07 01:27:48,0.0,999.0,-100.0,16.85,0,0,1
2019-02-07 01:27:48,0.0,999.0,-100.0,16.85,0,0,1
2019-02-07 01:27:48,0.0,999.0,-100.0,18.86,0,0,1
2019-02-07 01:27:48,0.0,999.0,-100.0,18.86,0,0,1
2019-02-07 01:27:48,0.0,999.0,-100.0,20.89,0,0,1
2019-02-07 01:27:48,0.0,999.0,-100.0,20.89,0,0,1
2019-02-07 01:28:23,0.0,999.0,-100.0,2.96,0,0,1
2019-02-07 01:28:23,0.0,999.0,-100.0,2.96,0,0,1
2019-02-07 01:28:23,0.0,999.0,-100.0,4.98,0,0,1
2019-02-07 01:28:23,0.0,999.0,-100.0,4.98,0,0,1
2019-02-07 01:28:23,0.0,999.0,-100.0,6.99,0,0,1
2019-02-07 01:28:23,0.0,999.0,-100.0,6.99,0,0,1
2019-02-07 01:28:23,0.0,999.0,-100.0,9.0,0,0,1
2019-02-07 01:28:23,0.0,999.0,-100.0,9.0,0,0,1
2019-02-07 01:28:23,0.0,999.0,-100.0,11.01,0,0,1
2019-02-07 01:28:23,0.0,999.0,-100.0,11.01,0,0,1
2019-02-07 01:28:55,0.0,999.0,-100.0,2.95,0,0,1
2019-02-07 01:28:55,0.0,999.0,-100.0,2.95,0,0,1
2019-02-07 01:28:55,0.0,999.0,-100.0,4.97,0,0,1
2019-02-07 01:28:55,0.0,999.0,-100.0,4.97,0,0,1
2019-02-07 01:28:55,0.0,999.0,-100.0,6.98,0,0,1
2019-02-07 01:28:55,0.0,999.0,-100.0,6.98,0,0,1
2019-02-07 01:28:55,0.0,999.0,-100.0,9.0,0,0,1
2019-02-07 01:28:55,0.0,999.0,-100.0,9.0,0,0,1
2019-02-07 01:28:55,0.0,999.0,-100.0,11.01,0,0,1
2019-02-07 01:28:55,0.0,999.0,-100.0,11.01,0,0,1
2019-02-07 01:28:55,0.0,999.0,-100.0,13.02,0,0,1
2019-02-07 01:28:55,0.0,999.0,-100.0,13.02,0,0,1
2019-02-07 01:30:30,100.0,30.0,-65.0,5.35,0,0,0
2019-02-07 01:30:30,100.0,30.0,-65.0,5.35,0,0,0
2019-02-07 01:30:30,100.0,30.0,-65.0,8.01,0,0,0
2019-02-07 01:30:30,100.0,30.0,-65.0,8.01,0,0,0
2019-02-07 01:30:30,100.0,30.0,-65.0,10.32,0,0,0
2019-02-07 01:30:30,100.0,30.0,-65.0,10.32,0,0,0
2019-02-07 01:30:30,100.0,30.0,-65.0,15.78,0,0,0
2019-02-07 01:30:30,100.0,30.0,-65.0,15.78,0,0,0
2019-02-07 01:30:30,100.0,30.0,-65.0,18.4,0,0,0
2019-02-07 01:30:30,100.0,30.0,-65.0,18.4,0,0,0
2019-02-07 01:30:30,100.0,30.0,-65.0,20.75,0,0,0
2019-02-07 01:30:30,100.0,30.0,-65.0,20.75,0,0,0
2019-02-07 01:30:30,100.0,30.0,-65.0,23.04,0,0,0
2019-02-07 01:30:30,100.0,30.0,-65.0,23.04,0,0,0
2019-02-07 01:30:30,0.0,999.0,-100.0,25.39,0,0,1
2019-02-07 01:30:30,0.0,999.0,-100.0,25.39,0,0,1
2019-02-07 01:30:54,-416.67,0.0,21.96,1.75,0,0,1
2019-02-07 01:30:55,-416.67,0.0,21.97,2.49,1,0,1
2019-02-07 01:30:56,-416.67,0.0,22.0,3.14,2,0,1
2019-02-07 01:31:28,0.0,999.0,-100.0,5.35,0,0,1
2019-02-07 01:31:28,0.0,999.0,-100.0,5.35,0,0,1
2019-02-07 01:31:28,-416.67,0.0,21.99,7.13,0,0,1
2019-02-07 01:31:29,-416.67,0.0,22.0,8.5,1,0,1
2019-02-07 01:31:29,0.0,999.0,-100.0,11.81,1,0,1
2019-02-07 01:31:29,0.0,999.0,-100.0,11.81,1,0,1
2019-02-07 01:31:29,0.0,999.0,-100.0,14.08,1,0,1
2019-02-07 01:31:29,0.0,999.0,-100.0,14.08,1,0,1
2019-02-07 01:31:50,-416.67,0.0,22.0,2.28,0,0,1
2019-02-07 01:31:51,-416.67,0.0,22.0,3.39,1,0,1
2019-02-07 01:31:51,0.0,999.0,-100.0,7.29,1,0,1
2019-02-07 01:31:51,0.0,999.0,-100.0,7.29,1,0,1
2019-02-07 01:31:51,0.0,999.0,-100.0,9.65,1,0,1
2019-02-07 01:31:51,0.0,999.0,-100.0,9.65,1,0,1
2019-02-07 01:31:51,0.0,999.0,-100.0,11.97,1,0,1
2019-02-07 01:31:51,0.0,999.0,-100.0,11.97,1,0,1
2019-02-07 01:31:51,0.0,999.0,-100.0,14.34,1,0,1
2019-02-07 01:31:51,0.0,999.0,-100.0,14.34,1,0,1
2019-02-07 01:31:51,0.0,999.0,-100.0,16.66,1,0,1
2019-02-07 01:31:51,0.0,999.0,-100.0,16.66,1,0,1
2019-02-07 01:32:17,-416.67,0.0,22.0,1.76,0,0,1
2019-02-07 01:32:18,-416.67,0.0,22.0,3.67,1,0,1
2019-02-07 01:32:18,0.0,999.0,-100.0,7.57,1,0,1
2019-02-07 01:32:18,0.0,999.0,-100.0,7.57,1,0,1
2019-02-07 01:32:18,0.0,999.0,-100.0,9.92,1,0,1
2019-02-07 01:32:18,0.0,999.0,-100.0,9.92,1,0,1
2019-02-07 01:32:18,0.0,999.0,-100.0,12.22,1,0,1
2019-02-07 01:32:18,0.0,999.0,-100.0,12.22,1,0,1
2019-02-07 01:32:18,0.0,999.0,-100.0,14.59,1,0,1
2019-02-07 01:32:18,0.0,999.0,-100.0,14.59,1,0,1
2019-02-07 01:32:18,0.0,999.0,-100.0,16.91,1,0,1
2019-02-07 01:32:18,0.0,999.0,-100.0,16.91,1,0,1
2019-02-07 01:32:18,0.0,999.0,-100.0,19.27,1,0,1
2019-02-07 01:32:18,0.0,999.0,-100.0,19.27,1,0,1
2019-02-07 01:32:18,0.0,999.0,-100.0,21.59,1,0,1
2019-02-07 01:32:18,0.0,999.0,-100.0,21.59,1,0,1
2019-02-07 01:32:18,0.0,999.0,-100.0,23.88,1,0,1
2019-02-07 01:32:18,0.0,999.0,-100.0,23.88,1,0,1
2019-02-07 01:32:18,0.0,999.0,-100.0,26.23,1,0,1
2019-02-07 01:32:18,0.0,999.0,-100.0,26.23,1,0,1
2019-02-07 01:36:35,0.0,999.0,-100.0,4.27,0,0,1
2019-02-07 01:36:35,0.0,999.0,-100.0,4.27,0,0,1
2019-02-07 01:36:35,0.0,999.0,-100.0,6.75,0,0,1
2019-02-07 01:36:35,0.0,999.0,-100.0,6.75,0,0,1
2019-02-07 01:36:35,0.0,999.0,-100.0,8.77,0,0,1
2019-02-07 01:36:35,0.0,999.0,-100.0,8.77,0,0,1
2019-02-07 01:36:35,0.0,999.0,-100.0,10.79,0,0,1
2019-02-07 01:36:35,0.0,999.0,-100.0,10.79,0,0,1
2019-02-07 01:38:21,0.0,999.0,-100.0,2.41,0,0,1
2019-02-07 01:38:21,0.0,999.0,-100.0,2.41,0,0,1
2019-02-07 01:38:21,0.0,999.0,-100.0,4.43,0,0,1
2019-02-07 01:38:21,0.0,999.0,-100.0,4.43,0,0,1
2019-02-07 01:38:55,100.0,30.0,-65.0,2.88,0,0,0
2019-02-07 01:38:55,100.0,30.0,-65.0,2.88,0,0,0
2019-02-07 01:38:55,100.0,30.0,-65.0,5.18,0,0,0
2019-02-07 01:38:55,100.0,30.0,-65.0,5.18,0,0,0
2019-02-07 01:38:55,100.0,30.0,-65.0,7.5,0,0,0
2019-02-07 01:38:55,100.0,30.0,-65.0,7.5,0,0,0
2019-02-07 01:38:55,100.0,30.0,-65.0,9.8,0,0,0
2019-02-07 01:38:55,100.0,30.0,-65.0,9.8,0,0,0
2019-02-07 01:38:55,100.0,30.0,-65.0,12.06,0,0,0
2019-02-07 01:38:55,100.0,30.0,-65.0,12.06,0,0,0
2019-02-07 01:38:55,100.0,30.0,-65.0,14.37,0,0,0
2019-02-07 01:38:55,100.0,30.0,-65.0,14.37,0,0,0
2019-02-07 01:38:55,100.0,30.0,-65.0,16.62,0,0,0
2019-02-07 01:38:55,100.0,30.0,-65.0,16.62,0,0,0
2019-02-07 01:38:55,100.0,30.0,-65.0,18.88,0,0,0
2019-02-07 01:38:55,100.0,30.0,-65.0,18.88,0,0,0
2019-02-07 01:38:55,100.0,30.0,-65.0,24.71,0,0,0
2019-02-07 01:38:55,100.0,30.0,-65.0,24.71,0,0,0
2019-02-07 01:38:55,100.0,30.0,-65.0,27.32,0,0,0
2019-02-07 01:38:55,100.0,30.0,-65.0,27.32,0,0,0
2019-02-07 01:38:55,100.0,30.0,-65.0,29.66,0,0,0
2019-02-07 01:38:55,100.0,30.0,-65.0,29.66,0,0,0
2019-02-07 01:38:55,100.0,30.0,-65.0,31.96,0,0,0
2019-02-07 01:38:55,100.0,30.0,-65.0,31.96,0,0,0
2019-02-07 01:38:55,100.0,30.0,-65.0,34.31,0,0,0
2019-02-07 01:38:55,100.0,30.0,-65.0,34.31,0,0,0
2019-02-07 01:38:55,100.0,30.0,-65.0,36.55,0,0,0
2019-02-07 01:38:55,100.0,30.0,-65.0,36.55,0,0,0
2019-02-07 01:38:55,100.0,30.0,-65.0,38.83,0,0,0
2019-02-07 01:38:55,100.0,30.0,-65.0,38.83,0,0,0
2019-02-07 01:38:55,100.0,30.0,-65.0,41.04,0,0,0
2019-02-07 01:38:55,100.0,30.0,-65.0,41.04,0,0,0
2019-02-07 01:38:55,100.0,30.0,-65.0,43.32,0,0,0
2019-02-07 01:38:55,100.0,30.0,-65.0,43.32,0,0,0
2019-02-07 01:38:55,100.0,30.0,-65.0,45.54,0,0,0
2019-02-07 01:38:55,100.0,30.0,-65.0,45.54,0,0,0
2019-02-07 01:38:55,100.0,30.0,-65.0,47.79,0,0,0
2019-02-07 01:38:55,100.0,30.0,-65.0,47.79,0,0,0
2019-02-07 01:38:55,0.0,999.0,-100.0,51.73,0,0,0
2019-02-07 01:38:55,0.0,999.0,-100.0,51.73,0,0,1
2019-02-07 01:38:55,0.0,999.0,-100.0,54.1,0,0,1
2019-02-07 01:38:55,0.0,999.0,-100.0,54.1,0,0,1
2019-02-07 01:38:55,0.0,999.0,-100.0,56.12,0,0,1
2019-02-07 01:38:55,0.0,999.0,-100.0,56.12,0,0,1
2019-02-07 01:38:55,0.0,999.0,-100.0,58.14,0,0,1
2019-02-07 01:38:55,0.0,999.0,-100.0,58.14,0,0,1
2019-02-07 01:38:55,0.0,999.0,-100.0,60.15,0,0,1
2019-02-07 01:38:55,0.0,999.0,-100.0,60.15,0,0,1
2019-02-07 01:38:55,0.0,999.0,-100.0,62.17,0,0,1
2019-02-07 01:38:55,0.0,999.0,-100.0,62.17,0,0,1
2019-02-07 01:38:55,0.0,999.0,-100.0,64.19,0,0,1
2019-02-07 01:38:55,0.0,999.0,-100.0,64.19,0,0,1
2019-02-07 01:38:55,0.0,999.0,-100.0,66.2,0,0,1
2019-02-07 01:38:55,0.0,999.0,-100.0,66.2,0,0,1
2019-02-07 01:38:55,0.0,999.0,-100.0,68.22,0,0,1
2019-02-07 01:38:55,0.0,999.0,-100.0,68.22,0,0,1
2019-02-07 01:38:55,0.0,999.0,-100.0,70.24,0,0,1
2019-02-07 01:38:55,0.0,999.0,-100.0,70.24,0,0,1
2019-02-07 01:41:16,100.0,30.0,-65.0,5.55,0,0,0
2019-02-07 01:41:16,100.0,30.0,-65.0,5.55,0,0,0
2019-02-07 01:41:16,100.0,30.0,-65.0,8.28,0,0,0
2019-02-07 01:41:16,100.0,30.0,-65.0,8.28,0,0,0
2019-02-07 01:41:16,100.0,30.0,-65.0,10.57,0,0,0
2019-02-07 01:41:16,100.0,30.0,-65.0,10.57,0,0,0
2019-02-07 01:41:16,100.0,30.0,-65.0,12.93,0,0,0
2019-02-07 01:41:16,100.0,30.0,-65.0,12.93,0,0,0
2019-02-07 01:41:16,100.0,30.0,-65.0,15.29,0,0,0
2019-02-07 01:41:16,100.0,30.0,-65.0,15.29,0,0,0
2019-02-07 01:41:16,100.0,30.0,-65.0,17.64,0,0,0
2019-02-07 01:41:16,100.0,30.0,-65.0,17.64,0,0,0
2019-02-07 01:41:16,100.0,30.0,-65.0,19.94,0,0,0
2019-02-07 01:41:16,100.0,30.0,-65.0,19.94,0,0,0
2019-02-07 01:41:16,100.0,30.0,-65.0,22.28,0,0,0
2019-02-07 01:41:16,100.0,30.0,-65.0,22.28,0,0,0
2019-02-07 01:41:16,100.0,30.0,-65.0,24.58,0,0,0
2019-02-07 01:41:16,100.0,30.0,-65.0,24.58,0,0,0
2019-02-07 01:41:16,0.0,999.0,-100.0,26.74,0,0,1
2019-02-07 01:41:16,0.0,999.0,-100.0,26.74,0,0,1
2019-02-07 01:41:16,0.0,999.0,-100.0,28.94,0,0,1
2019-02-07 01:41:16,0.0,999.0,-100.0,28.94,0,0,1
2019-02-07 01:41:16,0.0,999.0,-100.0,30.96,0,0,1
2019-02-07 01:41:16,0.0,999.0,-100.0,30.96,0,0,1
2019-02-07 01:41:16,0.0,999.0,-100.0,32.97,0,0,1
2019-02-07 01:41:16,0.0,999.0,-100.0,32.97,0,0,1
2019-02-07 01:41:16,0.0,999.0,-100.0,34.98,0,0,1
2019-02-07 01:41:16,0.0,999.0,-100.0,34.98,0,0,1
2019-02-07 01:41:16,0.0,999.0,-100.0,37.0,0,0,1
2019-02-07 01:41:16,0.0,999.0,-100.0,37.0,0,0,1
2019-02-07 01:41:16,0.0,999.0,-100.0,39.01,0,0,1
2019-02-07 01:41:16,0.0,999.0,-100.0,39.01,0,0,1
2019-02-07 01:41:16,0.0,999.0,-100.0,41.03,0,0,1
2019-02-07 01:41:16,0.0,999.0,-100.0,41.03,0,0,1
2019-02-07 01:41:16,0.0,999.0,-100.0,43.04,0,0,1
2019-02-07 01:41:16,0.0,999.0,-100.0,43.04,0,0,1
2019-02-07 01:44:48,100.0,30.0,-65.0,8.74,0,0,0
2019-02-07 01:44:48,100.0,30.0,-65.0,8.74,0,0,0
2019-02-07 01:44:48,100.0,30.0,-65.0,11.39,0,0,0
2019-02-07 01:44:48,100.0,30.0,-65.0,11.39,0,0,0
2019-02-07 01:44:48,100.0,30.0,-65.0,13.64,0,0,0
2019-02-07 01:44:48,100.0,30.0,-65.0,13.64,0,0,0
2019-02-07 01:44:48,100.0,30.0,-65.0,15.93,0,0,0
2019-02-07 01:44:48,100.0,30.0,-65.0,15.93,0,0,0
2019-02-07 01:44:48,100.0,30.0,-65.0,18.16,0,0,0
2019-02-07 01:44:48,100.0,30.0,-65.0,18.16,0,0,0
2019-02-07 01:44:48,100.0,30.0,-65.0,20.45,0,0,0
2019-02-07 01:44:48,100.0,30.0,-65.0,20.45,0,0,0
2019-02-07 01:44:48,100.0,30.0,-65.0,22.71,0,0,0
2019-02-07 01:44:48,100.0,30.0,-65.0,22.71,0,0,0
2019-02-07 01:44:48,100.0,30.0,-65.0,25.03,0,0,0
2019-02-07 01:44:48,100.0,30.0,-65.0,25.03,0,0,0
2019-02-07 01:44:48,100.0,30.0,-65.0,27.3,0,0,0
2019-02-07 01:44:48,100.0,30.0,-65.0,27.3,0,0,0
2019-02-07 01:44:48,100.0,30.0,-65.0,29.57,0,0,0
2019-02-07 01:44:48,100.0,30.0,-65.0,29.57,0,0,0
2019-02-07 01:44:48,100.0,30.0,-65.0,31.92,0,0,0
2019-02-07 01:44:48,100.0,30.0,-65.0,31.92,0,0,0
2019-02-07 01:44:48,100.0,30.0,-65.0,34.19,0,0,0
2019-02-07 01:44:48,100.0,30.0,-65.0,34.19,0,0,0
2019-02-07 01:44:48,100.0,30.0,-65.0,36.5,0,0,0
2019-02-07 01:44:48,100.0,30.0,-65.0,36.5,0,0,0
2019-02-07 01:44:48,100.0,30.0,-65.0,38.78,0,0,0
2019-02-07 01:44:48,100.0,30.0,-65.0,38.78,0,0,0
2019-02-07 01:44:48,100.0,30.0,-65.0,41.1,0,0,0
2019-02-07 01:44:48,100.0,30.0,-65.0,41.1,0,0,0
2019-02-07 01:44:48,100.0,30.0,-65.0,43.36,0,0,0
2019-02-07 01:44:48,100.0,30.0,-65.0,43.36,0,0,0
2019-02-07 01:44:48,100.0,30.0,-65.0,45.68,0,0,0
2019-02-07 01:44:48,100.0,30.0,-65.0,45.68,0,0,0
2019-02-07 01:44:48,100.0,30.0,-65.0,47.92,0,0,0
2019-02-07 01:44:48,100.0,30.0,-65.0,47.92,0,0,0
2019-02-07 01:44:48,100.0,30.0,-65.0,50.23,0,0,0
2019-02-07 01:44:48,100.0,30.0,-65.0,50.23,0,0,0
2019-02-07 01:45:39,-416.67,0.0,21.95,1.82,0,0,1
2019-02-07 01:45:40,-416.67,0.0,21.98,3.13,1,0,1
2019-02-07 01:45:41,-416.67,0.0,21.98,4.49,2,0,1
2019-02-07 01:45:41,0.0,999.0,-100.0,7.81,2,0,1
2019-02-07 01:45:41,0.0,999.0,-100.0,7.81,2,0,1
2019-02-07 01:45:41,0.0,999.0,-100.0,10.16,2,0,1
2019-02-07 01:45:41,0.0,999.0,-100.0,10.16,2,0,1
2019-02-07 01:45:41,0.0,999.0,-100.0,12.44,2,0,1
2019-02-07 01:45:41,0.0,999.0,-100.0,12.44,2,0,1
2019-02-07 01:45:41,0.0,999.0,-100.0,14.79,2,0,1
2019-02-07 01:45:41,0.0,999.0,-100.0,14.79,2,0,1
2019-02-07 01:45:41,0.0,999.0,-100.0,17.1,2,0,1
2019-02-07 01:45:41,0.0,999.0,-100.0,17.1,2,0,1
2019-02-07 01:45:41,0.0,999.0,-100.0,19.45,2,0,1
2019-02-07 01:45:41,0.0,999.0,-100.0,19.45,2,0,1
2019-02-07 01:45:41,0.0,999.0,-100.0,21.74,2,0,1
2019-02-07 01:45:41,0.0,999.0,-100.0,21.74,2,0,1
2019-02-07 01:45:41,0.0,999.0,-100.0,24.09,2,0,1
2019-02-07 01:45:41,0.0,999.0,-100.0,24.09,2,0,1
2019-02-07 01:45:41,0.0,999.0,-100.0,26.38,2,0,1
2019-02-07 01:45:41,0.0,999.0,-100.0,26.38,2,0,1
2019-02-07 01:45:41,0.0,999.0,-100.0,28.73,2,0,1
2019-02-07 01:45:41,0.0,999.0,-100.0,28.73,2,0,1
2019-02-07 01:45:41,0.0,999.0,-100.0,31.01,2,0,1
2019-02-07 01:45:41,0.0,999.0,-100.0,31.01,2,0,1
2019-02-07 01:45:41,0.0,999.0,-100.0,33.3,2,0,1
2019-02-07 01:45:41,0.0,999.0,-100.0,33.3,2,0,1
2019-02-07 01:45:41,0.0,999.0,-100.0,35.66,2,0,1
2019-02-07 01:45:41,0.0,999.0,-100.0,35.66,2,0,1
2019-02-07 01:45:41,0.0,999.0,-100.0,37.95,2,0,1
2019-02-07 01:45:41,0.0,999.0,-100.0,37.95,2,0,1
2019-02-07 01:45:41,0.0,999.0,-100.0,40.27,2,0,1
2019-02-07 01:45:41,0.0,999.0,-100.0,40.27,2,0,1
2019-02-07 01:45:41,0.0,999.0,-100.0,42.6,2,0,1
2019-02-07 01:45:41,0.0,999.0,-100.0,42.6,2,0,1
2019-02-07 01:45:41,0.0,999.0,-100.0,44.94,2,0,1
2019-02-07 01:45:41,0.0,999.0,-100.0,44.94,2,0,1
2019-02-07 01:45:41,0.0,999.0,-100.0,47.24,2,0,1
2019-02-07 01:45:41,0.0,999.0,-100.0,47.24,2,0,1
2019-02-07 01:45:41,0.0,999.0,-100.0,49.59,2,0,1
2019-02-07 01:45:41,0.0,999.0,-100.0,49.59,2,0,1
2019-02-07 01:45:41,0.0,999.0,-100.0,52.0,2,0,1
2019-02-07 01:45:41,0.0,999.0,-100.0,52.0,2,0,1
2019-02-07 01:45:41,0.0,999.0,-100.0,54.35,2,0,1
2019-02-07 01:45:41,0.0,999.0,-100.0,54.35,2,0,1
2019-02-07 01:45:41,0.0,999.0,-100.0,56.65,2,0,1
2019-02-07 01:45:41,0.0,999.0,-100.0,56.65,2,0,1
2019-02-07 01:45:41,0.0,999.0,-100.0,58.95,2,0,1
2019-02-07 01:45:41,0.0,999.0,-100.0,58.95,2,0,1
2019-02-07 01:45:41,0.0,999.0,-100.0,61.3,2,0,1
2019-02-07 01:45:41,0.0,999.0,-100.0,61.3,2,0,1
2019-02-07 01:45:41,0.0,999.0,-100.0,63.6,2,0,1
2019-02-07 01:45:41,0.0,999.0,-100.0,63.6,2,0,1
2019-02-07 01:45:41,0.0,999.0,-100.0,65.95,2,0,1
2019-02-07 01:45:41,0.0,999.0,-100.0,65.95,2,0,1
2019-02-07 01:45:41,0.0,999.0,-100.0,68.25,2,0,1
2019-02-07 01:45:41,0.0,999.0,-100.0,68.25,2,0,1
2019-02-07 01:45:41,0.0,999.0,-100.0,70.61,2,0,1
2019-02-07 01:45:41,0.0,999.0,-100.0,70.61,2,0,1
2019-02-07 01:45:41,0.0,999.0,-100.0,72.91,2,0,1
2019-02-07 01:45:41,0.0,999.0,-100.0,72.91,2,0,1
2019-02-07 01:45:41,0.0,999.0,-100.0,75.25,2,0,1
2019-02-07 01:45:41,0.0,999.0,-100.0,75.25,2,0,1
2019-02-07 01:45:41,0.0,999.0,-100.0,77.54,2,0,1
2019-02-07 01:45:41,0.0,999.0,-100.0,77.54,2,0,1
2019-02-07 01:45:41,0.0,999.0,-100.0,79.83,2,0,1
2019-02-07 01:45:41,0.0,999.0,-100.0,79.83,2,0,1
2019-02-07 01:45:41,0.0,999.0,-100.0,82.19,2,0,1
2019-02-07 01:45:41,0.0,999.0,-100.0,82.19,2,0,1
2019-02-07 01:45:41,0.0,999.0,-100.0,84.48,2,0,1
2019-02-07 01:45:41,0.0,999.0,-100.0,84.48,2,0,1
2019-02-07 01:45:41,0.0,999.0,-100.0,86.84,2,0,1
2019-02-07 01:45:41,0.0,999.0,-100.0,86.84,2,0,1
2019-02-07 01:45:41,0.0,999.0,-100.0,89.14,2,0,1
2019-02-07 01:45:41,0.0,999.0,-100.0,89.14,2,0,1
2019-02-07 01:45:41,0.0,999.0,-100.0,91.49,2,0,1
2019-02-07 01:45:41,0.0,999.0,-100.0,91.49,2,0,1
2019-02-07 01:45:41,0.0,999.0,-100.0,93.79,2,0,1
2019-02-07 01:45:41,0.0,999.0,-100.0,93.79,2,0,1
2019-02-07 01:45:41,0.0,999.0,-100.0,96.15,2,0,1
2019-02-07 01:45:41,0.0,999.0,-100.0,96.15,2,0,1
2019-02-07 01:45:41,0.0,999.0,-100.0,98.54,2,0,1
2019-02-07 01:45:41,0.0,999.0,-100.0,98.54,2,0,1
2019-02-07 01:45:41,0.0,999.0,-100.0,100.91,2,0,1
2019-02-07 01:45:41,0.0,999.0,-100.0,100.91,2,0,1
2019-02-07 01:45:41,0.0,999.0,-100.0,103.24,2,0,1
2019-02-07 01:45:41,0.0,999.0,-100.0,103.24,2,0,1
2019-02-07 01:45:41,0.0,999.0,-100.0,105.53,2,0,1
2019-02-07 01:45:41,0.0,999.0,-100.0,105.53,2,0,1
2019-02-07 01:47:34,-416.67,0.0,22.0,1.72,0,0,1
2019-02-07 01:47:35,-416.67,0.0,22.0,3.06,1,0,1
2019-02-07 01:47:36,-416.67,0.0,22.0,4.34,2,0,1
2019-02-07 01:47:36,0.0,999.0,-100.0,7.71,2,0,1
2019-02-07 01:47:36,0.0,999.0,-100.0,7.71,2,0,1
2019-02-07 01:47:36,0.0,999.0,-100.0,10.01,2,0,1
2019-02-07 01:47:36,0.0,999.0,-100.0,10.01,2,0,1
2019-02-07 01:47:36,0.0,999.0,-100.0,12.32,2,0,1
2019-02-07 01:47:36,0.0,999.0,-100.0,12.32,2,0,1
2019-02-07 01:47:36,0.0,999.0,-100.0,14.69,2,0,1
2019-02-07 01:47:36,0.0,999.0,-100.0,14.69,2,0,1
2019-02-07 01:47:36,0.0,999.0,-100.0,16.99,2,0,1
2019-02-07 01:47:36,0.0,999.0,-100.0,16.99,2,0,1
2019-02-07 01:49:16,100.0,30.0,-65.0,3.35,0,0,0
2019-02-07 01:49:16,100.0,30.0,-65.0,3.35,0,0,0
2019-02-07 01:49:16,100.0,30.0,-65.0,5.68,0,0,0
2019-02-07 01:49:16,100.0,30.0,-65.0,5.68,0,0,0
2019-02-07 01:49:16,100.0,30.0,-65.0,7.96,0,0,0
2019-02-07 01:49:16,100.0,30.0,-65.0,7.96,0,0,0
2019-02-07 01:49:16,100.0,30.0,-65.0,10.26,0,0,0
2019-02-07 01:49:16,100.0,30.0,-65.0,10.26,0,0,0
2019-02-07 01:49:16,100.0,30.0,-65.0,12.55,0,0,0
2019-02-07 01:49:16,100.0,30.0,-65.0,12.55,0,0,0
2019-02-07 01:49:16,100.0,30.0,-65.0,14.88,0,0,0
2019-02-07 01:49:16,100.0,30.0,-65.0,14.88,0,0,0
2019-02-07 01:49:16,100.0,30.0,-65.0,17.12,0,0,0
2019-02-07 01:49:16,100.0,30.0,-65.0,17.12,0,0,0
2019-02-07 01:49:16,0.0,999.0,-100.0,19.43,0,0,1
2019-02-07 01:49:16,0.0,999.0,-100.0,19.43,0,0,1
2019-02-07 01:49:35,-416.67,0.0,20.08,2.13,0,0,1
2019-02-07 01:49:36,-416.67,0.0,20.09,3.48,1,0,1
2019-02-07 01:49:36,0.0,999.0,-100.0,7.42,1,0,1
2019-02-07 01:49:36,0.0,999.0,-100.0,7.42,1,0,1
2019-02-07 01:49:36,0.0,999.0,-100.0,9.76,1,0,1
2019-02-07 01:49:36,0.0,999.0,-100.0,9.76,1,0,1
2019-02-07 01:49:36,0.0,999.0,-100.0,12.06,1,0,1
2019-02-07 01:49:36,0.0,999.0,-100.0,12.06,1,0,1
2019-02-07 01:49:36,0.0,999.0,-100.0,14.38,1,0,1
2019-02-07 01:49:36,0.0,999.0,-100.0,14.38,1,0,1
2019-02-07 01:50:22,-416.67,0.0,20.88,1.8,0,0,1
2019-02-07 01:50:23,-416.67,0.0,20.92,2.95,1,0,1
2019-02-07 01:50:24,-416.67,0.0,20.85,4.29,2,0,1
2019-02-07 01:50:24,0.0,999.0,-100.0,7.57,2,0,1
2019-02-07 01:50:24,0.0,999.0,-100.0,7.57,2,0,1
2019-02-07 01:50:24,0.0,999.0,-100.0,9.91,2,0,1
2019-02-07 01:50:24,0.0,999.0,-100.0,9.91,2,0,1
2019-02-07 01:53:56,0.0,999.0,-100.0,2.95,0,0,1
2019-02-07 01:53:56,0.0,999.0,-100.0,2.95,0,0,1
2019-02-07 01:54:32,100.0,30.0,-65.0,8.69,0,0,0
2019-02-07 01:54:32,100.0,30.0,-65.0,8.69,0,0,0
2019-02-07 01:54:32,100.0,30.0,-65.0,11.35,0,0,0
2019-02-07 01:54:32,100.0,30.0,-65.0,11.35,0,0,0
2019-02-07 01:54:32,100.0,30.0,-65.0,13.61,0,0,0
2019-02-07 01:54:32,100.0,30.0,-65.0,13.61,0,0,0
2019-02-07 01:54:32,100.0,30.0,-65.0,15.91,0,0,0
2019-02-07 01:54:32,100.0,30.0,-65.0,15.91,0,0,0
2019-02-07 01:54:32,100.0,30.0,-65.0,18.14,0,0,0
2019-02-07 01:54:32,100.0,30.0,-65.0,18.14,0,0,0
2019-02-07 01:54:32,100.0,30.0,-65.0,20.4,0,0,0
2019-02-07 01:54:32,100.0,30.0,-65.0,20.4,0,0,0
2019-02-07 01:54:32,100.0,30.0,-65.0,22.62,0,0,0
2019-02-07 01:54:32,100.0,30.0,-65.0,22.62,0,0,0
2019-02-07 01:54:32,100.0,30.0,-65.0,24.91,0,0,0
2019-02-07 01:54:32,100.0,30.0,-65.0,24.91,0,0,0
2019-02-07 01:54:32,100.0,30.0,-65.0,27.14,0,0,0
2019-02-07 01:54:32,100.0,30.0,-65.0,27.14,0,0,0
2019-02-07 01:54:32,100.0,30.0,-65.0,29.38,0,0,0
2019-02-07 01:54:32,100.0,30.0,-65.0,29.38,0,0,0
2019-02-07 01:54:32,100.0,30.0,-65.0,31.67,0,0,0
2019-02-07 01:54:32,100.0,30.0,-65.0,31.67,0,0,0
2019-02-07 01:54:32,100.0,30.0,-65.0,33.92,0,0,0
2019-02-07 01:54:32,100.0,30.0,-65.0,33.92,0,0,0
2019-02-07 01:54:32,100.0,30.0,-65.0,36.22,0,0,0
2019-02-07 01:54:32,100.0,30.0,-65.0,36.22,0,0,0
2019-02-07 01:54:32,100.0,30.0,-65.0,38.44,0,0,0
2019-02-07 01:54:32,100.0,30.0,-65.0,38.44,0,0,0
2019-02-07 01:54:32,100.0,30.0,-65.0,40.74,0,0,0
2019-02-07 01:54:32,100.0,30.0,-65.0,40.74,0,0,0
2019-02-07 01:54:32,100.0,30.0,-65.0,43.0,0,0,0
2019-02-07 01:54:32,100.0,30.0,-65.0,43.0,0,0,0
2019-02-07 01:54:32,100.0,30.0,-65.0,45.31,0,0,0
2019-02-07 01:54:32,100.0,30.0,-65.0,45.31,0,0,0
2019-02-07 01:54:32,100.0,30.0,-65.0,47.55,0,0,0
2019-02-07 01:54:32,100.0,30.0,-65.0,47.55,0,0,0
2019-02-07 01:54:32,100.0,30.0,-65.0,49.89,0,0,0
2019-02-07 01:54:32,100.0,30.0,-65.0,49.89,0,0,0
2019-02-07 01:54:32,100.0,30.0,-65.0,56.88,0,0,0
2019-02-07 01:54:32,100.0,30.0,-65.0,56.88,0,0,0
2019-02-07 01:55:29,-416.67,0.0,22.13,1.71,0,0,1
2019-02-07 01:55:30,-416.67,0.0,22.0,1.18,1,0,1
2019-02-07 01:55:31,-416.67,0.0,22.0,1.1,2,0,1
2019-02-07 01:55:32,-416.67,0.0,22.0,1.11,3,0,1
2019-02-07 01:55:33,-416.67,0.0,22.0,1.11,4,0,1
2019-02-07 01:55:34,-416.67,0.0,22.0,1.12,5,0,1
2019-02-07 01:55:35,-416.67,0.0,22.06,1.08,6,0,1
2019-02-07 01:55:36,-416.67,0.0,21.28,1.09,7,0,1
2019-02-07 01:56:44,100.0,30.0,-65.0,3.35,0,0,0
2019-02-07 01:56:44,100.0,30.0,-65.0,3.35,0,0,0
2019-02-07 01:56:44,100.0,30.0,-65.0,5.63,0,0,0
2019-02-07 01:56:44,100.0,30.0,-65.0,5.63,0,0,0
2019-02-07 01:56:44,100.0,30.0,-65.0,7.9,0,0,0
2019-02-07 01:56:44,100.0,30.0,-65.0,7.9,0,0,0
2019-02-07 01:56:44,100.0,30.0,-65.0,10.21,0,0,0
2019-02-07 01:56:44,100.0,30.0,-65.0,10.21,0,0,0
2019-02-07 01:56:44,100.0,30.0,-65.0,12.48,0,0,0
2019-02-07 01:56:44,100.0,30.0,-65.0,12.48,0,0,0
2019-02-07 01:56:44,100.0,30.0,-65.0,14.8,0,0,0
2019-02-07 01:56:44,100.0,30.0,-65.0,14.8,0,0,0
2019-02-07 01:56:44,100.0,30.0,-65.0,17.05,0,0,0
2019-02-07 01:56:44,100.0,30.0,-65.0,17.05,0,0,0
2019-02-07 01:56:44,100.0,30.0,-65.0,19.36,0,0,0
2019-02-07 01:56:44,100.0,30.0,-65.0,19.36,0,0,0
2019-02-07 01:56:44,100.0,30.0,-65.0,21.62,0,0,0
2019-02-07 01:56:44,100.0,30.0,-65.0,21.62,0,0,0
2019-02-07 01:56:44,100.0,30.0,-65.0,23.9,0,0,0
2019-02-07 01:56:44,100.0,30.0,-65.0,23.9,0,0,0
2019-02-07 01:56:44,100.0,30.0,-65.0,26.24,0,0,0
2019-02-07 01:56:44,100.0,30.0,-65.0,26.24,0,0,0
2019-02-07 01:56:44,100.0,30.0,-65.0,28.49,0,0,0
2019-02-07 01:56:44,100.0,30.0,-65.0,28.49,0,0,0
2019-02-07 01:56:44,100.0,30.0,-65.0,30.8,0,0,0
2019-02-07 01:56:44,100.0,30.0,-65.0,30.8,0,0,0
2019-02-07 01:56:44,100.0,30.0,-65.0,33.08,0,0,0
2019-02-07 01:56:44,100.0,30.0,-65.0,33.08,0,0,0
2019-02-07 01:56:44,100.0,30.0,-65.0,35.39,0,0,0
2019-02-07 01:56:44,100.0,30.0,-65.0,35.39,0,0,0
2019-02-07 01:56:44,100.0,30.0,-65.0,37.65,0,0,0
2019-02-07 01:56:44,100.0,30.0,-65.0,37.65,0,0,0
2019-02-07 01:56:44,100.0,30.0,-65.0,39.98,0,0,0
2019-02-07 01:56:44,100.0,30.0,-65.0,39.98,0,0,0
2019-02-07 01:56:44,100.0,30.0,-65.0,42.24,0,0,0
2019-02-07 01:56:44,100.0,30.0,-65.0,42.24,0,0,0
2019-02-07 01:57:26,-416.67,0.0,22.14,1.07,0,0,1
2019-02-07 01:57:27,-416.67,0.0,22.15,1.1,1,0,1
2019-02-07 01:57:28,-416.67,0.0,22.13,1.11,2,0,1
2019-02-07 01:57:29,-416.67,0.0,22.12,1.09,3,0,1
2019-02-07 01:57:30,-416.67,0.0,22.12,1.11,4,0,1
2019-02-07 01:57:31,-416.67,0.0,22.46,1.12,5,0,1
2019-02-07 01:57:32,-416.67,0.0,22.12,1.08,6,0,1
2019-02-07 01:57:33,-416.67,0.0,22.4,1.09,7,0,1
2019-02-07 01:57:34,-416.67,0.0,21.43,1.11,8,0,1
2019-02-07 01:57:35,-416.67,0.0,21.9,1.08,9,0,1
