2019-02-06 15:19:52 GUI Started
2019-02-06 15:25:29 Acquisition started in regular mode
2019-02-06 15:25:33 Serial Port Closed
2019-02-06 15:25:33 Acquisition stopped
2019-02-06 15:25:39 GUI Exited
2019-02-06 15:25:50 GUI Started
2019-02-06 15:25:51 Acquisition started in debug mode
2019-02-06 15:25:56 Serial Port Closed
2019-02-06 15:25:56 Acquisition stopped
2019-02-06 15:25:56 GUI Exited
2019-02-06 15:26:17 GUI Started
2019-02-06 15:26:18 Acquisition started in debug mode
2019-02-06 15:26:33 Serial Port Closed
2019-02-06 15:26:33 Acquisition stopped
2019-02-06 15:26:33 GUI Exited
2019-02-06 15:27:46 GUI Started
2019-02-06 15:27:47 Acquisition started in debug mode
2019-02-06 15:27:54 Serial Port Closed
2019-02-06 15:27:54 Acquisition stopped
2019-02-06 15:27:55 GUI Exited
2019-02-06 15:28:03 GUI Started
2019-02-06 15:28:04 Acquisition started in debug mode
2019-02-06 15:28:24 Serial Port Closed
2019-02-06 15:28:24 Acquisition stopped
2019-02-06 15:28:25 GUI Exited
