2019-02-07 02:05:00 GUI Started
2019-02-07 02:05:01 Acquisition started in debug mode
2019-02-07 02:05:31 Serial Port Closed
2019-02-07 02:05:31 Acquisition stopped
2019-02-07 02:10:24 GUI Exited
2019-02-07 02:10:37 GUI Started
2019-02-07 02:10:40 Acquisition started in debug mode
2019-02-07 02:11:47 Serial Port Closed
2019-02-07 02:11:47 Acquisition stopped
2019-02-07 02:11:48 GUI Exited
2019-02-07 02:14:03 GUI Started
2019-02-07 02:14:04 Acquisition started in debug mode
2019-02-07 02:15:42 Serial Port Closed
2019-02-07 02:15:42 Acquisition stopped
2019-02-07 02:15:43 GUI Exited
2019-02-07 02:16:34 GUI Started
2019-02-07 02:16:36 Acquisition started in debug mode
2019-02-07 02:18:23 Serial Port Closed
2019-02-07 02:18:23 Acquisition stopped
2019-02-07 02:19:03 GUI Exited
2019-02-07 02:19:06 GUI Started
2019-02-07 02:19:08 Acquisition started in debug mode
2019-02-07 02:19:42 Serial Port Closed
2019-02-07 02:19:42 Acquisition stopped
2019-02-07 02:19:43 GUI Exited
2019-02-07 02:20:22 GUI Started
2019-02-07 02:20:25 Acquisition started in debug mode
2019-02-07 02:20:46 Serial Port Closed
2019-02-07 02:20:46 Acquisition stopped
2019-02-07 02:33:02 GUI Exited
2019-02-07 02:33:04 GUI Started
2019-02-07 02:33:09 Acquisition started in debug mode
2019-02-07 02:33:40 Serial Port Closed
2019-02-07 02:33:40 Acquisition stopped
2019-02-07 02:33:40 GUI Exited
2019-02-07 02:34:49 GUI Started
2019-02-07 02:34:50 Acquisition started in debug mode
2019-02-07 02:35:27 Serial Port Closed
2019-02-07 02:35:27 Acquisition stopped
2019-02-07 02:35:28 GUI Exited
2019-02-07 02:36:27 GUI Started
2019-02-07 02:36:28 Acquisition started in debug mode
2019-02-07 02:36:44 Serial Port Closed
2019-02-07 02:36:44 Acquisition stopped
2019-02-07 02:37:38 GUI Exited
2019-02-07 02:37:40 GUI Started
2019-02-07 02:37:41 Acquisition started in debug mode
2019-02-07 02:38:09 Serial Port Closed
2019-02-07 02:38:09 Acquisition stopped
2019-02-07 02:38:10 GUI Exited
2019-02-07 02:38:28 GUI Started
2019-02-07 02:38:30 Acquisition started in debug mode
2019-02-07 02:38:36 Serial Port Closed
2019-02-07 02:38:36 Acquisition stopped
2019-02-07 02:38:37 GUI Exited
2019-02-07 02:38:42 GUI Started
2019-02-07 02:38:44 Acquisition started in debug mode
2019-02-07 02:38:54 Serial Port Closed
2019-02-07 02:38:54 Acquisition stopped
2019-02-07 02:38:54 GUI Exited
2019-02-07 02:38:56 GUI Started
2019-02-07 02:38:58 Acquisition started in debug mode
2019-02-07 02:39:17 Serial Port Closed
2019-02-07 02:39:17 Acquisition stopped
2019-02-07 02:39:18 GUI Exited
2019-02-07 02:39:54 GUI Started
2019-02-07 02:39:56 Acquisition started in debug mode
2019-02-07 02:40:30 Serial Port Closed
2019-02-07 02:40:30 Acquisition stopped
2019-02-07 02:40:31 GUI Exited
2019-02-07 02:45:11 GUI Started
2019-02-07 02:45:12 Acquisition started in debug mode
2019-02-07 02:45:26 Serial Port Closed
2019-02-07 02:45:26 Acquisition stopped
2019-02-07 02:45:26 GUI Exited
2019-02-07 02:45:44 GUI Started
2019-02-07 02:45:46 Acquisition started in debug mode
2019-02-07 02:46:30 Serial Port Closed
2019-02-07 02:46:30 Acquisition stopped
2019-02-07 02:46:31 GUI Exited
2019-02-07 02:46:47 GUI Started
2019-02-07 02:46:49 Acquisition started in debug mode
2019-02-07 02:47:22 Serial Port Closed
2019-02-07 02:47:22 Acquisition stopped
2019-02-07 02:47:23 GUI Exited
2019-02-07 02:50:29 GUI Started
2019-02-07 02:50:31 Acquisition started in debug mode
2019-02-07 02:50:47 Serial Port Closed
2019-02-07 02:50:47 Acquisition stopped
2019-02-07 02:53:15 GUI Exited
2019-02-07 02:53:17 GUI Started
2019-02-07 02:53:19 Acquisition started in debug mode
2019-02-07 02:54:16 Serial Port Closed
2019-02-07 02:54:16 Acquisition stopped
2019-02-07 02:54:17 GUI Exited
2019-02-07 02:54:32 GUI Started
2019-02-07 02:54:34 Acquisition started in debug mode
2019-02-07 02:55:43 Serial Port Closed
2019-02-07 02:55:43 Acquisition stopped
2019-02-07 02:55:49 Acquisition started in debug mode
2019-02-07 02:56:37 Serial Port Closed
2019-02-07 02:56:37 Acquisition stopped
2019-02-07 02:56:52 Acquisition started in debug mode
2019-02-07 02:57:44 Serial Port Closed
2019-02-07 02:57:44 Acquisition stopped
2019-02-07 02:58:18 GUI Exited
