2019-02-07 00:04:13 GUI Started
2019-02-07 00:04:15 Acquisition started in debug mode
2019-02-07 00:05:24 Serial Port Closed
2019-02-07 00:05:24 Acquisition stopped
2019-02-07 00:05:25 GUI Exited
2019-02-07 00:06:26 GUI Started
2019-02-07 00:06:27 Acquisition started in debug mode
2019-02-07 00:44:51 Serial Port Closed
2019-02-07 00:44:51 Acquisition stopped
2019-02-07 00:45:00 GUI Exited
2019-02-07 00:45:04 GUI Started
2019-02-07 00:45:06 Acquisition started in debug mode
2019-02-07 00:46:54 Serial Port Closed
2019-02-07 00:46:54 Acquisition stopped
2019-02-07 00:46:54 GUI Exited
2019-02-07 00:47:23 GUI Started
2019-02-07 00:47:24 Acquisition started in debug mode
2019-02-07 00:48:20 Serial Port Closed
2019-02-07 00:48:20 Acquisition stopped
2019-02-07 00:48:21 GUI Exited
2019-02-07 00:49:06 GUI Started
2019-02-07 00:49:07 Acquisition started in debug mode
2019-02-07 00:50:19 Serial Port Closed
2019-02-07 00:50:19 Acquisition stopped
2019-02-07 01:03:19 GUI Exited
