2019-02-06 22:05:00 GUI Started
2019-02-06 22:05:02 Acquisition started in debug mode
2019-02-06 22:06:43 Serial Port Closed
2019-02-06 22:06:43 Acquisition stopped
2019-02-06 22:06:44 GUI Exited
2019-02-06 22:07:11 GUI Started
2019-02-06 22:07:13 Acquisition started in debug mode
2019-02-06 22:07:29 Serial Port Closed
2019-02-06 22:07:29 Acquisition stopped
2019-02-06 22:07:29 GUI Exited
2019-02-06 22:07:48 GUI Started
2019-02-06 22:07:50 Acquisition started in debug mode
2019-02-06 22:08:41 Serial Port Closed
2019-02-06 22:08:41 Acquisition stopped
2019-02-06 22:08:42 GUI Exited
2019-02-06 22:11:18 GUI Started
2019-02-06 22:11:21 Acquisition started in debug mode
2019-02-06 22:12:18 Serial Port Closed
2019-02-06 22:12:18 Acquisition stopped
2019-02-06 22:12:19 GUI Exited
2019-02-06 22:12:56 GUI Started
2019-02-06 22:12:59 Acquisition started in debug mode
2019-02-06 22:13:13 Serial Port Closed
2019-02-06 22:13:13 Acquisition stopped
2019-02-06 22:13:14 GUI Exited
2019-02-06 22:49:58 GUI Started
2019-02-06 22:49:59 Acquisition started in debug mode
2019-02-06 22:50:40 Serial Port Closed
2019-02-06 22:50:40 Acquisition stopped
2019-02-06 22:50:40 GUI Exited
2019-02-06 22:50:49 GUI Started
2019-02-06 22:50:51 Acquisition started in debug mode
2019-02-06 22:51:24 Serial Port Closed
2019-02-06 22:51:24 Acquisition stopped
2019-02-06 22:51:25 GUI Exited
2019-02-06 22:52:19 GUI Started
2019-02-06 22:52:21 Acquisition started in debug mode
2019-02-06 22:52:40 Serial Port Closed
2019-02-06 22:52:40 Acquisition stopped
2019-02-06 22:52:41 GUI Exited
2019-02-06 22:52:56 GUI Started
2019-02-06 22:52:57 Acquisition started in debug mode
2019-02-06 22:53:28 Serial Port Closed
2019-02-06 22:53:28 Acquisition stopped
2019-02-06 22:53:28 GUI Exited
2019-02-06 22:53:30 GUI Started
2019-02-06 22:53:32 Acquisition started in debug mode
2019-02-06 22:54:52 Serial Port Closed
2019-02-06 22:54:52 Acquisition stopped
2019-02-06 22:54:53 GUI Exited
