2019-02-06 20:36:57 GUI Started
2019-02-06 20:37:09 GUI Exited
2019-02-06 20:37:10 GUI Started
2019-02-06 20:37:13 Acquisition started in debug mode
2019-02-06 20:37:20 Serial Port Closed
2019-02-06 20:37:20 Acquisition stopped
2019-02-06 20:37:20 GUI Exited
2019-02-06 20:37:48 GUI Started
2019-02-06 20:37:50 Acquisition started in debug mode
2019-02-06 20:38:16 Serial Port Closed
2019-02-06 20:38:16 Acquisition stopped
2019-02-06 20:38:17 GUI Exited
2019-02-06 20:38:19 GUI Started
2019-02-06 20:39:46 GUI Exited
2019-02-06 20:39:48 GUI Started
2019-02-06 20:39:50 Acquisition started in debug mode
2019-02-06 20:40:10 Serial Port Closed
2019-02-06 20:40:10 Acquisition stopped
2019-02-06 20:40:11 GUI Exited
2019-02-06 20:40:27 GUI Started
2019-02-06 20:40:28 Acquisition started in debug mode
2019-02-06 20:42:58 Serial Port Closed
2019-02-06 20:42:58 Acquisition stopped
2019-02-06 20:42:59 GUI Exited
2019-02-06 20:44:56 GUI Started
2019-02-06 20:44:57 Acquisition started in debug mode
2019-02-06 20:45:04 Serial Port Closed
2019-02-06 20:45:04 Acquisition stopped
2019-02-06 20:45:09 GUI Exited
2019-02-06 20:46:24 GUI Started
2019-02-06 20:46:25 Acquisition started in debug mode
2019-02-06 20:46:40 Serial Port Closed
2019-02-06 20:46:40 Acquisition stopped
2019-02-06 20:46:41 GUI Exited
2019-02-06 20:47:50 GUI Started
2019-02-06 20:47:52 Acquisition started in debug mode
2019-02-06 20:49:06 Serial Port Closed
2019-02-06 20:49:06 Acquisition stopped
2019-02-06 20:49:07 GUI Exited
2019-02-06 20:49:54 GUI Started
2019-02-06 20:49:56 Acquisition started in debug mode
2019-02-06 20:50:26 Serial Port Closed
2019-02-06 20:50:26 Acquisition stopped
2019-02-06 20:50:27 GUI Exited
2019-02-06 20:51:02 GUI Started
2019-02-06 20:51:04 Acquisition started in debug mode
2019-02-06 20:56:55 GUI Started
2019-02-06 20:56:59 GUI Exited
2019-02-06 20:57:11 GUI Started
2019-02-06 20:57:12 Acquisition started in debug mode
2019-02-06 20:57:46 Serial Port Closed
2019-02-06 20:57:46 Acquisition stopped
2019-02-06 20:57:46 GUI Exited
2019-02-06 20:58:21 GUI Started
2019-02-06 20:58:24 Acquisition started in debug mode
2019-02-06 20:59:15 Serial Port Closed
2019-02-06 20:59:15 Acquisition stopped
2019-02-06 20:59:15 GUI Exited
