2019-02-06 23:01:54 GUI Started
2019-02-06 23:01:55 Acquisition started in debug mode
2019-02-06 23:03:31 Serial Port Closed
2019-02-06 23:03:31 Acquisition stopped
2019-02-06 23:03:31 GUI Exited
2019-02-06 23:13:05 GUI Started
2019-02-06 23:13:07 Acquisition started in debug mode
2019-02-06 23:13:21 Serial Port Closed
2019-02-06 23:13:21 Acquisition stopped
2019-02-06 23:13:27 GUI Exited
2019-02-06 23:14:55 GUI Started
2019-02-06 23:14:57 Acquisition started in debug mode
2019-02-06 23:15:41 Serial Port Closed
2019-02-06 23:15:41 Acquisition stopped
2019-02-06 23:15:43 GUI Exited
2019-02-06 23:16:06 GUI Started
2019-02-06 23:16:07 Acquisition started in debug mode
2019-02-06 23:16:24 Serial Port Closed
2019-02-06 23:16:24 Acquisition stopped
2019-02-06 23:16:30 GUI Exited
2019-02-06 23:17:19 GUI Started
2019-02-06 23:17:22 Acquisition started in debug mode
2019-02-06 23:18:15 Serial Port Closed
2019-02-06 23:18:15 Acquisition stopped
2019-02-06 23:18:16 GUI Exited
2019-02-06 23:18:25 GUI Started
2019-02-06 23:18:28 GUI Exited
2019-02-06 23:18:33 GUI Started
2019-02-06 23:18:34 Acquisition started in debug mode
2019-02-06 23:19:40 Serial Port Closed
2019-02-06 23:19:40 Acquisition stopped
2019-02-06 23:19:41 GUI Exited
2019-02-06 23:20:44 GUI Started
2019-02-06 23:20:46 Acquisition started in debug mode
2019-02-06 23:21:24 Serial Port Closed
2019-02-06 23:21:24 Acquisition stopped
2019-02-06 23:21:26 GUI Exited
2019-02-06 23:21:50 GUI Started
2019-02-06 23:21:52 Acquisition started in debug mode
2019-02-06 23:23:47 Serial Port Closed
2019-02-06 23:23:47 Acquisition stopped
2019-02-06 23:23:56 GUI Exited
2019-02-06 23:23:58 GUI Started
2019-02-06 23:23:59 Acquisition started in debug mode
2019-02-06 23:24:36 Serial Port Closed
2019-02-06 23:24:36 Acquisition stopped
2019-02-06 23:24:37 GUI Exited
2019-02-06 23:25:15 GUI Started
2019-02-06 23:25:17 Acquisition started in debug mode
2019-02-06 23:25:51 Serial Port Closed
2019-02-06 23:25:51 Acquisition stopped
2019-02-06 23:25:53 GUI Exited
2019-02-06 23:27:10 GUI Started
2019-02-06 23:27:12 Acquisition started in debug mode
2019-02-06 23:27:53 Serial Port Closed
2019-02-06 23:27:53 Acquisition stopped
2019-02-06 23:27:54 GUI Exited
2019-02-06 23:32:28 GUI Started
2019-02-06 23:32:30 Acquisition started in debug mode
2019-02-06 23:33:26 Serial Port Closed
2019-02-06 23:33:26 Acquisition stopped
2019-02-06 23:33:27 GUI Exited
2019-02-06 23:33:36 GUI Started
2019-02-06 23:33:38 Acquisition started in debug mode
2019-02-06 23:35:14 Serial Port Closed
2019-02-06 23:35:14 Acquisition stopped
2019-02-06 23:35:19 GUI Exited
2019-02-06 23:35:20 GUI Started
2019-02-06 23:35:22 Acquisition started in debug mode
2019-02-06 23:38:47 Serial Port Closed
2019-02-06 23:38:47 Acquisition stopped
2019-02-06 23:38:48 GUI Exited
2019-02-06 23:38:55 GUI Started
2019-02-06 23:38:57 Acquisition started in debug mode
2019-02-06 23:44:37 Serial Port Closed
2019-02-06 23:44:37 Acquisition stopped
2019-02-06 23:44:38 GUI Exited
2019-02-06 23:45:33 GUI Started
2019-02-06 23:45:35 Acquisition started in debug mode
2019-02-06 23:48:32 Serial Port Closed
2019-02-06 23:48:32 Acquisition stopped
2019-02-06 23:48:47 GUI Exited
2019-02-06 23:48:47 GUI Started
2019-02-06 23:49:09 Acquisition started in debug mode
2019-02-07 00:03:10 Serial Port Closed
2019-02-07 00:03:10 Acquisition stopped
2019-02-07 00:03:10 GUI Exited
