TkAgg
2019-02-06 15:28:06: STARTED PROCESS 6271
2019-02-06 15:28:06: FIRST PACKET RECEIVED
2019-02-06 15:28:06: START SEQUENCE = 122647610
6295
6291
6292
6293
6294
2019-02-06 15:28:08: RX COMMUNICATION LOST
('Changed', 1549466887,1549466890,-3,1)
COLLECTION/components_to_collect,axial,tangential,radial
COLLECTION/trace_length_in_seconds,1
COLLECTION/output_sampling_rate,4000
COLLECTION/channels_per_sensor,3
COLLECTION/packet_length,21
COLLECTION/baud_rate,921600
COLLECTION/data_message_identifier,0x64
COLLECTION/info_message_identifier,0x69
COLLECTION/rhino_version,1.1
RUNTIME/show_plots,True
RUNTIME/start_data_time_timestamp,0
RUNTIME/field_deployment,False
RUNTIME/automatic_acquisition,False
RUNTIME/component_to_display,axial
DATAUNIT/log_to_file,False
DATA_TRANSMISSION/server,deploy@13.66.189.94
DATA_TRANSMISSION/local_folder,/home/field/data/test_mine/test_rig/
DATA_TRANSMISSION/remote_folder,/data_sdd/new_structure/
DATA_TRANSMISSION/sleep_interval,1
PLAYBACK/start_time,0
PLAYBACK/end_time,0
PLAYBACK/accelerometer_max_voltage,5.0
PLAYBACK/x_sensitivity,12.5
PLAYBACK/y_sensitivity,12.5
PLAYBACK/z_sensitivity,12.5
PLAYBACK/ide_multiplier,1.0
PLAYBACK/apply_sensitivities,True
PLAYBACK/show_plots,True
PROCESSING/deconvolution_filter_duration,0.1
PROCESSING/min_lag_trimmed_trace,-0.1
PROCESSING/max_lag_trimmed_trace,0.1
PROCESSING/trapezoidal_bpf_corner_1,80.0
PROCESSING/trapezoidal_bpf_corner_2,100.0
PROCESSING/trapezoidal_bpf_corner_3,300.0
PROCESSING/trapezoidal_bpf_corner_4,350.0
PROCESSING/trapezoidal_bpf_duration,0.02
PROCESSING/binning_interval_in_cm,5.0
PROCESSING/auto_correlation_trace_duration,0.5
QC_PLOTTING/peak_amplitude_axial_y_limit,0,1.5
QC_PLOTTING/rc_axial_y_limit,0,1.0
QC_PLOTTING/axial_vel_delay_y_limit,60,150
QC_PLOTTING/peak_amplitude_tangential_y_limit,0,1.5
QC_PLOTTING/rc_tangential_y_limit,0,1.0
QC_PLOTTING/tangential_vel_delay_y_limit,80,250
QC_PLOTTING/peak_amplitude_radial_y_limit,0,1.5
QC_PLOTTING/plot_a_vel,True
QC_PLOTTING/plot_t_vel,True
QC_PLOTTING/axial_amp,True
QC_PLOTTING/axial_rc,True
QC_PLOTTING/noise_threshold,True
QC_PLOTTING/tangential_amp,True
QC_PLOTTING/tangential_rc,True
QC_PLOTTING/radial_amp,False
QC_PLOTTING/mult_pos_win,3.5
QC_PLOTTING/mult_neg_win,0.5
FEATURE_EXTRACTION_J1/window_widths,{"axial": {"multiple_3": 0.004, "multiple_2": 0.004, "multiple_1": 0.004, "primary": 0.004}, "tangential": {"multiple_3": 0.004, "multiple_2": 0.004, "multiple_1": 0.004, "primary": 0.004}}
INSTALLATION/country,CANADA
INSTALLATION/company,ARCELORMITTAL
INSTALLATION/mine_name,MONT_WRIGHT
INSTALLATION/recording_engineer,DOUG_KIRKBY
INSTALLATION/rig_model,49HR
INSTALLATION/rig_manufacturer,BUCYRUS
INSTALLATION/rig_id,W226
INSTALLATION/drill_type,1
INSTALLATION/mwd_type,2
INSTALLATION/bit_type,1
INSTALLATION/bit_model,SECOROC
INSTALLATION/bit_size,13.75,2
INSTALLATION/bit_date,2019-01-24
INSTALLATION/drill_string_total_length,22.56
INSTALLATION/drill_string_steel_od,10.75,2
INSTALLATION/drill_string_component1,1,1,15.0,2,13.75,2
INSTALLATION/drill_string_component2,2,1,144.0,2,10.75,2
INSTALLATION/drill_string_component3,3,1,27.5,1,10.75,2
INSTALLATION/drill_string_component4,3,1,27.5,1,10.75,2
INSTALLATION/drill_string_component5,4,1,36.0,2,10.0,2
INSTALLATION/drill_string_component6,5,1,33.625,2,24.0,2
INSTALLATION/drill_string_component7,6,-1,0.0,1,0.0,2
INSTALLATION/drill_string_component8,6,-1,0.0,1,0.0,2
INSTALLATION/drill_string_component9,6,-1,0.0,1,0.0,2
INSTALLATION/drill_string_component10,6,-1,0.0,1,0.0,2
INSTALLATION/sensor_type,2
INSTALLATION/digitizer_serial_number,S1024
INSTALLATION/sensor_serial_number,SE100
INSTALLATION/sensor_accelerometer_type,8
INSTALLATION/sensor_ideal_sampling_rate,4000
INSTALLATION/sensor_saturation_g,100
INSTALLATION/sensor_position,2.32,3
INSTALLATION/sensor_axial_axis,1
INSTALLATION/sensor_tangential_axis,2
INSTALLATION/sensor_mount_size,2
INSTALLATION/sensor_installation_location,3
INSTALLATION/sensor_installation_date,2018-11-24
INSTALLATION/comments,Mont Wright cored section
piezoresistive sn not marked calling it SE100
INSTALLATION/battery_max_voltage,12.4
INSTALLATION/battery_min_voltage,10.0
SEGY_MODULE/segy_output_step,deconvolved
SYSTEM_HEALTH_PLOTS/x_axis_length_in_seconds,120
SYSTEM_HEALTH_PLOTS/x_axis_tick_interval,30
SYSTEM_HEALTH_PLOTS/rssi_y_lim,0,50
SYSTEM_HEALTH_PLOTS/packets_y_lim,2710,2810
SYSTEM_HEALTH_PLOTS/delay_y_lim,0,5
SYSTEM_HEALTH_PLOTS/temperature_y_lim,-40,90
SYSTEM_HEALTH_PLOTS/battery_y_lim,75,100
SYSTEM_HEALTH_PLOTS/rssi_upper_limit,15
SYSTEM_HEALTH_PLOTS/rssi_lower_limit,10
SYSTEM_HEALTH_PLOTS/packets_upper_limit,2772
SYSTEM_HEALTH_PLOTS/packets_lower_limit,2744
SYSTEM_HEALTH_PLOTS/battery_upper_limit,90
SYSTEM_HEALTH_PLOTS/battery_lower_limit,84
SYSTEM_HEALTH_PLOTS/temp_positive_upper_limit,80
SYSTEM_HEALTH_PLOTS/temp_positive_lower_limit,60
SYSTEM_HEALTH_PLOTS/temp_negative_upper_limit,-15
SYSTEM_HEALTH_PLOTS/temp_negative_lower_limit,-35
SYSTEM_HEALTH_PLOTS/delay_upper_limit,3
SYSTEM_HEALTH_PLOTS/delay_lower_limit,2
SYSTEM_HEALTH_PLOTS/trace_plot_pre_cut,10
SYSTEM_HEALTH_PLOTS/trace_plot_post_add,100
SYSTEM_HEALTH_PLOTS/number_of_traces_to_display,30
SYSTEM_HEALTH_PLOTS/traces_subsample,2
Timestamp :1549466890, Samples: 2066)
('Changed', 1549466888,1549466890,-2,2)
Timestamp :1549466890, Samples: 3961)
2019-02-06 15:28:11: CORRUPT 21 BYTE PACKET>>>>>>>>>>>>>>>>>>>>>1
2019-02-06 15:28:11: CORRUPT 21 BYTE PACKET>>>>>>>>>>>>>>>>>>>>>1
2019-02-06 15:28:11: CORRUPT 21 BYTE PACKET>>>>>>>>>>>>>>>>>>>>>1
('Changed', 1549466889,1549466891,-1,3)
2019-02-06 15:28:11: CORRUPT 21 BYTE PACKET>>>>>>>>>>>>>>>>>>>>>1
2019-02-06 15:28:11: CORRUPT 21 BYTE PACKET>>>>>>>>>>>>>>>>>>>>>1
2019-02-06 15:28:11: CORRUPT 21 BYTE PACKET>>>>>>>>>>>>>>>>>>>>>1
2019-02-06 15:28:11: CORRUPT 21 BYTE PACKET>>>>>>>>>>>>>>>>>>>>>1
2019-02-06 15:28:11: CORRUPT 21 BYTE PACKET>>>>>>>>>>>>>>>>>>>>>1
Timestamp :1549466891, Samples: 489)
('Changed', 1549466890,1549466891,-1,4)
Timestamp :1549466891, Samples: 631)
2019-02-06 15:28:11: CORRUPT 21 BYTE PACKET>>>>>>>>>>>>>>>>>>>>>1
('Changed', 1549466891,1549466891,0,5)
Timestamp :1549466891, Samples: 2922)
('Changed', 1549466892,1549466892,0,6)
Timestamp :1549466892, Samples: 3961)
('Changed', 1549466893,1549466893,0,7)
Timestamp :1549466893, Samples: 4007)
('Changed', 1549466894,1549466894,0,8)
Timestamp :1549466894, Samples: 3956)
('Changed', 1549466895,1549466895,0,9)
Timestamp :1549466895, Samples: 3950)
('Changed', 1549466896,1549466896,0,10)
Timestamp :1549466896, Samples: 3968)
('Changed', 1549466897,1549466897,0,11)
Timestamp :1549466897, Samples: 3970)
('Changed', 1549466898,1549466898,0,12)
Timestamp :1549466898, Samples: 3974)
('Changed', 1549466899,1549466899,0,13)
Timestamp :1549466899, Samples: 3962)
('Changed', 1549466900,1549466900,0,14)
Timestamp :1549466900, Samples: 3961)
('Changed', 1549466901,1549466901,0,15)
Timestamp :1549466901, Samples: 3983)
2019-02-06 15:28:21: INFO MESSAGE RECEIVED
('Changed', 1549466902,1549466902,0,16)
Timestamp :1549466902, Samples: 3925)
('Changed', 1549466903,1549466903,0,17)
Timestamp :1549466903, Samples: 3962)
